

================================================================
== Vitis HLS Report for 'cloud_mlp_top'
================================================================
* Date:           Wed Feb 11 10:36:12 2026

* Version:        2025.2 (Build 6295257 on Nov 14 2025)
* Project:        OCDS_4K_Stream
* Solution:       hls (Vivado IP Flow Target)
* Product family: zynquplus
* Target device:  xczu9eg-ffvb1156-2-e


================================================================
== Performance Estimates
================================================================
+ Timing: 
    * Summary: 
    +--------+----------+-----------+------------+
    |  Clock |  Target  | Estimated | Uncertainty|
    +--------+----------+-----------+------------+
    |ap_clk  |  25.00 ns|  23.798 ns|     0.68 ns|
    +--------+----------+-----------+------------+

+ Latency: 
    * Summary: 
    +---------+---------+----------+----------+-----+-----+----------+
    |  Latency (cycles) |  Latency (absolute) |  Interval | Pipeline |
    |   min   |   max   |    min   |    max   | min | max |   Type   |
    +---------+---------+----------+----------+-----+-----+----------+
    |      138|      138|  3.450 us|  3.450 us|   32|   32|  dataflow|
    +---------+---------+----------+----------+-----+-----+----------+

    + Detail: 
        * Instance: 
        +-----------------+--------------+---------+---------+----------+----------+-----+-----+------------------------------------------------+
        |                 |              |  Latency (cycles) |  Latency (absolute) |  Interval |                    Pipeline                    |
        |     Instance    |    Module    |   min   |   max   |    min   |    max   | min | max |                      Type                      |
        +-----------------+--------------+---------+---------+----------+----------+-----+-----+------------------------------------------------+
        |read_input_U0    |read_input    |        0|        0|      0 ns|      0 ns|    0|    0|                                              no|
        |compute_l1_U0    |compute_l1    |       37|       37|  0.925 us|  0.925 us|   32|   32|  loop auto-rewind stp (delay=0 clock cycles(s))|
        |compute_l2_U0    |compute_l2    |       37|       37|  0.925 us|  0.925 us|   32|   32|  loop auto-rewind stp (delay=0 clock cycles(s))|
        |compute_l3_U0    |compute_l3    |       37|       37|  0.925 us|  0.925 us|   32|   32|  loop auto-rewind stp (delay=0 clock cycles(s))|
        |write_output_U0  |write_output  |       23|       23|  0.575 us|  0.575 us|   23|   23|                                              no|
        +-----------------+--------------+---------+---------+----------+----------+-----+-----+------------------------------------------------+

        * Loop: 
        N/A



================================================================
== Utilization Estimates
================================================================
* Summary: 
+-----------------+---------+------+--------+--------+-----+
|       Name      | BRAM_18K|  DSP |   FF   |   LUT  | URAM|
+-----------------+---------+------+--------+--------+-----+
|DSP              |        -|     -|       -|       -|    -|
|Expression       |        -|     -|       0|      18|    -|
|FIFO             |        2|     -|   25895|   17469|    -|
|Instance         |      524|   521|   12076|  314048|    0|
|Memory           |        -|     -|       -|       -|    -|
|Multiplexer      |        -|     -|       0|      36|    -|
|Register         |        -|     -|       4|       -|    -|
+-----------------+---------+------+--------+--------+-----+
|Total            |      526|   521|   37975|  331571|    0|
+-----------------+---------+------+--------+--------+-----+
|Available        |     1824|  2520|  548160|  274080|    0|
+-----------------+---------+------+--------+--------+-----+
|Utilization (%)  |       28|    20|       6|     120|    0|
+-----------------+---------+------+--------+--------+-----+

+ Detail: 
    * Instance: 
    +-----------------+---------------+---------+-----+------+--------+-----+
    |     Instance    |     Module    | BRAM_18K| DSP |  FF  |   LUT  | URAM|
    +-----------------+---------------+---------+-----+------+--------+-----+
    |compute_l1_U0    |compute_l1     |        9|    8|  2132|    6622|    0|
    |compute_l2_U0    |compute_l2     |      258|  256|  4916|  154294|    0|
    |compute_l3_U0    |compute_l3     |      257|  256|  3956|  152512|    0|
    |control_s_axi_U  |control_s_axi  |        0|    0|    36|      40|    0|
    |read_input_U0    |read_input     |        0|    0|    26|      67|    0|
    |write_output_U0  |write_output   |        0|    1|  1010|     513|    0|
    +-----------------+---------------+---------+-----+------+--------+-----+
    |Total            |               |      524|  521| 12076|  314048|    0|
    +-----------------+---------------+---------+-----+------+--------+-----+

    * DSP: 
    N/A

    * Memory: 
    N/A

    * FIFO: 
    +---------------+---------+-----+----+-----+------+-----+---------+
    |      Name     | BRAM_18K|  FF | LUT| URAM| Depth| Bits| Size:D*B|
    +---------------+---------+-----+----+-----+------+-----+---------+
    |input_arr_1_U  |        0|   99|   0|    -|     2|    8|       16|
    |input_arr_2_U  |        0|   99|   0|    -|     2|    8|       16|
    |input_arr_3_U  |        0|   99|   0|    -|     2|    8|       16|
    |input_arr_U    |        0|   99|   0|    -|     2|    8|       16|
    |l1_out_10_U    |        0|   99|   0|    -|     2|   15|       30|
    |l1_out_11_U    |        0|   99|   0|    -|     2|   15|       30|
    |l1_out_12_U    |        0|   99|   0|    -|     2|   15|       30|
    |l1_out_13_U    |        0|   99|   0|    -|     2|   15|       30|
    |l1_out_14_U    |        0|   99|   0|    -|     2|   15|       30|
    |l1_out_15_U    |        0|   99|   0|    -|     2|   15|       30|
    |l1_out_16_U    |        0|   99|   0|    -|     2|   15|       30|
    |l1_out_17_U    |        0|   99|   0|    -|     2|   15|       30|
    |l1_out_18_U    |        0|   99|   0|    -|     2|   15|       30|
    |l1_out_19_U    |        0|   99|   0|    -|     2|   15|       30|
    |l1_out_1_U     |        0|   99|   0|    -|     2|   15|       30|
    |l1_out_20_U    |        0|   99|   0|    -|     2|   15|       30|
    |l1_out_21_U    |        0|   99|   0|    -|     2|   15|       30|
    |l1_out_22_U    |        0|   99|   0|    -|     2|   15|       30|
    |l1_out_23_U    |        0|   99|   0|    -|     2|   15|       30|
    |l1_out_24_U    |        0|   99|   0|    -|     2|   15|       30|
    |l1_out_25_U    |        0|   99|   0|    -|     2|   15|       30|
    |l1_out_26_U    |        0|   99|   0|    -|     2|   15|       30|
    |l1_out_27_U    |        0|   99|   0|    -|     2|   15|       30|
    |l1_out_28_U    |        0|   99|   0|    -|     2|   15|       30|
    |l1_out_29_U    |        0|   99|   0|    -|     2|   15|       30|
    |l1_out_2_U     |        0|   99|   0|    -|     2|   15|       30|
    |l1_out_30_U    |        0|   99|   0|    -|     2|   15|       30|
    |l1_out_31_U    |        0|   99|   0|    -|     2|   15|       30|
    |l1_out_32_U    |        0|   99|   0|    -|     2|   15|       30|
    |l1_out_33_U    |        0|   99|   0|    -|     2|   15|       30|
    |l1_out_34_U    |        0|   99|   0|    -|     2|   15|       30|
    |l1_out_35_U    |        0|   99|   0|    -|     2|   15|       30|
    |l1_out_36_U    |        0|   99|   0|    -|     2|   15|       30|
    |l1_out_37_U    |        0|   99|   0|    -|     2|   15|       30|
    |l1_out_38_U    |        0|   99|   0|    -|     2|   15|       30|
    |l1_out_39_U    |        0|   99|   0|    -|     2|   15|       30|
    |l1_out_3_U     |        0|   99|   0|    -|     2|   15|       30|
    |l1_out_40_U    |        0|   99|   0|    -|     2|   15|       30|
    |l1_out_41_U    |        0|   99|   0|    -|     2|   15|       30|
    |l1_out_42_U    |        0|   99|   0|    -|     2|   15|       30|
    |l1_out_43_U    |        0|   99|   0|    -|     2|   15|       30|
    |l1_out_44_U    |        0|   99|   0|    -|     2|   15|       30|
    |l1_out_45_U    |        0|   99|   0|    -|     2|   15|       30|
    |l1_out_46_U    |        0|   99|   0|    -|     2|   15|       30|
    |l1_out_47_U    |        0|   99|   0|    -|     2|   15|       30|
    |l1_out_48_U    |        0|   99|   0|    -|     2|   15|       30|
    |l1_out_49_U    |        0|   99|   0|    -|     2|   15|       30|
    |l1_out_4_U     |        0|   99|   0|    -|     2|   15|       30|
    |l1_out_50_U    |        0|   99|   0|    -|     2|   15|       30|
    |l1_out_51_U    |        0|   99|   0|    -|     2|   15|       30|
    |l1_out_52_U    |        0|   99|   0|    -|     2|   15|       30|
    |l1_out_53_U    |        0|   99|   0|    -|     2|   15|       30|
    |l1_out_54_U    |        0|   99|   0|    -|     2|   15|       30|
    |l1_out_55_U    |        0|   99|   0|    -|     2|   15|       30|
    |l1_out_56_U    |        0|   99|   0|    -|     2|   15|       30|
    |l1_out_57_U    |        0|   99|   0|    -|     2|   15|       30|
    |l1_out_58_U    |        0|   99|   0|    -|     2|   15|       30|
    |l1_out_59_U    |        0|   99|   0|    -|     2|   15|       30|
    |l1_out_5_U     |        0|   99|   0|    -|     2|   15|       30|
    |l1_out_60_U    |        0|   99|   0|    -|     2|   15|       30|
    |l1_out_61_U    |        0|   99|   0|    -|     2|   15|       30|
    |l1_out_62_U    |        0|   99|   0|    -|     2|   15|       30|
    |l1_out_63_U    |        0|   99|   0|    -|     2|   15|       30|
    |l1_out_6_U     |        0|   99|   0|    -|     2|   15|       30|
    |l1_out_7_U     |        0|   99|   0|    -|     2|   15|       30|
    |l1_out_8_U     |        0|   99|   0|    -|     2|   15|       30|
    |l1_out_9_U     |        0|   99|   0|    -|     2|   15|       30|
    |l1_out_U       |        0|   99|   0|    -|     2|   15|       30|
    |l2_out_100_U   |        0|   99|   0|    -|     2|   15|       30|
    |l2_out_101_U   |        0|   99|   0|    -|     2|   15|       30|
    |l2_out_102_U   |        0|   99|   0|    -|     2|   15|       30|
    |l2_out_103_U   |        0|   99|   0|    -|     2|   15|       30|
    |l2_out_104_U   |        0|   99|   0|    -|     2|   15|       30|
    |l2_out_105_U   |        0|   99|   0|    -|     2|   15|       30|
    |l2_out_106_U   |        0|   99|   0|    -|     2|   15|       30|
    |l2_out_107_U   |        0|   99|   0|    -|     2|   15|       30|
    |l2_out_108_U   |        0|   99|   0|    -|     2|   15|       30|
    |l2_out_109_U   |        0|   99|   0|    -|     2|   15|       30|
    |l2_out_10_U    |        0|   99|   0|    -|     2|   15|       30|
    |l2_out_110_U   |        0|   99|   0|    -|     2|   15|       30|
    |l2_out_111_U   |        0|   99|   0|    -|     2|   15|       30|
    |l2_out_112_U   |        0|   99|   0|    -|     2|   15|       30|
    |l2_out_113_U   |        0|   99|   0|    -|     2|   15|       30|
    |l2_out_114_U   |        0|   99|   0|    -|     2|   15|       30|
    |l2_out_115_U   |        0|   99|   0|    -|     2|   15|       30|
    |l2_out_116_U   |        0|   99|   0|    -|     2|   15|       30|
    |l2_out_117_U   |        0|   99|   0|    -|     2|   15|       30|
    |l2_out_118_U   |        0|   99|   0|    -|     2|   15|       30|
    |l2_out_119_U   |        0|   99|   0|    -|     2|   15|       30|
    |l2_out_11_U    |        0|   99|   0|    -|     2|   15|       30|
    |l2_out_120_U   |        0|   99|   0|    -|     2|   15|       30|
    |l2_out_121_U   |        0|   99|   0|    -|     2|   15|       30|
    |l2_out_122_U   |        0|   99|   0|    -|     2|   15|       30|
    |l2_out_123_U   |        0|   99|   0|    -|     2|   15|       30|
    |l2_out_124_U   |        0|   99|   0|    -|     2|   15|       30|
    |l2_out_125_U   |        0|   99|   0|    -|     2|   15|       30|
    |l2_out_126_U   |        0|   99|   0|    -|     2|   15|       30|
    |l2_out_127_U   |        0|   99|   0|    -|     2|   15|       30|
    |l2_out_12_U    |        0|   99|   0|    -|     2|   15|       30|
    |l2_out_13_U    |        0|   99|   0|    -|     2|   15|       30|
    |l2_out_14_U    |        0|   99|   0|    -|     2|   15|       30|
    |l2_out_15_U    |        0|   99|   0|    -|     2|   15|       30|
    |l2_out_16_U    |        0|   99|   0|    -|     2|   15|       30|
    |l2_out_17_U    |        0|   99|   0|    -|     2|   15|       30|
    |l2_out_18_U    |        0|   99|   0|    -|     2|   15|       30|
    |l2_out_19_U    |        0|   99|   0|    -|     2|   15|       30|
    |l2_out_1_U     |        0|   99|   0|    -|     2|   15|       30|
    |l2_out_20_U    |        0|   99|   0|    -|     2|   15|       30|
    |l2_out_21_U    |        0|   99|   0|    -|     2|   15|       30|
    |l2_out_22_U    |        0|   99|   0|    -|     2|   15|       30|
    |l2_out_23_U    |        0|   99|   0|    -|     2|   15|       30|
    |l2_out_24_U    |        0|   99|   0|    -|     2|   15|       30|
    |l2_out_25_U    |        0|   99|   0|    -|     2|   15|       30|
    |l2_out_26_U    |        0|   99|   0|    -|     2|   15|       30|
    |l2_out_27_U    |        0|   99|   0|    -|     2|   15|       30|
    |l2_out_28_U    |        0|   99|   0|    -|     2|   15|       30|
    |l2_out_29_U    |        0|   99|   0|    -|     2|   15|       30|
    |l2_out_2_U     |        0|   99|   0|    -|     2|   15|       30|
    |l2_out_30_U    |        0|   99|   0|    -|     2|   15|       30|
    |l2_out_31_U    |        0|   99|   0|    -|     2|   15|       30|
    |l2_out_32_U    |        0|   99|   0|    -|     2|   15|       30|
    |l2_out_33_U    |        0|   99|   0|    -|     2|   15|       30|
    |l2_out_34_U    |        0|   99|   0|    -|     2|   15|       30|
    |l2_out_35_U    |        0|   99|   0|    -|     2|   15|       30|
    |l2_out_36_U    |        0|   99|   0|    -|     2|   15|       30|
    |l2_out_37_U    |        0|   99|   0|    -|     2|   15|       30|
    |l2_out_38_U    |        0|   99|   0|    -|     2|   15|       30|
    |l2_out_39_U    |        0|   99|   0|    -|     2|   15|       30|
    |l2_out_3_U     |        0|   99|   0|    -|     2|   15|       30|
    |l2_out_40_U    |        0|   99|   0|    -|     2|   15|       30|
    |l2_out_41_U    |        0|   99|   0|    -|     2|   15|       30|
    |l2_out_42_U    |        0|   99|   0|    -|     2|   15|       30|
    |l2_out_43_U    |        0|   99|   0|    -|     2|   15|       30|
    |l2_out_44_U    |        0|   99|   0|    -|     2|   15|       30|
    |l2_out_45_U    |        0|   99|   0|    -|     2|   15|       30|
    |l2_out_46_U    |        0|   99|   0|    -|     2|   15|       30|
    |l2_out_47_U    |        0|   99|   0|    -|     2|   15|       30|
    |l2_out_48_U    |        0|   99|   0|    -|     2|   15|       30|
    |l2_out_49_U    |        0|   99|   0|    -|     2|   15|       30|
    |l2_out_4_U     |        0|   99|   0|    -|     2|   15|       30|
    |l2_out_50_U    |        0|   99|   0|    -|     2|   15|       30|
    |l2_out_51_U    |        0|   99|   0|    -|     2|   15|       30|
    |l2_out_52_U    |        0|   99|   0|    -|     2|   15|       30|
    |l2_out_53_U    |        0|   99|   0|    -|     2|   15|       30|
    |l2_out_54_U    |        0|   99|   0|    -|     2|   15|       30|
    |l2_out_55_U    |        0|   99|   0|    -|     2|   15|       30|
    |l2_out_56_U    |        0|   99|   0|    -|     2|   15|       30|
    |l2_out_57_U    |        0|   99|   0|    -|     2|   15|       30|
    |l2_out_58_U    |        0|   99|   0|    -|     2|   15|       30|
    |l2_out_59_U    |        0|   99|   0|    -|     2|   15|       30|
    |l2_out_5_U     |        0|   99|   0|    -|     2|   15|       30|
    |l2_out_60_U    |        0|   99|   0|    -|     2|   15|       30|
    |l2_out_61_U    |        0|   99|   0|    -|     2|   15|       30|
    |l2_out_62_U    |        0|   99|   0|    -|     2|   15|       30|
    |l2_out_63_U    |        0|   99|   0|    -|     2|   15|       30|
    |l2_out_64_U    |        0|   99|   0|    -|     2|   15|       30|
    |l2_out_65_U    |        0|   99|   0|    -|     2|   15|       30|
    |l2_out_66_U    |        0|   99|   0|    -|     2|   15|       30|
    |l2_out_67_U    |        0|   99|   0|    -|     2|   15|       30|
    |l2_out_68_U    |        0|   99|   0|    -|     2|   15|       30|
    |l2_out_69_U    |        0|   99|   0|    -|     2|   15|       30|
    |l2_out_6_U     |        0|   99|   0|    -|     2|   15|       30|
    |l2_out_70_U    |        0|   99|   0|    -|     2|   15|       30|
    |l2_out_71_U    |        0|   99|   0|    -|     2|   15|       30|
    |l2_out_72_U    |        0|   99|   0|    -|     2|   15|       30|
    |l2_out_73_U    |        0|   99|   0|    -|     2|   15|       30|
    |l2_out_74_U    |        0|   99|   0|    -|     2|   15|       30|
    |l2_out_75_U    |        0|   99|   0|    -|     2|   15|       30|
    |l2_out_76_U    |        0|   99|   0|    -|     2|   15|       30|
    |l2_out_77_U    |        0|   99|   0|    -|     2|   15|       30|
    |l2_out_78_U    |        0|   99|   0|    -|     2|   15|       30|
    |l2_out_79_U    |        0|   99|   0|    -|     2|   15|       30|
    |l2_out_7_U     |        0|   99|   0|    -|     2|   15|       30|
    |l2_out_80_U    |        0|   99|   0|    -|     2|   15|       30|
    |l2_out_81_U    |        0|   99|   0|    -|     2|   15|       30|
    |l2_out_82_U    |        0|   99|   0|    -|     2|   15|       30|
    |l2_out_83_U    |        0|   99|   0|    -|     2|   15|       30|
    |l2_out_84_U    |        0|   99|   0|    -|     2|   15|       30|
    |l2_out_85_U    |        0|   99|   0|    -|     2|   15|       30|
    |l2_out_86_U    |        0|   99|   0|    -|     2|   15|       30|
    |l2_out_87_U    |        0|   99|   0|    -|     2|   15|       30|
    |l2_out_88_U    |        0|   99|   0|    -|     2|   15|       30|
    |l2_out_89_U    |        0|   99|   0|    -|     2|   15|       30|
    |l2_out_8_U     |        0|   99|   0|    -|     2|   15|       30|
    |l2_out_90_U    |        0|   99|   0|    -|     2|   15|       30|
    |l2_out_91_U    |        0|   99|   0|    -|     2|   15|       30|
    |l2_out_92_U    |        0|   99|   0|    -|     2|   15|       30|
    |l2_out_93_U    |        0|   99|   0|    -|     2|   15|       30|
    |l2_out_94_U    |        0|   99|   0|    -|     2|   15|       30|
    |l2_out_95_U    |        0|   99|   0|    -|     2|   15|       30|
    |l2_out_96_U    |        0|   99|   0|    -|     2|   15|       30|
    |l2_out_97_U    |        0|   99|   0|    -|     2|   15|       30|
    |l2_out_98_U    |        0|   99|   0|    -|     2|   15|       30|
    |l2_out_99_U    |        0|   99|   0|    -|     2|   15|       30|
    |l2_out_9_U     |        0|   99|   0|    -|     2|   15|       30|
    |l2_out_U       |        0|   99|   0|    -|     2|   15|       30|
    |l3_out_10_U    |        0|   99|   0|    -|     2|   15|       30|
    |l3_out_11_U    |        0|   99|   0|    -|     2|   15|       30|
    |l3_out_12_U    |        0|   99|   0|    -|     2|   15|       30|
    |l3_out_13_U    |        0|   99|   0|    -|     2|   15|       30|
    |l3_out_14_U    |        0|   99|   0|    -|     2|   15|       30|
    |l3_out_15_U    |        0|   99|   0|    -|     2|   15|       30|
    |l3_out_16_U    |        0|   99|   0|    -|     2|   15|       30|
    |l3_out_17_U    |        0|   99|   0|    -|     2|   15|       30|
    |l3_out_18_U    |        0|   99|   0|    -|     2|   15|       30|
    |l3_out_19_U    |        0|   99|   0|    -|     2|   15|       30|
    |l3_out_1_U     |        0|   99|   0|    -|     2|   15|       30|
    |l3_out_20_U    |        0|   99|   0|    -|     2|   15|       30|
    |l3_out_21_U    |        0|   99|   0|    -|     2|   15|       30|
    |l3_out_22_U    |        0|   99|   0|    -|     2|   15|       30|
    |l3_out_23_U    |        0|   99|   0|    -|     2|   15|       30|
    |l3_out_24_U    |        0|   99|   0|    -|     2|   15|       30|
    |l3_out_25_U    |        0|   99|   0|    -|     2|   15|       30|
    |l3_out_26_U    |        0|   99|   0|    -|     2|   15|       30|
    |l3_out_27_U    |        0|   99|   0|    -|     2|   15|       30|
    |l3_out_28_U    |        0|   99|   0|    -|     2|   15|       30|
    |l3_out_29_U    |        0|   99|   0|    -|     2|   15|       30|
    |l3_out_2_U     |        0|   99|   0|    -|     2|   15|       30|
    |l3_out_30_U    |        0|   99|   0|    -|     2|   15|       30|
    |l3_out_31_U    |        0|   99|   0|    -|     2|   15|       30|
    |l3_out_32_U    |        0|   99|   0|    -|     2|   15|       30|
    |l3_out_33_U    |        0|   99|   0|    -|     2|   15|       30|
    |l3_out_34_U    |        0|   99|   0|    -|     2|   15|       30|
    |l3_out_35_U    |        0|   99|   0|    -|     2|   15|       30|
    |l3_out_36_U    |        0|   99|   0|    -|     2|   15|       30|
    |l3_out_37_U    |        0|   99|   0|    -|     2|   15|       30|
    |l3_out_38_U    |        0|   99|   0|    -|     2|   15|       30|
    |l3_out_39_U    |        0|   99|   0|    -|     2|   15|       30|
    |l3_out_3_U     |        0|   99|   0|    -|     2|   15|       30|
    |l3_out_40_U    |        0|   99|   0|    -|     2|   15|       30|
    |l3_out_41_U    |        0|   99|   0|    -|     2|   15|       30|
    |l3_out_42_U    |        0|   99|   0|    -|     2|   15|       30|
    |l3_out_43_U    |        0|   99|   0|    -|     2|   15|       30|
    |l3_out_44_U    |        0|   99|   0|    -|     2|   15|       30|
    |l3_out_45_U    |        0|   99|   0|    -|     2|   15|       30|
    |l3_out_46_U    |        0|   99|   0|    -|     2|   15|       30|
    |l3_out_47_U    |        0|   99|   0|    -|     2|   15|       30|
    |l3_out_48_U    |        0|   99|   0|    -|     2|   15|       30|
    |l3_out_49_U    |        0|   99|   0|    -|     2|   15|       30|
    |l3_out_4_U     |        0|   99|   0|    -|     2|   15|       30|
    |l3_out_50_U    |        0|   99|   0|    -|     2|   15|       30|
    |l3_out_51_U    |        0|   99|   0|    -|     2|   15|       30|
    |l3_out_52_U    |        0|   99|   0|    -|     2|   15|       30|
    |l3_out_53_U    |        0|   99|   0|    -|     2|   15|       30|
    |l3_out_54_U    |        0|   99|   0|    -|     2|   15|       30|
    |l3_out_55_U    |        0|   99|   0|    -|     2|   15|       30|
    |l3_out_56_U    |        0|   99|   0|    -|     2|   15|       30|
    |l3_out_57_U    |        0|   99|   0|    -|     2|   15|       30|
    |l3_out_58_U    |        0|   99|   0|    -|     2|   15|       30|
    |l3_out_59_U    |        0|   99|   0|    -|     2|   15|       30|
    |l3_out_5_U     |        0|   99|   0|    -|     2|   15|       30|
    |l3_out_60_U    |        0|   99|   0|    -|     2|   15|       30|
    |l3_out_61_U    |        0|   99|   0|    -|     2|   15|       30|
    |l3_out_62_U    |        0|   99|   0|    -|     2|   15|       30|
    |l3_out_63_U    |        0|   99|   0|    -|     2|   15|       30|
    |l3_out_6_U     |        0|   99|   0|    -|     2|   15|       30|
    |l3_out_7_U     |        0|   99|   0|    -|     2|   15|       30|
    |l3_out_8_U     |        0|   99|   0|    -|     2|   15|       30|
    |l3_out_9_U     |        0|   99|   0|    -|     2|   15|       30|
    |l3_out_U       |        0|   99|   0|    -|     2|   15|       30|
    |meta_stream_U  |        2|  155|   0|    -|    64|   32|     2048|
    +---------------+---------+-----+----+-----+------+-----+---------+
    |Total          |        2|25895|   0|    0|   584| 3904|     9792|
    +---------------+---------+-----+----+-----+------+-----+---------+

    * Expression: 
    +-----------------------------------+----------+----+---+----+------------+------------+
    |           Variable Name           | Operation| DSP| FF| LUT| Bitwidth P0| Bitwidth P1|
    +-----------------------------------+----------+----+---+----+------------+------------+
    |ap_channel_done_input_arr_3        |       and|   0|  0|   2|           1|           1|
    |ap_channel_done_l1_out_63          |       and|   0|  0|   2|           1|           1|
    |ap_channel_done_l2_out_127         |       and|   0|  0|   2|           1|           1|
    |ap_channel_done_l3_out_63          |       and|   0|  0|   2|           1|           1|
    |ap_idle                            |       and|   0|  0|   2|           1|           1|
    |ap_sync_channel_write_input_arr_3  |        or|   0|  0|   2|           1|           1|
    |ap_sync_channel_write_l1_out_63    |        or|   0|  0|   2|           1|           1|
    |ap_sync_channel_write_l2_out_127   |        or|   0|  0|   2|           1|           1|
    |ap_sync_channel_write_l3_out_63    |        or|   0|  0|   2|           1|           1|
    +-----------------------------------+----------+----+---+----+------------+------------+
    |Total                              |          |   0|  0|  18|           9|           9|
    +-----------------------------------+----------+----+---+----+------------+------------+

    * Multiplexer: 
    +---------------------------------------+----+-----------+-----+-----------+
    |                  Name                 | LUT| Input Size| Bits| Total Bits|
    +---------------------------------------+----+-----------+-----+-----------+
    |ap_sync_reg_channel_write_input_arr_3  |   9|          2|    1|          2|
    |ap_sync_reg_channel_write_l1_out_63    |   9|          2|    1|          2|
    |ap_sync_reg_channel_write_l2_out_127   |   9|          2|    1|          2|
    |ap_sync_reg_channel_write_l3_out_63    |   9|          2|    1|          2|
    +---------------------------------------+----+-----------+-----+-----------+
    |Total                                  |  36|          8|    4|          8|
    +---------------------------------------+----+-----------+-----+-----------+

    * Register: 
    +---------------------------------------+---+----+-----+-----------+
    |                  Name                 | FF| LUT| Bits| Const Bits|
    +---------------------------------------+---+----+-----+-----------+
    |ap_sync_reg_channel_write_input_arr_3  |  1|   0|    1|          0|
    |ap_sync_reg_channel_write_l1_out_63    |  1|   0|    1|          0|
    |ap_sync_reg_channel_write_l2_out_127   |  1|   0|    1|          0|
    |ap_sync_reg_channel_write_l3_out_63    |  1|   0|    1|          0|
    +---------------------------------------+---+----+-----+-----------+
    |Total                                  |  4|   0|    4|          0|
    +---------------------------------------+---+----+-----+-----------+



================================================================
== Interface
================================================================
* Summary: 
+-----------------------+-----+-----+------------+---------------------+--------------+
|       RTL Ports       | Dir | Bits|  Protocol  |    Source Object    |    C Type    |
+-----------------------+-----+-----+------------+---------------------+--------------+
|s_axi_control_AWVALID  |   in|    1|       s_axi|              control|   return void|
|s_axi_control_AWREADY  |  out|    1|       s_axi|              control|   return void|
|s_axi_control_AWADDR   |   in|    4|       s_axi|              control|   return void|
|s_axi_control_WVALID   |   in|    1|       s_axi|              control|   return void|
|s_axi_control_WREADY   |  out|    1|       s_axi|              control|   return void|
|s_axi_control_WDATA    |   in|   32|       s_axi|              control|   return void|
|s_axi_control_WSTRB    |   in|    4|       s_axi|              control|   return void|
|s_axi_control_ARVALID  |   in|    1|       s_axi|              control|   return void|
|s_axi_control_ARREADY  |  out|    1|       s_axi|              control|   return void|
|s_axi_control_ARADDR   |   in|    4|       s_axi|              control|   return void|
|s_axi_control_RVALID   |  out|    1|       s_axi|              control|   return void|
|s_axi_control_RREADY   |   in|    1|       s_axi|              control|   return void|
|s_axi_control_RDATA    |  out|   32|       s_axi|              control|   return void|
|s_axi_control_RRESP    |  out|    2|       s_axi|              control|   return void|
|s_axi_control_BVALID   |  out|    1|       s_axi|              control|   return void|
|s_axi_control_BREADY   |   in|    1|       s_axi|              control|   return void|
|s_axi_control_BRESP    |  out|    2|       s_axi|              control|   return void|
|ap_clk                 |   in|    1|  ap_ctrl_hs|        cloud_mlp_top|  return value|
|ap_rst_n               |   in|    1|  ap_ctrl_hs|        cloud_mlp_top|  return value|
|interrupt              |  out|    1|  ap_ctrl_hs|        cloud_mlp_top|  return value|
|in_stream_TDATA        |   in|   32|        axis|   in_stream_V_data_V|       pointer|
|in_stream_TKEEP        |   in|    4|        axis|   in_stream_V_keep_V|       pointer|
|in_stream_TSTRB        |   in|    4|        axis|   in_stream_V_strb_V|       pointer|
|in_stream_TLAST        |   in|    1|        axis|   in_stream_V_last_V|       pointer|
|in_stream_TVALID       |   in|    1|        axis|   in_stream_V_last_V|       pointer|
|in_stream_TREADY       |  out|    1|        axis|   in_stream_V_last_V|       pointer|
|out_stream_TDATA       |  out|   32|        axis|  out_stream_V_data_V|       pointer|
|out_stream_TKEEP       |  out|    4|        axis|  out_stream_V_keep_V|       pointer|
|out_stream_TSTRB       |  out|    4|        axis|  out_stream_V_strb_V|       pointer|
|out_stream_TLAST       |  out|    1|        axis|  out_stream_V_last_V|       pointer|
|out_stream_TVALID      |  out|    1|        axis|  out_stream_V_last_V|       pointer|
|out_stream_TREADY      |   in|    1|        axis|  out_stream_V_last_V|       pointer|
+-----------------------+-----+-----+------------+---------------------+--------------+

