

================================================================
== Vitis HLS Report for 'compute_l1'
================================================================
* Date:           Wed Feb 11 10:34:37 2026

* Version:        2025.2 (Build 6295257 on Nov 14 2025)
* Project:        OCDS_4K_Stream
* Solution:       hls (Vivado IP Flow Target)
* Product family: zynquplus
* Target device:  xczu9eg-ffvb1156-2-e


================================================================
== Performance Estimates
================================================================
+ Timing: 
    * Summary: 
    +--------+----------+-----------+------------+
    |  Clock |  Target  | Estimated | Uncertainty|
    +--------+----------+-----------+------------+
    |ap_clk  |  25.00 ns|  17.027 ns|     0.68 ns|
    +--------+----------+-----------+------------+

+ Latency: 
    * Summary: 
    +---------+---------+----------+----------+-----+-----+------------------------------------------------+
    |  Latency (cycles) |  Latency (absolute) |  Interval |                    Pipeline                    |
    |   min   |   max   |    min   |    max   | min | max |                      Type                      |
    +---------+---------+----------+----------+-----+-----+------------------------------------------------+
    |       37|       37|  0.925 us|  0.925 us|   32|   32|  loop auto-rewind stp (delay=0 clock cycles(s))|
    +---------+---------+----------+----------+-----+-----+------------------------------------------------+

    + Detail: 
        * Instance: 
        N/A

        * Loop: 
        +-----------+---------+---------+----------+-----------+-----------+------+----------+
        |           |  Latency (cycles) | Iteration|  Initiation Interval  | Trip |          |
        | Loop Name |   min   |   max   |  Latency |  achieved |   target  | Count| Pipelined|
        +-----------+---------+---------+----------+-----------+-----------+------+----------+
        |- L1_Loop  |       35|       35|         5|          1|          1|    32|       yes|
        +-----------+---------+---------+----------+-----------+-----------+------+----------+



================================================================
== Utilization Estimates
================================================================
* Summary: 
+-----------------+---------+------+--------+--------+-----+
|       Name      | BRAM_18K|  DSP |   FF   |   LUT  | URAM|
+-----------------+---------+------+--------+--------+-----+
|DSP              |        -|     -|       -|       -|    -|
|Expression       |        -|     -|       0|    5820|    -|
|FIFO             |        -|     -|       -|       -|    -|
|Instance         |        -|     8|       0|     140|    -|
|Memory           |        9|     -|       0|       0|    -|
|Multiplexer      |        -|     -|       0|     630|    -|
|Register         |        -|     -|    2132|      32|    -|
+-----------------+---------+------+--------+--------+-----+
|Total            |        9|     8|    2132|    6622|    0|
+-----------------+---------+------+--------+--------+-----+
|Available        |     1824|  2520|  548160|  274080|    0|
+-----------------+---------+------+--------+--------+-----+
|Utilization (%)  |       ~0|    ~0|      ~0|       2|    0|
+-----------------+---------+------+--------+--------+-----+

+ Detail: 
    * Instance: 
    +------------------------------+--------------------------+---------+----+---+----+-----+
    |           Instance           |          Module          | BRAM_18K| DSP| FF| LUT| URAM|
    +------------------------------+--------------------------+---------+----+---+----+-----+
    |fpext_32ns_64_1_no_dsp_1_U10  |fpext_32ns_64_1_no_dsp_1  |        0|   0|  0|   0|    0|
    |fpext_32ns_64_1_no_dsp_1_U11  |fpext_32ns_64_1_no_dsp_1  |        0|   0|  0|   0|    0|
    |fpext_32ns_64_1_no_dsp_1_U12  |fpext_32ns_64_1_no_dsp_1  |        0|   0|  0|   0|    0|
    |fpext_32ns_64_1_no_dsp_1_U13  |fpext_32ns_64_1_no_dsp_1  |        0|   0|  0|   0|    0|
    |fpext_32ns_64_1_no_dsp_1_U14  |fpext_32ns_64_1_no_dsp_1  |        0|   0|  0|   0|    0|
    |fpext_32ns_64_1_no_dsp_1_U15  |fpext_32ns_64_1_no_dsp_1  |        0|   0|  0|   0|    0|
    |fpext_32ns_64_1_no_dsp_1_U16  |fpext_32ns_64_1_no_dsp_1  |        0|   0|  0|   0|    0|
    |fpext_32ns_64_1_no_dsp_1_U17  |fpext_32ns_64_1_no_dsp_1  |        0|   0|  0|   0|    0|
    |fpext_32ns_64_1_no_dsp_1_U18  |fpext_32ns_64_1_no_dsp_1  |        0|   0|  0|   0|    0|
    |fpext_32ns_64_1_no_dsp_1_U19  |fpext_32ns_64_1_no_dsp_1  |        0|   0|  0|   0|    0|
    |mul_16s_8s_24_4_1_U21         |mul_16s_8s_24_4_1         |        0|   1|  0|   0|    0|
    |mul_16s_8s_24_4_1_U23         |mul_16s_8s_24_4_1         |        0|   1|  0|   0|    0|
    |mul_16s_8s_24_4_1_U25         |mul_16s_8s_24_4_1         |        0|   1|  0|   0|    0|
    |mul_16s_8s_24_4_1_U27         |mul_16s_8s_24_4_1         |        0|   1|  0|   0|    0|
    |mul_16s_8s_24_4_1_U29         |mul_16s_8s_24_4_1         |        0|   1|  0|   0|    0|
    |mul_16s_8s_24_4_1_U31         |mul_16s_8s_24_4_1         |        0|   1|  0|   0|    0|
    |mul_16s_8s_24_4_1_U33         |mul_16s_8s_24_4_1         |        0|   1|  0|   0|    0|
    |mul_16s_8s_24_4_1_U35         |mul_16s_8s_24_4_1         |        0|   1|  0|   0|    0|
    |sparsemux_9_3_16_1_1_U20      |sparsemux_9_3_16_1_1      |        0|   0|  0|  14|    0|
    |sparsemux_9_3_16_1_1_U22      |sparsemux_9_3_16_1_1      |        0|   0|  0|  14|    0|
    |sparsemux_9_3_16_1_1_U24      |sparsemux_9_3_16_1_1      |        0|   0|  0|  14|    0|
    |sparsemux_9_3_16_1_1_U26      |sparsemux_9_3_16_1_1      |        0|   0|  0|  14|    0|
    |sparsemux_9_3_16_1_1_U28      |sparsemux_9_3_16_1_1      |        0|   0|  0|  14|    0|
    |sparsemux_9_3_16_1_1_U30      |sparsemux_9_3_16_1_1      |        0|   0|  0|  14|    0|
    |sparsemux_9_3_16_1_1_U32      |sparsemux_9_3_16_1_1      |        0|   0|  0|  14|    0|
    |sparsemux_9_3_16_1_1_U34      |sparsemux_9_3_16_1_1      |        0|   0|  0|  14|    0|
    |sparsemux_9_3_16_1_1_U36      |sparsemux_9_3_16_1_1      |        0|   0|  0|  14|    0|
    |sparsemux_9_3_16_1_1_U37      |sparsemux_9_3_16_1_1      |        0|   0|  0|  14|    0|
    +------------------------------+--------------------------+---------+----+---+----+-----+
    |Total                         |                          |        0|   8|  0| 140|    0|
    +------------------------------+--------------------------+---------+----+---+----+-----+

    * DSP: 
    N/A

    * Memory: 
    +---------------+-----------------------------------------+---------+---+----+-----+------+-----+------+-------------+
    |     Memory    |                  Module                 | BRAM_18K| FF| LUT| URAM| Words| Bits| Banks| W*Bits*Banks|
    +---------------+-----------------------------------------+---------+---+----+-----+------+-----+------+-------------+
    |B1_U           |compute_l1_B1_ROM_AUTO_1R                |        1|  0|   0|    0|    64|   32|     1|         2048|
    |p_ZL2W1_0_0_U  |compute_l1_p_ZL2W1_0_0_RAM_1P_BRAM_1R1W  |        1|  0|   0|    0|    32|   32|     1|         1024|
    |p_ZL2W1_0_1_U  |compute_l1_p_ZL2W1_0_1_RAM_1P_BRAM_1R1W  |        1|  0|   0|    0|    32|   32|     1|         1024|
    |p_ZL2W1_0_2_U  |compute_l1_p_ZL2W1_0_2_RAM_1P_BRAM_1R1W  |        1|  0|   0|    0|    32|   32|     1|         1024|
    |p_ZL2W1_0_3_U  |compute_l1_p_ZL2W1_0_3_RAM_1P_BRAM_1R1W  |        1|  0|   0|    0|    32|   32|     1|         1024|
    |p_ZL2W1_1_0_U  |compute_l1_p_ZL2W1_1_0_RAM_1P_BRAM_1R1W  |        1|  0|   0|    0|    32|   32|     1|         1024|
    |p_ZL2W1_1_1_U  |compute_l1_p_ZL2W1_1_1_RAM_1P_BRAM_1R1W  |        1|  0|   0|    0|    32|   32|     1|         1024|
    |p_ZL2W1_1_2_U  |compute_l1_p_ZL2W1_1_2_RAM_1P_BRAM_1R1W  |        1|  0|   0|    0|    32|   32|     1|         1024|
    |p_ZL2W1_1_3_U  |compute_l1_p_ZL2W1_1_3_RAM_1P_BRAM_1R1W  |        1|  0|   0|    0|    32|   32|     1|         1024|
    +---------------+-----------------------------------------+---------+---+----+-----+------+-----+------+-------------+
    |Total          |                                         |        9|  0|   0|    0|   320|  288|     9|        10240|
    +---------------+-----------------------------------------+---------+---+----+-----+------+-----+------+-------------+

    * FIFO: 
    N/A

    * Expression: 
    +-------------------------------+----------+----+---+-----+------------+------------+
    |         Variable Name         | Operation| DSP| FF| LUT | Bitwidth P0| Bitwidth P1|
    +-------------------------------+----------+----+---+-----+------------+------------+
    |add_ln69_fu_2912_p2            |         +|   0|  0|   18|          11|           5|
    |add_ln70_fu_3156_p2            |         +|   0|  0|   18|          11|           5|
    |add_ln76_1_fu_1370_p2          |         +|   0|  0|   18|          11|           5|
    |add_ln76_2_fu_1876_p2          |         +|   0|  0|   18|          11|           5|
    |add_ln76_3_fu_2382_p2          |         +|   0|  0|   18|          11|           5|
    |add_ln76_fu_864_p2             |         +|   0|  0|   18|          11|           5|
    |add_ln77_1_fu_1623_p2          |         +|   0|  0|   18|          11|           5|
    |add_ln77_2_fu_2129_p2          |         +|   0|  0|   18|          11|           5|
    |add_ln77_3_fu_2635_p2          |         +|   0|  0|   18|          11|           5|
    |add_ln77_fu_1117_p2            |         +|   0|  0|   18|          11|           5|
    |add_ln82_1_fu_3432_p2          |         +|   0|  0|   16|          16|          16|
    |add_ln82_2_fu_3438_p2          |         +|   0|  0|   22|          15|          15|
    |add_ln82_3_fu_3448_p2          |         +|   0|  0|   23|          16|          16|
    |add_ln82_fu_3454_p2            |         +|   0|  0|   16|          16|          16|
    |add_ln83_1_fu_3464_p2          |         +|   0|  0|   16|          16|          16|
    |add_ln83_2_fu_3470_p2          |         +|   0|  0|   22|          15|          15|
    |add_ln83_3_fu_3480_p2          |         +|   0|  0|   23|          16|          16|
    |add_ln83_fu_3486_p2            |         +|   0|  0|   16|          16|          16|
    |i_9_fu_701_p2                  |         +|   0|  0|   12|           5|           1|
    |sub_ln69_1_fu_2896_p2          |         -|   0|  0|   19|          11|          12|
    |sub_ln69_2_fu_2918_p2          |         -|   0|  0|   18|           4|          11|
    |sub_ln69_fu_2876_p2            |         -|   0|  0|   61|           1|          54|
    |sub_ln70_1_fu_3140_p2          |         -|   0|  0|   19|          11|          12|
    |sub_ln70_2_fu_3162_p2          |         -|   0|  0|   18|           4|          11|
    |sub_ln70_fu_3120_p2            |         -|   0|  0|   61|           1|          54|
    |sub_ln76_10_fu_2366_p2         |         -|   0|  0|   19|          11|          12|
    |sub_ln76_11_fu_2388_p2         |         -|   0|  0|   18|           4|          11|
    |sub_ln76_1_fu_848_p2           |         -|   0|  0|   19|          11|          12|
    |sub_ln76_2_fu_870_p2           |         -|   0|  0|   18|           4|          11|
    |sub_ln76_3_fu_1334_p2          |         -|   0|  0|   61|           1|          54|
    |sub_ln76_4_fu_1354_p2          |         -|   0|  0|   19|          11|          12|
    |sub_ln76_5_fu_1376_p2          |         -|   0|  0|   18|           4|          11|
    |sub_ln76_6_fu_1840_p2          |         -|   0|  0|   61|           1|          54|
    |sub_ln76_7_fu_1860_p2          |         -|   0|  0|   19|          11|          12|
    |sub_ln76_8_fu_1882_p2          |         -|   0|  0|   18|           4|          11|
    |sub_ln76_9_fu_2346_p2          |         -|   0|  0|   61|           1|          54|
    |sub_ln76_fu_828_p2             |         -|   0|  0|   61|           1|          54|
    |sub_ln77_10_fu_2619_p2         |         -|   0|  0|   19|          11|          12|
    |sub_ln77_11_fu_2641_p2         |         -|   0|  0|   18|           4|          11|
    |sub_ln77_1_fu_1101_p2          |         -|   0|  0|   19|          11|          12|
    |sub_ln77_2_fu_1123_p2          |         -|   0|  0|   18|           4|          11|
    |sub_ln77_3_fu_1587_p2          |         -|   0|  0|   61|           1|          54|
    |sub_ln77_4_fu_1607_p2          |         -|   0|  0|   19|          11|          12|
    |sub_ln77_5_fu_1629_p2          |         -|   0|  0|   18|           4|          11|
    |sub_ln77_6_fu_2093_p2          |         -|   0|  0|   61|           1|          54|
    |sub_ln77_7_fu_2113_p2          |         -|   0|  0|   19|          11|          12|
    |sub_ln77_8_fu_2135_p2          |         -|   0|  0|   18|           4|          11|
    |sub_ln77_9_fu_2599_p2          |         -|   0|  0|   61|           1|          54|
    |sub_ln77_fu_1081_p2            |         -|   0|  0|   61|           1|          54|
    |and_ln69_1_fu_3036_p2          |       and|   0|  0|    2|           1|           1|
    |and_ln69_fu_3018_p2            |       and|   0|  0|    2|           1|           1|
    |and_ln70_1_fu_3280_p2          |       and|   0|  0|    2|           1|           1|
    |and_ln70_fu_3262_p2            |       and|   0|  0|    2|           1|           1|
    |and_ln76_1_fu_988_p2           |       and|   0|  0|    2|           1|           1|
    |and_ln76_2_fu_1476_p2          |       and|   0|  0|    2|           1|           1|
    |and_ln76_3_fu_1494_p2          |       and|   0|  0|    2|           1|           1|
    |and_ln76_4_fu_1982_p2          |       and|   0|  0|    2|           1|           1|
    |and_ln76_5_fu_2000_p2          |       and|   0|  0|    2|           1|           1|
    |and_ln76_6_fu_2488_p2          |       and|   0|  0|    2|           1|           1|
    |and_ln76_7_fu_2506_p2          |       and|   0|  0|    2|           1|           1|
    |and_ln76_fu_970_p2             |       and|   0|  0|    2|           1|           1|
    |and_ln77_1_fu_1241_p2          |       and|   0|  0|    2|           1|           1|
    |and_ln77_2_fu_1729_p2          |       and|   0|  0|    2|           1|           1|
    |and_ln77_3_fu_1747_p2          |       and|   0|  0|    2|           1|           1|
    |and_ln77_4_fu_2235_p2          |       and|   0|  0|    2|           1|           1|
    |and_ln77_5_fu_2253_p2          |       and|   0|  0|    2|           1|           1|
    |and_ln77_6_fu_2741_p2          |       and|   0|  0|    2|           1|           1|
    |and_ln77_7_fu_2759_p2          |       and|   0|  0|    2|           1|           1|
    |and_ln77_fu_1223_p2            |       and|   0|  0|    2|           1|           1|
    |ap_condition_631               |       and|   0|  0|    2|           1|           1|
    |ashr_ln69_fu_2960_p2           |      ashr|   0|  0|  159|          54|          54|
    |ashr_ln70_fu_3204_p2           |      ashr|   0|  0|  159|          54|          54|
    |ashr_ln76_1_fu_1418_p2         |      ashr|   0|  0|  159|          54|          54|
    |ashr_ln76_2_fu_1924_p2         |      ashr|   0|  0|  159|          54|          54|
    |ashr_ln76_3_fu_2430_p2         |      ashr|   0|  0|  159|          54|          54|
    |ashr_ln76_fu_912_p2            |      ashr|   0|  0|  159|          54|          54|
    |ashr_ln77_1_fu_1671_p2         |      ashr|   0|  0|  159|          54|          54|
    |ashr_ln77_2_fu_2177_p2         |      ashr|   0|  0|  159|          54|          54|
    |ashr_ln77_3_fu_2683_p2         |      ashr|   0|  0|  159|          54|          54|
    |ashr_ln77_fu_1165_p2           |      ashr|   0|  0|  159|          54|          54|
    |icmp_ln19_5_fu_3510_p2         |      icmp|   0|  0|   23|          16|           1|
    |icmp_ln19_fu_3496_p2           |      icmp|   0|  0|   23|          16|           1|
    |icmp_ln65_fu_773_p2            |      icmp|   0|  0|   12|           5|           2|
    |icmp_ln69_1_fu_2906_p2         |      icmp|   0|  0|   19|          12|           4|
    |icmp_ln69_2_fu_2932_p2         |      icmp|   0|  0|   19|          12|           4|
    |icmp_ln69_3_fu_2942_p2         |      icmp|   0|  0|   18|          11|           6|
    |icmp_ln69_4_fu_2988_p2         |      icmp|   0|  0|   14|           7|           1|
    |icmp_ln69_fu_2890_p2           |      icmp|   0|  0|   70|          63|           1|
    |icmp_ln70_1_fu_3150_p2         |      icmp|   0|  0|   19|          12|           4|
    |icmp_ln70_2_fu_3176_p2         |      icmp|   0|  0|   19|          12|           4|
    |icmp_ln70_3_fu_3186_p2         |      icmp|   0|  0|   18|          11|           6|
    |icmp_ln70_4_fu_3232_p2         |      icmp|   0|  0|   14|           7|           1|
    |icmp_ln70_fu_3134_p2           |      icmp|   0|  0|   70|          63|           1|
    |icmp_ln76_10_fu_1854_p2        |      icmp|   0|  0|   70|          63|           1|
    |icmp_ln76_11_fu_1870_p2        |      icmp|   0|  0|   19|          12|           4|
    |icmp_ln76_12_fu_1896_p2        |      icmp|   0|  0|   19|          12|           4|
    |icmp_ln76_13_fu_1906_p2        |      icmp|   0|  0|   18|          11|           6|
    |icmp_ln76_14_fu_1952_p2        |      icmp|   0|  0|   14|           7|           1|
    |icmp_ln76_15_fu_2360_p2        |      icmp|   0|  0|   70|          63|           1|
    |icmp_ln76_16_fu_2376_p2        |      icmp|   0|  0|   19|          12|           4|
    |icmp_ln76_17_fu_2402_p2        |      icmp|   0|  0|   19|          12|           4|
    |icmp_ln76_18_fu_2412_p2        |      icmp|   0|  0|   18|          11|           6|
    |icmp_ln76_19_fu_2458_p2        |      icmp|   0|  0|   14|           7|           1|
    |icmp_ln76_1_fu_858_p2          |      icmp|   0|  0|   19|          12|           4|
    |icmp_ln76_2_fu_884_p2          |      icmp|   0|  0|   19|          12|           4|
    |icmp_ln76_3_fu_894_p2          |      icmp|   0|  0|   18|          11|           6|
    |icmp_ln76_4_fu_940_p2          |      icmp|   0|  0|   14|           7|           1|
    |icmp_ln76_5_fu_1348_p2         |      icmp|   0|  0|   70|          63|           1|
    |icmp_ln76_6_fu_1364_p2         |      icmp|   0|  0|   19|          12|           4|
    |icmp_ln76_7_fu_1390_p2         |      icmp|   0|  0|   19|          12|           4|
    |icmp_ln76_8_fu_1400_p2         |      icmp|   0|  0|   18|          11|           6|
    |icmp_ln76_9_fu_1446_p2         |      icmp|   0|  0|   14|           7|           1|
    |icmp_ln76_fu_842_p2            |      icmp|   0|  0|   70|          63|           1|
    |icmp_ln77_10_fu_2107_p2        |      icmp|   0|  0|   70|          63|           1|
    |icmp_ln77_11_fu_2123_p2        |      icmp|   0|  0|   19|          12|           4|
    |icmp_ln77_12_fu_2149_p2        |      icmp|   0|  0|   19|          12|           4|
    |icmp_ln77_13_fu_2159_p2        |      icmp|   0|  0|   18|          11|           6|
    |icmp_ln77_14_fu_2205_p2        |      icmp|   0|  0|   14|           7|           1|
    |icmp_ln77_15_fu_2613_p2        |      icmp|   0|  0|   70|          63|           1|
    |icmp_ln77_16_fu_2629_p2        |      icmp|   0|  0|   19|          12|           4|
    |icmp_ln77_17_fu_2655_p2        |      icmp|   0|  0|   19|          12|           4|
    |icmp_ln77_18_fu_2665_p2        |      icmp|   0|  0|   18|          11|           6|
    |icmp_ln77_19_fu_2711_p2        |      icmp|   0|  0|   14|           7|           1|
    |icmp_ln77_1_fu_1111_p2         |      icmp|   0|  0|   19|          12|           4|
    |icmp_ln77_2_fu_1137_p2         |      icmp|   0|  0|   19|          12|           4|
    |icmp_ln77_3_fu_1147_p2         |      icmp|   0|  0|   18|          11|           6|
    |icmp_ln77_4_fu_1193_p2         |      icmp|   0|  0|   14|           7|           1|
    |icmp_ln77_5_fu_1601_p2         |      icmp|   0|  0|   70|          63|           1|
    |icmp_ln77_6_fu_1617_p2         |      icmp|   0|  0|   19|          12|           4|
    |icmp_ln77_7_fu_1643_p2         |      icmp|   0|  0|   19|          12|           4|
    |icmp_ln77_8_fu_1653_p2         |      icmp|   0|  0|   18|          11|           6|
    |icmp_ln77_9_fu_1699_p2         |      icmp|   0|  0|   14|           7|           1|
    |icmp_ln77_fu_1095_p2           |      icmp|   0|  0|   70|          63|           1|
    |ap_block_pp0_stage0_11001      |        or|   0|  0|    2|           1|           1|
    |or_ln69_fu_3024_p2             |        or|   0|  0|    2|           1|           1|
    |or_ln70_fu_3268_p2             |        or|   0|  0|    2|           1|           1|
    |or_ln76_1_fu_1482_p2           |        or|   0|  0|    2|           1|           1|
    |or_ln76_2_fu_1988_p2           |        or|   0|  0|    2|           1|           1|
    |or_ln76_3_fu_2494_p2           |        or|   0|  0|    2|           1|           1|
    |or_ln76_fu_976_p2              |        or|   0|  0|    2|           1|           1|
    |or_ln77_1_fu_1735_p2           |        or|   0|  0|    2|           1|           1|
    |or_ln77_2_fu_2241_p2           |        or|   0|  0|    2|           1|           1|
    |or_ln77_3_fu_2747_p2           |        or|   0|  0|    2|           1|           1|
    |or_ln77_fu_1229_p2             |        or|   0|  0|    2|           1|           1|
    |select_ln19_5_fu_3516_p3       |    select|   0|  0|   15|           1|          15|
    |select_ln19_fu_3502_p3         |    select|   0|  0|   15|           1|          15|
    |select_ln69_1_fu_2924_p3       |    select|   0|  0|   10|           1|          11|
    |select_ln69_4_fu_2948_p3       |    select|   0|  0|    2|           1|           2|
    |select_ln69_fu_2882_p3         |    select|   0|  0|   52|           1|          54|
    |select_ln70_1_fu_3168_p3       |    select|   0|  0|   10|           1|          11|
    |select_ln70_4_fu_3192_p3       |    select|   0|  0|    2|           1|           2|
    |select_ln70_fu_3126_p3         |    select|   0|  0|   52|           1|          54|
    |select_ln76_12_fu_2352_p3      |    select|   0|  0|   52|           1|          54|
    |select_ln76_13_fu_2394_p3      |    select|   0|  0|   10|           1|          11|
    |select_ln76_16_fu_900_p3       |    select|   0|  0|    2|           1|           2|
    |select_ln76_17_fu_1406_p3      |    select|   0|  0|    2|           1|           2|
    |select_ln76_18_fu_1912_p3      |    select|   0|  0|    2|           1|           2|
    |select_ln76_19_fu_2418_p3      |    select|   0|  0|    2|           1|           2|
    |select_ln76_1_fu_876_p3        |    select|   0|  0|   10|           1|          11|
    |select_ln76_4_fu_1340_p3       |    select|   0|  0|   52|           1|          54|
    |select_ln76_5_fu_1382_p3       |    select|   0|  0|   10|           1|          11|
    |select_ln76_8_fu_1846_p3       |    select|   0|  0|   52|           1|          54|
    |select_ln76_9_fu_1888_p3       |    select|   0|  0|   10|           1|          11|
    |select_ln76_fu_834_p3          |    select|   0|  0|   52|           1|          54|
    |select_ln77_12_fu_2605_p3      |    select|   0|  0|   52|           1|          54|
    |select_ln77_13_fu_2647_p3      |    select|   0|  0|   10|           1|          11|
    |select_ln77_16_fu_1153_p3      |    select|   0|  0|    2|           1|           2|
    |select_ln77_17_fu_1659_p3      |    select|   0|  0|    2|           1|           2|
    |select_ln77_18_fu_2165_p3      |    select|   0|  0|    2|           1|           2|
    |select_ln77_19_fu_2671_p3      |    select|   0|  0|    2|           1|           2|
    |select_ln77_1_fu_1129_p3       |    select|   0|  0|   10|           1|          11|
    |select_ln77_4_fu_1593_p3       |    select|   0|  0|   52|           1|          54|
    |select_ln77_5_fu_1635_p3       |    select|   0|  0|   10|           1|          11|
    |select_ln77_8_fu_2099_p3       |    select|   0|  0|   52|           1|          54|
    |select_ln77_9_fu_2141_p3       |    select|   0|  0|   10|           1|          11|
    |select_ln77_fu_1087_p3         |    select|   0|  0|   52|           1|          54|
    |storemerge4_i130_i_fu_1257_p6  |    select|   0|  0|   16|           1|          16|
    |storemerge4_i130_i_fu_1257_p8  |    select|   0|  0|   16|           1|          16|
    |storemerge4_i166_i_fu_1510_p6  |    select|   0|  0|   16|           1|          16|
    |storemerge4_i166_i_fu_1510_p8  |    select|   0|  0|   16|           1|          16|
    |storemerge4_i202_i_fu_1763_p6  |    select|   0|  0|   16|           1|          16|
    |storemerge4_i202_i_fu_1763_p8  |    select|   0|  0|   16|           1|          16|
    |storemerge4_i238_i_fu_2016_p6  |    select|   0|  0|   16|           1|          16|
    |storemerge4_i238_i_fu_2016_p8  |    select|   0|  0|   16|           1|          16|
    |storemerge4_i274_i_fu_2269_p6  |    select|   0|  0|   16|           1|          16|
    |storemerge4_i274_i_fu_2269_p8  |    select|   0|  0|   16|           1|          16|
    |storemerge4_i310_i_fu_2522_p6  |    select|   0|  0|   16|           1|          16|
    |storemerge4_i310_i_fu_2522_p8  |    select|   0|  0|   16|           1|          16|
    |storemerge4_i346_i_fu_2775_p6  |    select|   0|  0|   16|           1|          16|
    |storemerge4_i346_i_fu_2775_p8  |    select|   0|  0|   16|           1|          16|
    |storemerge4_i94_i_fu_1004_p6   |    select|   0|  0|   16|           1|          16|
    |storemerge4_i94_i_fu_1004_p8   |    select|   0|  0|   16|           1|          16|
    |sum0_fu_3052_p6                |    select|   0|  0|   16|           1|          16|
    |sum0_fu_3052_p8                |    select|   0|  0|   16|           1|          16|
    |sum1_fu_3296_p6                |    select|   0|  0|   16|           1|          16|
    |sum1_fu_3296_p8                |    select|   0|  0|   16|           1|          16|
    |shl_ln69_fu_2998_p2            |       shl|   0|  0|   35|          16|          16|
    |shl_ln70_fu_3242_p2            |       shl|   0|  0|   35|          16|          16|
    |shl_ln76_1_fu_1456_p2          |       shl|   0|  0|   35|          16|          16|
    |shl_ln76_2_fu_1962_p2          |       shl|   0|  0|   35|          16|          16|
    |shl_ln76_3_fu_2468_p2          |       shl|   0|  0|   35|          16|          16|
    |shl_ln76_fu_950_p2             |       shl|   0|  0|   35|          16|          16|
    |shl_ln77_1_fu_1709_p2          |       shl|   0|  0|   35|          16|          16|
    |shl_ln77_2_fu_2215_p2          |       shl|   0|  0|   35|          16|          16|
    |shl_ln77_3_fu_2721_p2          |       shl|   0|  0|   35|          16|          16|
    |shl_ln77_fu_1203_p2            |       shl|   0|  0|   35|          16|          16|
    |ap_enable_pp0                  |       xor|   0|  0|    2|           1|           2|
    |xor_ln69_1_fu_3030_p2          |       xor|   0|  0|    2|           1|           2|
    |xor_ln69_fu_3012_p2            |       xor|   0|  0|    2|           1|           2|
    |xor_ln70_1_fu_3274_p2          |       xor|   0|  0|    2|           1|           2|
    |xor_ln70_fu_3256_p2            |       xor|   0|  0|    2|           1|           2|
    |xor_ln76_1_fu_982_p2           |       xor|   0|  0|    2|           1|           2|
    |xor_ln76_2_fu_1470_p2          |       xor|   0|  0|    2|           1|           2|
    |xor_ln76_3_fu_1488_p2          |       xor|   0|  0|    2|           1|           2|
    |xor_ln76_4_fu_1976_p2          |       xor|   0|  0|    2|           1|           2|
    |xor_ln76_5_fu_1994_p2          |       xor|   0|  0|    2|           1|           2|
    |xor_ln76_6_fu_2482_p2          |       xor|   0|  0|    2|           1|           2|
    |xor_ln76_7_fu_2500_p2          |       xor|   0|  0|    2|           1|           2|
    |xor_ln76_fu_964_p2             |       xor|   0|  0|    2|           1|           2|
    |xor_ln77_1_fu_1235_p2          |       xor|   0|  0|    2|           1|           2|
    |xor_ln77_2_fu_1723_p2          |       xor|   0|  0|    2|           1|           2|
    |xor_ln77_3_fu_1741_p2          |       xor|   0|  0|    2|           1|           2|
    |xor_ln77_4_fu_2229_p2          |       xor|   0|  0|    2|           1|           2|
    |xor_ln77_5_fu_2247_p2          |       xor|   0|  0|    2|           1|           2|
    |xor_ln77_6_fu_2735_p2          |       xor|   0|  0|    2|           1|           2|
    |xor_ln77_7_fu_2753_p2          |       xor|   0|  0|    2|           1|           2|
    |xor_ln77_fu_1217_p2            |       xor|   0|  0|    2|           1|           2|
    +-------------------------------+----------+----+---+-----+------------+------------+
    |Total                          |          |   0|  0| 5820|        2293|        2905|
    +-------------------------------+----------+----+---+-----+------------+------------+

    * Multiplexer: 
    +----------------------------------+----+-----------+-----+-----------+
    |               Name               | LUT| Input Size| Bits| Total Bits|
    +----------------------------------+----+-----------+-----+-----------+
    |ap_done_int                       |   9|          2|    1|          2|
    |ap_loop_exit_ready_pp0_iter4_reg  |   9|          2|    1|          2|
    |ap_return_0                       |   9|          2|   15|         30|
    |ap_return_1                       |   9|          2|   15|         30|
    |ap_return_10                      |   9|          2|   15|         30|
    |ap_return_11                      |   9|          2|   15|         30|
    |ap_return_12                      |   9|          2|   15|         30|
    |ap_return_13                      |   9|          2|   15|         30|
    |ap_return_14                      |   9|          2|   15|         30|
    |ap_return_15                      |   9|          2|   15|         30|
    |ap_return_16                      |   9|          2|   15|         30|
    |ap_return_17                      |   9|          2|   15|         30|
    |ap_return_18                      |   9|          2|   15|         30|
    |ap_return_19                      |   9|          2|   15|         30|
    |ap_return_2                       |   9|          2|   15|         30|
    |ap_return_20                      |   9|          2|   15|         30|
    |ap_return_21                      |   9|          2|   15|         30|
    |ap_return_22                      |   9|          2|   15|         30|
    |ap_return_23                      |   9|          2|   15|         30|
    |ap_return_24                      |   9|          2|   15|         30|
    |ap_return_25                      |   9|          2|   15|         30|
    |ap_return_26                      |   9|          2|   15|         30|
    |ap_return_27                      |   9|          2|   15|         30|
    |ap_return_28                      |   9|          2|   15|         30|
    |ap_return_29                      |   9|          2|   15|         30|
    |ap_return_3                       |   9|          2|   15|         30|
    |ap_return_30                      |   9|          2|   15|         30|
    |ap_return_31                      |   9|          2|   15|         30|
    |ap_return_32                      |   9|          2|   15|         30|
    |ap_return_33                      |   9|          2|   15|         30|
    |ap_return_34                      |   9|          2|   15|         30|
    |ap_return_35                      |   9|          2|   15|         30|
    |ap_return_36                      |   9|          2|   15|         30|
    |ap_return_37                      |   9|          2|   15|         30|
    |ap_return_38                      |   9|          2|   15|         30|
    |ap_return_39                      |   9|          2|   15|         30|
    |ap_return_4                       |   9|          2|   15|         30|
    |ap_return_40                      |   9|          2|   15|         30|
    |ap_return_41                      |   9|          2|   15|         30|
    |ap_return_42                      |   9|          2|   15|         30|
    |ap_return_43                      |   9|          2|   15|         30|
    |ap_return_44                      |   9|          2|   15|         30|
    |ap_return_45                      |   9|          2|   15|         30|
    |ap_return_46                      |   9|          2|   15|         30|
    |ap_return_47                      |   9|          2|   15|         30|
    |ap_return_48                      |   9|          2|   15|         30|
    |ap_return_49                      |   9|          2|   15|         30|
    |ap_return_5                       |   9|          2|   15|         30|
    |ap_return_50                      |   9|          2|   15|         30|
    |ap_return_51                      |   9|          2|   15|         30|
    |ap_return_52                      |   9|          2|   15|         30|
    |ap_return_53                      |   9|          2|   15|         30|
    |ap_return_54                      |   9|          2|   15|         30|
    |ap_return_55                      |   9|          2|   15|         30|
    |ap_return_56                      |   9|          2|   15|         30|
    |ap_return_57                      |   9|          2|   15|         30|
    |ap_return_58                      |   9|          2|   15|         30|
    |ap_return_59                      |   9|          2|   15|         30|
    |ap_return_6                       |   9|          2|   15|         30|
    |ap_return_60                      |   9|          2|   15|         30|
    |ap_return_61                      |   9|          2|   15|         30|
    |ap_return_62                      |   9|          2|   15|         30|
    |ap_return_63                      |   9|          2|   15|         30|
    |ap_return_7                       |   9|          2|   15|         30|
    |ap_return_8                       |   9|          2|   15|         30|
    |ap_return_9                       |   9|          2|   15|         30|
    |ap_sig_allocacmp_i_7              |   9|          2|    5|         10|
    |ap_sig_allocacmp_output_252_load  |   9|          2|   15|         30|
    |ap_sig_allocacmp_output_253_load  |   9|          2|   15|         30|
    |i_fu_212                          |   9|          2|    5|         10|
    +----------------------------------+----+-----------+-----+-----------+
    |Total                             | 630|        140| 1002|       2004|
    +----------------------------------+----+-----------+-----+-----------+

    * Register: 
    +----------------------------------+----+----+-----+-----------+
    |               Name               | FF | LUT| Bits| Const Bits|
    +----------------------------------+----+----+-----+-----------+
    |ap_CS_fsm                         |   1|   0|    1|          0|
    |ap_done_reg                       |   1|   0|    1|          0|
    |ap_enable_reg_pp0_iter1           |   1|   0|    1|          0|
    |ap_enable_reg_pp0_iter2           |   1|   0|    1|          0|
    |ap_enable_reg_pp0_iter3           |   1|   0|    1|          0|
    |ap_enable_reg_pp0_iter4           |   1|   0|    1|          0|
    |ap_loop_exit_ready_pp0_iter1_reg  |   1|   0|    1|          0|
    |ap_loop_exit_ready_pp0_iter2_reg  |   1|   0|    1|          0|
    |ap_loop_exit_ready_pp0_iter3_reg  |   1|   0|    1|          0|
    |ap_loop_exit_ready_pp0_iter4_reg  |   1|   0|    1|          0|
    |ap_predicate_pred641_state5       |   1|   0|    1|          0|
    |ap_predicate_pred665_state5       |   1|   0|    1|          0|
    |ap_predicate_pred676_state5       |   1|   0|    1|          0|
    |ap_predicate_pred687_state5       |   1|   0|    1|          0|
    |ap_predicate_pred698_state5       |   1|   0|    1|          0|
    |ap_predicate_pred709_state5       |   1|   0|    1|          0|
    |ap_predicate_pred720_state5       |   1|   0|    1|          0|
    |ap_predicate_pred731_state5       |   1|   0|    1|          0|
    |ap_predicate_pred742_state5       |   1|   0|    1|          0|
    |ap_predicate_pred753_state5       |   1|   0|    1|          0|
    |ap_predicate_pred764_state5       |   1|   0|    1|          0|
    |ap_predicate_pred775_state5       |   1|   0|    1|          0|
    |ap_predicate_pred786_state5       |   1|   0|    1|          0|
    |ap_predicate_pred797_state5       |   1|   0|    1|          0|
    |ap_predicate_pred808_state5       |   1|   0|    1|          0|
    |ap_predicate_pred819_state5       |   1|   0|    1|          0|
    |ap_predicate_pred830_state5       |   1|   0|    1|          0|
    |ap_predicate_pred841_state5       |   1|   0|    1|          0|
    |ap_predicate_pred852_state5       |   1|   0|    1|          0|
    |ap_predicate_pred863_state5       |   1|   0|    1|          0|
    |ap_predicate_pred874_state5       |   1|   0|    1|          0|
    |ap_predicate_pred885_state5       |   1|   0|    1|          0|
    |ap_predicate_pred896_state5       |   1|   0|    1|          0|
    |ap_predicate_pred907_state5       |   1|   0|    1|          0|
    |ap_predicate_pred918_state5       |   1|   0|    1|          0|
    |ap_predicate_pred929_state5       |   1|   0|    1|          0|
    |ap_predicate_pred940_state5       |   1|   0|    1|          0|
    |ap_predicate_pred951_state5       |   1|   0|    1|          0|
    |ap_predicate_pred962_state5       |   1|   0|    1|          0|
    |ap_predicate_pred973_state5       |   1|   0|    1|          0|
    |ap_predicate_pred984_state5       |   1|   0|    1|          0|
    |ap_predicate_pred994_state5       |   1|   0|    1|          0|
    |ap_return_0_preg                  |  15|   0|   15|          0|
    |ap_return_10_preg                 |  15|   0|   15|          0|
    |ap_return_11_preg                 |  15|   0|   15|          0|
    |ap_return_12_preg                 |  15|   0|   15|          0|
    |ap_return_13_preg                 |  15|   0|   15|          0|
    |ap_return_14_preg                 |  15|   0|   15|          0|
    |ap_return_15_preg                 |  15|   0|   15|          0|
    |ap_return_16_preg                 |  15|   0|   15|          0|
    |ap_return_17_preg                 |  15|   0|   15|          0|
    |ap_return_18_preg                 |  15|   0|   15|          0|
    |ap_return_19_preg                 |  15|   0|   15|          0|
    |ap_return_1_preg                  |  15|   0|   15|          0|
    |ap_return_20_preg                 |  15|   0|   15|          0|
    |ap_return_21_preg                 |  15|   0|   15|          0|
    |ap_return_22_preg                 |  15|   0|   15|          0|
    |ap_return_23_preg                 |  15|   0|   15|          0|
    |ap_return_24_preg                 |  15|   0|   15|          0|
    |ap_return_25_preg                 |  15|   0|   15|          0|
    |ap_return_26_preg                 |  15|   0|   15|          0|
    |ap_return_27_preg                 |  15|   0|   15|          0|
    |ap_return_28_preg                 |  15|   0|   15|          0|
    |ap_return_29_preg                 |  15|   0|   15|          0|
    |ap_return_2_preg                  |  15|   0|   15|          0|
    |ap_return_30_preg                 |  15|   0|   15|          0|
    |ap_return_31_preg                 |  15|   0|   15|          0|
    |ap_return_32_preg                 |  15|   0|   15|          0|
    |ap_return_33_preg                 |  15|   0|   15|          0|
    |ap_return_34_preg                 |  15|   0|   15|          0|
    |ap_return_35_preg                 |  15|   0|   15|          0|
    |ap_return_36_preg                 |  15|   0|   15|          0|
    |ap_return_37_preg                 |  15|   0|   15|          0|
    |ap_return_38_preg                 |  15|   0|   15|          0|
    |ap_return_39_preg                 |  15|   0|   15|          0|
    |ap_return_3_preg                  |  15|   0|   15|          0|
    |ap_return_40_preg                 |  15|   0|   15|          0|
    |ap_return_41_preg                 |  15|   0|   15|          0|
    |ap_return_42_preg                 |  15|   0|   15|          0|
    |ap_return_43_preg                 |  15|   0|   15|          0|
    |ap_return_44_preg                 |  15|   0|   15|          0|
    |ap_return_45_preg                 |  15|   0|   15|          0|
    |ap_return_46_preg                 |  15|   0|   15|          0|
    |ap_return_47_preg                 |  15|   0|   15|          0|
    |ap_return_48_preg                 |  15|   0|   15|          0|
    |ap_return_49_preg                 |  15|   0|   15|          0|
    |ap_return_4_preg                  |  15|   0|   15|          0|
    |ap_return_50_preg                 |  15|   0|   15|          0|
    |ap_return_51_preg                 |  15|   0|   15|          0|
    |ap_return_52_preg                 |  15|   0|   15|          0|
    |ap_return_53_preg                 |  15|   0|   15|          0|
    |ap_return_54_preg                 |  15|   0|   15|          0|
    |ap_return_55_preg                 |  15|   0|   15|          0|
    |ap_return_56_preg                 |  15|   0|   15|          0|
    |ap_return_57_preg                 |  15|   0|   15|          0|
    |ap_return_58_preg                 |  15|   0|   15|          0|
    |ap_return_59_preg                 |  15|   0|   15|          0|
    |ap_return_5_preg                  |  15|   0|   15|          0|
    |ap_return_60_preg                 |  15|   0|   15|          0|
    |ap_return_61_preg                 |  15|   0|   15|          0|
    |ap_return_62_preg                 |  15|   0|   15|          0|
    |ap_return_63_preg                 |  15|   0|   15|          0|
    |ap_return_6_preg                  |  15|   0|   15|          0|
    |ap_return_7_preg                  |  15|   0|   15|          0|
    |ap_return_8_preg                  |  15|   0|   15|          0|
    |ap_return_9_preg                  |  15|   0|   15|          0|
    |i_7_reg_4835                      |   5|   0|    5|          0|
    |i_fu_212                          |   5|   0|    5|          0|
    |output_191_fu_464                 |  15|   0|   15|          0|
    |output_192_fu_460                 |  15|   0|   15|          0|
    |output_193_fu_456                 |  15|   0|   15|          0|
    |output_194_fu_452                 |  15|   0|   15|          0|
    |output_195_fu_448                 |  15|   0|   15|          0|
    |output_196_fu_444                 |  15|   0|   15|          0|
    |output_197_fu_440                 |  15|   0|   15|          0|
    |output_198_fu_436                 |  15|   0|   15|          0|
    |output_199_fu_432                 |  15|   0|   15|          0|
    |output_200_fu_428                 |  15|   0|   15|          0|
    |output_201_fu_424                 |  15|   0|   15|          0|
    |output_202_fu_420                 |  15|   0|   15|          0|
    |output_203_fu_416                 |  15|   0|   15|          0|
    |output_204_fu_412                 |  15|   0|   15|          0|
    |output_205_fu_408                 |  15|   0|   15|          0|
    |output_206_fu_404                 |  15|   0|   15|          0|
    |output_207_fu_400                 |  15|   0|   15|          0|
    |output_208_fu_396                 |  15|   0|   15|          0|
    |output_209_fu_392                 |  15|   0|   15|          0|
    |output_210_fu_388                 |  15|   0|   15|          0|
    |output_211_fu_384                 |  15|   0|   15|          0|
    |output_212_fu_380                 |  15|   0|   15|          0|
    |output_213_fu_376                 |  15|   0|   15|          0|
    |output_214_fu_372                 |  15|   0|   15|          0|
    |output_215_fu_368                 |  15|   0|   15|          0|
    |output_216_fu_364                 |  15|   0|   15|          0|
    |output_217_fu_360                 |  15|   0|   15|          0|
    |output_218_fu_356                 |  15|   0|   15|          0|
    |output_219_fu_352                 |  15|   0|   15|          0|
    |output_220_fu_348                 |  15|   0|   15|          0|
    |output_221_fu_344                 |  15|   0|   15|          0|
    |output_222_fu_340                 |  15|   0|   15|          0|
    |output_223_fu_336                 |  15|   0|   15|          0|
    |output_224_fu_332                 |  15|   0|   15|          0|
    |output_225_fu_328                 |  15|   0|   15|          0|
    |output_226_fu_324                 |  15|   0|   15|          0|
    |output_227_fu_320                 |  15|   0|   15|          0|
    |output_228_fu_316                 |  15|   0|   15|          0|
    |output_229_fu_312                 |  15|   0|   15|          0|
    |output_230_fu_308                 |  15|   0|   15|          0|
    |output_231_fu_304                 |  15|   0|   15|          0|
    |output_232_fu_300                 |  15|   0|   15|          0|
    |output_233_fu_296                 |  15|   0|   15|          0|
    |output_234_fu_292                 |  15|   0|   15|          0|
    |output_235_fu_288                 |  15|   0|   15|          0|
    |output_236_fu_284                 |  15|   0|   15|          0|
    |output_237_fu_280                 |  15|   0|   15|          0|
    |output_238_fu_276                 |  15|   0|   15|          0|
    |output_239_fu_272                 |  15|   0|   15|          0|
    |output_240_fu_268                 |  15|   0|   15|          0|
    |output_241_fu_264                 |  15|   0|   15|          0|
    |output_242_fu_260                 |  15|   0|   15|          0|
    |output_243_fu_256                 |  15|   0|   15|          0|
    |output_244_fu_252                 |  15|   0|   15|          0|
    |output_245_fu_248                 |  15|   0|   15|          0|
    |output_246_fu_244                 |  15|   0|   15|          0|
    |output_247_fu_240                 |  15|   0|   15|          0|
    |output_248_fu_236                 |  15|   0|   15|          0|
    |output_249_fu_232                 |  15|   0|   15|          0|
    |output_250_fu_228                 |  15|   0|   15|          0|
    |output_251_fu_224                 |  15|   0|   15|          0|
    |output_252_fu_220                 |  15|   0|   15|          0|
    |output_253_fu_216                 |  15|   0|   15|          0|
    |output_fu_468                     |  15|   0|   15|          0|
    |sext_ln65_reg_4829                |  24|   0|   24|          0|
    |sext_ln76_1_reg_4817              |  24|   0|   24|          0|
    |sext_ln76_2_reg_4823              |  24|   0|   24|          0|
    |sext_ln76_reg_4811                |  24|   0|   24|          0|
    |i_7_reg_4835                      |  64|  32|    5|          0|
    +----------------------------------+----+----+-----+-----------+
    |Total                             |2132|  32| 2073|          0|
    +----------------------------------+----+----+-----+-----------+



================================================================
== Interface
================================================================
* Summary: 
+--------------+-----+-----+------------+--------------+--------------+
|   RTL Ports  | Dir | Bits|  Protocol  | Source Object|    C Type    |
+--------------+-----+-----+------------+--------------+--------------+
|ap_clk        |   in|    1|  ap_ctrl_hs|    compute_l1|  return value|
|ap_rst        |   in|    1|  ap_ctrl_hs|    compute_l1|  return value|
|ap_start      |   in|    1|  ap_ctrl_hs|    compute_l1|  return value|
|ap_done       |  out|    1|  ap_ctrl_hs|    compute_l1|  return value|
|ap_continue   |   in|    1|  ap_ctrl_hs|    compute_l1|  return value|
|ap_idle       |  out|    1|  ap_ctrl_hs|    compute_l1|  return value|
|ap_ready      |  out|    1|  ap_ctrl_hs|    compute_l1|  return value|
|ap_return_0   |  out|   15|  ap_ctrl_hs|    compute_l1|  return value|
|ap_return_1   |  out|   15|  ap_ctrl_hs|    compute_l1|  return value|
|ap_return_2   |  out|   15|  ap_ctrl_hs|    compute_l1|  return value|
|ap_return_3   |  out|   15|  ap_ctrl_hs|    compute_l1|  return value|
|ap_return_4   |  out|   15|  ap_ctrl_hs|    compute_l1|  return value|
|ap_return_5   |  out|   15|  ap_ctrl_hs|    compute_l1|  return value|
|ap_return_6   |  out|   15|  ap_ctrl_hs|    compute_l1|  return value|
|ap_return_7   |  out|   15|  ap_ctrl_hs|    compute_l1|  return value|
|ap_return_8   |  out|   15|  ap_ctrl_hs|    compute_l1|  return value|
|ap_return_9   |  out|   15|  ap_ctrl_hs|    compute_l1|  return value|
|ap_return_10  |  out|   15|  ap_ctrl_hs|    compute_l1|  return value|
|ap_return_11  |  out|   15|  ap_ctrl_hs|    compute_l1|  return value|
|ap_return_12  |  out|   15|  ap_ctrl_hs|    compute_l1|  return value|
|ap_return_13  |  out|   15|  ap_ctrl_hs|    compute_l1|  return value|
|ap_return_14  |  out|   15|  ap_ctrl_hs|    compute_l1|  return value|
|ap_return_15  |  out|   15|  ap_ctrl_hs|    compute_l1|  return value|
|ap_return_16  |  out|   15|  ap_ctrl_hs|    compute_l1|  return value|
|ap_return_17  |  out|   15|  ap_ctrl_hs|    compute_l1|  return value|
|ap_return_18  |  out|   15|  ap_ctrl_hs|    compute_l1|  return value|
|ap_return_19  |  out|   15|  ap_ctrl_hs|    compute_l1|  return value|
|ap_return_20  |  out|   15|  ap_ctrl_hs|    compute_l1|  return value|
|ap_return_21  |  out|   15|  ap_ctrl_hs|    compute_l1|  return value|
|ap_return_22  |  out|   15|  ap_ctrl_hs|    compute_l1|  return value|
|ap_return_23  |  out|   15|  ap_ctrl_hs|    compute_l1|  return value|
|ap_return_24  |  out|   15|  ap_ctrl_hs|    compute_l1|  return value|
|ap_return_25  |  out|   15|  ap_ctrl_hs|    compute_l1|  return value|
|ap_return_26  |  out|   15|  ap_ctrl_hs|    compute_l1|  return value|
|ap_return_27  |  out|   15|  ap_ctrl_hs|    compute_l1|  return value|
|ap_return_28  |  out|   15|  ap_ctrl_hs|    compute_l1|  return value|
|ap_return_29  |  out|   15|  ap_ctrl_hs|    compute_l1|  return value|
|ap_return_30  |  out|   15|  ap_ctrl_hs|    compute_l1|  return value|
|ap_return_31  |  out|   15|  ap_ctrl_hs|    compute_l1|  return value|
|ap_return_32  |  out|   15|  ap_ctrl_hs|    compute_l1|  return value|
|ap_return_33  |  out|   15|  ap_ctrl_hs|    compute_l1|  return value|
|ap_return_34  |  out|   15|  ap_ctrl_hs|    compute_l1|  return value|
|ap_return_35  |  out|   15|  ap_ctrl_hs|    compute_l1|  return value|
|ap_return_36  |  out|   15|  ap_ctrl_hs|    compute_l1|  return value|
|ap_return_37  |  out|   15|  ap_ctrl_hs|    compute_l1|  return value|
|ap_return_38  |  out|   15|  ap_ctrl_hs|    compute_l1|  return value|
|ap_return_39  |  out|   15|  ap_ctrl_hs|    compute_l1|  return value|
|ap_return_40  |  out|   15|  ap_ctrl_hs|    compute_l1|  return value|
|ap_return_41  |  out|   15|  ap_ctrl_hs|    compute_l1|  return value|
|ap_return_42  |  out|   15|  ap_ctrl_hs|    compute_l1|  return value|
|ap_return_43  |  out|   15|  ap_ctrl_hs|    compute_l1|  return value|
|ap_return_44  |  out|   15|  ap_ctrl_hs|    compute_l1|  return value|
|ap_return_45  |  out|   15|  ap_ctrl_hs|    compute_l1|  return value|
|ap_return_46  |  out|   15|  ap_ctrl_hs|    compute_l1|  return value|
|ap_return_47  |  out|   15|  ap_ctrl_hs|    compute_l1|  return value|
|ap_return_48  |  out|   15|  ap_ctrl_hs|    compute_l1|  return value|
|ap_return_49  |  out|   15|  ap_ctrl_hs|    compute_l1|  return value|
|ap_return_50  |  out|   15|  ap_ctrl_hs|    compute_l1|  return value|
|ap_return_51  |  out|   15|  ap_ctrl_hs|    compute_l1|  return value|
|ap_return_52  |  out|   15|  ap_ctrl_hs|    compute_l1|  return value|
|ap_return_53  |  out|   15|  ap_ctrl_hs|    compute_l1|  return value|
|ap_return_54  |  out|   15|  ap_ctrl_hs|    compute_l1|  return value|
|ap_return_55  |  out|   15|  ap_ctrl_hs|    compute_l1|  return value|
|ap_return_56  |  out|   15|  ap_ctrl_hs|    compute_l1|  return value|
|ap_return_57  |  out|   15|  ap_ctrl_hs|    compute_l1|  return value|
|ap_return_58  |  out|   15|  ap_ctrl_hs|    compute_l1|  return value|
|ap_return_59  |  out|   15|  ap_ctrl_hs|    compute_l1|  return value|
|ap_return_60  |  out|   15|  ap_ctrl_hs|    compute_l1|  return value|
|ap_return_61  |  out|   15|  ap_ctrl_hs|    compute_l1|  return value|
|ap_return_62  |  out|   15|  ap_ctrl_hs|    compute_l1|  return value|
|ap_return_63  |  out|   15|  ap_ctrl_hs|    compute_l1|  return value|
|p_read        |   in|    8|     ap_none|        p_read|        scalar|
|p_read1       |   in|    8|     ap_none|       p_read1|        scalar|
|p_read2       |   in|    8|     ap_none|       p_read2|        scalar|
|p_read3       |   in|    8|     ap_none|       p_read3|        scalar|
+--------------+-----+-----+------------+--------------+--------------+

