

================================================================
== Vitis HLS Report for 'read_input'
================================================================
* Date:           Wed Feb 11 10:34:36 2026

* Version:        2025.2 (Build 6295257 on Nov 14 2025)
* Project:        OCDS_4K_Stream
* Solution:       hls (Vivado IP Flow Target)
* Product family: zynquplus
* Target device:  xczu9eg-ffvb1156-2-e


================================================================
== Performance Estimates
================================================================
+ Timing: 
    * Summary: 
    +--------+----------+----------+------------+
    |  Clock |  Target  | Estimated| Uncertainty|
    +--------+----------+----------+------------+
    |ap_clk  |  25.00 ns|  2.054 ns|     0.68 ns|
    +--------+----------+----------+------------+

+ Latency: 
    * Summary: 
    +---------+---------+----------+----------+-----+-----+---------+
    |  Latency (cycles) |  Latency (absolute) |  Interval | Pipeline|
    |   min   |   max   |    min   |    max   | min | max |   Type  |
    +---------+---------+----------+----------+-----+-----+---------+
    |        0|        0|      0 ns|      0 ns|    0|    0|       no|
    +---------+---------+----------+----------+-----+-----+---------+

    + Detail: 
        * Instance: 
        N/A

        * Loop: 
        N/A



================================================================
== Utilization Estimates
================================================================
* Summary: 
+-----------------+---------+------+--------+--------+-----+
|       Name      | BRAM_18K|  DSP |   FF   |   LUT  | URAM|
+-----------------+---------+------+--------+--------+-----+
|DSP              |        -|     -|       -|       -|    -|
|Expression       |        -|     -|       0|       4|    -|
|FIFO             |        -|     -|       -|       -|    -|
|Instance         |        -|     -|       -|       -|    -|
|Memory           |        -|     -|       -|       -|    -|
|Multiplexer      |        -|     -|       0|      63|    -|
|Register         |        -|     -|      26|       -|    -|
+-----------------+---------+------+--------+--------+-----+
|Total            |        0|     0|      26|      67|    0|
+-----------------+---------+------+--------+--------+-----+
|Available        |     1824|  2520|  548160|  274080|    0|
+-----------------+---------+------+--------+--------+-----+
|Utilization (%)  |        0|     0|      ~0|      ~0|    0|
+-----------------+---------+------+--------+--------+-----+

+ Detail: 
    * Instance: 
    N/A

    * DSP: 
    N/A

    * Memory: 
    N/A

    * FIFO: 
    N/A

    * Expression: 
    +--------------------------+----------+----+---+----+------------+------------+
    |       Variable Name      | Operation| DSP| FF| LUT| Bitwidth P0| Bitwidth P1|
    +--------------------------+----------+----+---+----+------------+------------+
    |tmp_i_nbreadreq_fu_70_p6  |       and|   0|  0|   2|           1|           0|
    |ap_block_state1           |        or|   0|  0|   2|           1|           1|
    +--------------------------+----------+----+---+----+------------+------------+
    |Total                     |          |   0|  0|   4|           2|           1|
    +--------------------------+----------+----+---+----+------------+------------+

    * Multiplexer: 
    +-----------------------+----+-----------+-----+-----------+
    |          Name         | LUT| Input Size| Bits| Total Bits|
    +-----------------------+----+-----------+-----+-----------+
    |ap_done                |   9|          2|    1|          2|
    |ap_return_0            |   9|          2|    6|         12|
    |ap_return_1            |   9|          2|    6|         12|
    |ap_return_2            |   9|          2|    6|         12|
    |ap_return_3            |   9|          2|    6|         12|
    |in_stream_TDATA_blk_n  |   9|          2|    1|          2|
    |meta_stream_blk_n      |   9|          2|    1|          2|
    +-----------------------+----+-----------+-----+-----------+
    |Total                  |  63|         14|   27|         54|
    +-----------------------+----+-----------+-----+-----------+

    * Register: 
    +------------------+---+----+-----+-----------+
    |       Name       | FF| LUT| Bits| Const Bits|
    +------------------+---+----+-----+-----------+
    |ap_CS_fsm         |  1|   0|    1|          0|
    |ap_done_reg       |  1|   0|    1|          0|
    |ap_return_0_preg  |  6|   0|    8|          2|
    |ap_return_1_preg  |  6|   0|    8|          2|
    |ap_return_2_preg  |  6|   0|    8|          2|
    |ap_return_3_preg  |  6|   0|    8|          2|
    +------------------+---+----+-----+-----------+
    |Total             | 26|   0|   34|          8|
    +------------------+---+----+-----+-----------+



================================================================
== Interface
================================================================
* Summary: 
+----------------------------+-----+-----+------------+--------------------+--------------+
|          RTL Ports         | Dir | Bits|  Protocol  |    Source Object   |    C Type    |
+----------------------------+-----+-----+------------+--------------------+--------------+
|ap_clk                      |   in|    1|  ap_ctrl_hs|          read_input|  return value|
|ap_rst                      |   in|    1|  ap_ctrl_hs|          read_input|  return value|
|ap_start                    |   in|    1|  ap_ctrl_hs|          read_input|  return value|
|ap_done                     |  out|    1|  ap_ctrl_hs|          read_input|  return value|
|ap_continue                 |   in|    1|  ap_ctrl_hs|          read_input|  return value|
|ap_idle                     |  out|    1|  ap_ctrl_hs|          read_input|  return value|
|ap_ready                    |  out|    1|  ap_ctrl_hs|          read_input|  return value|
|ap_return_0                 |  out|    8|  ap_ctrl_hs|          read_input|  return value|
|ap_return_1                 |  out|    8|  ap_ctrl_hs|          read_input|  return value|
|ap_return_2                 |  out|    8|  ap_ctrl_hs|          read_input|  return value|
|ap_return_3                 |  out|    8|  ap_ctrl_hs|          read_input|  return value|
|in_stream_TDATA             |   in|   32|        axis|  in_stream_V_data_V|       pointer|
|in_stream_TVALID            |   in|    1|        axis|  in_stream_V_last_V|       pointer|
|in_stream_TREADY            |  out|    1|        axis|  in_stream_V_last_V|       pointer|
|in_stream_TLAST             |   in|    1|        axis|  in_stream_V_last_V|       pointer|
|in_stream_TKEEP             |   in|    4|        axis|  in_stream_V_keep_V|       pointer|
|in_stream_TSTRB             |   in|    4|        axis|  in_stream_V_strb_V|       pointer|
|meta_stream_din             |  out|   32|     ap_fifo|         meta_stream|       pointer|
|meta_stream_full_n          |   in|    1|     ap_fifo|         meta_stream|       pointer|
|meta_stream_write           |  out|    1|     ap_fifo|         meta_stream|       pointer|
|meta_stream_num_data_valid  |   in|    7|     ap_fifo|         meta_stream|       pointer|
|meta_stream_fifo_cap        |   in|    7|     ap_fifo|         meta_stream|       pointer|
+----------------------------+-----+-----+------------+--------------------+--------------+

