

================================================================
== Vitis HLS Report for 'write_output_Pipeline_Loop_Out'
================================================================
* Date:           Wed Feb 11 10:35:58 2026

* Version:        2025.2 (Build 6295257 on Nov 14 2025)
* Project:        OCDS_4K_Stream
* Solution:       hls (Vivado IP Flow Target)
* Product family: zynquplus
* Target device:  xczu9eg-ffvb1156-2-e


================================================================
== Performance Estimates
================================================================
+ Timing: 
    * Summary: 
    +--------+----------+----------+------------+
    |  Clock |  Target  | Estimated| Uncertainty|
    +--------+----------+----------+------------+
    |ap_clk  |  25.00 ns|  2.872 ns|     0.68 ns|
    +--------+----------+----------+------------+

+ Latency: 
    * Summary: 
    +---------+---------+----------+----------+-----+-----+-------------------+
    |  Latency (cycles) |  Latency (absolute) |  Interval |      Pipeline     |
    |   min   |   max   |    min   |    max   | min | max |        Type       |
    +---------+---------+----------+----------+-----+-----+-------------------+
    |       17|       17|  0.425 us|  0.425 us|    0|    0|  loop pipeline stp|
    +---------+---------+----------+----------+-----+-----+-------------------+

    + Detail: 
        * Instance: 
        N/A

        * Loop: 
        +------------+---------+---------+----------+-----------+-----------+------+----------+
        |            |  Latency (cycles) | Iteration|  Initiation Interval  | Trip |          |
        |  Loop Name |   min   |   max   |  Latency |  achieved |   target  | Count| Pipelined|
        +------------+---------+---------+----------+-----------+-----------+------+----------+
        |- Loop_Out  |       15|       15|         1|          1|          1|    16|       yes|
        +------------+---------+---------+----------+-----------+-----------+------+----------+



================================================================
== Utilization Estimates
================================================================
* Summary: 
+-----------------+---------+------+--------+--------+-----+
|       Name      | BRAM_18K|  DSP |   FF   |   LUT  | URAM|
+-----------------+---------+------+--------+--------+-----+
|DSP              |        -|     -|       -|       -|    -|
|Expression       |        -|     -|       0|      92|    -|
|FIFO             |        -|     -|       -|       -|    -|
|Instance         |        -|     -|       0|     260|    -|
|Memory           |        -|     -|       -|       -|    -|
|Multiplexer      |        -|     -|       0|      45|    -|
|Register         |        -|     -|      25|       -|    -|
+-----------------+---------+------+--------+--------+-----+
|Total            |        0|     0|      25|     397|    0|
+-----------------+---------+------+--------+--------+-----+
|Available        |     1824|  2520|  548160|  274080|    0|
+-----------------+---------+------+--------+--------+-----+
|Utilization (%)  |        0|     0|      ~0|      ~0|    0|
+-----------------+---------+------+--------+--------+-----+

+ Detail: 
    * Instance: 
    +-----------------------------+-----------------------+---------+----+---+----+-----+
    |           Instance          |         Module        | BRAM_18K| DSP| FF| LUT| URAM|
    +-----------------------------+-----------------------+---------+----+---+----+-----+
    |sparsemux_33_6_15_1_1_U2310  |sparsemux_33_6_15_1_1  |        0|   0|  0|  65|    0|
    |sparsemux_33_6_15_1_1_U2311  |sparsemux_33_6_15_1_1  |        0|   0|  0|  65|    0|
    |sparsemux_33_6_15_1_1_U2312  |sparsemux_33_6_15_1_1  |        0|   0|  0|  65|    0|
    |sparsemux_33_6_15_1_1_U2313  |sparsemux_33_6_15_1_1  |        0|   0|  0|  65|    0|
    +-----------------------------+-----------------------+---------+----+---+----+-----+
    |Total                        |                       |        0|   0|  0| 260|    0|
    +-----------------------------+-----------------------+---------+----+---+----+-----+

    * DSP: 
    N/A

    * Memory: 
    N/A

    * FIFO: 
    N/A

    * Expression: 
    +-----------------------+----------+----+---+----+------------+------------+
    |     Variable Name     | Operation| DSP| FF| LUT| Bitwidth P0| Bitwidth P1|
    +-----------------------+----------+----+---+----+------------+------------+
    |add_ln196_1_fu_927_p2  |         +|   0|  0|  23|          16|          16|
    |add_ln196_2_fu_933_p2  |         +|   0|  0|  16|          16|          16|
    |add_ln196_fu_921_p2    |         +|   0|  0|  23|          16|          16|
    |j_3_fu_946_p2          |         +|   0|  0|  14|           7|           3|
    |out_sum_1_out          |         +|   0|  0|  16|          16|          16|
    +-----------------------+----------+----+---+----+------------+------------+
    |Total                  |          |   0|  0|  92|          71|          67|
    +-----------------------+----------+----+---+----+------------+------------+

    * Multiplexer: 
    +----------------------------+----+-----------+-----+-----------+
    |            Name            | LUT| Input Size| Bits| Total Bits|
    +----------------------------+----+-----------+-----+-----------+
    |ap_done_int                 |   9|          2|    1|          2|
    |ap_sig_allocacmp_j_1        |   9|          2|    7|         14|
    |ap_sig_allocacmp_out_sum_2  |   9|          2|   16|         32|
    |j_fu_198                    |   9|          2|    7|         14|
    |out_sum_fu_202              |   9|          2|   16|         32|
    +----------------------------+----+-----------+-----+-----------+
    |Total                       |  45|         10|   47|         94|
    +----------------------------+----+-----------+-----+-----------+

    * Register: 
    +----------------+----+----+-----+-----------+
    |      Name      | FF | LUT| Bits| Const Bits|
    +----------------+----+----+-----+-----------+
    |ap_CS_fsm       |   1|   0|    1|          0|
    |ap_done_reg     |   1|   0|    1|          0|
    |j_fu_198        |   7|   0|    7|          0|
    |out_sum_fu_202  |  16|   0|   16|          0|
    +----------------+----+----+-----+-----------+
    |Total           |  25|   0|   25|          0|
    +----------------+----+----+-----+-----------+



================================================================
== Interface
================================================================
* Summary: 
+----------------------+-----+-----+------------+--------------------------------+--------------+
|       RTL Ports      | Dir | Bits|  Protocol  |          Source Object         |    C Type    |
+----------------------+-----+-----+------------+--------------------------------+--------------+
|ap_clk                |   in|    1|  ap_ctrl_hs|  write_output_Pipeline_Loop_Out|  return value|
|ap_rst                |   in|    1|  ap_ctrl_hs|  write_output_Pipeline_Loop_Out|  return value|
|ap_start              |   in|    1|  ap_ctrl_hs|  write_output_Pipeline_Loop_Out|  return value|
|ap_done               |  out|    1|  ap_ctrl_hs|  write_output_Pipeline_Loop_Out|  return value|
|ap_idle               |  out|    1|  ap_ctrl_hs|  write_output_Pipeline_Loop_Out|  return value|
|ap_ready              |  out|    1|  ap_ctrl_hs|  write_output_Pipeline_Loop_Out|  return value|
|p_read                |   in|   15|     ap_none|                          p_read|        scalar|
|p_read4               |   in|   15|     ap_none|                         p_read4|        scalar|
|p_read8               |   in|   15|     ap_none|                         p_read8|        scalar|
|p_read12              |   in|   15|     ap_none|                        p_read12|        scalar|
|p_read16              |   in|   15|     ap_none|                        p_read16|        scalar|
|p_read20              |   in|   15|     ap_none|                        p_read20|        scalar|
|p_read24              |   in|   15|     ap_none|                        p_read24|        scalar|
|p_read28              |   in|   15|     ap_none|                        p_read28|        scalar|
|p_read32              |   in|   15|     ap_none|                        p_read32|        scalar|
|p_read36              |   in|   15|     ap_none|                        p_read36|        scalar|
|p_read40              |   in|   15|     ap_none|                        p_read40|        scalar|
|p_read44              |   in|   15|     ap_none|                        p_read44|        scalar|
|p_read48              |   in|   15|     ap_none|                        p_read48|        scalar|
|p_read52              |   in|   15|     ap_none|                        p_read52|        scalar|
|p_read56              |   in|   15|     ap_none|                        p_read56|        scalar|
|p_read60              |   in|   15|     ap_none|                        p_read60|        scalar|
|p_read1               |   in|   15|     ap_none|                         p_read1|        scalar|
|p_read5               |   in|   15|     ap_none|                         p_read5|        scalar|
|p_read9               |   in|   15|     ap_none|                         p_read9|        scalar|
|p_read13              |   in|   15|     ap_none|                        p_read13|        scalar|
|p_read17              |   in|   15|     ap_none|                        p_read17|        scalar|
|p_read21              |   in|   15|     ap_none|                        p_read21|        scalar|
|p_read25              |   in|   15|     ap_none|                        p_read25|        scalar|
|p_read29              |   in|   15|     ap_none|                        p_read29|        scalar|
|p_read33              |   in|   15|     ap_none|                        p_read33|        scalar|
|p_read37              |   in|   15|     ap_none|                        p_read37|        scalar|
|p_read41              |   in|   15|     ap_none|                        p_read41|        scalar|
|p_read45              |   in|   15|     ap_none|                        p_read45|        scalar|
|p_read49              |   in|   15|     ap_none|                        p_read49|        scalar|
|p_read53              |   in|   15|     ap_none|                        p_read53|        scalar|
|p_read57              |   in|   15|     ap_none|                        p_read57|        scalar|
|p_read61              |   in|   15|     ap_none|                        p_read61|        scalar|
|p_read2               |   in|   15|     ap_none|                         p_read2|        scalar|
|p_read6               |   in|   15|     ap_none|                         p_read6|        scalar|
|p_read10              |   in|   15|     ap_none|                        p_read10|        scalar|
|p_read14              |   in|   15|     ap_none|                        p_read14|        scalar|
|p_read18              |   in|   15|     ap_none|                        p_read18|        scalar|
|p_read22              |   in|   15|     ap_none|                        p_read22|        scalar|
|p_read26              |   in|   15|     ap_none|                        p_read26|        scalar|
|p_read30              |   in|   15|     ap_none|                        p_read30|        scalar|
|p_read34              |   in|   15|     ap_none|                        p_read34|        scalar|
|p_read38              |   in|   15|     ap_none|                        p_read38|        scalar|
|p_read42              |   in|   15|     ap_none|                        p_read42|        scalar|
|p_read46              |   in|   15|     ap_none|                        p_read46|        scalar|
|p_read50              |   in|   15|     ap_none|                        p_read50|        scalar|
|p_read54              |   in|   15|     ap_none|                        p_read54|        scalar|
|p_read58              |   in|   15|     ap_none|                        p_read58|        scalar|
|p_read62              |   in|   15|     ap_none|                        p_read62|        scalar|
|p_read3               |   in|   15|     ap_none|                         p_read3|        scalar|
|p_read7               |   in|   15|     ap_none|                         p_read7|        scalar|
|p_read11              |   in|   15|     ap_none|                        p_read11|        scalar|
|p_read15              |   in|   15|     ap_none|                        p_read15|        scalar|
|p_read19              |   in|   15|     ap_none|                        p_read19|        scalar|
|p_read23              |   in|   15|     ap_none|                        p_read23|        scalar|
|p_read27              |   in|   15|     ap_none|                        p_read27|        scalar|
|p_read31              |   in|   15|     ap_none|                        p_read31|        scalar|
|p_read35              |   in|   15|     ap_none|                        p_read35|        scalar|
|p_read39              |   in|   15|     ap_none|                        p_read39|        scalar|
|p_read43              |   in|   15|     ap_none|                        p_read43|        scalar|
|p_read47              |   in|   15|     ap_none|                        p_read47|        scalar|
|p_read51              |   in|   15|     ap_none|                        p_read51|        scalar|
|p_read55              |   in|   15|     ap_none|                        p_read55|        scalar|
|p_read59              |   in|   15|     ap_none|                        p_read59|        scalar|
|p_read63              |   in|   15|     ap_none|                        p_read63|        scalar|
|out_sum_1_out         |  out|   16|      ap_vld|                   out_sum_1_out|       pointer|
|out_sum_1_out_ap_vld  |  out|    1|      ap_vld|                   out_sum_1_out|       pointer|
+----------------------+-----+-----+------------+--------------------------------+--------------+

