Copyright 1986-2022 Xilinx, Inc. All Rights Reserved. Copyright 2022-2025 Advanced Micro Devices, Inc. All Rights Reserved.
---------------------------------------------------------------------------------------------------------------------------------------------------
| Tool Version : Vivado v.2025.2 (win64) Build 6299465 Fri Nov 14 19:35:11 GMT 2025
| Date         : Wed Feb 11 15:52:22 2026
| Host         : Legion running 64-bit major release  (build 9200)
| Command      : report_utilization -file mlp_cloud_detection_wrapper_utilization_placed.rpt -pb mlp_cloud_detection_wrapper_utilization_placed.pb
| Design       : mlp_cloud_detection_wrapper
| Device       : xczu9eg-ffvb1156-2-e
| Speed File   : -2
| Design State : Fully Placed
---------------------------------------------------------------------------------------------------------------------------------------------------

Utilization Design Information

Table of Contents
-----------------
1. CLB Logic
1.1 Summary of Registers by Type
2. CLB Logic Distribution
3. BLOCKRAM
4. ARITHMETIC
5. I/O
6. CLOCK
7. ADVANCED
8. CONFIGURATION
9. Primitives
10. Black Boxes
11. Instantiated Netlists

1. CLB Logic
------------

+----------------------------+--------+-------+------------+-----------+-------+
|          Site Type         |  Used  | Fixed | Prohibited | Available | Util% |
+----------------------------+--------+-------+------------+-----------+-------+
| CLB LUTs                   | 112842 |     0 |          0 |    274080 | 41.17 |
|   LUT as Logic             | 111190 |     0 |          0 |    274080 | 40.57 |
|   LUT as Memory            |   1652 |     0 |          0 |    144000 |  1.15 |
|     LUT as Distributed RAM |   1194 |     0 |            |           |       |
|     LUT as Shift Register  |    458 |     0 |            |           |       |
| CLB Registers              |  38860 |     0 |          0 |    548160 |  7.09 |
|   Register as Flip Flop    |  38859 |     0 |          0 |    548160 |  7.09 |
|   Register as Latch        |      0 |     0 |          0 |    548160 |  0.00 |
|   Register as AND/OR       |      1 |     0 |          0 |    548160 | <0.01 |
| CARRY8                     |   3793 |     0 |          0 |     34260 | 11.07 |
| F7 Muxes                   |    746 |     0 |          0 |    137040 |  0.54 |
| F8 Muxes                   |     60 |     0 |          0 |     68520 |  0.09 |
| F9 Muxes                   |      0 |     0 |          0 |     34260 |  0.00 |
| Unique Control Sets        |   1616 |       |          0 |     68520 |  2.36 |
+----------------------------+--------+-------+------------+-----------+-------+
* Warning! LUT value is adjusted to account for LUT combining.
** Note: Available Control Sets calculated as Slices * 2, Review the Control Sets Report for more information regarding control sets.


1.1 Summary of Registers by Type
--------------------------------

+-------+--------------+-------------+--------------+
| Total | Clock Enable | Synchronous | Asynchronous |
+-------+--------------+-------------+--------------+
| 1     |            _ |           - |            - |
| 0     |            _ |           - |          Set |
| 0     |            _ |           - |        Reset |
| 0     |            _ |         Set |            - |
| 0     |            _ |       Reset |            - |
| 0     |          Yes |           - |            - |
| 43    |          Yes |           - |          Set |
| 283   |          Yes |           - |        Reset |
| 979   |          Yes |         Set |            - |
| 37554 |          Yes |       Reset |            - |
+-------+--------------+-------------+--------------+


2. CLB Logic Distribution
-------------------------

+--------------------------------------------+--------+-------+------------+-----------+-------+
|                  Site Type                 |  Used  | Fixed | Prohibited | Available | Util% |
+--------------------------------------------+--------+-------+------------+-----------+-------+
| CLB                                        |  19716 |     0 |          0 |     34260 | 57.55 |
|   CLBL                                     |   9450 |     0 |            |           |       |
|   CLBM                                     |  10266 |     0 |            |           |       |
| LUT as Logic                               | 111190 |     0 |          0 |    274080 | 40.57 |
|   using O5 output only                     |    610 |       |            |           |       |
|   using O6 output only                     |  70151 |       |            |           |       |
|   using O5 and O6                          |  40429 |       |            |           |       |
| LUT as Memory                              |   1652 |     0 |          0 |    144000 |  1.15 |
|   LUT as Distributed RAM                   |   1194 |     0 |            |           |       |
|     using O5 output only                   |      0 |       |            |           |       |
|     using O6 output only                   |     24 |       |            |           |       |
|     using O5 and O6                        |   1170 |       |            |           |       |
|   LUT as Shift Register                    |    458 |     0 |            |           |       |
|     using O5 output only                   |      0 |       |            |           |       |
|     using O6 output only                   |    339 |       |            |           |       |
|     using O5 and O6                        |    119 |       |            |           |       |
| CLB Registers                              |  38860 |     0 |          0 |    548160 |  7.09 |
|   Register driven from within the CLB      |  18008 |       |            |           |       |
|   Register driven from outside the CLB     |  20852 |       |            |           |       |
|     LUT in front of the register is unused |  15150 |       |            |           |       |
|     LUT in front of the register is used   |   5702 |       |            |           |       |
+--------------------------------------------+--------+-------+------------+-----------+-------+


3. BLOCKRAM
-----------

+-------------------+-------+-------+------------+-----------+-------+
|     Site Type     |  Used | Fixed | Prohibited | Available | Util% |
+-------------------+-------+-------+------------+-----------+-------+
| Block RAM Tile    | 287.5 |     0 |          0 |       912 | 31.52 |
|   RAMB36/FIFO*    |    27 |     0 |          0 |       912 |  2.96 |
|     RAMB36E2 only |    27 |       |            |           |       |
|   RAMB18          |   521 |     0 |          0 |      1824 | 28.56 |
|     RAMB18E2 only |   521 |       |            |           |       |
+-------------------+-------+-------+------------+-----------+-------+
* Note: Each Block RAM Tile only has one FIFO logic available and therefore can accommodate only one FIFO36E2 or one FIFO18E2. However, if a FIFO18E2 occupies a Block RAM Tile, that tile can still accommodate a RAMB18E2


4. ARITHMETIC
-------------

+----------------+------+-------+------------+-----------+-------+
|    Site Type   | Used | Fixed | Prohibited | Available | Util% |
+----------------+------+-------+------------+-----------+-------+
| DSPs           |  524 |     0 |          0 |      2520 | 20.79 |
|   DSP48E2 only |  524 |       |            |           |       |
+----------------+------+-------+------------+-----------+-------+


5. I/O
------

+------------------+------+-------+------------+-----------+-------+
|     Site Type    | Used | Fixed | Prohibited | Available | Util% |
+------------------+------+-------+------------+-----------+-------+
| Bonded IOB       |   52 |    52 |          0 |       328 | 15.85 |
|   HPIOB_M        |   24 |    24 |          0 |        96 | 25.00 |
|     INPUT        |    1 |       |            |           |       |
|     OUTPUT       |   11 |       |            |           |       |
|     BIDIR        |   12 |       |            |           |       |
|   HPIOB_S        |   24 |    24 |          0 |        96 | 25.00 |
|     INPUT        |    1 |       |            |           |       |
|     OUTPUT       |   13 |       |            |           |       |
|     BIDIR        |   10 |       |            |           |       |
|   HDIOB_M        |    0 |     0 |          0 |        60 |  0.00 |
|   HDIOB_S        |    1 |     1 |          0 |        60 |  1.67 |
|     INPUT        |    1 |       |            |           |       |
|     OUTPUT       |    0 |       |            |           |       |
|     BIDIR        |    0 |       |            |           |       |
|   HPIOB_SNGL     |    3 |     3 |          0 |        16 | 18.75 |
|     INPUT        |    0 |       |            |           |       |
|     OUTPUT       |    3 |       |            |           |       |
|     BIDIR        |    0 |       |            |           |       |
| HPIOBDIFFINBUF   |    3 |     3 |          0 |        96 |  3.13 |
|   DIFFINBUF      |    3 |     3 |            |           |       |
| HPIOBDIFFOUTBUF  |    0 |     0 |          0 |        96 |  0.00 |
| HDIOBDIFFINBUF   |    0 |     0 |          0 |        60 |  0.00 |
| BITSLICE_CONTROL |    8 |     0 |          0 |        32 | 25.00 |
| BITSLICE_RX_TX   |   45 |    45 |          0 |      1248 |  3.61 |
|   RXTX_BITSLICE  |   45 |    45 |            |           |       |
| BITSLICE_TX      |    8 |     0 |          0 |        32 | 25.00 |
| RIU_OR           |    4 |     0 |          0 |        16 | 25.00 |
+------------------+------+-------+------------+-----------+-------+


6. CLOCK
--------

+------------+------+-------+------------+-----------+-------+
|  Site Type | Used | Fixed | Prohibited | Available | Util% |
+------------+------+-------+------------+-----------+-------+
| BUFGCE     |    7 |     0 |          0 |       116 |  6.03 |
| BUFGCE_DIV |    0 |     0 |          0 |        16 |  0.00 |
| BUFG_GT    |    0 |     0 |          0 |       168 |  0.00 |
| BUFG_PS    |    1 |     0 |          0 |        72 |  1.39 |
| BUFGCTRL*  |    0 |     0 |          0 |        32 |  0.00 |
| PLL        |    1 |     0 |          0 |         8 | 12.50 |
| MMCM       |    1 |     1 |          0 |         4 | 25.00 |
+------------+------+-------+------------+-----------+-------+
* Note: Each used BUFGCTRL counts as two GLOBAL CLOCK BUFFERs. This table does not include global clocking resources, only buffer cell usage. See the Clock Utilization Report (report_clock_utilization) for detailed accounting of global clocking resource availability.


7. ADVANCED
-----------

+-----------------+------+-------+------------+-----------+--------+
|    Site Type    | Used | Fixed | Prohibited | Available |  Util% |
+-----------------+------+-------+------------+-----------+--------+
| GTHE4_CHANNEL   |    0 |     0 |          0 |        24 |   0.00 |
| GTHE4_COMMON    |    0 |     0 |          0 |         6 |   0.00 |
| OBUFDS_GTE4     |    0 |     0 |          0 |        12 |   0.00 |
| OBUFDS_GTE4_ADV |    0 |     0 |          0 |        12 |   0.00 |
| PS8             |    1 |     0 |          0 |         1 | 100.00 |
| SYSMONE4        |    0 |     0 |          0 |         1 |   0.00 |
+-----------------+------+-------+------------+-----------+--------+


8. CONFIGURATION
----------------

+-------------+------+-------+------------+-----------+-------+
|  Site Type  | Used | Fixed | Prohibited | Available | Util% |
+-------------+------+-------+------------+-----------+-------+
| BSCANE2     |    1 |     0 |          0 |         4 | 25.00 |
| DNA_PORTE2  |    0 |     0 |          0 |         1 |  0.00 |
| EFUSE_USR   |    0 |     0 |          0 |         1 |  0.00 |
| FRAME_ECCE4 |    0 |     0 |          0 |         1 |  0.00 |
| ICAPE3      |    0 |     0 |          0 |         2 |  0.00 |
| MASTER_JTAG |    0 |     0 |          0 |         1 |  0.00 |
| STARTUPE3   |    0 |     0 |          0 |         1 |  0.00 |
+-------------+------+-------+------------+-----------+-------+


9. Primitives
-------------

+------------------+-------+---------------------+
|     Ref Name     |  Used | Functional Category |
+------------------+-------+---------------------+
| LUT3             | 47303 |                 CLB |
| FDRE             | 37554 |            Register |
| LUT4             | 31151 |                 CLB |
| LUT6             | 27039 |                 CLB |
| LUT5             | 24467 |                 CLB |
| LUT2             | 20822 |                 CLB |
| CARRY8           |  3793 |                 CLB |
| RAMD32           |  1988 |                 CLB |
| FDSE             |   979 |            Register |
| LUT1             |   837 |                 CLB |
| MUXF7            |   746 |                 CLB |
| DSP48E2          |   524 |          Arithmetic |
| RAMB18E2         |   521 |            BLOCKRAM |
| SRL16E           |   386 |                 CLB |
| RAMS32           |   360 |                 CLB |
| FDCE             |   283 |            Register |
| SRLC32E          |   191 |                 CLB |
| MUXF8            |    60 |                 CLB |
| RXTX_BITSLICE    |    45 |                 I/O |
| FDPE             |    43 |            Register |
| RAMB36E2         |    27 |            BLOCKRAM |
| OBUF             |    27 |                 I/O |
| IBUFCTRL         |    22 |              Others |
| INBUF            |    19 |                 I/O |
| OBUFT_DCIEN      |    18 |                 I/O |
| RAMD64E          |    16 |                 CLB |
| TX_BITSLICE_TRI  |     8 |                 I/O |
| BITSLICE_CONTROL |     8 |                 I/O |
| BUFGCE           |     7 |               Clock |
| RIU_OR           |     4 |                 I/O |
| OBUFT            |     4 |                 I/O |
| INV              |     3 |                 CLB |
| DIFFINBUF        |     3 |                 I/O |
| HPIO_VREF        |     2 |                 I/O |
| PS8              |     1 |            Advanced |
| PLLE4_ADV        |     1 |               Clock |
| MMCME4_ADV       |     1 |               Clock |
| BUFG_PS          |     1 |               Clock |
| BSCANE2          |     1 |       Configuration |
| AND2B1L          |     1 |              Others |
+------------------+-------+---------------------+


10. Black Boxes
---------------

+----------+------+
| Ref Name | Used |
+----------+------+


11. Instantiated Netlists
-------------------------

+------------------------------------------------------+------+
|                       Ref Name                       | Used |
+------------------------------------------------------+------+
| mlp_cloud_detection_zynq_ultra_ps_e_0_0              |    1 |
| mlp_cloud_detection_rst_ps8_0_99M_0                  |    1 |
| mlp_cloud_detection_rst_ddr4_0_300M_0                |    1 |
| mlp_cloud_detection_ddr4_0_0_phy                     |    1 |
| mlp_cloud_detection_ddr4_0_0                         |    1 |
| mlp_cloud_detection_cloud_mlp_top_0_0                |    1 |
| mlp_cloud_detection_axi_smc_0                        |    1 |
| mlp_cloud_detection_axi_interconnect_0_imp_xbar_1    |    1 |
| mlp_cloud_detection_axi_interconnect_0_imp_auto_pc_0 |    1 |
| mlp_cloud_detection_axi_dma_0_0                      |    1 |
| dbg_hub                                              |    1 |
+------------------------------------------------------+------+


