
*** Running vivado
    with args -log mlp_cloud_detection_axi_interconnect_0_imp_xbar_1.vds -m64 -product Vivado -mode batch -messageDb vivado.pb -notrace -source mlp_cloud_detection_axi_interconnect_0_imp_xbar_1.tcl



****** Vivado v2025.2 (64-bit)
  **** SW Build 6299465 on Fri Nov 14 19:35:11 GMT 2025
  **** IP Build 6300035 on Fri Nov 14 10:48:45 MST 2025
  **** SharedData Build 6298862 on Thu Nov 13 04:50:51 MST 2025
  **** Start of session at: Wed Feb 11 14:21:47 2026
    ** Copyright 1986-2022 Xilinx, Inc. All Rights Reserved.
    ** Copyright 2022-2025 Advanced Micro Devices, Inc. All Rights Reserved.

source mlp_cloud_detection_axi_interconnect_0_imp_xbar_1.tcl -notrace
create_project: Time (s): cpu = 00:00:16 ; elapsed = 00:00:12 . Memory (MB): peak = 541.324 ; gain = 221.992
INFO: [IP_Flow 19-234] Refreshing IP repositories
INFO: [IP_Flow 19-1700] Loaded user IP repository 'c:/OCDS/cloude-detection-accelerator/OCDS_HLS_ip/OCDS_4K_Streams/OCDS_4K_Stream/OCDS_4K_Stream/hls/impl/ip'.
INFO: [IP_Flow 19-2313] Loaded Vivado IP repository 'C:/AMDDesignTools/2025.2/Vivado/data/ip'.
Command: synth_design -top mlp_cloud_detection_axi_interconnect_0_imp_xbar_1 -part xczu9eg-ffvb1156-2-e -incremental_mode off -mode out_of_context
Starting synth_design
Attempting to get a license for feature 'Synthesis' and/or device 'xczu9eg'
INFO: [Common 17-349] Got license for feature 'Synthesis' and/or device 'xczu9eg'
INFO: [Device 21-403] Loading part xczu9eg-ffvb1156-2-e
INFO: [Synth 8-7079] Multithreading enabled for synth_design using a maximum of 2 processes.
INFO: [Synth 8-7078] Launching helper process for spawning children vivado processes
INFO: [Synth 8-7075] Helper process launched with PID 5272
---------------------------------------------------------------------------------
Starting RTL Elaboration : Time (s): cpu = 00:00:09 ; elapsed = 00:00:10 . Memory (MB): peak = 1852.426 ; gain = 216.930
---------------------------------------------------------------------------------
INFO: [Synth 8-6157] synthesizing module 'mlp_cloud_detection_axi_interconnect_0_imp_xbar_1' [c:/OCDS/cloude-detection-accelerator/mlp_ip_generater/mlp_ip_generater.gen/sources_1/bd/mlp_cloud_detection/ip/mlp_cloud_detection_axi_interconnect_0_imp_xbar_1/synth/mlp_cloud_detection_axi_interconnect_0_imp_xbar_1.v:53]
INFO: [Synth 8-6157] synthesizing module 'axi_crossbar_v2_1_38_axi_crossbar' [c:/OCDS/cloude-detection-accelerator/mlp_ip_generater/mlp_ip_generater.gen/sources_1/bd/mlp_cloud_detection/ipshared/f084/hdl/axi_crossbar_v2_1_vl_rfs.v:4871]
INFO: [Synth 8-6157] synthesizing module 'axi_crossbar_v2_1_38_crossbar_sasd' [c:/OCDS/cloude-detection-accelerator/mlp_ip_generater/mlp_ip_generater.gen/sources_1/bd/mlp_cloud_detection/ipshared/f084/hdl/axi_crossbar_v2_1_vl_rfs.v:1234]
INFO: [Synth 8-6157] synthesizing module 'axi_crossbar_v2_1_38_addr_decoder' [c:/OCDS/cloude-detection-accelerator/mlp_ip_generater/mlp_ip_generater.gen/sources_1/bd/mlp_cloud_detection/ipshared/f084/hdl/axi_crossbar_v2_1_vl_rfs.v:790]
INFO: [Synth 8-6157] synthesizing module 'generic_baseblocks_v2_1_2_comparator_static' [c:/OCDS/cloude-detection-accelerator/mlp_ip_generater/mlp_ip_generater.gen/sources_1/bd/mlp_cloud_detection/ipshared/0c28/hdl/generic_baseblocks_v2_1_vl_rfs.v:2119]
INFO: [Synth 8-6157] synthesizing module 'generic_baseblocks_v2_1_2_carry_and' [c:/OCDS/cloude-detection-accelerator/mlp_ip_generater/mlp_ip_generater.gen/sources_1/bd/mlp_cloud_detection/ipshared/0c28/hdl/generic_baseblocks_v2_1_vl_rfs.v:60]
INFO: [Synth 8-6155] done synthesizing module 'generic_baseblocks_v2_1_2_carry_and' (0#1) [c:/OCDS/cloude-detection-accelerator/mlp_ip_generater/mlp_ip_generater.gen/sources_1/bd/mlp_cloud_detection/ipshared/0c28/hdl/generic_baseblocks_v2_1_vl_rfs.v:60]
INFO: [Synth 8-6155] done synthesizing module 'generic_baseblocks_v2_1_2_comparator_static' (0#1) [c:/OCDS/cloude-detection-accelerator/mlp_ip_generater/mlp_ip_generater.gen/sources_1/bd/mlp_cloud_detection/ipshared/0c28/hdl/generic_baseblocks_v2_1_vl_rfs.v:2119]
INFO: [Synth 8-6157] synthesizing module 'generic_baseblocks_v2_1_2_comparator_static__parameterized0' [c:/OCDS/cloude-detection-accelerator/mlp_ip_generater/mlp_ip_generater.gen/sources_1/bd/mlp_cloud_detection/ipshared/0c28/hdl/generic_baseblocks_v2_1_vl_rfs.v:2119]
INFO: [Synth 8-6155] done synthesizing module 'generic_baseblocks_v2_1_2_comparator_static__parameterized0' (0#1) [c:/OCDS/cloude-detection-accelerator/mlp_ip_generater/mlp_ip_generater.gen/sources_1/bd/mlp_cloud_detection/ipshared/0c28/hdl/generic_baseblocks_v2_1_vl_rfs.v:2119]
INFO: [Synth 8-6155] done synthesizing module 'axi_crossbar_v2_1_38_addr_decoder' (0#1) [c:/OCDS/cloude-detection-accelerator/mlp_ip_generater/mlp_ip_generater.gen/sources_1/bd/mlp_cloud_detection/ipshared/f084/hdl/axi_crossbar_v2_1_vl_rfs.v:790]
INFO: [Synth 8-6157] synthesizing module 'axi_crossbar_v2_1_38_decerr_slave' [c:/OCDS/cloude-detection-accelerator/mlp_ip_generater/mlp_ip_generater.gen/sources_1/bd/mlp_cloud_detection/ipshared/f084/hdl/axi_crossbar_v2_1_vl_rfs.v:3493]
INFO: [Synth 8-6155] done synthesizing module 'axi_crossbar_v2_1_38_decerr_slave' (0#1) [c:/OCDS/cloude-detection-accelerator/mlp_ip_generater/mlp_ip_generater.gen/sources_1/bd/mlp_cloud_detection/ipshared/f084/hdl/axi_crossbar_v2_1_vl_rfs.v:3493]
INFO: [Synth 8-6157] synthesizing module 'axi_crossbar_v2_1_38_addr_arbiter_sasd' [c:/OCDS/cloude-detection-accelerator/mlp_ip_generater/mlp_ip_generater.gen/sources_1/bd/mlp_cloud_detection/ipshared/f084/hdl/axi_crossbar_v2_1_vl_rfs.v:63]
INFO: [Synth 8-6155] done synthesizing module 'axi_crossbar_v2_1_38_addr_arbiter_sasd' (0#1) [c:/OCDS/cloude-detection-accelerator/mlp_ip_generater/mlp_ip_generater.gen/sources_1/bd/mlp_cloud_detection/ipshared/f084/hdl/axi_crossbar_v2_1_vl_rfs.v:63]
INFO: [Synth 8-6157] synthesizing module 'axi_crossbar_v2_1_38_splitter' [c:/OCDS/cloude-detection-accelerator/mlp_ip_generater/mlp_ip_generater.gen/sources_1/bd/mlp_cloud_detection/ipshared/f084/hdl/axi_crossbar_v2_1_vl_rfs.v:4451]
INFO: [Synth 8-6155] done synthesizing module 'axi_crossbar_v2_1_38_splitter' (0#1) [c:/OCDS/cloude-detection-accelerator/mlp_ip_generater/mlp_ip_generater.gen/sources_1/bd/mlp_cloud_detection/ipshared/f084/hdl/axi_crossbar_v2_1_vl_rfs.v:4451]
INFO: [Synth 8-6157] synthesizing module 'axi_crossbar_v2_1_38_splitter__parameterized0' [c:/OCDS/cloude-detection-accelerator/mlp_ip_generater/mlp_ip_generater.gen/sources_1/bd/mlp_cloud_detection/ipshared/f084/hdl/axi_crossbar_v2_1_vl_rfs.v:4451]
INFO: [Synth 8-6155] done synthesizing module 'axi_crossbar_v2_1_38_splitter__parameterized0' (0#1) [c:/OCDS/cloude-detection-accelerator/mlp_ip_generater/mlp_ip_generater.gen/sources_1/bd/mlp_cloud_detection/ipshared/f084/hdl/axi_crossbar_v2_1_vl_rfs.v:4451]
INFO: [Synth 8-6157] synthesizing module 'generic_baseblocks_v2_1_2_mux_enc' [c:/OCDS/cloude-detection-accelerator/mlp_ip_generater/mlp_ip_generater.gen/sources_1/bd/mlp_cloud_detection/ipshared/0c28/hdl/generic_baseblocks_v2_1_vl_rfs.v:2436]
INFO: [Synth 8-6155] done synthesizing module 'generic_baseblocks_v2_1_2_mux_enc' (0#1) [c:/OCDS/cloude-detection-accelerator/mlp_ip_generater/mlp_ip_generater.gen/sources_1/bd/mlp_cloud_detection/ipshared/0c28/hdl/generic_baseblocks_v2_1_vl_rfs.v:2436]
INFO: [Synth 8-6157] synthesizing module 'generic_baseblocks_v2_1_2_mux_enc__parameterized0' [c:/OCDS/cloude-detection-accelerator/mlp_ip_generater/mlp_ip_generater.gen/sources_1/bd/mlp_cloud_detection/ipshared/0c28/hdl/generic_baseblocks_v2_1_vl_rfs.v:2436]
INFO: [Synth 8-6155] done synthesizing module 'generic_baseblocks_v2_1_2_mux_enc__parameterized0' (0#1) [c:/OCDS/cloude-detection-accelerator/mlp_ip_generater/mlp_ip_generater.gen/sources_1/bd/mlp_cloud_detection/ipshared/0c28/hdl/generic_baseblocks_v2_1_vl_rfs.v:2436]
INFO: [Synth 8-6157] synthesizing module 'generic_baseblocks_v2_1_2_mux_enc__parameterized1' [c:/OCDS/cloude-detection-accelerator/mlp_ip_generater/mlp_ip_generater.gen/sources_1/bd/mlp_cloud_detection/ipshared/0c28/hdl/generic_baseblocks_v2_1_vl_rfs.v:2436]
INFO: [Synth 8-6155] done synthesizing module 'generic_baseblocks_v2_1_2_mux_enc__parameterized1' (0#1) [c:/OCDS/cloude-detection-accelerator/mlp_ip_generater/mlp_ip_generater.gen/sources_1/bd/mlp_cloud_detection/ipshared/0c28/hdl/generic_baseblocks_v2_1_vl_rfs.v:2436]
INFO: [Synth 8-6157] synthesizing module 'axi_register_slice_v2_1_36_axic_register_slice' [c:/OCDS/cloude-detection-accelerator/mlp_ip_generater/mlp_ip_generater.gen/sources_1/bd/mlp_cloud_detection/ipshared/bc4b/hdl/axi_register_slice_v2_1_vl_rfs.v:1492]
INFO: [Synth 8-6155] done synthesizing module 'axi_register_slice_v2_1_36_axic_register_slice' (0#1) [c:/OCDS/cloude-detection-accelerator/mlp_ip_generater/mlp_ip_generater.gen/sources_1/bd/mlp_cloud_detection/ipshared/bc4b/hdl/axi_register_slice_v2_1_vl_rfs.v:1492]
INFO: [Synth 8-6157] synthesizing module 'generic_baseblocks_v2_1_2_mux_enc__parameterized2' [c:/OCDS/cloude-detection-accelerator/mlp_ip_generater/mlp_ip_generater.gen/sources_1/bd/mlp_cloud_detection/ipshared/0c28/hdl/generic_baseblocks_v2_1_vl_rfs.v:2436]
INFO: [Synth 8-6155] done synthesizing module 'generic_baseblocks_v2_1_2_mux_enc__parameterized2' (0#1) [c:/OCDS/cloude-detection-accelerator/mlp_ip_generater/mlp_ip_generater.gen/sources_1/bd/mlp_cloud_detection/ipshared/0c28/hdl/generic_baseblocks_v2_1_vl_rfs.v:2436]
INFO: [Synth 8-6155] done synthesizing module 'axi_crossbar_v2_1_38_crossbar_sasd' (0#1) [c:/OCDS/cloude-detection-accelerator/mlp_ip_generater/mlp_ip_generater.gen/sources_1/bd/mlp_cloud_detection/ipshared/f084/hdl/axi_crossbar_v2_1_vl_rfs.v:1234]
INFO: [Synth 8-6155] done synthesizing module 'axi_crossbar_v2_1_38_axi_crossbar' (0#1) [c:/OCDS/cloude-detection-accelerator/mlp_ip_generater/mlp_ip_generater.gen/sources_1/bd/mlp_cloud_detection/ipshared/f084/hdl/axi_crossbar_v2_1_vl_rfs.v:4871]
INFO: [Synth 8-6155] done synthesizing module 'mlp_cloud_detection_axi_interconnect_0_imp_xbar_1' (0#1) [c:/OCDS/cloude-detection-accelerator/mlp_ip_generater/mlp_ip_generater.gen/sources_1/bd/mlp_cloud_detection/ip/mlp_cloud_detection_axi_interconnect_0_imp_xbar_1/synth/mlp_cloud_detection_axi_interconnect_0_imp_xbar_1.v:53]
INFO: [Synth 8-6014] Unused sequential element gen_debug_trans_seq.debug_aw_trans_seq_i_reg was removed.  [c:/OCDS/cloude-detection-accelerator/mlp_ip_generater/mlp_ip_generater.gen/sources_1/bd/mlp_cloud_detection/ipshared/f084/hdl/axi_crossbar_v2_1_vl_rfs.v:2051]
INFO: [Synth 8-6014] Unused sequential element gen_debug_trans_seq.debug_ar_trans_seq_i_reg was removed.  [c:/OCDS/cloude-detection-accelerator/mlp_ip_generater/mlp_ip_generater.gen/sources_1/bd/mlp_cloud_detection/ipshared/f084/hdl/axi_crossbar_v2_1_vl_rfs.v:2062]
INFO: [Synth 8-6014] Unused sequential element gen_debug_trans_seq.debug_w_beat_cnt_i_reg was removed.  [c:/OCDS/cloude-detection-accelerator/mlp_ip_generater/mlp_ip_generater.gen/sources_1/bd/mlp_cloud_detection/ipshared/f084/hdl/axi_crossbar_v2_1_vl_rfs.v:2073]
INFO: [Synth 8-6014] Unused sequential element gen_debug_trans_seq.debug_r_beat_cnt_i_reg was removed.  [c:/OCDS/cloude-detection-accelerator/mlp_ip_generater/mlp_ip_generater.gen/sources_1/bd/mlp_cloud_detection/ipshared/f084/hdl/axi_crossbar_v2_1_vl_rfs.v:2086]
INFO: [Synth 8-7129] Port S[0] in module generic_baseblocks_v2_1_2_mux_enc__parameterized0 is either unconnected or has no load
INFO: [Synth 8-7129] Port S_AXI_AWID[0] in module axi_crossbar_v2_1_38_decerr_slave is either unconnected or has no load
INFO: [Synth 8-7129] Port S_AXI_WLAST in module axi_crossbar_v2_1_38_decerr_slave is either unconnected or has no load
INFO: [Synth 8-7129] Port S_AXI_ARID[0] in module axi_crossbar_v2_1_38_decerr_slave is either unconnected or has no load
INFO: [Synth 8-7129] Port S_AXI_ARLEN[7] in module axi_crossbar_v2_1_38_decerr_slave is either unconnected or has no load
INFO: [Synth 8-7129] Port S_AXI_ARLEN[6] in module axi_crossbar_v2_1_38_decerr_slave is either unconnected or has no load
INFO: [Synth 8-7129] Port S_AXI_ARLEN[5] in module axi_crossbar_v2_1_38_decerr_slave is either unconnected or has no load
INFO: [Synth 8-7129] Port S_AXI_ARLEN[4] in module axi_crossbar_v2_1_38_decerr_slave is either unconnected or has no load
INFO: [Synth 8-7129] Port S_AXI_ARLEN[3] in module axi_crossbar_v2_1_38_decerr_slave is either unconnected or has no load
INFO: [Synth 8-7129] Port S_AXI_ARLEN[2] in module axi_crossbar_v2_1_38_decerr_slave is either unconnected or has no load
INFO: [Synth 8-7129] Port S_AXI_ARLEN[1] in module axi_crossbar_v2_1_38_decerr_slave is either unconnected or has no load
INFO: [Synth 8-7129] Port S_AXI_ARLEN[0] in module axi_crossbar_v2_1_38_decerr_slave is either unconnected or has no load
INFO: [Synth 8-7129] Port ADDR[1] in module axi_crossbar_v2_1_38_addr_decoder is either unconnected or has no load
INFO: [Synth 8-7129] Port ADDR[0] in module axi_crossbar_v2_1_38_addr_decoder is either unconnected or has no load
INFO: [Synth 8-7129] Port S_AXI_AWID[0] in module axi_crossbar_v2_1_38_crossbar_sasd is either unconnected or has no load
INFO: [Synth 8-7129] Port S_AXI_ARID[0] in module axi_crossbar_v2_1_38_crossbar_sasd is either unconnected or has no load
INFO: [Synth 8-7129] Port M_AXI_BID[1] in module axi_crossbar_v2_1_38_crossbar_sasd is either unconnected or has no load
INFO: [Synth 8-7129] Port M_AXI_BID[0] in module axi_crossbar_v2_1_38_crossbar_sasd is either unconnected or has no load
INFO: [Synth 8-7129] Port M_AXI_RID[1] in module axi_crossbar_v2_1_38_crossbar_sasd is either unconnected or has no load
INFO: [Synth 8-7129] Port M_AXI_RID[0] in module axi_crossbar_v2_1_38_crossbar_sasd is either unconnected or has no load
INFO: [Synth 8-7129] Port s_axi_awid[0] in module axi_crossbar_v2_1_38_axi_crossbar is either unconnected or has no load
INFO: [Synth 8-7129] Port s_axi_awlen[7] in module axi_crossbar_v2_1_38_axi_crossbar is either unconnected or has no load
INFO: [Synth 8-7129] Port s_axi_awlen[6] in module axi_crossbar_v2_1_38_axi_crossbar is either unconnected or has no load
INFO: [Synth 8-7129] Port s_axi_awlen[5] in module axi_crossbar_v2_1_38_axi_crossbar is either unconnected or has no load
INFO: [Synth 8-7129] Port s_axi_awlen[4] in module axi_crossbar_v2_1_38_axi_crossbar is either unconnected or has no load
INFO: [Synth 8-7129] Port s_axi_awlen[3] in module axi_crossbar_v2_1_38_axi_crossbar is either unconnected or has no load
INFO: [Synth 8-7129] Port s_axi_awlen[2] in module axi_crossbar_v2_1_38_axi_crossbar is either unconnected or has no load
INFO: [Synth 8-7129] Port s_axi_awlen[1] in module axi_crossbar_v2_1_38_axi_crossbar is either unconnected or has no load
INFO: [Synth 8-7129] Port s_axi_awlen[0] in module axi_crossbar_v2_1_38_axi_crossbar is either unconnected or has no load
INFO: [Synth 8-7129] Port s_axi_awsize[2] in module axi_crossbar_v2_1_38_axi_crossbar is either unconnected or has no load
INFO: [Synth 8-7129] Port s_axi_awsize[1] in module axi_crossbar_v2_1_38_axi_crossbar is either unconnected or has no load
INFO: [Synth 8-7129] Port s_axi_awsize[0] in module axi_crossbar_v2_1_38_axi_crossbar is either unconnected or has no load
INFO: [Synth 8-7129] Port s_axi_awburst[1] in module axi_crossbar_v2_1_38_axi_crossbar is either unconnected or has no load
INFO: [Synth 8-7129] Port s_axi_awburst[0] in module axi_crossbar_v2_1_38_axi_crossbar is either unconnected or has no load
INFO: [Synth 8-7129] Port s_axi_awlock[0] in module axi_crossbar_v2_1_38_axi_crossbar is either unconnected or has no load
INFO: [Synth 8-7129] Port s_axi_awcache[3] in module axi_crossbar_v2_1_38_axi_crossbar is either unconnected or has no load
INFO: [Synth 8-7129] Port s_axi_awcache[2] in module axi_crossbar_v2_1_38_axi_crossbar is either unconnected or has no load
INFO: [Synth 8-7129] Port s_axi_awcache[1] in module axi_crossbar_v2_1_38_axi_crossbar is either unconnected or has no load
INFO: [Synth 8-7129] Port s_axi_awcache[0] in module axi_crossbar_v2_1_38_axi_crossbar is either unconnected or has no load
INFO: [Synth 8-7129] Port s_axi_awqos[3] in module axi_crossbar_v2_1_38_axi_crossbar is either unconnected or has no load
INFO: [Synth 8-7129] Port s_axi_awqos[2] in module axi_crossbar_v2_1_38_axi_crossbar is either unconnected or has no load
INFO: [Synth 8-7129] Port s_axi_awqos[1] in module axi_crossbar_v2_1_38_axi_crossbar is either unconnected or has no load
INFO: [Synth 8-7129] Port s_axi_awqos[0] in module axi_crossbar_v2_1_38_axi_crossbar is either unconnected or has no load
INFO: [Synth 8-7129] Port s_axi_awuser[0] in module axi_crossbar_v2_1_38_axi_crossbar is either unconnected or has no load
INFO: [Synth 8-7129] Port s_axi_wid[0] in module axi_crossbar_v2_1_38_axi_crossbar is either unconnected or has no load
INFO: [Synth 8-7129] Port s_axi_wlast[0] in module axi_crossbar_v2_1_38_axi_crossbar is either unconnected or has no load
INFO: [Synth 8-7129] Port s_axi_wuser[0] in module axi_crossbar_v2_1_38_axi_crossbar is either unconnected or has no load
INFO: [Synth 8-7129] Port s_axi_arid[0] in module axi_crossbar_v2_1_38_axi_crossbar is either unconnected or has no load
INFO: [Synth 8-7129] Port s_axi_arlen[7] in module axi_crossbar_v2_1_38_axi_crossbar is either unconnected or has no load
INFO: [Synth 8-7129] Port s_axi_arlen[6] in module axi_crossbar_v2_1_38_axi_crossbar is either unconnected or has no load
INFO: [Synth 8-7129] Port s_axi_arlen[5] in module axi_crossbar_v2_1_38_axi_crossbar is either unconnected or has no load
INFO: [Synth 8-7129] Port s_axi_arlen[4] in module axi_crossbar_v2_1_38_axi_crossbar is either unconnected or has no load
INFO: [Synth 8-7129] Port s_axi_arlen[3] in module axi_crossbar_v2_1_38_axi_crossbar is either unconnected or has no load
INFO: [Synth 8-7129] Port s_axi_arlen[2] in module axi_crossbar_v2_1_38_axi_crossbar is either unconnected or has no load
INFO: [Synth 8-7129] Port s_axi_arlen[1] in module axi_crossbar_v2_1_38_axi_crossbar is either unconnected or has no load
INFO: [Synth 8-7129] Port s_axi_arlen[0] in module axi_crossbar_v2_1_38_axi_crossbar is either unconnected or has no load
INFO: [Synth 8-7129] Port s_axi_arsize[2] in module axi_crossbar_v2_1_38_axi_crossbar is either unconnected or has no load
INFO: [Synth 8-7129] Port s_axi_arsize[1] in module axi_crossbar_v2_1_38_axi_crossbar is either unconnected or has no load
INFO: [Synth 8-7129] Port s_axi_arsize[0] in module axi_crossbar_v2_1_38_axi_crossbar is either unconnected or has no load
INFO: [Synth 8-7129] Port s_axi_arburst[1] in module axi_crossbar_v2_1_38_axi_crossbar is either unconnected or has no load
INFO: [Synth 8-7129] Port s_axi_arburst[0] in module axi_crossbar_v2_1_38_axi_crossbar is either unconnected or has no load
INFO: [Synth 8-7129] Port s_axi_arlock[0] in module axi_crossbar_v2_1_38_axi_crossbar is either unconnected or has no load
INFO: [Synth 8-7129] Port s_axi_arcache[3] in module axi_crossbar_v2_1_38_axi_crossbar is either unconnected or has no load
INFO: [Synth 8-7129] Port s_axi_arcache[2] in module axi_crossbar_v2_1_38_axi_crossbar is either unconnected or has no load
INFO: [Synth 8-7129] Port s_axi_arcache[1] in module axi_crossbar_v2_1_38_axi_crossbar is either unconnected or has no load
INFO: [Synth 8-7129] Port s_axi_arcache[0] in module axi_crossbar_v2_1_38_axi_crossbar is either unconnected or has no load
INFO: [Synth 8-7129] Port s_axi_arqos[3] in module axi_crossbar_v2_1_38_axi_crossbar is either unconnected or has no load
INFO: [Synth 8-7129] Port s_axi_arqos[2] in module axi_crossbar_v2_1_38_axi_crossbar is either unconnected or has no load
INFO: [Synth 8-7129] Port s_axi_arqos[1] in module axi_crossbar_v2_1_38_axi_crossbar is either unconnected or has no load
INFO: [Synth 8-7129] Port s_axi_arqos[0] in module axi_crossbar_v2_1_38_axi_crossbar is either unconnected or has no load
INFO: [Synth 8-7129] Port s_axi_aruser[0] in module axi_crossbar_v2_1_38_axi_crossbar is either unconnected or has no load
INFO: [Synth 8-7129] Port m_axi_bid[1] in module axi_crossbar_v2_1_38_axi_crossbar is either unconnected or has no load
INFO: [Synth 8-7129] Port m_axi_bid[0] in module axi_crossbar_v2_1_38_axi_crossbar is either unconnected or has no load
INFO: [Synth 8-7129] Port m_axi_buser[1] in module axi_crossbar_v2_1_38_axi_crossbar is either unconnected or has no load
INFO: [Synth 8-7129] Port m_axi_buser[0] in module axi_crossbar_v2_1_38_axi_crossbar is either unconnected or has no load
INFO: [Synth 8-7129] Port m_axi_rid[1] in module axi_crossbar_v2_1_38_axi_crossbar is either unconnected or has no load
INFO: [Synth 8-7129] Port m_axi_rid[0] in module axi_crossbar_v2_1_38_axi_crossbar is either unconnected or has no load
INFO: [Synth 8-7129] Port m_axi_rlast[1] in module axi_crossbar_v2_1_38_axi_crossbar is either unconnected or has no load
INFO: [Synth 8-7129] Port m_axi_rlast[0] in module axi_crossbar_v2_1_38_axi_crossbar is either unconnected or has no load
INFO: [Synth 8-7129] Port m_axi_ruser[1] in module axi_crossbar_v2_1_38_axi_crossbar is either unconnected or has no load
INFO: [Synth 8-7129] Port m_axi_ruser[0] in module axi_crossbar_v2_1_38_axi_crossbar is either unconnected or has no load
---------------------------------------------------------------------------------
Finished RTL Elaboration : Time (s): cpu = 00:00:17 ; elapsed = 00:00:18 . Memory (MB): peak = 2111.172 ; gain = 475.676
---------------------------------------------------------------------------------
---------------------------------------------------------------------------------
Start Handling Custom Attributes
---------------------------------------------------------------------------------
---------------------------------------------------------------------------------
Finished Handling Custom Attributes : Time (s): cpu = 00:00:17 ; elapsed = 00:00:18 . Memory (MB): peak = 2111.172 ; gain = 475.676
---------------------------------------------------------------------------------
---------------------------------------------------------------------------------
Finished RTL Optimization Phase 1 : Time (s): cpu = 00:00:17 ; elapsed = 00:00:18 . Memory (MB): peak = 2111.172 ; gain = 475.676
---------------------------------------------------------------------------------
Netlist sorting complete. Time (s): cpu = 00:00:00 ; elapsed = 00:00:00.025 . Memory (MB): peak = 2111.172 ; gain = 0.000
INFO: [Project 1-570] Preparing netlist for logic optimization

Processing XDC Constraints
Initializing timing engine
Parsing XDC File [c:/OCDS/cloude-detection-accelerator/mlp_ip_generater/mlp_ip_generater.gen/sources_1/bd/mlp_cloud_detection/ip/mlp_cloud_detection_axi_interconnect_0_imp_xbar_1/mlp_cloud_detection_axi_interconnect_0_imp_xbar_1_ooc.xdc] for cell 'inst'
create_clock: Time (s): cpu = 00:00:08 ; elapsed = 00:00:08 . Memory (MB): peak = 2111.172 ; gain = 0.000
Finished Parsing XDC File [c:/OCDS/cloude-detection-accelerator/mlp_ip_generater/mlp_ip_generater.gen/sources_1/bd/mlp_cloud_detection/ip/mlp_cloud_detection_axi_interconnect_0_imp_xbar_1/mlp_cloud_detection_axi_interconnect_0_imp_xbar_1_ooc.xdc] for cell 'inst'
Parsing XDC File [C:/OCDS/cloude-detection-accelerator/mlp_ip_generater/mlp_ip_generater.runs/mlp_cloud_detection_axi_interconnect_0_imp_xbar_1_synth_1/dont_touch.xdc]
Finished Parsing XDC File [C:/OCDS/cloude-detection-accelerator/mlp_ip_generater/mlp_ip_generater.runs/mlp_cloud_detection_axi_interconnect_0_imp_xbar_1_synth_1/dont_touch.xdc]
Completed Processing XDC Constraints

Netlist sorting complete. Time (s): cpu = 00:00:00 ; elapsed = 00:00:00 . Memory (MB): peak = 2111.172 ; gain = 0.000
INFO: [Project 1-111] Unisim Transformation Summary:
No Unisim elements were transformed.

Constraint Validation Runtime : Time (s): cpu = 00:00:00 ; elapsed = 00:00:00.070 . Memory (MB): peak = 2111.172 ; gain = 0.000
INFO: [Designutils 20-5008] Incremental synthesis strategy off
---------------------------------------------------------------------------------
Finished Constraint Validation : Time (s): cpu = 00:00:36 ; elapsed = 00:00:38 . Memory (MB): peak = 2111.172 ; gain = 475.676
---------------------------------------------------------------------------------
---------------------------------------------------------------------------------
Start Loading Part and Timing Information
---------------------------------------------------------------------------------
Loading part: xczu9eg-ffvb1156-2-e
INFO: [Synth 8-6742] Reading net delay rules and data
---------------------------------------------------------------------------------
Finished Loading Part and Timing Information : Time (s): cpu = 00:00:36 ; elapsed = 00:00:38 . Memory (MB): peak = 2111.172 ; gain = 475.676
---------------------------------------------------------------------------------
---------------------------------------------------------------------------------
Start Applying 'set_property' XDC Constraints
---------------------------------------------------------------------------------
---------------------------------------------------------------------------------
Finished applying 'set_property' XDC Constraints : Time (s): cpu = 00:00:36 ; elapsed = 00:00:38 . Memory (MB): peak = 2111.172 ; gain = 475.676
---------------------------------------------------------------------------------
---------------------------------------------------------------------------------
Finished RTL Optimization Phase 2 : Time (s): cpu = 00:00:36 ; elapsed = 00:00:38 . Memory (MB): peak = 2111.172 ; gain = 475.676
---------------------------------------------------------------------------------
---------------------------------------------------------------------------------
Start RTL Component Statistics 
---------------------------------------------------------------------------------
Detailed RTL Component Info : 
+---Registers : 
	               72 Bit    Registers := 1     
	               36 Bit    Registers := 2     
	                3 Bit    Registers := 2     
	                2 Bit    Registers := 3     
	                1 Bit    Registers := 14    
+---Muxes : 
	   2 Input   72 Bit        Muxes := 1     
	   2 Input   36 Bit        Muxes := 2     
	   2 Input    3 Bit        Muxes := 1     
	   2 Input    2 Bit        Muxes := 2     
	   2 Input    1 Bit        Muxes := 30    
---------------------------------------------------------------------------------
Finished RTL Component Statistics 
---------------------------------------------------------------------------------
---------------------------------------------------------------------------------
Start Part Resource Summary
---------------------------------------------------------------------------------
Part Resources:
DSPs: 2520 (col length:168)
BRAMs: 1824 (col length: RAMB18 168 RAMB36 84)
---------------------------------------------------------------------------------
Finished Part Resource Summary
---------------------------------------------------------------------------------
---------------------------------------------------------------------------------
Start Cross Boundary and Area Optimization
---------------------------------------------------------------------------------
INFO: [Synth 8-3936] Found unconnected internal register 'gen_sasd.crossbar_sasd_0/reg_slice_r/m_payload_i_reg' and it is trimmed from '36' to '35' bits. [c:/OCDS/cloude-detection-accelerator/mlp_ip_generater/mlp_ip_generater.gen/sources_1/bd/mlp_cloud_detection/ipshared/bc4b/hdl/axi_register_slice_v2_1_vl_rfs.v:1726]
INFO: [Synth 8-7129] Port s_axi_awid[0] in module axi_crossbar_v2_1_38_axi_crossbar is either unconnected or has no load
INFO: [Synth 8-7129] Port s_axi_awlen[7] in module axi_crossbar_v2_1_38_axi_crossbar is either unconnected or has no load
INFO: [Synth 8-7129] Port s_axi_awlen[6] in module axi_crossbar_v2_1_38_axi_crossbar is either unconnected or has no load
INFO: [Synth 8-7129] Port s_axi_awlen[5] in module axi_crossbar_v2_1_38_axi_crossbar is either unconnected or has no load
INFO: [Synth 8-7129] Port s_axi_awlen[4] in module axi_crossbar_v2_1_38_axi_crossbar is either unconnected or has no load
INFO: [Synth 8-7129] Port s_axi_awlen[3] in module axi_crossbar_v2_1_38_axi_crossbar is either unconnected or has no load
INFO: [Synth 8-7129] Port s_axi_awlen[2] in module axi_crossbar_v2_1_38_axi_crossbar is either unconnected or has no load
INFO: [Synth 8-7129] Port s_axi_awlen[1] in module axi_crossbar_v2_1_38_axi_crossbar is either unconnected or has no load
INFO: [Synth 8-7129] Port s_axi_awlen[0] in module axi_crossbar_v2_1_38_axi_crossbar is either unconnected or has no load
INFO: [Synth 8-7129] Port s_axi_awsize[2] in module axi_crossbar_v2_1_38_axi_crossbar is either unconnected or has no load
INFO: [Synth 8-7129] Port s_axi_awsize[1] in module axi_crossbar_v2_1_38_axi_crossbar is either unconnected or has no load
INFO: [Synth 8-7129] Port s_axi_awsize[0] in module axi_crossbar_v2_1_38_axi_crossbar is either unconnected or has no load
INFO: [Synth 8-7129] Port s_axi_awburst[1] in module axi_crossbar_v2_1_38_axi_crossbar is either unconnected or has no load
INFO: [Synth 8-7129] Port s_axi_awburst[0] in module axi_crossbar_v2_1_38_axi_crossbar is either unconnected or has no load
INFO: [Synth 8-7129] Port s_axi_awlock[0] in module axi_crossbar_v2_1_38_axi_crossbar is either unconnected or has no load
INFO: [Synth 8-7129] Port s_axi_awcache[3] in module axi_crossbar_v2_1_38_axi_crossbar is either unconnected or has no load
INFO: [Synth 8-7129] Port s_axi_awcache[2] in module axi_crossbar_v2_1_38_axi_crossbar is either unconnected or has no load
INFO: [Synth 8-7129] Port s_axi_awcache[1] in module axi_crossbar_v2_1_38_axi_crossbar is either unconnected or has no load
INFO: [Synth 8-7129] Port s_axi_awcache[0] in module axi_crossbar_v2_1_38_axi_crossbar is either unconnected or has no load
INFO: [Common 17-14] Message 'Synth 8-7129' appears 100 times and further instances of the messages will be disabled. Use the Tcl command set_msg_config to change the current settings.
---------------------------------------------------------------------------------
Finished Cross Boundary and Area Optimization : Time (s): cpu = 00:00:39 ; elapsed = 00:00:42 . Memory (MB): peak = 2111.172 ; gain = 475.676
---------------------------------------------------------------------------------
---------------------------------------------------------------------------------
Start Applying XDC Timing Constraints
---------------------------------------------------------------------------------
---------------------------------------------------------------------------------
Finished Applying XDC Timing Constraints : Time (s): cpu = 00:00:55 ; elapsed = 00:00:58 . Memory (MB): peak = 2733.316 ; gain = 1097.820
---------------------------------------------------------------------------------
---------------------------------------------------------------------------------
Start Timing Optimization
---------------------------------------------------------------------------------
---------------------------------------------------------------------------------
Finished Timing Optimization : Time (s): cpu = 00:00:55 ; elapsed = 00:00:58 . Memory (MB): peak = 2758.172 ; gain = 1122.676
---------------------------------------------------------------------------------
---------------------------------------------------------------------------------
Start Technology Mapping
---------------------------------------------------------------------------------
---------------------------------------------------------------------------------
Finished Technology Mapping : Time (s): cpu = 00:00:55 ; elapsed = 00:00:58 . Memory (MB): peak = 2768.012 ; gain = 1132.516
---------------------------------------------------------------------------------
---------------------------------------------------------------------------------
Start IO Insertion
---------------------------------------------------------------------------------
---------------------------------------------------------------------------------
Start Flattening Before IO Insertion
---------------------------------------------------------------------------------
---------------------------------------------------------------------------------
Finished Flattening Before IO Insertion
---------------------------------------------------------------------------------
---------------------------------------------------------------------------------
Start Final Netlist Cleanup
---------------------------------------------------------------------------------
---------------------------------------------------------------------------------
Finished Final Netlist Cleanup
---------------------------------------------------------------------------------
---------------------------------------------------------------------------------
Finished IO Insertion : Time (s): cpu = 00:01:00 ; elapsed = 00:01:03 . Memory (MB): peak = 2995.191 ; gain = 1359.695
---------------------------------------------------------------------------------
---------------------------------------------------------------------------------
Start Renaming Generated Instances
---------------------------------------------------------------------------------
---------------------------------------------------------------------------------
Finished Renaming Generated Instances : Time (s): cpu = 00:01:00 ; elapsed = 00:01:03 . Memory (MB): peak = 2995.191 ; gain = 1359.695
---------------------------------------------------------------------------------
---------------------------------------------------------------------------------
Start Rebuilding User Hierarchy
---------------------------------------------------------------------------------
---------------------------------------------------------------------------------
Finished Rebuilding User Hierarchy : Time (s): cpu = 00:01:00 ; elapsed = 00:01:04 . Memory (MB): peak = 2995.191 ; gain = 1359.695
---------------------------------------------------------------------------------
---------------------------------------------------------------------------------
Start Renaming Generated Ports
---------------------------------------------------------------------------------
---------------------------------------------------------------------------------
Finished Renaming Generated Ports : Time (s): cpu = 00:01:00 ; elapsed = 00:01:04 . Memory (MB): peak = 2995.191 ; gain = 1359.695
---------------------------------------------------------------------------------
---------------------------------------------------------------------------------
Start Handling Custom Attributes
---------------------------------------------------------------------------------
---------------------------------------------------------------------------------
Finished Handling Custom Attributes : Time (s): cpu = 00:01:00 ; elapsed = 00:01:04 . Memory (MB): peak = 2995.191 ; gain = 1359.695
---------------------------------------------------------------------------------
---------------------------------------------------------------------------------
Start Renaming Generated Nets
---------------------------------------------------------------------------------
---------------------------------------------------------------------------------
Finished Renaming Generated Nets : Time (s): cpu = 00:01:00 ; elapsed = 00:01:04 . Memory (MB): peak = 2995.191 ; gain = 1359.695
---------------------------------------------------------------------------------
---------------------------------------------------------------------------------
Start Writing Synthesis Report
---------------------------------------------------------------------------------

Report BlackBoxes: 
+-+--------------+----------+
| |BlackBox name |Instances |
+-+--------------+----------+
+-+--------------+----------+

Report Cell Usage: 
+------+-----+------+
|      |Cell |Count |
+------+-----+------+
|1     |LUT1 |     1|
|2     |LUT2 |    11|
|3     |LUT3 |     6|
|4     |LUT4 |    58|
|5     |LUT5 |    20|
|6     |LUT6 |    49|
|7     |FDRE |   138|
+------+-----+------+
---------------------------------------------------------------------------------
Finished Writing Synthesis Report : Time (s): cpu = 00:01:00 ; elapsed = 00:01:04 . Memory (MB): peak = 2995.191 ; gain = 1359.695
---------------------------------------------------------------------------------
Synthesis finished with 0 errors, 0 critical warnings and 0 warnings.
Synthesis Optimization Runtime : Time (s): cpu = 00:00:34 ; elapsed = 00:00:53 . Memory (MB): peak = 2995.191 ; gain = 1359.695
Synthesis Optimization Complete : Time (s): cpu = 00:01:01 ; elapsed = 00:01:04 . Memory (MB): peak = 2995.191 ; gain = 1359.695
INFO: [Project 1-571] Translating synthesized netlist
Netlist sorting complete. Time (s): cpu = 00:00:00 ; elapsed = 00:00:00.016 . Memory (MB): peak = 2995.191 ; gain = 0.000
INFO: [Project 1-570] Preparing netlist for logic optimization
INFO: [Opt 31-138] Pushed 0 inverter(s) to 0 load pin(s).
Netlist sorting complete. Time (s): cpu = 00:00:00 ; elapsed = 00:00:00 . Memory (MB): peak = 2995.191 ; gain = 0.000
INFO: [Project 1-111] Unisim Transformation Summary:
No Unisim elements were transformed.

Synth Design complete | Checksum: 3aac3c16
INFO: [Common 17-83] Releasing license: Synthesis
155 Infos, 0 Warnings, 0 Critical Warnings and 0 Errors encountered.
synth_design completed successfully
synth_design: Time (s): cpu = 00:01:11 ; elapsed = 00:01:15 . Memory (MB): peak = 2995.191 ; gain = 2389.070
Write ShapeDB Complete: Time (s): cpu = 00:00:00 ; elapsed = 00:00:00.001 . Memory (MB): peak = 2995.191 ; gain = 0.000
INFO: [Common 17-1381] The checkpoint 'C:/OCDS/cloude-detection-accelerator/mlp_ip_generater/mlp_ip_generater.runs/mlp_cloud_detection_axi_interconnect_0_imp_xbar_1_synth_1/mlp_cloud_detection_axi_interconnect_0_imp_xbar_1.dcp' has been generated.
INFO: [Coretcl 2-1648] Added synthesis output to IP cache for IP mlp_cloud_detection_axi_interconnect_0_imp_xbar_1, cache-ID = cfcc6821be69166e
INFO: [Coretcl 2-1174] Renamed 7 cell refs.
Write ShapeDB Complete: Time (s): cpu = 00:00:00 ; elapsed = 00:00:00.001 . Memory (MB): peak = 2995.191 ; gain = 0.000
INFO: [Common 17-1381] The checkpoint 'C:/OCDS/cloude-detection-accelerator/mlp_ip_generater/mlp_ip_generater.runs/mlp_cloud_detection_axi_interconnect_0_imp_xbar_1_synth_1/mlp_cloud_detection_axi_interconnect_0_imp_xbar_1.dcp' has been generated.
INFO: [Vivado 12-24828] Executing command : report_utilization -file mlp_cloud_detection_axi_interconnect_0_imp_xbar_1_utilization_synth.rpt -pb mlp_cloud_detection_axi_interconnect_0_imp_xbar_1_utilization_synth.pb
INFO: [Common 17-206] Exiting Vivado at Wed Feb 11 14:23:22 2026...
