C:\OCDS\OCDS_4K_Streams\OCDS_4K_Stream\OCDS_4K_Stream\hls\.autopilot\db\cloud_mlp.pp.0.cpp:2390:5: remark: Added loop label VITIS_LOOP_676_1:   [xilinx-label-all-loops]
    for (unsigned i = low; i != high+1; ++i) {
    ^
    VITIS_LOOP_676_1: 
C:\OCDS\OCDS_4K_Streams\OCDS_4K_Stream\OCDS_4K_Stream\hls\.autopilot\db\cloud_mlp.pp.0.cpp:2390:5: note: FIX-IT applied suggested code changes
C:\OCDS\OCDS_4K_Streams\OCDS_4K_Stream\OCDS_4K_Stream\hls\.autopilot\db\cloud_mlp.pp.0.cpp:2404:5: remark: Added loop label VITIS_LOOP_690_1:   [xilinx-label-all-loops]
    for (unsigned i = low; i != high+1; ++i) {
    ^
    VITIS_LOOP_690_1: 
C:\OCDS\OCDS_4K_Streams\OCDS_4K_Stream\OCDS_4K_Stream\hls\.autopilot\db\cloud_mlp.pp.0.cpp:2404:5: note: FIX-IT applied suggested code changes
C:\OCDS\OCDS_4K_Streams\OCDS_4K_Stream\OCDS_4K_Stream\hls\.autopilot\db\cloud_mlp.pp.0.cpp:2418:5: remark: Added loop label VITIS_LOOP_704_1:   [xilinx-label-all-loops]
    for (unsigned i = low; i != high+1; ++i) {
    ^
    VITIS_LOOP_704_1: 
C:\OCDS\OCDS_4K_Streams\OCDS_4K_Stream\OCDS_4K_Stream\hls\.autopilot\db\cloud_mlp.pp.0.cpp:2418:5: note: FIX-IT applied suggested code changes
C:\OCDS\OCDS_4K_Streams\OCDS_4K_Stream\OCDS_4K_Stream\hls\.autopilot\db\cloud_mlp.pp.0.cpp:5938:7: remark: Added loop label VITIS_LOOP_1251_1:   [xilinx-label-all-loops]
      for (i = 0; i < __N - 1; ++i) {
      ^
      VITIS_LOOP_1251_1: 
C:\OCDS\OCDS_4K_Streams\OCDS_4K_Stream\OCDS_4K_Stream\hls\.autopilot\db\cloud_mlp.pp.0.cpp:5938:7: note: FIX-IT applied suggested code changes
