In file included from cloud_mlp.cpp:1:
In file included from ./cloud_mlp.hpp:5:
C:/AMDDesignTools/2025.2/Vitis/common/technology/autopilot\ap_axi_sdata.h:149:1: warning: HLS pragma dump _XLX_SEP_ PragmaIsValid=1_XLX_SEP_ PragmaType=inline_XLX_SEP_ PragmaContext=hls_XLX_SEP_ PragmaFunction=get_data_XLX_SEP_ PragmaOptions=_XLX_SEP_ [-Wdump-hls-pragmas]
#pragma HLS inline
^
C:/AMDDesignTools/2025.2/Vitis/common/technology/autopilot\ap_axi_sdata.h:154:1: warning: HLS pragma dump _XLX_SEP_ PragmaIsValid=1_XLX_SEP_ PragmaType=inline_XLX_SEP_ PragmaContext=hls_XLX_SEP_ PragmaFunction=set_data_XLX_SEP_ PragmaOptions=_XLX_SEP_ [-Wdump-hls-pragmas]
#pragma HLS inline
^
C:/AMDDesignTools/2025.2/Vitis/common/technology/autopilot\ap_axi_sdata.h:255:1: warning: HLS pragma dump _XLX_SEP_ PragmaIsValid=1_XLX_SEP_ PragmaType=inline_XLX_SEP_ PragmaContext=hls_XLX_SEP_ PragmaFunction=keep_all_XLX_SEP_ PragmaOptions=_XLX_SEP_ [-Wdump-hls-pragmas]
#pragma HLS inline
^
C:/AMDDesignTools/2025.2/Vitis/common/technology/autopilot\ap_axi_sdata.h:372:1: warning: HLS pragma dump _XLX_SEP_ PragmaIsValid=1_XLX_SEP_ PragmaType=inline_XLX_SEP_ PragmaContext=hls_XLX_SEP_ PragmaFunction=empty_XLX_SEP_ PragmaOptions=_XLX_SEP_ [-Wdump-hls-pragmas]
#pragma HLS inline
^
C:/AMDDesignTools/2025.2/Vitis/common/technology/autopilot\ap_axi_sdata.h:380:1: warning: HLS pragma dump _XLX_SEP_ PragmaIsValid=1_XLX_SEP_ PragmaType=inline_XLX_SEP_ PragmaContext=hls_XLX_SEP_ PragmaFunction=full_XLX_SEP_ PragmaOptions=_XLX_SEP_ [-Wdump-hls-pragmas]
#pragma HLS inline
^
C:/AMDDesignTools/2025.2/Vitis/common/technology/autopilot\ap_axi_sdata.h:389:1: warning: HLS pragma dump _XLX_SEP_ PragmaIsValid=1_XLX_SEP_ PragmaType=inline_XLX_SEP_ PragmaContext=hls_XLX_SEP_ PragmaFunction=read_XLX_SEP_ PragmaOptions=_XLX_SEP_ [-Wdump-hls-pragmas]
#pragma HLS inline
^
C:/AMDDesignTools/2025.2/Vitis/common/technology/autopilot\ap_axi_sdata.h:400:1: warning: HLS pragma dump _XLX_SEP_ PragmaIsValid=1_XLX_SEP_ PragmaType=inline_XLX_SEP_ PragmaContext=hls_XLX_SEP_ PragmaFunction=read_XLX_SEP_ PragmaOptions=_XLX_SEP_ [-Wdump-hls-pragmas]
#pragma HLS inline
^
C:/AMDDesignTools/2025.2/Vitis/common/technology/autopilot\ap_axi_sdata.h:412:1: warning: HLS pragma dump _XLX_SEP_ PragmaIsValid=1_XLX_SEP_ PragmaType=inline_XLX_SEP_ PragmaContext=hls_XLX_SEP_ PragmaFunction=write_XLX_SEP_ PragmaOptions=_XLX_SEP_ [-Wdump-hls-pragmas]
#pragma HLS inline
^
C:/AMDDesignTools/2025.2/Vitis/common/technology/autopilot\ap_axi_sdata.h:423:1: warning: HLS pragma dump _XLX_SEP_ PragmaIsValid=1_XLX_SEP_ PragmaType=inline_XLX_SEP_ PragmaContext=hls_XLX_SEP_ PragmaFunction=read_nb_XLX_SEP_ PragmaOptions=_XLX_SEP_ [-Wdump-hls-pragmas]
#pragma HLS inline
^
C:/AMDDesignTools/2025.2/Vitis/common/technology/autopilot\ap_axi_sdata.h:440:1: warning: HLS pragma dump _XLX_SEP_ PragmaIsValid=1_XLX_SEP_ PragmaType=inline_XLX_SEP_ PragmaContext=hls_XLX_SEP_ PragmaFunction=write_nb_XLX_SEP_ PragmaOptions=_XLX_SEP_ [-Wdump-hls-pragmas]
#pragma HLS inline
^
cloud_mlp.cpp:18:1: warning: HLS pragma dump _XLX_SEP_ PragmaIsValid=1_XLX_SEP_ PragmaType=inline_XLX_SEP_ PragmaContext=hls_XLX_SEP_ PragmaFunction=relu_XLX_SEP_ PragmaOptions=_XLX_SEP_ [-Wdump-hls-pragmas]
#pragma HLS INLINE
^
cloud_mlp.cpp:23:1: warning: HLS pragma dump _XLX_SEP_ PragmaIsValid=1_XLX_SEP_ PragmaType=inline_XLX_SEP_ PragmaContext=hls_XLX_SEP_ PragmaFunction=hard_sigmoid_XLX_SEP_ PragmaOptions=_XLX_SEP_ [-Wdump-hls-pragmas]
#pragma HLS INLINE
^
cloud_mlp.cpp:31:1: warning: HLS pragma dump _XLX_SEP_ PragmaIsValid=1_XLX_SEP_ PragmaType=inline_XLX_SEP_ PragmaContext=hls_XLX_SEP_ PragmaFunction=read_input_XLX_SEP_ PragmaOptions=off_XLX_SEP_ [-Wdump-hls-pragmas]
#pragma HLS INLINE off
^
cloud_mlp.cpp:43:1: warning: HLS pragma dump _XLX_SEP_ PragmaIsValid=1_XLX_SEP_ PragmaType=array_partition_XLX_SEP_ PragmaContext=hls_XLX_SEP_ PragmaFunction=read_input_XLX_SEP_ PragmaOptions=variable=input complete_XLX_SEP_ [-Wdump-hls-pragmas]
#pragma HLS ARRAY_PARTITION variable=input complete
^
cloud_mlp.cpp:55:1: warning: HLS pragma dump _XLX_SEP_ PragmaIsValid=1_XLX_SEP_ PragmaType=inline_XLX_SEP_ PragmaContext=hls_XLX_SEP_ PragmaFunction=compute_l1_XLX_SEP_ PragmaOptions=off_XLX_SEP_ [-Wdump-hls-pragmas]
#pragma HLS INLINE off
^
cloud_mlp.cpp:56:1: warning: HLS pragma dump _XLX_SEP_ PragmaIsValid=1_XLX_SEP_ PragmaType=array_partition_XLX_SEP_ PragmaContext=hls_XLX_SEP_ PragmaFunction=compute_l1_XLX_SEP_ PragmaOptions=variable=input complete_XLX_SEP_ [-Wdump-hls-pragmas]
#pragma HLS ARRAY_PARTITION variable=input complete
^
cloud_mlp.cpp:58:1: warning: HLS pragma dump _XLX_SEP_ PragmaIsValid=1_XLX_SEP_ PragmaType=array_partition_XLX_SEP_ PragmaContext=hls_XLX_SEP_ PragmaFunction=compute_l1_XLX_SEP_ PragmaOptions=variable=output cyclic factor=2_XLX_SEP_ [-Wdump-hls-pragmas]
#pragma HLS ARRAY_PARTITION variable=output cyclic factor=2
^
cloud_mlp.cpp:61:1: warning: HLS pragma dump _XLX_SEP_ PragmaIsValid=1_XLX_SEP_ PragmaType=bind_storage_XLX_SEP_ PragmaContext=hls_XLX_SEP_ PragmaFunction=compute_l1_XLX_SEP_ PragmaOptions=variable=W1 type=ram_1p impl=bram_XLX_SEP_ [-Wdump-hls-pragmas]
#pragma HLS BIND_STORAGE variable=W1 type=ram_1p impl=bram
^
cloud_mlp.cpp:62:1: warning: HLS pragma dump _XLX_SEP_ PragmaIsValid=1_XLX_SEP_ PragmaType=array_partition_XLX_SEP_ PragmaContext=hls_XLX_SEP_ PragmaFunction=compute_l1_XLX_SEP_ PragmaOptions=variable=W1 dim=2 complete_XLX_SEP_ [-Wdump-hls-pragmas]
#pragma HLS ARRAY_PARTITION variable=W1 dim=2 complete
^
cloud_mlp.cpp:63:1: warning: HLS pragma dump _XLX_SEP_ PragmaIsValid=1_XLX_SEP_ PragmaType=array_partition_XLX_SEP_ PragmaContext=hls_XLX_SEP_ PragmaFunction=compute_l1_XLX_SEP_ PragmaOptions=variable=W1 dim=1 cyclic factor=2_XLX_SEP_ [-Wdump-hls-pragmas]
#pragma HLS ARRAY_PARTITION variable=W1 dim=1 cyclic factor=2
^
cloud_mlp.cpp:66:1: warning: HLS pragma dump _XLX_SEP_ PragmaIsValid=1_XLX_SEP_ PragmaType=pipeline_XLX_SEP_ PragmaContext=hls_XLX_SEP_ PragmaFunction=compute_l1_XLX_SEP_ PragmaOptions=II=1_XLX_SEP_ [-Wdump-hls-pragmas]
#pragma HLS PIPELINE II=1
^
cloud_mlp.cpp:73:1: warning: HLS pragma dump _XLX_SEP_ PragmaIsValid=1_XLX_SEP_ PragmaType=unroll_XLX_SEP_ PragmaContext=hls_XLX_SEP_ PragmaFunction=compute_l1_XLX_SEP_ PragmaOptions=_XLX_SEP_ [-Wdump-hls-pragmas]
#pragma HLS UNROLL
^
cloud_mlp.cpp:79:1: warning: HLS pragma dump _XLX_SEP_ PragmaIsValid=1_XLX_SEP_ PragmaType=bind_op_XLX_SEP_ PragmaContext=hls_XLX_SEP_ PragmaFunction=compute_l1_XLX_SEP_ PragmaOptions=variable=p0 op=mul impl=dsp latency=3_XLX_SEP_ [-Wdump-hls-pragmas]
#pragma HLS BIND_OP variable=p0 op=mul impl=dsp latency=3
^
cloud_mlp.cpp:80:1: warning: HLS pragma dump _XLX_SEP_ PragmaIsValid=1_XLX_SEP_ PragmaType=bind_op_XLX_SEP_ PragmaContext=hls_XLX_SEP_ PragmaFunction=compute_l1_XLX_SEP_ PragmaOptions=variable=p1 op=mul impl=dsp latency=3_XLX_SEP_ [-Wdump-hls-pragmas]
#pragma HLS BIND_OP variable=p1 op=mul impl=dsp latency=3
^
cloud_mlp.cpp:94:1: warning: HLS pragma dump _XLX_SEP_ PragmaIsValid=1_XLX_SEP_ PragmaType=inline_XLX_SEP_ PragmaContext=hls_XLX_SEP_ PragmaFunction=compute_l2_XLX_SEP_ PragmaOptions=off_XLX_SEP_ [-Wdump-hls-pragmas]
#pragma HLS INLINE off
^
cloud_mlp.cpp:95:1: warning: HLS pragma dump _XLX_SEP_ PragmaIsValid=1_XLX_SEP_ PragmaType=array_partition_XLX_SEP_ PragmaContext=hls_XLX_SEP_ PragmaFunction=compute_l2_XLX_SEP_ PragmaOptions=variable=input complete_XLX_SEP_ [-Wdump-hls-pragmas]
#pragma HLS ARRAY_PARTITION variable=input complete
^
cloud_mlp.cpp:97:1: warning: HLS pragma dump _XLX_SEP_ PragmaIsValid=1_XLX_SEP_ PragmaType=array_partition_XLX_SEP_ PragmaContext=hls_XLX_SEP_ PragmaFunction=compute_l2_XLX_SEP_ PragmaOptions=variable=output cyclic factor=4_XLX_SEP_ [-Wdump-hls-pragmas]
#pragma HLS ARRAY_PARTITION variable=output cyclic factor=4
^
cloud_mlp.cpp:100:1: warning: HLS pragma dump _XLX_SEP_ PragmaIsValid=1_XLX_SEP_ PragmaType=bind_storage_XLX_SEP_ PragmaContext=hls_XLX_SEP_ PragmaFunction=compute_l2_XLX_SEP_ PragmaOptions=variable=W2 type=ram_2p impl=bram_XLX_SEP_ [-Wdump-hls-pragmas]
#pragma HLS BIND_STORAGE variable=W2 type=ram_2p impl=bram
^
cloud_mlp.cpp:101:1: warning: HLS pragma dump _XLX_SEP_ PragmaIsValid=1_XLX_SEP_ PragmaType=array_partition_XLX_SEP_ PragmaContext=hls_XLX_SEP_ PragmaFunction=compute_l2_XLX_SEP_ PragmaOptions=variable=W2 dim=2 complete_XLX_SEP_ [-Wdump-hls-pragmas]
#pragma HLS ARRAY_PARTITION variable=W2 dim=2 complete
^
cloud_mlp.cpp:102:1: warning: HLS pragma dump _XLX_SEP_ PragmaIsValid=1_XLX_SEP_ PragmaType=array_partition_XLX_SEP_ PragmaContext=hls_XLX_SEP_ PragmaFunction=compute_l2_XLX_SEP_ PragmaOptions=variable=W2 dim=1 cyclic factor=4_XLX_SEP_ [-Wdump-hls-pragmas]
#pragma HLS ARRAY_PARTITION variable=W2 dim=1 cyclic factor=4
^
cloud_mlp.cpp:105:1: warning: HLS pragma dump _XLX_SEP_ PragmaIsValid=1_XLX_SEP_ PragmaType=pipeline_XLX_SEP_ PragmaContext=hls_XLX_SEP_ PragmaFunction=compute_l2_XLX_SEP_ PragmaOptions=II=1_XLX_SEP_ [-Wdump-hls-pragmas]
#pragma HLS PIPELINE II=1
^
cloud_mlp.cpp:114:1: warning: HLS pragma dump _XLX_SEP_ PragmaIsValid=1_XLX_SEP_ PragmaType=unroll_XLX_SEP_ PragmaContext=hls_XLX_SEP_ PragmaFunction=compute_l2_XLX_SEP_ PragmaOptions=_XLX_SEP_ [-Wdump-hls-pragmas]
#pragma HLS UNROLL
^
cloud_mlp.cpp:122:1: warning: HLS pragma dump _XLX_SEP_ PragmaIsValid=1_XLX_SEP_ PragmaType=bind_op_XLX_SEP_ PragmaContext=hls_XLX_SEP_ PragmaFunction=compute_l2_XLX_SEP_ PragmaOptions=variable=p0 op=mul impl=dsp latency=3_XLX_SEP_ [-Wdump-hls-pragmas]
#pragma HLS BIND_OP variable=p0 op=mul impl=dsp latency=3
^
cloud_mlp.cpp:123:1: warning: HLS pragma dump _XLX_SEP_ PragmaIsValid=1_XLX_SEP_ PragmaType=bind_op_XLX_SEP_ PragmaContext=hls_XLX_SEP_ PragmaFunction=compute_l2_XLX_SEP_ PragmaOptions=variable=p1 op=mul impl=dsp latency=3_XLX_SEP_ [-Wdump-hls-pragmas]
#pragma HLS BIND_OP variable=p1 op=mul impl=dsp latency=3
^
cloud_mlp.cpp:124:1: warning: HLS pragma dump _XLX_SEP_ PragmaIsValid=1_XLX_SEP_ PragmaType=bind_op_XLX_SEP_ PragmaContext=hls_XLX_SEP_ PragmaFunction=compute_l2_XLX_SEP_ PragmaOptions=variable=p2 op=mul impl=dsp latency=3_XLX_SEP_ [-Wdump-hls-pragmas]
#pragma HLS BIND_OP variable=p2 op=mul impl=dsp latency=3
^
cloud_mlp.cpp:125:1: warning: HLS pragma dump _XLX_SEP_ PragmaIsValid=1_XLX_SEP_ PragmaType=bind_op_XLX_SEP_ PragmaContext=hls_XLX_SEP_ PragmaFunction=compute_l2_XLX_SEP_ PragmaOptions=variable=p3 op=mul impl=dsp latency=3_XLX_SEP_ [-Wdump-hls-pragmas]
#pragma HLS BIND_OP variable=p3 op=mul impl=dsp latency=3
^
cloud_mlp.cpp:144:1: warning: HLS pragma dump _XLX_SEP_ PragmaIsValid=1_XLX_SEP_ PragmaType=inline_XLX_SEP_ PragmaContext=hls_XLX_SEP_ PragmaFunction=compute_l3_XLX_SEP_ PragmaOptions=off_XLX_SEP_ [-Wdump-hls-pragmas]
#pragma HLS INLINE off
^
cloud_mlp.cpp:145:1: warning: HLS pragma dump _XLX_SEP_ PragmaIsValid=1_XLX_SEP_ PragmaType=array_partition_XLX_SEP_ PragmaContext=hls_XLX_SEP_ PragmaFunction=compute_l3_XLX_SEP_ PragmaOptions=variable=input complete_XLX_SEP_ [-Wdump-hls-pragmas]
#pragma HLS ARRAY_PARTITION variable=input complete
^
cloud_mlp.cpp:146:1: warning: HLS pragma dump _XLX_SEP_ PragmaIsValid=1_XLX_SEP_ PragmaType=array_partition_XLX_SEP_ PragmaContext=hls_XLX_SEP_ PragmaFunction=compute_l3_XLX_SEP_ PragmaOptions=variable=output cyclic factor=2_XLX_SEP_ [-Wdump-hls-pragmas]
#pragma HLS ARRAY_PARTITION variable=output cyclic factor=2
^
cloud_mlp.cpp:149:1: warning: HLS pragma dump _XLX_SEP_ PragmaIsValid=1_XLX_SEP_ PragmaType=bind_storage_XLX_SEP_ PragmaContext=hls_XLX_SEP_ PragmaFunction=compute_l3_XLX_SEP_ PragmaOptions=variable=W3 type=ram_2p impl=bram_XLX_SEP_ [-Wdump-hls-pragmas]
#pragma HLS BIND_STORAGE variable=W3 type=ram_2p impl=bram
^
cloud_mlp.cpp:150:1: warning: HLS pragma dump _XLX_SEP_ PragmaIsValid=1_XLX_SEP_ PragmaType=array_partition_XLX_SEP_ PragmaContext=hls_XLX_SEP_ PragmaFunction=compute_l3_XLX_SEP_ PragmaOptions=variable=W3 dim=2 complete_XLX_SEP_ [-Wdump-hls-pragmas]
#pragma HLS ARRAY_PARTITION variable=W3 dim=2 complete
^
cloud_mlp.cpp:151:1: warning: HLS pragma dump _XLX_SEP_ PragmaIsValid=1_XLX_SEP_ PragmaType=array_partition_XLX_SEP_ PragmaContext=hls_XLX_SEP_ PragmaFunction=compute_l3_XLX_SEP_ PragmaOptions=variable=W3 dim=1 cyclic factor=2_XLX_SEP_ [-Wdump-hls-pragmas]
#pragma HLS ARRAY_PARTITION variable=W3 dim=1 cyclic factor=2
^
cloud_mlp.cpp:154:1: warning: HLS pragma dump _XLX_SEP_ PragmaIsValid=1_XLX_SEP_ PragmaType=pipeline_XLX_SEP_ PragmaContext=hls_XLX_SEP_ PragmaFunction=compute_l3_XLX_SEP_ PragmaOptions=II=1_XLX_SEP_ [-Wdump-hls-pragmas]
#pragma HLS PIPELINE II=1
^
cloud_mlp.cpp:161:1: warning: HLS pragma dump _XLX_SEP_ PragmaIsValid=1_XLX_SEP_ PragmaType=unroll_XLX_SEP_ PragmaContext=hls_XLX_SEP_ PragmaFunction=compute_l3_XLX_SEP_ PragmaOptions=_XLX_SEP_ [-Wdump-hls-pragmas]
#pragma HLS UNROLL
^
cloud_mlp.cpp:167:1: warning: HLS pragma dump _XLX_SEP_ PragmaIsValid=1_XLX_SEP_ PragmaType=bind_op_XLX_SEP_ PragmaContext=hls_XLX_SEP_ PragmaFunction=compute_l3_XLX_SEP_ PragmaOptions=variable=p0 op=mul impl=dsp latency=3_XLX_SEP_ [-Wdump-hls-pragmas]
#pragma HLS BIND_OP variable=p0 op=mul impl=dsp latency=3
^
cloud_mlp.cpp:168:1: warning: HLS pragma dump _XLX_SEP_ PragmaIsValid=1_XLX_SEP_ PragmaType=bind_op_XLX_SEP_ PragmaContext=hls_XLX_SEP_ PragmaFunction=compute_l3_XLX_SEP_ PragmaOptions=variable=p1 op=mul impl=dsp latency=3_XLX_SEP_ [-Wdump-hls-pragmas]
#pragma HLS BIND_OP variable=p1 op=mul impl=dsp latency=3
^
cloud_mlp.cpp:179:1: warning: HLS pragma dump _XLX_SEP_ PragmaIsValid=1_XLX_SEP_ PragmaType=inline_XLX_SEP_ PragmaContext=hls_XLX_SEP_ PragmaFunction=write_output_XLX_SEP_ PragmaOptions=off_XLX_SEP_ [-Wdump-hls-pragmas]
#pragma HLS INLINE off
^
cloud_mlp.cpp:181:1: warning: HLS pragma dump _XLX_SEP_ PragmaIsValid=1_XLX_SEP_ PragmaType=array_partition_XLX_SEP_ PragmaContext=hls_XLX_SEP_ PragmaFunction=write_output_XLX_SEP_ PragmaOptions=variable=l3_out complete_XLX_SEP_ [-Wdump-hls-pragmas]
#pragma HLS ARRAY_PARTITION variable=l3_out complete
^
cloud_mlp.cpp:182:1: warning: HLS pragma dump _XLX_SEP_ PragmaIsValid=1_XLX_SEP_ PragmaType=bind_storage_XLX_SEP_ PragmaContext=hls_XLX_SEP_ PragmaFunction=write_output_XLX_SEP_ PragmaOptions=variable=W_OUT type=ram_1p impl=bram_XLX_SEP_ [-Wdump-hls-pragmas]
#pragma HLS BIND_STORAGE variable=W_OUT type=ram_1p impl=bram
^
cloud_mlp.cpp:183:1: warning: HLS pragma dump _XLX_SEP_ PragmaIsValid=1_XLX_SEP_ PragmaType=array_partition_XLX_SEP_ PragmaContext=hls_XLX_SEP_ PragmaFunction=write_output_XLX_SEP_ PragmaOptions=variable=W_OUT complete_XLX_SEP_ [-Wdump-hls-pragmas]
#pragma HLS ARRAY_PARTITION variable=W_OUT complete
^
cloud_mlp.cpp:186:30: warning: address of array 'B_OUT' will always evaluate to 'true' [-Wpointer-bool-conversion]
    data_t out_sum = (data_t)B_OUT;
                     ~       ^~~~~
cloud_mlp.cpp:191:1: warning: HLS pragma dump _XLX_SEP_ PragmaIsValid=1_XLX_SEP_ PragmaType=pipeline_XLX_SEP_ PragmaContext=hls_XLX_SEP_ PragmaFunction=write_output_XLX_SEP_ PragmaOptions=II=1_XLX_SEP_ [-Wdump-hls-pragmas]
#pragma HLS PIPELINE II=1
^
cloud_mlp.cpp:192:1: warning: HLS pragma dump _XLX_SEP_ PragmaIsValid=1_XLX_SEP_ PragmaType=unroll_XLX_SEP_ PragmaContext=hls_XLX_SEP_ PragmaFunction=write_output_XLX_SEP_ PragmaOptions=factor=4_XLX_SEP_ [-Wdump-hls-pragmas]
#pragma HLS UNROLL factor=4
^
cloud_mlp.cpp:195:1: warning: HLS pragma dump _XLX_SEP_ PragmaIsValid=1_XLX_SEP_ PragmaType=bind_op_XLX_SEP_ PragmaContext=hls_XLX_SEP_ PragmaFunction=write_output_XLX_SEP_ PragmaOptions=variable=prod op=mul impl=dsp latency=3_XLX_SEP_ [-Wdump-hls-pragmas]
#pragma HLS BIND_OP variable=prod op=mul impl=dsp latency=3
^
directive:1:1: warning: HLS pragma dump _XLX_SEP_ PragmaIsValid=1_XLX_SEP_ PragmaType=top_XLX_SEP_ PragmaContext=directive_XLX_SEP_ PragmaFunction=cloud_mlp_top_XLX_SEP_ PragmaOptions=name=cloud_mlp_top_XLX_SEP_ [-Wdump-hls-pragmas]
#pragma HLSDIRECTIVE TOP name=cloud_mlp_top
^
cloud_mlp.cpp:212:1: warning: HLS pragma dump _XLX_SEP_ PragmaIsValid=1_XLX_SEP_ PragmaType=interface_XLX_SEP_ PragmaContext=hls_XLX_SEP_ PragmaFunction=cloud_mlp_top_XLX_SEP_ PragmaOptions=axis port=in_stream_XLX_SEP_ [-Wdump-hls-pragmas]
#pragma HLS INTERFACE axis port=in_stream
^
cloud_mlp.cpp:213:1: warning: HLS pragma dump _XLX_SEP_ PragmaIsValid=1_XLX_SEP_ PragmaType=interface_XLX_SEP_ PragmaContext=hls_XLX_SEP_ PragmaFunction=cloud_mlp_top_XLX_SEP_ PragmaOptions=axis port=out_stream_XLX_SEP_ [-Wdump-hls-pragmas]
#pragma HLS INTERFACE axis port=out_stream
^
cloud_mlp.cpp:214:1: warning: HLS pragma dump _XLX_SEP_ PragmaIsValid=1_XLX_SEP_ PragmaType=interface_XLX_SEP_ PragmaContext=hls_XLX_SEP_ PragmaFunction=cloud_mlp_top_XLX_SEP_ PragmaOptions=s_axilite port=return bundle=control_XLX_SEP_ [-Wdump-hls-pragmas]
#pragma HLS INTERFACE s_axilite port=return bundle=control
^
cloud_mlp.cpp:215:1: warning: HLS pragma dump _XLX_SEP_ PragmaIsValid=1_XLX_SEP_ PragmaType=dataflow_XLX_SEP_ PragmaContext=hls_XLX_SEP_ PragmaFunction=cloud_mlp_top_XLX_SEP_ PragmaOptions=_XLX_SEP_ [-Wdump-hls-pragmas]
#pragma HLS DATAFLOW
^
cloud_mlp.cpp:218:1: warning: HLS pragma dump _XLX_SEP_ PragmaIsValid=1_XLX_SEP_ PragmaType=stream_XLX_SEP_ PragmaContext=hls_XLX_SEP_ PragmaFunction=cloud_mlp_top_XLX_SEP_ PragmaOptions=variable=meta_stream depth=64_XLX_SEP_ [-Wdump-hls-pragmas]
#pragma HLS STREAM variable=meta_stream depth=64
^
cloud_mlp.cpp:221:1: warning: HLS pragma dump _XLX_SEP_ PragmaIsValid=1_XLX_SEP_ PragmaType=array_partition_XLX_SEP_ PragmaContext=hls_XLX_SEP_ PragmaFunction=cloud_mlp_top_XLX_SEP_ PragmaOptions=variable=input_arr complete_XLX_SEP_ [-Wdump-hls-pragmas]
#pragma HLS ARRAY_PARTITION variable=input_arr complete
^
cloud_mlp.cpp:225:1: warning: HLS pragma dump _XLX_SEP_ PragmaIsValid=1_XLX_SEP_ PragmaType=array_partition_XLX_SEP_ PragmaContext=hls_XLX_SEP_ PragmaFunction=cloud_mlp_top_XLX_SEP_ PragmaOptions=variable=l1_out complete_XLX_SEP_ [-Wdump-hls-pragmas]
#pragma HLS ARRAY_PARTITION variable=l1_out complete
^
cloud_mlp.cpp:228:1: warning: HLS pragma dump _XLX_SEP_ PragmaIsValid=1_XLX_SEP_ PragmaType=array_partition_XLX_SEP_ PragmaContext=hls_XLX_SEP_ PragmaFunction=cloud_mlp_top_XLX_SEP_ PragmaOptions=variable=l2_out complete_XLX_SEP_ [-Wdump-hls-pragmas]
#pragma HLS ARRAY_PARTITION variable=l2_out complete
^
cloud_mlp.cpp:231:1: warning: HLS pragma dump _XLX_SEP_ PragmaIsValid=1_XLX_SEP_ PragmaType=array_partition_XLX_SEP_ PragmaContext=hls_XLX_SEP_ PragmaFunction=cloud_mlp_top_XLX_SEP_ PragmaOptions=variable=l3_out complete_XLX_SEP_ [-Wdump-hls-pragmas]
#pragma HLS ARRAY_PARTITION variable=l3_out complete
^
64 warnings generated.
