

================================================================
== Vitis HLS Report for 'read_input'
================================================================
* Date:           Wed Feb 11 10:33:46 2026

* Version:        2025.2 (Build 6295257 on Nov 14 2025)
* Project:        OCDS_4K_Stream
* Solution:       hls (Vivado IP Flow Target)
* Product family: zynquplus
* Target device:  xczu9eg-ffvb1156-2-e


================================================================
== Performance Estimates
================================================================
+ Timing: 
    * Summary: 
    +--------+----------+----------+------------+
    |  Clock |  Target  | Estimated| Uncertainty|
    +--------+----------+----------+------------+
    |ap_clk  |  25.00 ns|  2.054 ns|     0.68 ns|
    +--------+----------+----------+------------+

+ Latency: 
    * Summary: 
    +---------+---------+----------+----------+-----+-----+---------+
    |  Latency (cycles) |  Latency (absolute) |  Interval | Pipeline|
    |   min   |   max   |    min   |    max   | min | max |   Type  |
    +---------+---------+----------+----------+-----+-----+---------+
    |        0|        0|      0 ns|      0 ns|    0|    0|       no|
    +---------+---------+----------+----------+-----+-----+---------+

    + Detail: 
        * Instance: 
        N/A

        * Loop: 
        N/A

============================================================
+ Verbose Summary: Synthesis Manager
============================================================
InlineROM: 1
ExposeGlobal: 0
============================================================
+ Verbose Summary: CDFG Model
============================================================
IsTopModel: 0
ResetActiveHigh: 1
IsCombinational: 2
IsDatapathOnly: 0
HasWiredReturn: 1
HasMFsm: 0
HasVarLatency: 0
IsPipeline: 0
IsRtlPipelined: 0
IsInstanceOverlapped: 0
IsDontTouch: 0
HasImplIP: 0
IsGatedGlobalClock: 0


============================================================
+ Verbose Summary: Schedule
============================================================
* Number of FSM states : 1
* Pipeline : 0
* Dataflow Pipeline: 0

* FSM state transitions: 
1 --> 

* FSM state operations: 

State 1 <SV = 0> <Delay = 2.05>
ST_1 : Operation 2 [1/1] (0.00ns)   --->   "%specinterface_ln0 = specinterface void @_ssdm_op_SpecInterface, i32 %meta_stream, void @empty_520, i32 0, i32 0, void @empty_517, i32 0, i32 0, void @empty_517, void @empty_517, void @empty_517, i32 0, i32 0, i32 0, i32 0, void @empty_517, void @empty_517, i32 4294967295, i32 0, i32 0, i32 0"   --->   Operation 2 'specinterface' 'specinterface_ln0' <Predicate = true> <Delay = 0.00>
ST_1 : Operation 3 [1/1] (0.00ns)   --->   "%specinterface_ln0 = specinterface void @_ssdm_op_SpecInterface, i32 %meta_stream, void @empty_520, i32 0, i32 0, void @empty_517, i32 0, i32 0, void @empty_517, void @empty_517, void @empty_517, i32 0, i32 0, i32 0, i32 0, void @empty_517, void @empty_517, i32 4294967295, i32 0, i32 0, i32 0"   --->   Operation 3 'specinterface' 'specinterface_ln0' <Predicate = true> <Delay = 0.00>
ST_1 : Operation 4 [1/1] (0.00ns)   --->   "%specinterface_ln0 = specinterface void @_ssdm_op_SpecInterface, i32 %meta_stream, void @empty_520, i32 0, i32 0, void @empty_517, i32 0, i32 0, void @empty_517, void @empty_517, void @empty_517, i32 0, i32 0, i32 0, i32 0, void @empty_517, void @empty_517, i32 4294967295, i32 0, i32 0, i32 0"   --->   Operation 4 'specinterface' 'specinterface_ln0' <Predicate = true> <Delay = 0.00>
ST_1 : Operation 5 [1/1] (0.00ns)   --->   "%specaxissidechannel_ln0 = specaxissidechannel void @_ssdm_op_SpecAXISSideChannel, i32 %in_stream_V_data_V, i4 %in_stream_V_keep_V, i4 %in_stream_V_strb_V, i1 0, i1 %in_stream_V_last_V, i1 0, i1 0, void @empty_521"   --->   Operation 5 'specaxissidechannel' 'specaxissidechannel_ln0' <Predicate = true> <Delay = 0.00>
ST_1 : Operation 6 [1/1] (0.00ns)   --->   "%specinterface_ln0 = specinterface void @_ssdm_op_SpecInterface, i32 %meta_stream, void @empty_520, i32 0, i32 0, void @empty_517, i32 0, i32 0, void @empty_517, void @empty_517, void @empty_517, i32 0, i32 0, i32 0, i32 0, void @empty_517, void @empty_517, i32 4294967295, i32 0, i32 0, i32 0"   --->   Operation 6 'specinterface' 'specinterface_ln0' <Predicate = true> <Delay = 0.00>
ST_1 : Operation 7 [1/1] (0.00ns)   --->   "%specinterface_ln0 = specinterface void @_ssdm_op_SpecInterface, i1 %in_stream_V_last_V, i4 %in_stream_V_strb_V, i4 %in_stream_V_keep_V, i32 %in_stream_V_data_V, void @empty_515, i32 1, i32 1, void @empty_516, i32 0, i32 0, void @empty_517, void @empty_517, void @empty_517, i32 0, i32 0, i32 0, i32 0, void @empty_517, void @empty_517, i32 4294967295, i32 0, i32 0, i32 0"   --->   Operation 7 'specinterface' 'specinterface_ln0' <Predicate = true> <Delay = 0.00>
ST_1 : Operation 8 [1/1] ( I:0.49ns O:0.49ns )   --->   "%tmp_i = nbreadreq i1 @_ssdm_op_NbReadReq.axis.i32P0A.i4P0A.i4P0A.i1P0A, i32 %in_stream_V_data_V, i4 %in_stream_V_keep_V, i4 %in_stream_V_strb_V, i1 %in_stream_V_last_V, i32 1" [cloud_mlp.cpp:32]   --->   Operation 8 'nbreadreq' 'tmp_i' <Predicate = true> <Delay = 0.49> <CoreInst = "regslice">   --->   Core 147 'regslice' <Latency = 0> <II = 1> <Delay = 0.65> <Adapter> <Opcode : 'read' 'write'>
ST_1 : Operation 9 [1/1] (0.00ns)   --->   "%br_ln32 = br i1 %tmp_i, void %read_input.exit, void %if.end.i" [cloud_mlp.cpp:32]   --->   Operation 9 'br' 'br_ln32' <Predicate = true> <Delay = 0.00>
ST_1 : Operation 10 [1/1] ( I:0.07ns O:0.07ns )   --->   "%empty = read i41 @_ssdm_op_Read.axis.volatile.i32P0A.i4P0A.i4P0A.i1P0A, i32 %in_stream_V_data_V, i4 %in_stream_V_keep_V, i4 %in_stream_V_strb_V, i1 %in_stream_V_last_V" [cloud_mlp.cpp:34]   --->   Operation 10 'read' 'empty' <Predicate = (tmp_i)> <Delay = 0.07> <CoreInst = "regslice">   --->   Core 147 'regslice' <Latency = 0> <II = 1> <Delay = 0.65> <Adapter> <Opcode : 'read' 'write'>
ST_1 : Operation 11 [1/1] (0.00ns)   --->   "%p_s = extractvalue i41 %empty" [cloud_mlp.cpp:34]   --->   Operation 11 'extractvalue' 'p_s' <Predicate = (tmp_i)> <Delay = 0.00>
ST_1 : Operation 12 [1/1] (0.00ns)   --->   "%meta_keep = extractvalue i41 %empty" [cloud_mlp.cpp:34]   --->   Operation 12 'extractvalue' 'meta_keep' <Predicate = (tmp_i)> <Delay = 0.00>
ST_1 : Operation 13 [1/1] (0.00ns)   --->   "%meta_strb = extractvalue i41 %empty" [cloud_mlp.cpp:34]   --->   Operation 13 'extractvalue' 'meta_strb' <Predicate = (tmp_i)> <Delay = 0.00>
ST_1 : Operation 14 [1/1] (0.00ns)   --->   "%meta_last = extractvalue i41 %empty" [cloud_mlp.cpp:34]   --->   Operation 14 'extractvalue' 'meta_last' <Predicate = (tmp_i)> <Delay = 0.00>
ST_1 : Operation 15 [1/1] (0.00ns)   --->   "%tmp_1_i = partselect i8 @_ssdm_op_PartSelect.i8.i32.i32.i32, i32 %p_s, i32 24, i32 31" [cloud_mlp.cpp:40]   --->   Operation 15 'partselect' 'tmp_1_i' <Predicate = (tmp_i)> <Delay = 0.00>
ST_1 : Operation 16 [1/1] (0.00ns)   --->   "%p_0 = bitconcatenate i32 @_ssdm_op_BitConcatenate.i32.i8.i7.i1.i4.i4.i4.i4, i8 %tmp_1_i, i7 0, i1 %meta_last, i4 0, i4 %meta_strb, i4 0, i4 %meta_keep" [cloud_mlp.cpp:40]   --->   Operation 16 'bitconcatenate' 'p_0' <Predicate = (tmp_i)> <Delay = 0.00>
ST_1 : Operation 17 [1/1] ( I:1.55ns O:1.55ns )   --->   "%write_ln40 = write void @_ssdm_op_Write.ap_fifo.volatile.i32P0A, i32 %meta_stream, i32 %p_0" [cloud_mlp.cpp:40]   --->   Operation 17 'write' 'write_ln40' <Predicate = (tmp_i)> <Delay = 1.55> <CoreInst = "FIFO">   --->   Core 77 'FIFO' <Latency = 0> <II = 1> <Delay = 1.55> <Storage> <Opcode : 'read' 'write' 'nbread' 'nbwrite'> <Ports = 0> <Width = 32> <Depth = 64> <FIFO>
ST_1 : Operation 18 [1/1] (0.00ns)   --->   "%trunc_ln45 = trunc i32 %p_s" [cloud_mlp.cpp:45]   --->   Operation 18 'trunc' 'trunc_ln45' <Predicate = (tmp_i)> <Delay = 0.00>
ST_1 : Operation 19 [1/1] (0.00ns)   --->   "%shl_ln = bitconcatenate i8 @_ssdm_op_BitConcatenate.i8.i6.i2, i6 %trunc_ln45, i2 0" [cloud_mlp.cpp:45]   --->   Operation 19 'bitconcatenate' 'shl_ln' <Predicate = (tmp_i)> <Delay = 0.00>
ST_1 : Operation 20 [1/1] (0.00ns)   --->   "%tmp_1 = partselect i6 @_ssdm_op_PartSelect.i6.i32.i32.i32, i32 %p_s, i32 8, i32 13" [cloud_mlp.cpp:46]   --->   Operation 20 'partselect' 'tmp_1' <Predicate = (tmp_i)> <Delay = 0.00>
ST_1 : Operation 21 [1/1] (0.00ns)   --->   "%shl_ln1 = bitconcatenate i8 @_ssdm_op_BitConcatenate.i8.i6.i2, i6 %tmp_1, i2 0" [cloud_mlp.cpp:46]   --->   Operation 21 'bitconcatenate' 'shl_ln1' <Predicate = (tmp_i)> <Delay = 0.00>
ST_1 : Operation 22 [1/1] (0.00ns)   --->   "%tmp_2 = partselect i6 @_ssdm_op_PartSelect.i6.i32.i32.i32, i32 %p_s, i32 16, i32 21" [cloud_mlp.cpp:47]   --->   Operation 22 'partselect' 'tmp_2' <Predicate = (tmp_i)> <Delay = 0.00>
ST_1 : Operation 23 [1/1] (0.00ns)   --->   "%shl_ln2 = bitconcatenate i8 @_ssdm_op_BitConcatenate.i8.i6.i2, i6 %tmp_2, i2 0" [cloud_mlp.cpp:47]   --->   Operation 23 'bitconcatenate' 'shl_ln2' <Predicate = (tmp_i)> <Delay = 0.00>
ST_1 : Operation 24 [1/1] (0.00ns)   --->   "%tmp_3 = partselect i6 @_ssdm_op_PartSelect.i6.i32.i32.i32, i32 %p_s, i32 24, i32 29" [cloud_mlp.cpp:48]   --->   Operation 24 'partselect' 'tmp_3' <Predicate = (tmp_i)> <Delay = 0.00>
ST_1 : Operation 25 [1/1] (0.00ns)   --->   "%shl_ln3 = bitconcatenate i8 @_ssdm_op_BitConcatenate.i8.i6.i2, i6 %tmp_3, i2 0" [cloud_mlp.cpp:48]   --->   Operation 25 'bitconcatenate' 'shl_ln3' <Predicate = (tmp_i)> <Delay = 0.00>
ST_1 : Operation 26 [1/1] (0.00ns)   --->   "%br_ln49 = br void %read_input.exit" [cloud_mlp.cpp:49]   --->   Operation 26 'br' 'br_ln49' <Predicate = (tmp_i)> <Delay = 0.00>
ST_1 : Operation 27 [1/1] (0.00ns)   --->   "%input_3_out_0 = phi i8 %shl_ln3, void %if.end.i, i8 0, void %entry" [cloud_mlp.cpp:48]   --->   Operation 27 'phi' 'input_3_out_0' <Predicate = true> <Delay = 0.00>
ST_1 : Operation 28 [1/1] (0.00ns)   --->   "%input_2_out_0 = phi i8 %shl_ln2, void %if.end.i, i8 0, void %entry" [cloud_mlp.cpp:47]   --->   Operation 28 'phi' 'input_2_out_0' <Predicate = true> <Delay = 0.00>
ST_1 : Operation 29 [1/1] (0.00ns)   --->   "%input_1_out_0 = phi i8 %shl_ln1, void %if.end.i, i8 0, void %entry" [cloud_mlp.cpp:46]   --->   Operation 29 'phi' 'input_1_out_0' <Predicate = true> <Delay = 0.00>
ST_1 : Operation 30 [1/1] (0.00ns)   --->   "%input_0_out_0 = phi i8 %shl_ln, void %if.end.i, i8 0, void %entry" [cloud_mlp.cpp:45]   --->   Operation 30 'phi' 'input_0_out_0' <Predicate = true> <Delay = 0.00>
ST_1 : Operation 31 [1/1] (0.00ns)   --->   "%mrv = insertvalue i32 <undef>, i8 %input_0_out_0" [cloud_mlp.cpp:45]   --->   Operation 31 'insertvalue' 'mrv' <Predicate = true> <Delay = 0.00>
ST_1 : Operation 32 [1/1] (0.00ns)   --->   "%mrv_1 = insertvalue i32 %mrv, i8 %input_1_out_0" [cloud_mlp.cpp:45]   --->   Operation 32 'insertvalue' 'mrv_1' <Predicate = true> <Delay = 0.00>
ST_1 : Operation 33 [1/1] (0.00ns)   --->   "%mrv_2 = insertvalue i32 %mrv_1, i8 %input_2_out_0" [cloud_mlp.cpp:45]   --->   Operation 33 'insertvalue' 'mrv_2' <Predicate = true> <Delay = 0.00>
ST_1 : Operation 34 [1/1] (0.00ns)   --->   "%mrv_3 = insertvalue i32 %mrv_2, i8 %input_3_out_0" [cloud_mlp.cpp:45]   --->   Operation 34 'insertvalue' 'mrv_3' <Predicate = true> <Delay = 0.00>
ST_1 : Operation 35 [1/1] (0.00ns)   --->   "%ret_ln45 = ret i32 %mrv_3" [cloud_mlp.cpp:45]   --->   Operation 35 'ret' 'ret_ln45' <Predicate = true> <Delay = 0.00>


============================================================
+ Verbose Summary: Timing violations
============================================================
Target clock period: 25.000ns, clock uncertainty: 0.675ns.

 <State 1>: 2.054ns
The critical path consists of the following:
	axis request operation ('tmp_i', cloud_mlp.cpp:32) on port 'in_stream_V_data_V' (cloud_mlp.cpp:32) [12]  (0.497 ns)
	fifo write operation ('write_ln40', cloud_mlp.cpp:40) on port 'meta_stream' (cloud_mlp.cpp:40) [22]  (1.557 ns)


============================================================
+ Verbose Summary: Binding
============================================================
N/A
* FSMD analyzer results:
  - Output states:
 - Input state : 
  - Chain level:
	State 1


============================================================
+ Verbose Summary: Datapath Resource usage 
============================================================
N/A
