

================================================================
== Vitis HLS Report for 'read_input'
================================================================
* Date:           Wed Feb 11 10:34:36 2026

* Version:        2025.2 (Build 6295257 on Nov 14 2025)
* Project:        OCDS_4K_Stream
* Solution:       hls (Vivado IP Flow Target)
* Product family: zynquplus
* Target device:  xczu9eg-ffvb1156-2-e


================================================================
== Performance Estimates
================================================================
+ Timing: 
    * Summary: 
    +--------+----------+----------+------------+
    |  Clock |  Target  | Estimated| Uncertainty|
    +--------+----------+----------+------------+
    |ap_clk  |  25.00 ns|  2.054 ns|     0.68 ns|
    +--------+----------+----------+------------+

+ Latency: 
    * Summary: 
    +---------+---------+----------+----------+-----+-----+---------+
    |  Latency (cycles) |  Latency (absolute) |  Interval | Pipeline|
    |   min   |   max   |    min   |    max   | min | max |   Type  |
    +---------+---------+----------+----------+-----+-----+---------+
    |        0|        0|      0 ns|      0 ns|    0|    0|       no|
    +---------+---------+----------+----------+-----+-----+---------+

    + Detail: 
        * Instance: 
        N/A

        * Loop: 
        N/A



================================================================
== Utilization Estimates
================================================================
* Summary: 
+-----------------+---------+------+--------+--------+-----+
|       Name      | BRAM_18K|  DSP |   FF   |   LUT  | URAM|
+-----------------+---------+------+--------+--------+-----+
|DSP              |        -|     -|       -|       -|    -|
|Expression       |        -|     -|       0|       4|    -|
|FIFO             |        -|     -|       -|       -|    -|
|Instance         |        -|     -|       -|       -|    -|
|Memory           |        -|     -|       -|       -|    -|
|Multiplexer      |        -|     -|       0|      63|    -|
|Register         |        -|     -|      26|       -|    -|
+-----------------+---------+------+--------+--------+-----+
|Total            |        0|     0|      26|      67|    0|
+-----------------+---------+------+--------+--------+-----+
|Available        |     1824|  2520|  548160|  274080|    0|
+-----------------+---------+------+--------+--------+-----+
|Utilization (%)  |        0|     0|      ~0|      ~0|    0|
+-----------------+---------+------+--------+--------+-----+

+ Detail: 
    * Instance: 
    N/A

    * DSP: 
    N/A

    * Memory: 
    N/A

    * FIFO: 
    N/A

    * Expression: 
    +--------------------------+----------+----+---+----+------------+------------+
    |       Variable Name      | Operation| DSP| FF| LUT| Bitwidth P0| Bitwidth P1|
    +--------------------------+----------+----+---+----+------------+------------+
    |tmp_i_nbreadreq_fu_70_p6  |       and|   0|  0|   2|           1|           0|
    |ap_block_state1           |        or|   0|  0|   2|           1|           1|
    +--------------------------+----------+----+---+----+------------+------------+
    |Total                     |          |   0|  0|   4|           2|           1|
    +--------------------------+----------+----+---+----+------------+------------+

    * Multiplexer: 
    +-----------------------+----+-----------+-----+-----------+
    |          Name         | LUT| Input Size| Bits| Total Bits|
    +-----------------------+----+-----------+-----+-----------+
    |ap_done                |   9|          2|    1|          2|
    |ap_return_0            |   9|          2|    6|         12|
    |ap_return_1            |   9|          2|    6|         12|
    |ap_return_2            |   9|          2|    6|         12|
    |ap_return_3            |   9|          2|    6|         12|
    |in_stream_TDATA_blk_n  |   9|          2|    1|          2|
    |meta_stream_blk_n      |   9|          2|    1|          2|
    +-----------------------+----+-----------+-----+-----------+
    |Total                  |  63|         14|   27|         54|
    +-----------------------+----+-----------+-----+-----------+

    * Register: 
    +------------------+---+----+-----+-----------+
    |       Name       | FF| LUT| Bits| Const Bits|
    +------------------+---+----+-----+-----------+
    |ap_CS_fsm         |  1|   0|    1|          0|
    |ap_done_reg       |  1|   0|    1|          0|
    |ap_return_0_preg  |  6|   0|    8|          2|
    |ap_return_1_preg  |  6|   0|    8|          2|
    |ap_return_2_preg  |  6|   0|    8|          2|
    |ap_return_3_preg  |  6|   0|    8|          2|
    +------------------+---+----+-----+-----------+
    |Total             | 26|   0|   34|          8|
    +------------------+---+----+-----+-----------+



================================================================
== Interface
================================================================
* Summary: 
+----------------------------+-----+-----+------------+--------------------+--------------+
|          RTL Ports         | Dir | Bits|  Protocol  |    Source Object   |    C Type    |
+----------------------------+-----+-----+------------+--------------------+--------------+
|ap_clk                      |   in|    1|  ap_ctrl_hs|          read_input|  return value|
|ap_rst                      |   in|    1|  ap_ctrl_hs|          read_input|  return value|
|ap_start                    |   in|    1|  ap_ctrl_hs|          read_input|  return value|
|ap_done                     |  out|    1|  ap_ctrl_hs|          read_input|  return value|
|ap_continue                 |   in|    1|  ap_ctrl_hs|          read_input|  return value|
|ap_idle                     |  out|    1|  ap_ctrl_hs|          read_input|  return value|
|ap_ready                    |  out|    1|  ap_ctrl_hs|          read_input|  return value|
|ap_return_0                 |  out|    8|  ap_ctrl_hs|          read_input|  return value|
|ap_return_1                 |  out|    8|  ap_ctrl_hs|          read_input|  return value|
|ap_return_2                 |  out|    8|  ap_ctrl_hs|          read_input|  return value|
|ap_return_3                 |  out|    8|  ap_ctrl_hs|          read_input|  return value|
|in_stream_TDATA             |   in|   32|        axis|  in_stream_V_data_V|       pointer|
|in_stream_TVALID            |   in|    1|        axis|  in_stream_V_last_V|       pointer|
|in_stream_TREADY            |  out|    1|        axis|  in_stream_V_last_V|       pointer|
|in_stream_TLAST             |   in|    1|        axis|  in_stream_V_last_V|       pointer|
|in_stream_TKEEP             |   in|    4|        axis|  in_stream_V_keep_V|       pointer|
|in_stream_TSTRB             |   in|    4|        axis|  in_stream_V_strb_V|       pointer|
|meta_stream_din             |  out|   32|     ap_fifo|         meta_stream|       pointer|
|meta_stream_full_n          |   in|    1|     ap_fifo|         meta_stream|       pointer|
|meta_stream_write           |  out|    1|     ap_fifo|         meta_stream|       pointer|
|meta_stream_num_data_valid  |   in|    7|     ap_fifo|         meta_stream|       pointer|
|meta_stream_fifo_cap        |   in|    7|     ap_fifo|         meta_stream|       pointer|
+----------------------------+-----+-----+------------+--------------------+--------------+

============================================================
+ Verbose Summary: Synthesis Manager
============================================================
InlineROM: 1
ExposeGlobal: 0
============================================================
+ Verbose Summary: CDFG Model
============================================================
IsTopModel: 0
ResetActiveHigh: 1
IsCombinational: 2
IsDatapathOnly: 0
HasWiredReturn: 1
HasMFsm: 0
HasVarLatency: 0
IsPipeline: 0
IsRtlPipelined: 0
IsInstanceOverlapped: 0
IsDontTouch: 0
HasImplIP: 0
IsGatedGlobalClock: 0


============================================================
+ Verbose Summary: Schedule
============================================================
* Number of FSM states : 1
* Pipeline : 0
* Dataflow Pipeline: 0

* FSM state transitions: 
1 --> 

* FSM state operations: 

State 1 <SV = 0> <Delay = 2.05>
ST_1 : Operation 2 [1/1] (0.00ns)   --->   "%specinterface_ln0 = specinterface void @_ssdm_op_SpecInterface, i32 %meta_stream, void @empty_520, i32 0, i32 0, void @empty_517, i32 0, i32 0, void @empty_517, void @empty_517, void @empty_517, i32 0, i32 0, i32 0, i32 0, void @empty_517, void @empty_517, i32 4294967295, i32 0, i32 0, i32 0"   --->   Operation 2 'specinterface' 'specinterface_ln0' <Predicate = true> <Delay = 0.00>
ST_1 : Operation 3 [1/1] (0.00ns)   --->   "%specinterface_ln0 = specinterface void @_ssdm_op_SpecInterface, i32 %meta_stream, void @empty_520, i32 0, i32 0, void @empty_517, i32 0, i32 0, void @empty_517, void @empty_517, void @empty_517, i32 0, i32 0, i32 0, i32 0, void @empty_517, void @empty_517, i32 4294967295, i32 0, i32 0, i32 0"   --->   Operation 3 'specinterface' 'specinterface_ln0' <Predicate = true> <Delay = 0.00>
ST_1 : Operation 4 [1/1] (0.00ns)   --->   "%specinterface_ln0 = specinterface void @_ssdm_op_SpecInterface, i32 %meta_stream, void @empty_520, i32 0, i32 0, void @empty_517, i32 0, i32 0, void @empty_517, void @empty_517, void @empty_517, i32 0, i32 0, i32 0, i32 0, void @empty_517, void @empty_517, i32 4294967295, i32 0, i32 0, i32 0"   --->   Operation 4 'specinterface' 'specinterface_ln0' <Predicate = true> <Delay = 0.00>
ST_1 : Operation 5 [1/1] (0.00ns)   --->   "%specaxissidechannel_ln0 = specaxissidechannel void @_ssdm_op_SpecAXISSideChannel, i32 %in_stream_V_data_V, i4 %in_stream_V_keep_V, i4 %in_stream_V_strb_V, i1 0, i1 %in_stream_V_last_V, i1 0, i1 0, void @empty_521"   --->   Operation 5 'specaxissidechannel' 'specaxissidechannel_ln0' <Predicate = true> <Delay = 0.00>
ST_1 : Operation 6 [1/1] (0.00ns)   --->   "%specinterface_ln0 = specinterface void @_ssdm_op_SpecInterface, i32 %meta_stream, void @empty_520, i32 0, i32 0, void @empty_517, i32 0, i32 0, void @empty_517, void @empty_517, void @empty_517, i32 0, i32 0, i32 0, i32 0, void @empty_517, void @empty_517, i32 4294967295, i32 0, i32 0, i32 0"   --->   Operation 6 'specinterface' 'specinterface_ln0' <Predicate = true> <Delay = 0.00>
ST_1 : Operation 7 [1/1] (0.00ns)   --->   "%specinterface_ln0 = specinterface void @_ssdm_op_SpecInterface, i1 %in_stream_V_last_V, i4 %in_stream_V_strb_V, i4 %in_stream_V_keep_V, i32 %in_stream_V_data_V, void @empty_515, i32 1, i32 1, void @empty_516, i32 0, i32 0, void @empty_517, void @empty_517, void @empty_517, i32 0, i32 0, i32 0, i32 0, void @empty_517, void @empty_517, i32 4294967295, i32 0, i32 0, i32 0"   --->   Operation 7 'specinterface' 'specinterface_ln0' <Predicate = true> <Delay = 0.00>
ST_1 : Operation 8 [1/1] ( I:0.49ns O:0.49ns )   --->   "%tmp_i = nbreadreq i1 @_ssdm_op_NbReadReq.axis.i32P0A.i4P0A.i4P0A.i1P0A, i32 %in_stream_V_data_V, i4 %in_stream_V_keep_V, i4 %in_stream_V_strb_V, i1 %in_stream_V_last_V, i32 1" [cloud_mlp.cpp:32]   --->   Operation 8 'nbreadreq' 'tmp_i' <Predicate = true> <Delay = 0.49> <CoreInst = "regslice">   --->   Core 147 'regslice' <Latency = 0> <II = 1> <Delay = 0.65> <Adapter> <Opcode : 'read' 'write'>
ST_1 : Operation 9 [1/1] (0.00ns)   --->   "%br_ln32 = br i1 %tmp_i, void %read_input.exit, void %if.end.i" [cloud_mlp.cpp:32]   --->   Operation 9 'br' 'br_ln32' <Predicate = true> <Delay = 0.00>
ST_1 : Operation 10 [1/1] ( I:0.07ns O:0.07ns )   --->   "%empty = read i41 @_ssdm_op_Read.axis.volatile.i32P0A.i4P0A.i4P0A.i1P0A, i32 %in_stream_V_data_V, i4 %in_stream_V_keep_V, i4 %in_stream_V_strb_V, i1 %in_stream_V_last_V" [cloud_mlp.cpp:34]   --->   Operation 10 'read' 'empty' <Predicate = (tmp_i)> <Delay = 0.07> <CoreInst = "regslice">   --->   Core 147 'regslice' <Latency = 0> <II = 1> <Delay = 0.65> <Adapter> <Opcode : 'read' 'write'>
ST_1 : Operation 11 [1/1] (0.00ns)   --->   "%p_s = extractvalue i41 %empty" [cloud_mlp.cpp:34]   --->   Operation 11 'extractvalue' 'p_s' <Predicate = (tmp_i)> <Delay = 0.00>
ST_1 : Operation 12 [1/1] (0.00ns)   --->   "%meta_keep = extractvalue i41 %empty" [cloud_mlp.cpp:34]   --->   Operation 12 'extractvalue' 'meta_keep' <Predicate = (tmp_i)> <Delay = 0.00>
ST_1 : Operation 13 [1/1] (0.00ns)   --->   "%meta_strb = extractvalue i41 %empty" [cloud_mlp.cpp:34]   --->   Operation 13 'extractvalue' 'meta_strb' <Predicate = (tmp_i)> <Delay = 0.00>
ST_1 : Operation 14 [1/1] (0.00ns)   --->   "%meta_last = extractvalue i41 %empty" [cloud_mlp.cpp:34]   --->   Operation 14 'extractvalue' 'meta_last' <Predicate = (tmp_i)> <Delay = 0.00>
ST_1 : Operation 15 [1/1] (0.00ns)   --->   "%tmp_1_i = partselect i8 @_ssdm_op_PartSelect.i8.i32.i32.i32, i32 %p_s, i32 24, i32 31" [cloud_mlp.cpp:40]   --->   Operation 15 'partselect' 'tmp_1_i' <Predicate = (tmp_i)> <Delay = 0.00>
ST_1 : Operation 16 [1/1] (0.00ns)   --->   "%p_0 = bitconcatenate i32 @_ssdm_op_BitConcatenate.i32.i8.i7.i1.i4.i4.i4.i4, i8 %tmp_1_i, i7 0, i1 %meta_last, i4 0, i4 %meta_strb, i4 0, i4 %meta_keep" [cloud_mlp.cpp:40]   --->   Operation 16 'bitconcatenate' 'p_0' <Predicate = (tmp_i)> <Delay = 0.00>
ST_1 : Operation 17 [1/1] ( I:1.55ns O:1.55ns )   --->   "%write_ln40 = write void @_ssdm_op_Write.ap_fifo.volatile.i32P0A, i32 %meta_stream, i32 %p_0" [cloud_mlp.cpp:40]   --->   Operation 17 'write' 'write_ln40' <Predicate = (tmp_i)> <Delay = 1.55> <CoreInst = "FIFO">   --->   Core 77 'FIFO' <Latency = 0> <II = 1> <Delay = 1.55> <Storage> <Opcode : 'read' 'write' 'nbread' 'nbwrite'> <Ports = 0> <Width = 32> <Depth = 64> <FIFO>
ST_1 : Operation 18 [1/1] (0.00ns)   --->   "%trunc_ln45 = trunc i32 %p_s" [cloud_mlp.cpp:45]   --->   Operation 18 'trunc' 'trunc_ln45' <Predicate = (tmp_i)> <Delay = 0.00>
ST_1 : Operation 19 [1/1] (0.00ns)   --->   "%shl_ln = bitconcatenate i8 @_ssdm_op_BitConcatenate.i8.i6.i2, i6 %trunc_ln45, i2 0" [cloud_mlp.cpp:45]   --->   Operation 19 'bitconcatenate' 'shl_ln' <Predicate = (tmp_i)> <Delay = 0.00>
ST_1 : Operation 20 [1/1] (0.00ns)   --->   "%tmp_1 = partselect i6 @_ssdm_op_PartSelect.i6.i32.i32.i32, i32 %p_s, i32 8, i32 13" [cloud_mlp.cpp:46]   --->   Operation 20 'partselect' 'tmp_1' <Predicate = (tmp_i)> <Delay = 0.00>
ST_1 : Operation 21 [1/1] (0.00ns)   --->   "%shl_ln1 = bitconcatenate i8 @_ssdm_op_BitConcatenate.i8.i6.i2, i6 %tmp_1, i2 0" [cloud_mlp.cpp:46]   --->   Operation 21 'bitconcatenate' 'shl_ln1' <Predicate = (tmp_i)> <Delay = 0.00>
ST_1 : Operation 22 [1/1] (0.00ns)   --->   "%tmp_2 = partselect i6 @_ssdm_op_PartSelect.i6.i32.i32.i32, i32 %p_s, i32 16, i32 21" [cloud_mlp.cpp:47]   --->   Operation 22 'partselect' 'tmp_2' <Predicate = (tmp_i)> <Delay = 0.00>
ST_1 : Operation 23 [1/1] (0.00ns)   --->   "%shl_ln2 = bitconcatenate i8 @_ssdm_op_BitConcatenate.i8.i6.i2, i6 %tmp_2, i2 0" [cloud_mlp.cpp:47]   --->   Operation 23 'bitconcatenate' 'shl_ln2' <Predicate = (tmp_i)> <Delay = 0.00>
ST_1 : Operation 24 [1/1] (0.00ns)   --->   "%tmp_3 = partselect i6 @_ssdm_op_PartSelect.i6.i32.i32.i32, i32 %p_s, i32 24, i32 29" [cloud_mlp.cpp:48]   --->   Operation 24 'partselect' 'tmp_3' <Predicate = (tmp_i)> <Delay = 0.00>
ST_1 : Operation 25 [1/1] (0.00ns)   --->   "%shl_ln3 = bitconcatenate i8 @_ssdm_op_BitConcatenate.i8.i6.i2, i6 %tmp_3, i2 0" [cloud_mlp.cpp:48]   --->   Operation 25 'bitconcatenate' 'shl_ln3' <Predicate = (tmp_i)> <Delay = 0.00>
ST_1 : Operation 26 [1/1] (0.00ns)   --->   "%br_ln49 = br void %read_input.exit" [cloud_mlp.cpp:49]   --->   Operation 26 'br' 'br_ln49' <Predicate = (tmp_i)> <Delay = 0.00>
ST_1 : Operation 27 [1/1] (0.00ns)   --->   "%input_3_out_0 = phi i8 %shl_ln3, void %if.end.i, i8 0, void %entry" [cloud_mlp.cpp:48]   --->   Operation 27 'phi' 'input_3_out_0' <Predicate = true> <Delay = 0.00>
ST_1 : Operation 28 [1/1] (0.00ns)   --->   "%input_2_out_0 = phi i8 %shl_ln2, void %if.end.i, i8 0, void %entry" [cloud_mlp.cpp:47]   --->   Operation 28 'phi' 'input_2_out_0' <Predicate = true> <Delay = 0.00>
ST_1 : Operation 29 [1/1] (0.00ns)   --->   "%input_1_out_0 = phi i8 %shl_ln1, void %if.end.i, i8 0, void %entry" [cloud_mlp.cpp:46]   --->   Operation 29 'phi' 'input_1_out_0' <Predicate = true> <Delay = 0.00>
ST_1 : Operation 30 [1/1] (0.00ns)   --->   "%input_0_out_0 = phi i8 %shl_ln, void %if.end.i, i8 0, void %entry" [cloud_mlp.cpp:45]   --->   Operation 30 'phi' 'input_0_out_0' <Predicate = true> <Delay = 0.00>
ST_1 : Operation 31 [1/1] (0.00ns)   --->   "%mrv = insertvalue i32 <undef>, i8 %input_0_out_0" [cloud_mlp.cpp:45]   --->   Operation 31 'insertvalue' 'mrv' <Predicate = true> <Delay = 0.00>
ST_1 : Operation 32 [1/1] (0.00ns)   --->   "%mrv_1 = insertvalue i32 %mrv, i8 %input_1_out_0" [cloud_mlp.cpp:45]   --->   Operation 32 'insertvalue' 'mrv_1' <Predicate = true> <Delay = 0.00>
ST_1 : Operation 33 [1/1] (0.00ns)   --->   "%mrv_2 = insertvalue i32 %mrv_1, i8 %input_2_out_0" [cloud_mlp.cpp:45]   --->   Operation 33 'insertvalue' 'mrv_2' <Predicate = true> <Delay = 0.00>
ST_1 : Operation 34 [1/1] (0.00ns)   --->   "%mrv_3 = insertvalue i32 %mrv_2, i8 %input_3_out_0" [cloud_mlp.cpp:45]   --->   Operation 34 'insertvalue' 'mrv_3' <Predicate = true> <Delay = 0.00>
ST_1 : Operation 35 [1/1] (0.00ns)   --->   "%ret_ln45 = ret i32 %mrv_3" [cloud_mlp.cpp:45]   --->   Operation 35 'ret' 'ret_ln45' <Predicate = true> <Delay = 0.00>


============================================================
+ Verbose Summary: Binding
============================================================
STG Binding: 
---------------- STG Properties BEGIN ----------------
- Is combinational: 0
- Is one-state seq: 1
- Is datapath-only: 0
- Is pipelined: 0
- Is top level: 0
Port [ Return ] is wired: 1; IO mode=ap_ctrl_hs:ce=0
Port [ in_stream_V_data_V]:  wired=1; compound=1; hidden=0; nouse=0; global=0; static=0; extern=0; dir=0; type=0; pingpong=0; private_global=0; IO mode=axis:ce=0
Port [ in_stream_V_keep_V]:  wired=1; compound=1; hidden=0; nouse=0; global=0; static=0; extern=0; dir=0; type=0; pingpong=0; private_global=0; IO mode=axis:ce=0
Port [ in_stream_V_strb_V]:  wired=1; compound=1; hidden=0; nouse=0; global=0; static=0; extern=0; dir=0; type=0; pingpong=0; private_global=0; IO mode=axis:ce=0
Port [ in_stream_V_last_V]:  wired=1; compound=1; hidden=0; nouse=0; global=0; static=0; extern=0; dir=0; type=0; pingpong=0; private_global=0; IO mode=axis:ce=0
Port [ meta_stream]:  wired=1; compound=1; hidden=0; nouse=0; global=1; static=1; extern=0; dir=1; type=3; pingpong=0; private_global=0; IO mode=ap_fifo:ce=0
---------------- STG Properties END ------------------

---------------- Datapath Model BEGIN ----------------

<LifeTime>
<method=bitvector/>
specinterface_ln0       (specinterface      ) [ 00]
specinterface_ln0       (specinterface      ) [ 00]
specinterface_ln0       (specinterface      ) [ 00]
specaxissidechannel_ln0 (specaxissidechannel) [ 00]
specinterface_ln0       (specinterface      ) [ 00]
specinterface_ln0       (specinterface      ) [ 00]
tmp_i                   (nbreadreq          ) [ 01]
br_ln32                 (br                 ) [ 00]
empty                   (read               ) [ 00]
p_s                     (extractvalue       ) [ 00]
meta_keep               (extractvalue       ) [ 00]
meta_strb               (extractvalue       ) [ 00]
meta_last               (extractvalue       ) [ 00]
tmp_1_i                 (partselect         ) [ 00]
p_0                     (bitconcatenate     ) [ 00]
write_ln40              (write              ) [ 00]
trunc_ln45              (trunc              ) [ 00]
shl_ln                  (bitconcatenate     ) [ 00]
tmp_1                   (partselect         ) [ 00]
shl_ln1                 (bitconcatenate     ) [ 00]
tmp_2                   (partselect         ) [ 00]
shl_ln2                 (bitconcatenate     ) [ 00]
tmp_3                   (partselect         ) [ 00]
shl_ln3                 (bitconcatenate     ) [ 00]
br_ln49                 (br                 ) [ 00]
input_3_out_0           (phi                ) [ 00]
input_2_out_0           (phi                ) [ 00]
input_1_out_0           (phi                ) [ 00]
input_0_out_0           (phi                ) [ 00]
mrv                     (insertvalue        ) [ 00]
mrv_1                   (insertvalue        ) [ 00]
mrv_2                   (insertvalue        ) [ 00]
mrv_3                   (insertvalue        ) [ 00]
ret_ln45                (ret                ) [ 00]
</LifeTime>

<model>

<comp_list>
<comp id="0" class="1000" name="in_stream_V_data_V">
<pin_list>
<pin id="1" dir="1" index="0" bw="1" slack="0"/>
</pin_list>
<bind>
<StgValue><ssdm name="in_stream_V_data_V"/></StgValue>
</bind>
</comp>

<comp id="2" class="1000" name="in_stream_V_keep_V">
<pin_list>
<pin id="3" dir="1" index="0" bw="1" slack="0"/>
</pin_list>
<bind>
<StgValue><ssdm name="in_stream_V_keep_V"/></StgValue>
</bind>
</comp>

<comp id="4" class="1000" name="in_stream_V_strb_V">
<pin_list>
<pin id="5" dir="1" index="0" bw="1" slack="0"/>
</pin_list>
<bind>
<StgValue><ssdm name="in_stream_V_strb_V"/></StgValue>
</bind>
</comp>

<comp id="6" class="1000" name="in_stream_V_last_V">
<pin_list>
<pin id="7" dir="1" index="0" bw="1" slack="0"/>
</pin_list>
<bind>
<StgValue><ssdm name="in_stream_V_last_V"/></StgValue>
</bind>
</comp>

<comp id="8" class="1000" name="meta_stream">
<pin_list>
<pin id="9" dir="1" index="0" bw="1" slack="0"/>
</pin_list>
<bind>
<StgValue><ssdm name="meta_stream"/></StgValue>
</bind>
</comp>

<comp id="10" class="1001" name="const_10">
<pin_list>
<pin id="11" dir="1" index="0" bw="1" slack="2147483647"/>
</pin_list>
<bind>
<StgValue><ssdm name="_ssdm_op_SpecInterface"/></StgValue>
</bind>
</comp>

<comp id="12" class="1001" name="const_12">
<pin_list>
<pin id="13" dir="1" index="0" bw="1" slack="2147483647"/>
</pin_list>
<bind>
<StgValue><ssdm name="empty_520"/></StgValue>
</bind>
</comp>

<comp id="14" class="1001" name="const_14">
<pin_list>
<pin id="15" dir="1" index="0" bw="1" slack="2147483647"/>
</pin_list>
<bind>
<StgValue><ssdm name=""/></StgValue>
</bind>
</comp>

<comp id="16" class="1001" name="const_16">
<pin_list>
<pin id="17" dir="1" index="0" bw="1" slack="2147483647"/>
</pin_list>
<bind>
<StgValue><ssdm name="empty_517"/></StgValue>
</bind>
</comp>

<comp id="18" class="1001" name="const_18">
<pin_list>
<pin id="19" dir="1" index="0" bw="1" slack="2147483647"/>
</pin_list>
<bind>
<StgValue><ssdm name=""/></StgValue>
</bind>
</comp>

<comp id="20" class="1001" name="const_20">
<pin_list>
<pin id="21" dir="1" index="0" bw="1" slack="2147483647"/>
</pin_list>
<bind>
<StgValue><ssdm name="_ssdm_op_SpecAXISSideChannel"/></StgValue>
</bind>
</comp>

<comp id="22" class="1001" name="const_22">
<pin_list>
<pin id="23" dir="1" index="0" bw="1" slack="2147483647"/>
</pin_list>
<bind>
<StgValue><ssdm name=""/></StgValue>
</bind>
</comp>

<comp id="24" class="1001" name="const_24">
<pin_list>
<pin id="25" dir="1" index="0" bw="1" slack="2147483647"/>
</pin_list>
<bind>
<StgValue><ssdm name="empty_521"/></StgValue>
</bind>
</comp>

<comp id="26" class="1001" name="const_26">
<pin_list>
<pin id="27" dir="1" index="0" bw="1" slack="2147483647"/>
</pin_list>
<bind>
<StgValue><ssdm name="empty_515"/></StgValue>
</bind>
</comp>

<comp id="28" class="1001" name="const_28">
<pin_list>
<pin id="29" dir="1" index="0" bw="1" slack="0"/>
</pin_list>
<bind>
<StgValue><ssdm name=""/></StgValue>
</bind>
</comp>

<comp id="30" class="1001" name="const_30">
<pin_list>
<pin id="31" dir="1" index="0" bw="1" slack="2147483647"/>
</pin_list>
<bind>
<StgValue><ssdm name="empty_516"/></StgValue>
</bind>
</comp>

<comp id="32" class="1001" name="const_32">
<pin_list>
<pin id="33" dir="1" index="0" bw="1" slack="0"/>
</pin_list>
<bind>
<StgValue><ssdm name="_ssdm_op_NbReadReq.axis.i32P0A.i4P0A.i4P0A.i1P0A"/></StgValue>
</bind>
</comp>

<comp id="34" class="1001" name="const_34">
<pin_list>
<pin id="35" dir="1" index="0" bw="1" slack="0"/>
</pin_list>
<bind>
<StgValue><ssdm name="_ssdm_op_Read.axis.volatile.i32P0A.i4P0A.i4P0A.i1P0A"/></StgValue>
</bind>
</comp>

<comp id="36" class="1001" name="const_36">
<pin_list>
<pin id="37" dir="1" index="0" bw="1" slack="0"/>
</pin_list>
<bind>
<StgValue><ssdm name="_ssdm_op_PartSelect.i8.i32.i32.i32"/></StgValue>
</bind>
</comp>

<comp id="38" class="1001" name="const_38">
<pin_list>
<pin id="39" dir="1" index="0" bw="1" slack="0"/>
</pin_list>
<bind>
<StgValue><ssdm name=""/></StgValue>
</bind>
</comp>

<comp id="40" class="1001" name="const_40">
<pin_list>
<pin id="41" dir="1" index="0" bw="1" slack="0"/>
</pin_list>
<bind>
<StgValue><ssdm name=""/></StgValue>
</bind>
</comp>

<comp id="42" class="1001" name="const_42">
<pin_list>
<pin id="43" dir="1" index="0" bw="1" slack="0"/>
</pin_list>
<bind>
<StgValue><ssdm name="_ssdm_op_BitConcatenate.i32.i8.i7.i1.i4.i4.i4.i4"/></StgValue>
</bind>
</comp>

<comp id="44" class="1001" name="const_44">
<pin_list>
<pin id="45" dir="1" index="0" bw="1" slack="0"/>
</pin_list>
<bind>
<StgValue><ssdm name=""/></StgValue>
</bind>
</comp>

<comp id="46" class="1001" name="const_46">
<pin_list>
<pin id="47" dir="1" index="0" bw="1" slack="0"/>
</pin_list>
<bind>
<StgValue><ssdm name=""/></StgValue>
</bind>
</comp>

<comp id="48" class="1001" name="const_48">
<pin_list>
<pin id="49" dir="1" index="0" bw="1" slack="0"/>
</pin_list>
<bind>
<StgValue><ssdm name="_ssdm_op_Write.ap_fifo.volatile.i32P0A"/></StgValue>
</bind>
</comp>

<comp id="50" class="1001" name="const_50">
<pin_list>
<pin id="51" dir="1" index="0" bw="1" slack="0"/>
</pin_list>
<bind>
<StgValue><ssdm name="_ssdm_op_BitConcatenate.i8.i6.i2"/></StgValue>
</bind>
</comp>

<comp id="52" class="1001" name="const_52">
<pin_list>
<pin id="53" dir="1" index="0" bw="1" slack="0"/>
</pin_list>
<bind>
<StgValue><ssdm name=""/></StgValue>
</bind>
</comp>

<comp id="54" class="1001" name="const_54">
<pin_list>
<pin id="55" dir="1" index="0" bw="1" slack="0"/>
</pin_list>
<bind>
<StgValue><ssdm name="_ssdm_op_PartSelect.i6.i32.i32.i32"/></StgValue>
</bind>
</comp>

<comp id="56" class="1001" name="const_56">
<pin_list>
<pin id="57" dir="1" index="0" bw="1" slack="0"/>
</pin_list>
<bind>
<StgValue><ssdm name=""/></StgValue>
</bind>
</comp>

<comp id="58" class="1001" name="const_58">
<pin_list>
<pin id="59" dir="1" index="0" bw="1" slack="0"/>
</pin_list>
<bind>
<StgValue><ssdm name=""/></StgValue>
</bind>
</comp>

<comp id="60" class="1001" name="const_60">
<pin_list>
<pin id="61" dir="1" index="0" bw="1" slack="0"/>
</pin_list>
<bind>
<StgValue><ssdm name=""/></StgValue>
</bind>
</comp>

<comp id="62" class="1001" name="const_62">
<pin_list>
<pin id="63" dir="1" index="0" bw="1" slack="0"/>
</pin_list>
<bind>
<StgValue><ssdm name=""/></StgValue>
</bind>
</comp>

<comp id="64" class="1001" name="const_64">
<pin_list>
<pin id="65" dir="1" index="0" bw="1" slack="0"/>
</pin_list>
<bind>
<StgValue><ssdm name=""/></StgValue>
</bind>
</comp>

<comp id="66" class="1001" name="const_66">
<pin_list>
<pin id="67" dir="1" index="0" bw="1" slack="0"/>
</pin_list>
<bind>
<StgValue><ssdm name=""/></StgValue>
</bind>
</comp>

<comp id="68" class="1001" name="const_68">
<pin_list>
<pin id="69" dir="1" index="0" bw="1" slack="0"/>
</pin_list>
<bind>
<StgValue><ssdm name=""/></StgValue>
</bind>
</comp>

<comp id="70" class="1004" name="tmp_i_nbreadreq_fu_70">
<pin_list>
<pin id="71" dir="0" index="0" bw="1" slack="0"/>
<pin id="72" dir="0" index="1" bw="32" slack="0"/>
<pin id="73" dir="0" index="2" bw="4" slack="0"/>
<pin id="74" dir="0" index="3" bw="4" slack="0"/>
<pin id="75" dir="0" index="4" bw="1" slack="0"/>
<pin id="76" dir="0" index="5" bw="1" slack="0"/>
<pin id="77" dir="1" index="6" bw="1" slack="2147483647"/>
</pin_list>
<bind>
<opcode="nbreadreq(1156) " fcode="nbreadreq"/>
<opset="tmp_i/1 "/>
</bind>
</comp>

<comp id="84" class="1004" name="empty_read_fu_84">
<pin_list>
<pin id="85" dir="0" index="0" bw="41" slack="0"/>
<pin id="86" dir="0" index="1" bw="32" slack="0"/>
<pin id="87" dir="0" index="2" bw="4" slack="0"/>
<pin id="88" dir="0" index="3" bw="4" slack="0"/>
<pin id="89" dir="0" index="4" bw="1" slack="0"/>
<pin id="90" dir="1" index="5" bw="41" slack="0"/>
</pin_list>
<bind>
<opcode="read(1150) " fcode="read"/>
<opset="empty/1 "/>
</bind>
</comp>

<comp id="96" class="1004" name="write_ln40_write_fu_96">
<pin_list>
<pin id="97" dir="0" index="0" bw="0" slack="0"/>
<pin id="98" dir="0" index="1" bw="32" slack="0"/>
<pin id="99" dir="0" index="2" bw="32" slack="0"/>
<pin id="100" dir="1" index="3" bw="0" slack="2147483647"/>
</pin_list>
<bind>
<opcode="write(1151) " fcode="write"/>
<opset="write_ln40/1 "/>
</bind>
</comp>

<comp id="103" class="1005" name="input_3_out_0_reg_103">
<pin_list>
<pin id="104" dir="0" index="0" bw="8" slack="2147483647"/>
<pin id="105" dir="1" index="1" bw="8" slack="2147483647"/>
</pin_list>
<bind>
<opset="input_3_out_0 (phireg) "/>
</bind>
</comp>

<comp id="106" class="1004" name="input_3_out_0_phi_fu_106">
<pin_list>
<pin id="107" dir="0" index="0" bw="8" slack="0"/>
<pin id="108" dir="0" index="1" bw="0" slack="2147483647"/>
<pin id="109" dir="0" index="2" bw="1" slack="0"/>
<pin id="110" dir="0" index="3" bw="0" slack="2147483647"/>
<pin id="111" dir="1" index="4" bw="8" slack="0"/>
</pin_list>
<bind>
<opcode="phi(47) " fcode="phi"/>
<opset="input_3_out_0/1 "/>
</bind>
</comp>

<comp id="113" class="1005" name="input_2_out_0_reg_113">
<pin_list>
<pin id="114" dir="0" index="0" bw="8" slack="2147483647"/>
<pin id="115" dir="1" index="1" bw="8" slack="2147483647"/>
</pin_list>
<bind>
<opset="input_2_out_0 (phireg) "/>
</bind>
</comp>

<comp id="116" class="1004" name="input_2_out_0_phi_fu_116">
<pin_list>
<pin id="117" dir="0" index="0" bw="8" slack="0"/>
<pin id="118" dir="0" index="1" bw="0" slack="2147483647"/>
<pin id="119" dir="0" index="2" bw="1" slack="0"/>
<pin id="120" dir="0" index="3" bw="0" slack="2147483647"/>
<pin id="121" dir="1" index="4" bw="8" slack="0"/>
</pin_list>
<bind>
<opcode="phi(47) " fcode="phi"/>
<opset="input_2_out_0/1 "/>
</bind>
</comp>

<comp id="123" class="1005" name="input_1_out_0_reg_123">
<pin_list>
<pin id="124" dir="0" index="0" bw="8" slack="2147483647"/>
<pin id="125" dir="1" index="1" bw="8" slack="2147483647"/>
</pin_list>
<bind>
<opset="input_1_out_0 (phireg) "/>
</bind>
</comp>

<comp id="126" class="1004" name="input_1_out_0_phi_fu_126">
<pin_list>
<pin id="127" dir="0" index="0" bw="8" slack="0"/>
<pin id="128" dir="0" index="1" bw="0" slack="2147483647"/>
<pin id="129" dir="0" index="2" bw="1" slack="0"/>
<pin id="130" dir="0" index="3" bw="0" slack="2147483647"/>
<pin id="131" dir="1" index="4" bw="8" slack="0"/>
</pin_list>
<bind>
<opcode="phi(47) " fcode="phi"/>
<opset="input_1_out_0/1 "/>
</bind>
</comp>

<comp id="133" class="1005" name="input_0_out_0_reg_133">
<pin_list>
<pin id="134" dir="0" index="0" bw="8" slack="2147483647"/>
<pin id="135" dir="1" index="1" bw="8" slack="2147483647"/>
</pin_list>
<bind>
<opset="input_0_out_0 (phireg) "/>
</bind>
</comp>

<comp id="136" class="1004" name="input_0_out_0_phi_fu_136">
<pin_list>
<pin id="137" dir="0" index="0" bw="8" slack="0"/>
<pin id="138" dir="0" index="1" bw="0" slack="2147483647"/>
<pin id="139" dir="0" index="2" bw="1" slack="0"/>
<pin id="140" dir="0" index="3" bw="0" slack="2147483647"/>
<pin id="141" dir="1" index="4" bw="8" slack="0"/>
</pin_list>
<bind>
<opcode="phi(47) " fcode="phi"/>
<opset="input_0_out_0/1 "/>
</bind>
</comp>

<comp id="143" class="1004" name="p_s_fu_143">
<pin_list>
<pin id="144" dir="0" index="0" bw="41" slack="0"/>
<pin id="145" dir="1" index="1" bw="32" slack="0"/>
</pin_list>
<bind>
<opcode="extractvalue(56) " fcode="extractvalue"/>
<opset="p_s/1 "/>
</bind>
</comp>

<comp id="147" class="1004" name="meta_keep_fu_147">
<pin_list>
<pin id="148" dir="0" index="0" bw="41" slack="0"/>
<pin id="149" dir="1" index="1" bw="4" slack="0"/>
</pin_list>
<bind>
<opcode="extractvalue(56) " fcode="extractvalue"/>
<opset="meta_keep/1 "/>
</bind>
</comp>

<comp id="151" class="1004" name="meta_strb_fu_151">
<pin_list>
<pin id="152" dir="0" index="0" bw="41" slack="0"/>
<pin id="153" dir="1" index="1" bw="4" slack="0"/>
</pin_list>
<bind>
<opcode="extractvalue(56) " fcode="extractvalue"/>
<opset="meta_strb/1 "/>
</bind>
</comp>

<comp id="155" class="1004" name="meta_last_fu_155">
<pin_list>
<pin id="156" dir="0" index="0" bw="41" slack="0"/>
<pin id="157" dir="1" index="1" bw="1" slack="0"/>
</pin_list>
<bind>
<opcode="extractvalue(56) " fcode="extractvalue"/>
<opset="meta_last/1 "/>
</bind>
</comp>

<comp id="159" class="1004" name="tmp_1_i_fu_159">
<pin_list>
<pin id="160" dir="0" index="0" bw="8" slack="0"/>
<pin id="161" dir="0" index="1" bw="32" slack="0"/>
<pin id="162" dir="0" index="2" bw="6" slack="0"/>
<pin id="163" dir="0" index="3" bw="6" slack="0"/>
<pin id="164" dir="1" index="4" bw="8" slack="0"/>
</pin_list>
<bind>
<opcode="partselect(1002) " fcode="partselect"/>
<opset="tmp_1_i/1 "/>
</bind>
</comp>

<comp id="169" class="1004" name="p_0_fu_169">
<pin_list>
<pin id="170" dir="0" index="0" bw="32" slack="0"/>
<pin id="171" dir="0" index="1" bw="8" slack="0"/>
<pin id="172" dir="0" index="2" bw="1" slack="0"/>
<pin id="173" dir="0" index="3" bw="1" slack="0"/>
<pin id="174" dir="0" index="4" bw="1" slack="0"/>
<pin id="175" dir="0" index="5" bw="4" slack="0"/>
<pin id="176" dir="0" index="6" bw="1" slack="0"/>
<pin id="177" dir="0" index="7" bw="4" slack="0"/>
<pin id="178" dir="1" index="8" bw="32" slack="0"/>
</pin_list>
<bind>
<opcode="bitconcatenate(1004) " fcode="bitconcatenate"/>
<opset="p_0/1 "/>
</bind>
</comp>

<comp id="188" class="1004" name="trunc_ln45_fu_188">
<pin_list>
<pin id="189" dir="0" index="0" bw="32" slack="0"/>
<pin id="190" dir="1" index="1" bw="6" slack="0"/>
</pin_list>
<bind>
<opcode="trunc(33) " fcode="trunc"/>
<opset="trunc_ln45/1 "/>
</bind>
</comp>

<comp id="192" class="1004" name="shl_ln_fu_192">
<pin_list>
<pin id="193" dir="0" index="0" bw="8" slack="0"/>
<pin id="194" dir="0" index="1" bw="6" slack="0"/>
<pin id="195" dir="0" index="2" bw="1" slack="0"/>
<pin id="196" dir="1" index="3" bw="8" slack="0"/>
</pin_list>
<bind>
<opcode="bitconcatenate(1004) " fcode="bitconcatenate"/>
<opset="shl_ln/1 "/>
</bind>
</comp>

<comp id="201" class="1004" name="tmp_1_fu_201">
<pin_list>
<pin id="202" dir="0" index="0" bw="6" slack="0"/>
<pin id="203" dir="0" index="1" bw="32" slack="0"/>
<pin id="204" dir="0" index="2" bw="5" slack="0"/>
<pin id="205" dir="0" index="3" bw="5" slack="0"/>
<pin id="206" dir="1" index="4" bw="6" slack="0"/>
</pin_list>
<bind>
<opcode="partselect(1002) " fcode="partselect"/>
<opset="tmp_1/1 "/>
</bind>
</comp>

<comp id="211" class="1004" name="shl_ln1_fu_211">
<pin_list>
<pin id="212" dir="0" index="0" bw="8" slack="0"/>
<pin id="213" dir="0" index="1" bw="6" slack="0"/>
<pin id="214" dir="0" index="2" bw="1" slack="0"/>
<pin id="215" dir="1" index="3" bw="8" slack="0"/>
</pin_list>
<bind>
<opcode="bitconcatenate(1004) " fcode="bitconcatenate"/>
<opset="shl_ln1/1 "/>
</bind>
</comp>

<comp id="220" class="1004" name="tmp_2_fu_220">
<pin_list>
<pin id="221" dir="0" index="0" bw="6" slack="0"/>
<pin id="222" dir="0" index="1" bw="32" slack="0"/>
<pin id="223" dir="0" index="2" bw="6" slack="0"/>
<pin id="224" dir="0" index="3" bw="6" slack="0"/>
<pin id="225" dir="1" index="4" bw="6" slack="0"/>
</pin_list>
<bind>
<opcode="partselect(1002) " fcode="partselect"/>
<opset="tmp_2/1 "/>
</bind>
</comp>

<comp id="230" class="1004" name="shl_ln2_fu_230">
<pin_list>
<pin id="231" dir="0" index="0" bw="8" slack="0"/>
<pin id="232" dir="0" index="1" bw="6" slack="0"/>
<pin id="233" dir="0" index="2" bw="1" slack="0"/>
<pin id="234" dir="1" index="3" bw="8" slack="0"/>
</pin_list>
<bind>
<opcode="bitconcatenate(1004) " fcode="bitconcatenate"/>
<opset="shl_ln2/1 "/>
</bind>
</comp>

<comp id="239" class="1004" name="tmp_3_fu_239">
<pin_list>
<pin id="240" dir="0" index="0" bw="6" slack="0"/>
<pin id="241" dir="0" index="1" bw="32" slack="0"/>
<pin id="242" dir="0" index="2" bw="6" slack="0"/>
<pin id="243" dir="0" index="3" bw="6" slack="0"/>
<pin id="244" dir="1" index="4" bw="6" slack="0"/>
</pin_list>
<bind>
<opcode="partselect(1002) " fcode="partselect"/>
<opset="tmp_3/1 "/>
</bind>
</comp>

<comp id="249" class="1004" name="shl_ln3_fu_249">
<pin_list>
<pin id="250" dir="0" index="0" bw="8" slack="0"/>
<pin id="251" dir="0" index="1" bw="6" slack="0"/>
<pin id="252" dir="0" index="2" bw="1" slack="0"/>
<pin id="253" dir="1" index="3" bw="8" slack="0"/>
</pin_list>
<bind>
<opcode="bitconcatenate(1004) " fcode="bitconcatenate"/>
<opset="shl_ln3/1 "/>
</bind>
</comp>

<comp id="258" class="1004" name="mrv_fu_258">
<pin_list>
<pin id="259" dir="0" index="0" bw="32" slack="0"/>
<pin id="260" dir="0" index="1" bw="8" slack="0"/>
<pin id="261" dir="1" index="2" bw="32" slack="0"/>
</pin_list>
<bind>
<opcode="insertvalue(57) " fcode="insertvalue"/>
<opset="mrv/1 "/>
</bind>
</comp>

<comp id="264" class="1004" name="mrv_1_fu_264">
<pin_list>
<pin id="265" dir="0" index="0" bw="32" slack="0"/>
<pin id="266" dir="0" index="1" bw="8" slack="0"/>
<pin id="267" dir="1" index="2" bw="32" slack="0"/>
</pin_list>
<bind>
<opcode="insertvalue(57) " fcode="insertvalue"/>
<opset="mrv_1/1 "/>
</bind>
</comp>

<comp id="270" class="1004" name="mrv_2_fu_270">
<pin_list>
<pin id="271" dir="0" index="0" bw="32" slack="0"/>
<pin id="272" dir="0" index="1" bw="8" slack="0"/>
<pin id="273" dir="1" index="2" bw="32" slack="0"/>
</pin_list>
<bind>
<opcode="insertvalue(57) " fcode="insertvalue"/>
<opset="mrv_2/1 "/>
</bind>
</comp>

<comp id="276" class="1004" name="mrv_3_fu_276">
<pin_list>
<pin id="277" dir="0" index="0" bw="32" slack="0"/>
<pin id="278" dir="0" index="1" bw="8" slack="0"/>
<pin id="279" dir="1" index="2" bw="32" slack="2147483647"/>
</pin_list>
<bind>
<opcode="insertvalue(57) " fcode="insertvalue"/>
<opset="mrv_3/1 "/>
</bind>
</comp>

</comp_list>

<net_list>
<net id="78"><net_src comp="32" pin="0"/><net_sink comp="70" pin=0"/></net>

<net id="79"><net_src comp="0" pin="0"/><net_sink comp="70" pin=1"/></net>

<net id="80"><net_src comp="2" pin="0"/><net_sink comp="70" pin=2"/></net>

<net id="81"><net_src comp="4" pin="0"/><net_sink comp="70" pin=3"/></net>

<net id="82"><net_src comp="6" pin="0"/><net_sink comp="70" pin=4"/></net>

<net id="83"><net_src comp="28" pin="0"/><net_sink comp="70" pin=5"/></net>

<net id="91"><net_src comp="34" pin="0"/><net_sink comp="84" pin=0"/></net>

<net id="92"><net_src comp="0" pin="0"/><net_sink comp="84" pin=1"/></net>

<net id="93"><net_src comp="2" pin="0"/><net_sink comp="84" pin=2"/></net>

<net id="94"><net_src comp="4" pin="0"/><net_sink comp="84" pin=3"/></net>

<net id="95"><net_src comp="6" pin="0"/><net_sink comp="84" pin=4"/></net>

<net id="101"><net_src comp="48" pin="0"/><net_sink comp="96" pin=0"/></net>

<net id="102"><net_src comp="8" pin="0"/><net_sink comp="96" pin=1"/></net>

<net id="112"><net_src comp="66" pin="0"/><net_sink comp="106" pin=2"/></net>

<net id="122"><net_src comp="66" pin="0"/><net_sink comp="116" pin=2"/></net>

<net id="132"><net_src comp="66" pin="0"/><net_sink comp="126" pin=2"/></net>

<net id="142"><net_src comp="66" pin="0"/><net_sink comp="136" pin=2"/></net>

<net id="146"><net_src comp="84" pin="5"/><net_sink comp="143" pin=0"/></net>

<net id="150"><net_src comp="84" pin="5"/><net_sink comp="147" pin=0"/></net>

<net id="154"><net_src comp="84" pin="5"/><net_sink comp="151" pin=0"/></net>

<net id="158"><net_src comp="84" pin="5"/><net_sink comp="155" pin=0"/></net>

<net id="165"><net_src comp="36" pin="0"/><net_sink comp="159" pin=0"/></net>

<net id="166"><net_src comp="143" pin="1"/><net_sink comp="159" pin=1"/></net>

<net id="167"><net_src comp="38" pin="0"/><net_sink comp="159" pin=2"/></net>

<net id="168"><net_src comp="40" pin="0"/><net_sink comp="159" pin=3"/></net>

<net id="179"><net_src comp="42" pin="0"/><net_sink comp="169" pin=0"/></net>

<net id="180"><net_src comp="159" pin="4"/><net_sink comp="169" pin=1"/></net>

<net id="181"><net_src comp="44" pin="0"/><net_sink comp="169" pin=2"/></net>

<net id="182"><net_src comp="155" pin="1"/><net_sink comp="169" pin=3"/></net>

<net id="183"><net_src comp="46" pin="0"/><net_sink comp="169" pin=4"/></net>

<net id="184"><net_src comp="151" pin="1"/><net_sink comp="169" pin=5"/></net>

<net id="185"><net_src comp="46" pin="0"/><net_sink comp="169" pin=6"/></net>

<net id="186"><net_src comp="147" pin="1"/><net_sink comp="169" pin=7"/></net>

<net id="187"><net_src comp="169" pin="8"/><net_sink comp="96" pin=2"/></net>

<net id="191"><net_src comp="143" pin="1"/><net_sink comp="188" pin=0"/></net>

<net id="197"><net_src comp="50" pin="0"/><net_sink comp="192" pin=0"/></net>

<net id="198"><net_src comp="188" pin="1"/><net_sink comp="192" pin=1"/></net>

<net id="199"><net_src comp="52" pin="0"/><net_sink comp="192" pin=2"/></net>

<net id="200"><net_src comp="192" pin="3"/><net_sink comp="136" pin=0"/></net>

<net id="207"><net_src comp="54" pin="0"/><net_sink comp="201" pin=0"/></net>

<net id="208"><net_src comp="143" pin="1"/><net_sink comp="201" pin=1"/></net>

<net id="209"><net_src comp="56" pin="0"/><net_sink comp="201" pin=2"/></net>

<net id="210"><net_src comp="58" pin="0"/><net_sink comp="201" pin=3"/></net>

<net id="216"><net_src comp="50" pin="0"/><net_sink comp="211" pin=0"/></net>

<net id="217"><net_src comp="201" pin="4"/><net_sink comp="211" pin=1"/></net>

<net id="218"><net_src comp="52" pin="0"/><net_sink comp="211" pin=2"/></net>

<net id="219"><net_src comp="211" pin="3"/><net_sink comp="126" pin=0"/></net>

<net id="226"><net_src comp="54" pin="0"/><net_sink comp="220" pin=0"/></net>

<net id="227"><net_src comp="143" pin="1"/><net_sink comp="220" pin=1"/></net>

<net id="228"><net_src comp="60" pin="0"/><net_sink comp="220" pin=2"/></net>

<net id="229"><net_src comp="62" pin="0"/><net_sink comp="220" pin=3"/></net>

<net id="235"><net_src comp="50" pin="0"/><net_sink comp="230" pin=0"/></net>

<net id="236"><net_src comp="220" pin="4"/><net_sink comp="230" pin=1"/></net>

<net id="237"><net_src comp="52" pin="0"/><net_sink comp="230" pin=2"/></net>

<net id="238"><net_src comp="230" pin="3"/><net_sink comp="116" pin=0"/></net>

<net id="245"><net_src comp="54" pin="0"/><net_sink comp="239" pin=0"/></net>

<net id="246"><net_src comp="143" pin="1"/><net_sink comp="239" pin=1"/></net>

<net id="247"><net_src comp="38" pin="0"/><net_sink comp="239" pin=2"/></net>

<net id="248"><net_src comp="64" pin="0"/><net_sink comp="239" pin=3"/></net>

<net id="254"><net_src comp="50" pin="0"/><net_sink comp="249" pin=0"/></net>

<net id="255"><net_src comp="239" pin="4"/><net_sink comp="249" pin=1"/></net>

<net id="256"><net_src comp="52" pin="0"/><net_sink comp="249" pin=2"/></net>

<net id="257"><net_src comp="249" pin="3"/><net_sink comp="106" pin=0"/></net>

<net id="262"><net_src comp="68" pin="0"/><net_sink comp="258" pin=0"/></net>

<net id="263"><net_src comp="136" pin="4"/><net_sink comp="258" pin=1"/></net>

<net id="268"><net_src comp="258" pin="2"/><net_sink comp="264" pin=0"/></net>

<net id="269"><net_src comp="126" pin="4"/><net_sink comp="264" pin=1"/></net>

<net id="274"><net_src comp="264" pin="2"/><net_sink comp="270" pin=0"/></net>

<net id="275"><net_src comp="116" pin="4"/><net_sink comp="270" pin=1"/></net>

<net id="280"><net_src comp="270" pin="2"/><net_sink comp="276" pin=0"/></net>

<net id="281"><net_src comp="106" pin="4"/><net_sink comp="276" pin=1"/></net>

</net_list>

</model> 
---------------- Datapath Model END ------------------

* FSMD analyzer results:
  - Output states:
	Port: in_stream_V_data_V | {}
	Port: in_stream_V_keep_V | {}
	Port: in_stream_V_strb_V | {}
	Port: in_stream_V_last_V | {}
	Port: meta_stream | {1 }
 - Input state : 
	Port: read_input : in_stream_V_data_V | {1 }
	Port: read_input : in_stream_V_keep_V | {1 }
	Port: read_input : in_stream_V_strb_V | {1 }
	Port: read_input : in_stream_V_last_V | {1 }
	Port: read_input : meta_stream | {}
  - Chain level:
	State 1
		tmp_1_i : 1
		p_0 : 2
		write_ln40 : 3
		trunc_ln45 : 1
		shl_ln : 2
		tmp_1 : 1
		shl_ln1 : 2
		tmp_2 : 1
		shl_ln2 : 2
		tmp_3 : 1
		shl_ln3 : 2
		input_3_out_0 : 3
		input_2_out_0 : 3
		input_1_out_0 : 3
		input_0_out_0 : 3
		mrv : 4
		mrv_1 : 5
		mrv_2 : 6
		mrv_3 : 7
		ret_ln45 : 8


============================================================
+ Verbose Summary: Datapath Resource usage 
============================================================

* Functional unit list:
|----------|------------------------|
| Operation|     Functional Unit    |
|----------|------------------------|
| nbreadreq|  tmp_i_nbreadreq_fu_70 |
|----------|------------------------|
|   read   |    empty_read_fu_84    |
|----------|------------------------|
|   write  | write_ln40_write_fu_96 |
|----------|------------------------|
|          |       p_s_fu_143       |
|extractvalue|    meta_keep_fu_147    |
|          |    meta_strb_fu_151    |
|          |    meta_last_fu_155    |
|----------|------------------------|
|          |     tmp_1_i_fu_159     |
|partselect|      tmp_1_fu_201      |
|          |      tmp_2_fu_220      |
|          |      tmp_3_fu_239      |
|----------|------------------------|
|          |       p_0_fu_169       |
|          |      shl_ln_fu_192     |
|bitconcatenate|     shl_ln1_fu_211     |
|          |     shl_ln2_fu_230     |
|          |     shl_ln3_fu_249     |
|----------|------------------------|
|   trunc  |    trunc_ln45_fu_188   |
|----------|------------------------|
|          |       mrv_fu_258       |
|insertvalue|      mrv_1_fu_264      |
|          |      mrv_2_fu_270      |
|          |      mrv_3_fu_276      |
|----------|------------------------|
|   Total  |                        |
|----------|------------------------|

Memories:
N/A

* Register list:
+---------------------+--------+
|                     |   FF   |
+---------------------+--------+
|input_0_out_0_reg_133|    8   |
|input_1_out_0_reg_123|    8   |
|input_2_out_0_reg_113|    8   |
|input_3_out_0_reg_103|    8   |
+---------------------+--------+
|        Total        |   32   |
+---------------------+--------+

* Multiplexer (MUX) list: 
|--------|------|------|------|--------|
|  Comp  |  Pin | Size |  BW  | S x BW |
|--------|------|------|------|--------|
|  Total |      |      |      |    0   |
|--------|------|------|------|--------|



* Summary:
+-----------+--------+
|           |   FF   |
+-----------+--------+
|  Function |    -   |
|   Memory  |    -   |
|Multiplexer|    -   |
|  Register |   32   |
+-----------+--------+
|   Total   |   32   |
+-----------+--------+
