

================================================================
== Vitis HLS Report for 'write_output'
================================================================
* Date:           Wed Feb 11 10:34:35 2026

* Version:        2025.2 (Build 6295257 on Nov 14 2025)
* Project:        OCDS_4K_Stream
* Solution:       hls (Vivado IP Flow Target)
* Product family: zynquplus
* Target device:  xczu9eg-ffvb1156-2-e


================================================================
== Performance Estimates
================================================================
+ Timing: 
    * Summary: 
    +--------+----------+----------+------------+
    |  Clock |  Target  | Estimated| Uncertainty|
    +--------+----------+----------+------------+
    |ap_clk  |  25.00 ns|  4.283 ns|     0.68 ns|
    +--------+----------+----------+------------+

+ Latency: 
    * Summary: 
    +---------+---------+----------+----------+-----+-----+---------+
    |  Latency (cycles) |  Latency (absolute) |  Interval | Pipeline|
    |   min   |   max   |    min   |    max   | min | max |   Type  |
    +---------+---------+----------+----------+-----+-----+---------+
    |       23|       23|  0.575 us|  0.575 us|   23|   23|       no|
    +---------+---------+----------+----------+-----+-----+---------+

    + Detail: 
        * Instance: 
        N/A

        * Loop: 
        N/A

============================================================
+ Verbose Summary: Synthesis Manager
============================================================
InlineROM: 1
ExposeGlobal: 0
============================================================
+ Verbose Summary: CDFG Model
============================================================
IsTopModel: 0
ResetActiveHigh: 1
IsCombinational: 2
IsDatapathOnly: 0
HasWiredReturn: 1
HasMFsm: 0
HasVarLatency: 1
IsPipeline: 0
IsRtlPipelined: 0
IsInstanceOverlapped: 0
IsDontTouch: 0
HasImplIP: 0
IsGatedGlobalClock: 0


============================================================
+ Verbose Summary: Schedule
============================================================
* Number of FSM states : 7
* Pipeline : 0
* Dataflow Pipeline: 0

* FSM state transitions: 
1 --> 2 
2 --> 3 
3 --> 4 
4 --> 5 
5 --> 6 
6 --> 7 
7 --> 

* FSM state operations: 

State 1 <SV = 0> <Delay = 4.28>
ST_1 : Operation 8 [1/1] (1.83ns)   --->   "%p_read_64 = read i15 @_ssdm_op_Read.ap_auto.i15, i15 %p_read63"   --->   Operation 8 'read' 'p_read_64' <Predicate = true> <Delay = 1.83> <CoreInst = "FIFO_SRL">   --->   Core 80 'FIFO_SRL' <Latency = 0> <II = 1> <Delay = 1.83> <Storage> <Opcode : 'read' 'write' 'nbread' 'nbwrite'> <Ports = 0> <Width = 15> <Depth = 2> <FIFO>
ST_1 : Operation 9 [1/1] (1.83ns)   --->   "%p_read_65 = read i15 @_ssdm_op_Read.ap_auto.i15, i15 %p_read62"   --->   Operation 9 'read' 'p_read_65' <Predicate = true> <Delay = 1.83> <CoreInst = "FIFO_SRL">   --->   Core 80 'FIFO_SRL' <Latency = 0> <II = 1> <Delay = 1.83> <Storage> <Opcode : 'read' 'write' 'nbread' 'nbwrite'> <Ports = 0> <Width = 15> <Depth = 2> <FIFO>
ST_1 : Operation 10 [1/1] (1.83ns)   --->   "%p_read_66 = read i15 @_ssdm_op_Read.ap_auto.i15, i15 %p_read61"   --->   Operation 10 'read' 'p_read_66' <Predicate = true> <Delay = 1.83> <CoreInst = "FIFO_SRL">   --->   Core 80 'FIFO_SRL' <Latency = 0> <II = 1> <Delay = 1.83> <Storage> <Opcode : 'read' 'write' 'nbread' 'nbwrite'> <Ports = 0> <Width = 15> <Depth = 2> <FIFO>
ST_1 : Operation 11 [1/1] (1.83ns)   --->   "%p_read_67 = read i15 @_ssdm_op_Read.ap_auto.i15, i15 %p_read60"   --->   Operation 11 'read' 'p_read_67' <Predicate = true> <Delay = 1.83> <CoreInst = "FIFO_SRL">   --->   Core 80 'FIFO_SRL' <Latency = 0> <II = 1> <Delay = 1.83> <Storage> <Opcode : 'read' 'write' 'nbread' 'nbwrite'> <Ports = 0> <Width = 15> <Depth = 2> <FIFO>
ST_1 : Operation 12 [1/1] (1.83ns)   --->   "%p_read_68 = read i15 @_ssdm_op_Read.ap_auto.i15, i15 %p_read59"   --->   Operation 12 'read' 'p_read_68' <Predicate = true> <Delay = 1.83> <CoreInst = "FIFO_SRL">   --->   Core 80 'FIFO_SRL' <Latency = 0> <II = 1> <Delay = 1.83> <Storage> <Opcode : 'read' 'write' 'nbread' 'nbwrite'> <Ports = 0> <Width = 15> <Depth = 2> <FIFO>
ST_1 : Operation 13 [1/1] (1.83ns)   --->   "%p_read_69 = read i15 @_ssdm_op_Read.ap_auto.i15, i15 %p_read58"   --->   Operation 13 'read' 'p_read_69' <Predicate = true> <Delay = 1.83> <CoreInst = "FIFO_SRL">   --->   Core 80 'FIFO_SRL' <Latency = 0> <II = 1> <Delay = 1.83> <Storage> <Opcode : 'read' 'write' 'nbread' 'nbwrite'> <Ports = 0> <Width = 15> <Depth = 2> <FIFO>
ST_1 : Operation 14 [1/1] (1.83ns)   --->   "%p_read_70 = read i15 @_ssdm_op_Read.ap_auto.i15, i15 %p_read57"   --->   Operation 14 'read' 'p_read_70' <Predicate = true> <Delay = 1.83> <CoreInst = "FIFO_SRL">   --->   Core 80 'FIFO_SRL' <Latency = 0> <II = 1> <Delay = 1.83> <Storage> <Opcode : 'read' 'write' 'nbread' 'nbwrite'> <Ports = 0> <Width = 15> <Depth = 2> <FIFO>
ST_1 : Operation 15 [1/1] (1.83ns)   --->   "%p_read_71 = read i15 @_ssdm_op_Read.ap_auto.i15, i15 %p_read56"   --->   Operation 15 'read' 'p_read_71' <Predicate = true> <Delay = 1.83> <CoreInst = "FIFO_SRL">   --->   Core 80 'FIFO_SRL' <Latency = 0> <II = 1> <Delay = 1.83> <Storage> <Opcode : 'read' 'write' 'nbread' 'nbwrite'> <Ports = 0> <Width = 15> <Depth = 2> <FIFO>
ST_1 : Operation 16 [1/1] (1.83ns)   --->   "%p_read_72 = read i15 @_ssdm_op_Read.ap_auto.i15, i15 %p_read55"   --->   Operation 16 'read' 'p_read_72' <Predicate = true> <Delay = 1.83> <CoreInst = "FIFO_SRL">   --->   Core 80 'FIFO_SRL' <Latency = 0> <II = 1> <Delay = 1.83> <Storage> <Opcode : 'read' 'write' 'nbread' 'nbwrite'> <Ports = 0> <Width = 15> <Depth = 2> <FIFO>
ST_1 : Operation 17 [1/1] (1.83ns)   --->   "%p_read_73 = read i15 @_ssdm_op_Read.ap_auto.i15, i15 %p_read54"   --->   Operation 17 'read' 'p_read_73' <Predicate = true> <Delay = 1.83> <CoreInst = "FIFO_SRL">   --->   Core 80 'FIFO_SRL' <Latency = 0> <II = 1> <Delay = 1.83> <Storage> <Opcode : 'read' 'write' 'nbread' 'nbwrite'> <Ports = 0> <Width = 15> <Depth = 2> <FIFO>
ST_1 : Operation 18 [1/1] (1.83ns)   --->   "%p_read_74 = read i15 @_ssdm_op_Read.ap_auto.i15, i15 %p_read53"   --->   Operation 18 'read' 'p_read_74' <Predicate = true> <Delay = 1.83> <CoreInst = "FIFO_SRL">   --->   Core 80 'FIFO_SRL' <Latency = 0> <II = 1> <Delay = 1.83> <Storage> <Opcode : 'read' 'write' 'nbread' 'nbwrite'> <Ports = 0> <Width = 15> <Depth = 2> <FIFO>
ST_1 : Operation 19 [1/1] (1.83ns)   --->   "%p_read_75 = read i15 @_ssdm_op_Read.ap_auto.i15, i15 %p_read52"   --->   Operation 19 'read' 'p_read_75' <Predicate = true> <Delay = 1.83> <CoreInst = "FIFO_SRL">   --->   Core 80 'FIFO_SRL' <Latency = 0> <II = 1> <Delay = 1.83> <Storage> <Opcode : 'read' 'write' 'nbread' 'nbwrite'> <Ports = 0> <Width = 15> <Depth = 2> <FIFO>
ST_1 : Operation 20 [1/1] (1.83ns)   --->   "%p_read_76 = read i15 @_ssdm_op_Read.ap_auto.i15, i15 %p_read51"   --->   Operation 20 'read' 'p_read_76' <Predicate = true> <Delay = 1.83> <CoreInst = "FIFO_SRL">   --->   Core 80 'FIFO_SRL' <Latency = 0> <II = 1> <Delay = 1.83> <Storage> <Opcode : 'read' 'write' 'nbread' 'nbwrite'> <Ports = 0> <Width = 15> <Depth = 2> <FIFO>
ST_1 : Operation 21 [1/1] (1.83ns)   --->   "%p_read_77 = read i15 @_ssdm_op_Read.ap_auto.i15, i15 %p_read50"   --->   Operation 21 'read' 'p_read_77' <Predicate = true> <Delay = 1.83> <CoreInst = "FIFO_SRL">   --->   Core 80 'FIFO_SRL' <Latency = 0> <II = 1> <Delay = 1.83> <Storage> <Opcode : 'read' 'write' 'nbread' 'nbwrite'> <Ports = 0> <Width = 15> <Depth = 2> <FIFO>
ST_1 : Operation 22 [1/1] (1.83ns)   --->   "%p_read_78 = read i15 @_ssdm_op_Read.ap_auto.i15, i15 %p_read49"   --->   Operation 22 'read' 'p_read_78' <Predicate = true> <Delay = 1.83> <CoreInst = "FIFO_SRL">   --->   Core 80 'FIFO_SRL' <Latency = 0> <II = 1> <Delay = 1.83> <Storage> <Opcode : 'read' 'write' 'nbread' 'nbwrite'> <Ports = 0> <Width = 15> <Depth = 2> <FIFO>
ST_1 : Operation 23 [1/1] (1.83ns)   --->   "%p_read_79 = read i15 @_ssdm_op_Read.ap_auto.i15, i15 %p_read48"   --->   Operation 23 'read' 'p_read_79' <Predicate = true> <Delay = 1.83> <CoreInst = "FIFO_SRL">   --->   Core 80 'FIFO_SRL' <Latency = 0> <II = 1> <Delay = 1.83> <Storage> <Opcode : 'read' 'write' 'nbread' 'nbwrite'> <Ports = 0> <Width = 15> <Depth = 2> <FIFO>
ST_1 : Operation 24 [1/1] (1.83ns)   --->   "%p_read_80 = read i15 @_ssdm_op_Read.ap_auto.i15, i15 %p_read47"   --->   Operation 24 'read' 'p_read_80' <Predicate = true> <Delay = 1.83> <CoreInst = "FIFO_SRL">   --->   Core 80 'FIFO_SRL' <Latency = 0> <II = 1> <Delay = 1.83> <Storage> <Opcode : 'read' 'write' 'nbread' 'nbwrite'> <Ports = 0> <Width = 15> <Depth = 2> <FIFO>
ST_1 : Operation 25 [1/1] (1.83ns)   --->   "%p_read_81 = read i15 @_ssdm_op_Read.ap_auto.i15, i15 %p_read46"   --->   Operation 25 'read' 'p_read_81' <Predicate = true> <Delay = 1.83> <CoreInst = "FIFO_SRL">   --->   Core 80 'FIFO_SRL' <Latency = 0> <II = 1> <Delay = 1.83> <Storage> <Opcode : 'read' 'write' 'nbread' 'nbwrite'> <Ports = 0> <Width = 15> <Depth = 2> <FIFO>
ST_1 : Operation 26 [1/1] (1.83ns)   --->   "%p_read_82 = read i15 @_ssdm_op_Read.ap_auto.i15, i15 %p_read45"   --->   Operation 26 'read' 'p_read_82' <Predicate = true> <Delay = 1.83> <CoreInst = "FIFO_SRL">   --->   Core 80 'FIFO_SRL' <Latency = 0> <II = 1> <Delay = 1.83> <Storage> <Opcode : 'read' 'write' 'nbread' 'nbwrite'> <Ports = 0> <Width = 15> <Depth = 2> <FIFO>
ST_1 : Operation 27 [1/1] (1.83ns)   --->   "%p_read_83 = read i15 @_ssdm_op_Read.ap_auto.i15, i15 %p_read44"   --->   Operation 27 'read' 'p_read_83' <Predicate = true> <Delay = 1.83> <CoreInst = "FIFO_SRL">   --->   Core 80 'FIFO_SRL' <Latency = 0> <II = 1> <Delay = 1.83> <Storage> <Opcode : 'read' 'write' 'nbread' 'nbwrite'> <Ports = 0> <Width = 15> <Depth = 2> <FIFO>
ST_1 : Operation 28 [1/1] (1.83ns)   --->   "%p_read_84 = read i15 @_ssdm_op_Read.ap_auto.i15, i15 %p_read43"   --->   Operation 28 'read' 'p_read_84' <Predicate = true> <Delay = 1.83> <CoreInst = "FIFO_SRL">   --->   Core 80 'FIFO_SRL' <Latency = 0> <II = 1> <Delay = 1.83> <Storage> <Opcode : 'read' 'write' 'nbread' 'nbwrite'> <Ports = 0> <Width = 15> <Depth = 2> <FIFO>
ST_1 : Operation 29 [1/1] (1.83ns)   --->   "%p_read_85 = read i15 @_ssdm_op_Read.ap_auto.i15, i15 %p_read42"   --->   Operation 29 'read' 'p_read_85' <Predicate = true> <Delay = 1.83> <CoreInst = "FIFO_SRL">   --->   Core 80 'FIFO_SRL' <Latency = 0> <II = 1> <Delay = 1.83> <Storage> <Opcode : 'read' 'write' 'nbread' 'nbwrite'> <Ports = 0> <Width = 15> <Depth = 2> <FIFO>
ST_1 : Operation 30 [1/1] (1.83ns)   --->   "%p_read_86 = read i15 @_ssdm_op_Read.ap_auto.i15, i15 %p_read41"   --->   Operation 30 'read' 'p_read_86' <Predicate = true> <Delay = 1.83> <CoreInst = "FIFO_SRL">   --->   Core 80 'FIFO_SRL' <Latency = 0> <II = 1> <Delay = 1.83> <Storage> <Opcode : 'read' 'write' 'nbread' 'nbwrite'> <Ports = 0> <Width = 15> <Depth = 2> <FIFO>
ST_1 : Operation 31 [1/1] (1.83ns)   --->   "%p_read_87 = read i15 @_ssdm_op_Read.ap_auto.i15, i15 %p_read40"   --->   Operation 31 'read' 'p_read_87' <Predicate = true> <Delay = 1.83> <CoreInst = "FIFO_SRL">   --->   Core 80 'FIFO_SRL' <Latency = 0> <II = 1> <Delay = 1.83> <Storage> <Opcode : 'read' 'write' 'nbread' 'nbwrite'> <Ports = 0> <Width = 15> <Depth = 2> <FIFO>
ST_1 : Operation 32 [1/1] (1.83ns)   --->   "%p_read_88 = read i15 @_ssdm_op_Read.ap_auto.i15, i15 %p_read39"   --->   Operation 32 'read' 'p_read_88' <Predicate = true> <Delay = 1.83> <CoreInst = "FIFO_SRL">   --->   Core 80 'FIFO_SRL' <Latency = 0> <II = 1> <Delay = 1.83> <Storage> <Opcode : 'read' 'write' 'nbread' 'nbwrite'> <Ports = 0> <Width = 15> <Depth = 2> <FIFO>
ST_1 : Operation 33 [1/1] (1.83ns)   --->   "%p_read_89 = read i15 @_ssdm_op_Read.ap_auto.i15, i15 %p_read38"   --->   Operation 33 'read' 'p_read_89' <Predicate = true> <Delay = 1.83> <CoreInst = "FIFO_SRL">   --->   Core 80 'FIFO_SRL' <Latency = 0> <II = 1> <Delay = 1.83> <Storage> <Opcode : 'read' 'write' 'nbread' 'nbwrite'> <Ports = 0> <Width = 15> <Depth = 2> <FIFO>
ST_1 : Operation 34 [1/1] (1.83ns)   --->   "%p_read_90 = read i15 @_ssdm_op_Read.ap_auto.i15, i15 %p_read37"   --->   Operation 34 'read' 'p_read_90' <Predicate = true> <Delay = 1.83> <CoreInst = "FIFO_SRL">   --->   Core 80 'FIFO_SRL' <Latency = 0> <II = 1> <Delay = 1.83> <Storage> <Opcode : 'read' 'write' 'nbread' 'nbwrite'> <Ports = 0> <Width = 15> <Depth = 2> <FIFO>
ST_1 : Operation 35 [1/1] (1.83ns)   --->   "%p_read_91 = read i15 @_ssdm_op_Read.ap_auto.i15, i15 %p_read36"   --->   Operation 35 'read' 'p_read_91' <Predicate = true> <Delay = 1.83> <CoreInst = "FIFO_SRL">   --->   Core 80 'FIFO_SRL' <Latency = 0> <II = 1> <Delay = 1.83> <Storage> <Opcode : 'read' 'write' 'nbread' 'nbwrite'> <Ports = 0> <Width = 15> <Depth = 2> <FIFO>
ST_1 : Operation 36 [1/1] (1.83ns)   --->   "%p_read_92 = read i15 @_ssdm_op_Read.ap_auto.i15, i15 %p_read35"   --->   Operation 36 'read' 'p_read_92' <Predicate = true> <Delay = 1.83> <CoreInst = "FIFO_SRL">   --->   Core 80 'FIFO_SRL' <Latency = 0> <II = 1> <Delay = 1.83> <Storage> <Opcode : 'read' 'write' 'nbread' 'nbwrite'> <Ports = 0> <Width = 15> <Depth = 2> <FIFO>
ST_1 : Operation 37 [1/1] (1.83ns)   --->   "%p_read_93 = read i15 @_ssdm_op_Read.ap_auto.i15, i15 %p_read34"   --->   Operation 37 'read' 'p_read_93' <Predicate = true> <Delay = 1.83> <CoreInst = "FIFO_SRL">   --->   Core 80 'FIFO_SRL' <Latency = 0> <II = 1> <Delay = 1.83> <Storage> <Opcode : 'read' 'write' 'nbread' 'nbwrite'> <Ports = 0> <Width = 15> <Depth = 2> <FIFO>
ST_1 : Operation 38 [1/1] (1.83ns)   --->   "%p_read_94 = read i15 @_ssdm_op_Read.ap_auto.i15, i15 %p_read33"   --->   Operation 38 'read' 'p_read_94' <Predicate = true> <Delay = 1.83> <CoreInst = "FIFO_SRL">   --->   Core 80 'FIFO_SRL' <Latency = 0> <II = 1> <Delay = 1.83> <Storage> <Opcode : 'read' 'write' 'nbread' 'nbwrite'> <Ports = 0> <Width = 15> <Depth = 2> <FIFO>
ST_1 : Operation 39 [1/1] (1.83ns)   --->   "%p_read_95 = read i15 @_ssdm_op_Read.ap_auto.i15, i15 %p_read32"   --->   Operation 39 'read' 'p_read_95' <Predicate = true> <Delay = 1.83> <CoreInst = "FIFO_SRL">   --->   Core 80 'FIFO_SRL' <Latency = 0> <II = 1> <Delay = 1.83> <Storage> <Opcode : 'read' 'write' 'nbread' 'nbwrite'> <Ports = 0> <Width = 15> <Depth = 2> <FIFO>
ST_1 : Operation 40 [1/1] (1.83ns)   --->   "%p_read_96 = read i15 @_ssdm_op_Read.ap_auto.i15, i15 %p_read31"   --->   Operation 40 'read' 'p_read_96' <Predicate = true> <Delay = 1.83> <CoreInst = "FIFO_SRL">   --->   Core 80 'FIFO_SRL' <Latency = 0> <II = 1> <Delay = 1.83> <Storage> <Opcode : 'read' 'write' 'nbread' 'nbwrite'> <Ports = 0> <Width = 15> <Depth = 2> <FIFO>
ST_1 : Operation 41 [1/1] (1.83ns)   --->   "%p_read3094 = read i15 @_ssdm_op_Read.ap_auto.i15, i15 %p_read30"   --->   Operation 41 'read' 'p_read3094' <Predicate = true> <Delay = 1.83> <CoreInst = "FIFO_SRL">   --->   Core 80 'FIFO_SRL' <Latency = 0> <II = 1> <Delay = 1.83> <Storage> <Opcode : 'read' 'write' 'nbread' 'nbwrite'> <Ports = 0> <Width = 15> <Depth = 2> <FIFO>
ST_1 : Operation 42 [1/1] (1.83ns)   --->   "%p_read_97 = read i15 @_ssdm_op_Read.ap_auto.i15, i15 %p_read29"   --->   Operation 42 'read' 'p_read_97' <Predicate = true> <Delay = 1.83> <CoreInst = "FIFO_SRL">   --->   Core 80 'FIFO_SRL' <Latency = 0> <II = 1> <Delay = 1.83> <Storage> <Opcode : 'read' 'write' 'nbread' 'nbwrite'> <Ports = 0> <Width = 15> <Depth = 2> <FIFO>
ST_1 : Operation 43 [1/1] (1.83ns)   --->   "%p_read_98 = read i15 @_ssdm_op_Read.ap_auto.i15, i15 %p_read28"   --->   Operation 43 'read' 'p_read_98' <Predicate = true> <Delay = 1.83> <CoreInst = "FIFO_SRL">   --->   Core 80 'FIFO_SRL' <Latency = 0> <II = 1> <Delay = 1.83> <Storage> <Opcode : 'read' 'write' 'nbread' 'nbwrite'> <Ports = 0> <Width = 15> <Depth = 2> <FIFO>
ST_1 : Operation 44 [1/1] (1.83ns)   --->   "%p_read_99 = read i15 @_ssdm_op_Read.ap_auto.i15, i15 %p_read27"   --->   Operation 44 'read' 'p_read_99' <Predicate = true> <Delay = 1.83> <CoreInst = "FIFO_SRL">   --->   Core 80 'FIFO_SRL' <Latency = 0> <II = 1> <Delay = 1.83> <Storage> <Opcode : 'read' 'write' 'nbread' 'nbwrite'> <Ports = 0> <Width = 15> <Depth = 2> <FIFO>
ST_1 : Operation 45 [1/1] (1.83ns)   --->   "%p_read_100 = read i15 @_ssdm_op_Read.ap_auto.i15, i15 %p_read26"   --->   Operation 45 'read' 'p_read_100' <Predicate = true> <Delay = 1.83> <CoreInst = "FIFO_SRL">   --->   Core 80 'FIFO_SRL' <Latency = 0> <II = 1> <Delay = 1.83> <Storage> <Opcode : 'read' 'write' 'nbread' 'nbwrite'> <Ports = 0> <Width = 15> <Depth = 2> <FIFO>
ST_1 : Operation 46 [1/1] (1.83ns)   --->   "%p_read_101 = read i15 @_ssdm_op_Read.ap_auto.i15, i15 %p_read25"   --->   Operation 46 'read' 'p_read_101' <Predicate = true> <Delay = 1.83> <CoreInst = "FIFO_SRL">   --->   Core 80 'FIFO_SRL' <Latency = 0> <II = 1> <Delay = 1.83> <Storage> <Opcode : 'read' 'write' 'nbread' 'nbwrite'> <Ports = 0> <Width = 15> <Depth = 2> <FIFO>
ST_1 : Operation 47 [1/1] (1.83ns)   --->   "%p_read_102 = read i15 @_ssdm_op_Read.ap_auto.i15, i15 %p_read24"   --->   Operation 47 'read' 'p_read_102' <Predicate = true> <Delay = 1.83> <CoreInst = "FIFO_SRL">   --->   Core 80 'FIFO_SRL' <Latency = 0> <II = 1> <Delay = 1.83> <Storage> <Opcode : 'read' 'write' 'nbread' 'nbwrite'> <Ports = 0> <Width = 15> <Depth = 2> <FIFO>
ST_1 : Operation 48 [1/1] (1.83ns)   --->   "%p_read_103 = read i15 @_ssdm_op_Read.ap_auto.i15, i15 %p_read23"   --->   Operation 48 'read' 'p_read_103' <Predicate = true> <Delay = 1.83> <CoreInst = "FIFO_SRL">   --->   Core 80 'FIFO_SRL' <Latency = 0> <II = 1> <Delay = 1.83> <Storage> <Opcode : 'read' 'write' 'nbread' 'nbwrite'> <Ports = 0> <Width = 15> <Depth = 2> <FIFO>
ST_1 : Operation 49 [1/1] (1.83ns)   --->   "%p_read_104 = read i15 @_ssdm_op_Read.ap_auto.i15, i15 %p_read22"   --->   Operation 49 'read' 'p_read_104' <Predicate = true> <Delay = 1.83> <CoreInst = "FIFO_SRL">   --->   Core 80 'FIFO_SRL' <Latency = 0> <II = 1> <Delay = 1.83> <Storage> <Opcode : 'read' 'write' 'nbread' 'nbwrite'> <Ports = 0> <Width = 15> <Depth = 2> <FIFO>
ST_1 : Operation 50 [1/1] (1.83ns)   --->   "%p_read_105 = read i15 @_ssdm_op_Read.ap_auto.i15, i15 %p_read21"   --->   Operation 50 'read' 'p_read_105' <Predicate = true> <Delay = 1.83> <CoreInst = "FIFO_SRL">   --->   Core 80 'FIFO_SRL' <Latency = 0> <II = 1> <Delay = 1.83> <Storage> <Opcode : 'read' 'write' 'nbread' 'nbwrite'> <Ports = 0> <Width = 15> <Depth = 2> <FIFO>
ST_1 : Operation 51 [1/1] (1.83ns)   --->   "%p_read2084 = read i15 @_ssdm_op_Read.ap_auto.i15, i15 %p_read20"   --->   Operation 51 'read' 'p_read2084' <Predicate = true> <Delay = 1.83> <CoreInst = "FIFO_SRL">   --->   Core 80 'FIFO_SRL' <Latency = 0> <II = 1> <Delay = 1.83> <Storage> <Opcode : 'read' 'write' 'nbread' 'nbwrite'> <Ports = 0> <Width = 15> <Depth = 2> <FIFO>
ST_1 : Operation 52 [1/1] (1.83ns)   --->   "%p_read_106 = read i15 @_ssdm_op_Read.ap_auto.i15, i15 %p_read19"   --->   Operation 52 'read' 'p_read_106' <Predicate = true> <Delay = 1.83> <CoreInst = "FIFO_SRL">   --->   Core 80 'FIFO_SRL' <Latency = 0> <II = 1> <Delay = 1.83> <Storage> <Opcode : 'read' 'write' 'nbread' 'nbwrite'> <Ports = 0> <Width = 15> <Depth = 2> <FIFO>
ST_1 : Operation 53 [1/1] (1.83ns)   --->   "%p_read_107 = read i15 @_ssdm_op_Read.ap_auto.i15, i15 %p_read18"   --->   Operation 53 'read' 'p_read_107' <Predicate = true> <Delay = 1.83> <CoreInst = "FIFO_SRL">   --->   Core 80 'FIFO_SRL' <Latency = 0> <II = 1> <Delay = 1.83> <Storage> <Opcode : 'read' 'write' 'nbread' 'nbwrite'> <Ports = 0> <Width = 15> <Depth = 2> <FIFO>
ST_1 : Operation 54 [1/1] (1.83ns)   --->   "%p_read_108 = read i15 @_ssdm_op_Read.ap_auto.i15, i15 %p_read17"   --->   Operation 54 'read' 'p_read_108' <Predicate = true> <Delay = 1.83> <CoreInst = "FIFO_SRL">   --->   Core 80 'FIFO_SRL' <Latency = 0> <II = 1> <Delay = 1.83> <Storage> <Opcode : 'read' 'write' 'nbread' 'nbwrite'> <Ports = 0> <Width = 15> <Depth = 2> <FIFO>
ST_1 : Operation 55 [1/1] (1.83ns)   --->   "%p_read_109 = read i15 @_ssdm_op_Read.ap_auto.i15, i15 %p_read16"   --->   Operation 55 'read' 'p_read_109' <Predicate = true> <Delay = 1.83> <CoreInst = "FIFO_SRL">   --->   Core 80 'FIFO_SRL' <Latency = 0> <II = 1> <Delay = 1.83> <Storage> <Opcode : 'read' 'write' 'nbread' 'nbwrite'> <Ports = 0> <Width = 15> <Depth = 2> <FIFO>
ST_1 : Operation 56 [1/1] (1.83ns)   --->   "%p_read_110 = read i15 @_ssdm_op_Read.ap_auto.i15, i15 %p_read15"   --->   Operation 56 'read' 'p_read_110' <Predicate = true> <Delay = 1.83> <CoreInst = "FIFO_SRL">   --->   Core 80 'FIFO_SRL' <Latency = 0> <II = 1> <Delay = 1.83> <Storage> <Opcode : 'read' 'write' 'nbread' 'nbwrite'> <Ports = 0> <Width = 15> <Depth = 2> <FIFO>
ST_1 : Operation 57 [1/1] (1.83ns)   --->   "%p_read_111 = read i15 @_ssdm_op_Read.ap_auto.i15, i15 %p_read14"   --->   Operation 57 'read' 'p_read_111' <Predicate = true> <Delay = 1.83> <CoreInst = "FIFO_SRL">   --->   Core 80 'FIFO_SRL' <Latency = 0> <II = 1> <Delay = 1.83> <Storage> <Opcode : 'read' 'write' 'nbread' 'nbwrite'> <Ports = 0> <Width = 15> <Depth = 2> <FIFO>
ST_1 : Operation 58 [1/1] (1.83ns)   --->   "%p_read_112 = read i15 @_ssdm_op_Read.ap_auto.i15, i15 %p_read13"   --->   Operation 58 'read' 'p_read_112' <Predicate = true> <Delay = 1.83> <CoreInst = "FIFO_SRL">   --->   Core 80 'FIFO_SRL' <Latency = 0> <II = 1> <Delay = 1.83> <Storage> <Opcode : 'read' 'write' 'nbread' 'nbwrite'> <Ports = 0> <Width = 15> <Depth = 2> <FIFO>
ST_1 : Operation 59 [1/1] (1.83ns)   --->   "%p_read_113 = read i15 @_ssdm_op_Read.ap_auto.i15, i15 %p_read12"   --->   Operation 59 'read' 'p_read_113' <Predicate = true> <Delay = 1.83> <CoreInst = "FIFO_SRL">   --->   Core 80 'FIFO_SRL' <Latency = 0> <II = 1> <Delay = 1.83> <Storage> <Opcode : 'read' 'write' 'nbread' 'nbwrite'> <Ports = 0> <Width = 15> <Depth = 2> <FIFO>
ST_1 : Operation 60 [1/1] (1.83ns)   --->   "%p_read_114 = read i15 @_ssdm_op_Read.ap_auto.i15, i15 %p_read11"   --->   Operation 60 'read' 'p_read_114' <Predicate = true> <Delay = 1.83> <CoreInst = "FIFO_SRL">   --->   Core 80 'FIFO_SRL' <Latency = 0> <II = 1> <Delay = 1.83> <Storage> <Opcode : 'read' 'write' 'nbread' 'nbwrite'> <Ports = 0> <Width = 15> <Depth = 2> <FIFO>
ST_1 : Operation 61 [1/1] (1.83ns)   --->   "%p_read1074 = read i15 @_ssdm_op_Read.ap_auto.i15, i15 %p_read10"   --->   Operation 61 'read' 'p_read1074' <Predicate = true> <Delay = 1.83> <CoreInst = "FIFO_SRL">   --->   Core 80 'FIFO_SRL' <Latency = 0> <II = 1> <Delay = 1.83> <Storage> <Opcode : 'read' 'write' 'nbread' 'nbwrite'> <Ports = 0> <Width = 15> <Depth = 2> <FIFO>
ST_1 : Operation 62 [1/1] (1.83ns)   --->   "%p_read973 = read i15 @_ssdm_op_Read.ap_auto.i15, i15 %p_read9"   --->   Operation 62 'read' 'p_read973' <Predicate = true> <Delay = 1.83> <CoreInst = "FIFO_SRL">   --->   Core 80 'FIFO_SRL' <Latency = 0> <II = 1> <Delay = 1.83> <Storage> <Opcode : 'read' 'write' 'nbread' 'nbwrite'> <Ports = 0> <Width = 15> <Depth = 2> <FIFO>
ST_1 : Operation 63 [1/1] (1.83ns)   --->   "%p_read872 = read i15 @_ssdm_op_Read.ap_auto.i15, i15 %p_read8"   --->   Operation 63 'read' 'p_read872' <Predicate = true> <Delay = 1.83> <CoreInst = "FIFO_SRL">   --->   Core 80 'FIFO_SRL' <Latency = 0> <II = 1> <Delay = 1.83> <Storage> <Opcode : 'read' 'write' 'nbread' 'nbwrite'> <Ports = 0> <Width = 15> <Depth = 2> <FIFO>
ST_1 : Operation 64 [1/1] (1.83ns)   --->   "%p_read771 = read i15 @_ssdm_op_Read.ap_auto.i15, i15 %p_read7"   --->   Operation 64 'read' 'p_read771' <Predicate = true> <Delay = 1.83> <CoreInst = "FIFO_SRL">   --->   Core 80 'FIFO_SRL' <Latency = 0> <II = 1> <Delay = 1.83> <Storage> <Opcode : 'read' 'write' 'nbread' 'nbwrite'> <Ports = 0> <Width = 15> <Depth = 2> <FIFO>
ST_1 : Operation 65 [1/1] (1.83ns)   --->   "%p_read670 = read i15 @_ssdm_op_Read.ap_auto.i15, i15 %p_read6"   --->   Operation 65 'read' 'p_read670' <Predicate = true> <Delay = 1.83> <CoreInst = "FIFO_SRL">   --->   Core 80 'FIFO_SRL' <Latency = 0> <II = 1> <Delay = 1.83> <Storage> <Opcode : 'read' 'write' 'nbread' 'nbwrite'> <Ports = 0> <Width = 15> <Depth = 2> <FIFO>
ST_1 : Operation 66 [1/1] (1.83ns)   --->   "%p_read569 = read i15 @_ssdm_op_Read.ap_auto.i15, i15 %p_read5"   --->   Operation 66 'read' 'p_read569' <Predicate = true> <Delay = 1.83> <CoreInst = "FIFO_SRL">   --->   Core 80 'FIFO_SRL' <Latency = 0> <II = 1> <Delay = 1.83> <Storage> <Opcode : 'read' 'write' 'nbread' 'nbwrite'> <Ports = 0> <Width = 15> <Depth = 2> <FIFO>
ST_1 : Operation 67 [1/1] (1.83ns)   --->   "%p_read468 = read i15 @_ssdm_op_Read.ap_auto.i15, i15 %p_read4"   --->   Operation 67 'read' 'p_read468' <Predicate = true> <Delay = 1.83> <CoreInst = "FIFO_SRL">   --->   Core 80 'FIFO_SRL' <Latency = 0> <II = 1> <Delay = 1.83> <Storage> <Opcode : 'read' 'write' 'nbread' 'nbwrite'> <Ports = 0> <Width = 15> <Depth = 2> <FIFO>
ST_1 : Operation 68 [1/1] (1.83ns)   --->   "%p_read367 = read i15 @_ssdm_op_Read.ap_auto.i15, i15 %p_read3"   --->   Operation 68 'read' 'p_read367' <Predicate = true> <Delay = 1.83> <CoreInst = "FIFO_SRL">   --->   Core 80 'FIFO_SRL' <Latency = 0> <II = 1> <Delay = 1.83> <Storage> <Opcode : 'read' 'write' 'nbread' 'nbwrite'> <Ports = 0> <Width = 15> <Depth = 2> <FIFO>
ST_1 : Operation 69 [1/1] (1.83ns)   --->   "%p_read266 = read i15 @_ssdm_op_Read.ap_auto.i15, i15 %p_read2"   --->   Operation 69 'read' 'p_read266' <Predicate = true> <Delay = 1.83> <CoreInst = "FIFO_SRL">   --->   Core 80 'FIFO_SRL' <Latency = 0> <II = 1> <Delay = 1.83> <Storage> <Opcode : 'read' 'write' 'nbread' 'nbwrite'> <Ports = 0> <Width = 15> <Depth = 2> <FIFO>
ST_1 : Operation 70 [1/1] (1.83ns)   --->   "%p_read165 = read i15 @_ssdm_op_Read.ap_auto.i15, i15 %p_read1"   --->   Operation 70 'read' 'p_read165' <Predicate = true> <Delay = 1.83> <CoreInst = "FIFO_SRL">   --->   Core 80 'FIFO_SRL' <Latency = 0> <II = 1> <Delay = 1.83> <Storage> <Opcode : 'read' 'write' 'nbread' 'nbwrite'> <Ports = 0> <Width = 15> <Depth = 2> <FIFO>
ST_1 : Operation 71 [1/1] (1.83ns)   --->   "%p_read64 = read i15 @_ssdm_op_Read.ap_auto.i15, i15 %p_read"   --->   Operation 71 'read' 'p_read64' <Predicate = true> <Delay = 1.83> <CoreInst = "FIFO_SRL">   --->   Core 80 'FIFO_SRL' <Latency = 0> <II = 1> <Delay = 1.83> <Storage> <Opcode : 'read' 'write' 'nbread' 'nbwrite'> <Ports = 0> <Width = 15> <Depth = 2> <FIFO>
ST_1 : Operation 72 [1/1] (0.00ns)   --->   "%out_sum_1_loc = alloca i64 1"   --->   Operation 72 'alloca' 'out_sum_1_loc' <Predicate = true> <Delay = 0.00>
ST_1 : Operation 73 [2/2] (2.44ns)   --->   "%call_ln0 = call void @write_output_Pipeline_Loop_Out, i15 %p_read64, i15 %p_read468, i15 %p_read872, i15 %p_read_113, i15 %p_read_109, i15 %p_read2084, i15 %p_read_102, i15 %p_read_98, i15 %p_read_95, i15 %p_read_91, i15 %p_read_87, i15 %p_read_83, i15 %p_read_79, i15 %p_read_75, i15 %p_read_71, i15 %p_read_67, i15 %p_read165, i15 %p_read569, i15 %p_read973, i15 %p_read_112, i15 %p_read_108, i15 %p_read_105, i15 %p_read_101, i15 %p_read_97, i15 %p_read_94, i15 %p_read_90, i15 %p_read_86, i15 %p_read_82, i15 %p_read_78, i15 %p_read_74, i15 %p_read_70, i15 %p_read_66, i15 %p_read266, i15 %p_read670, i15 %p_read1074, i15 %p_read_111, i15 %p_read_107, i15 %p_read_104, i15 %p_read_100, i15 %p_read3094, i15 %p_read_93, i15 %p_read_89, i15 %p_read_85, i15 %p_read_81, i15 %p_read_77, i15 %p_read_73, i15 %p_read_69, i15 %p_read_65, i15 %p_read367, i15 %p_read771, i15 %p_read_114, i15 %p_read_110, i15 %p_read_106, i15 %p_read_103, i15 %p_read_99, i15 %p_read_96, i15 %p_read_92, i15 %p_read_88, i15 %p_read_84, i15 %p_read_80, i15 %p_read_76, i15 %p_read_72, i15 %p_read_68, i15 %p_read_64, i16 %out_sum_1_loc"   --->   Operation 73 'call' 'call_ln0' <Predicate = true> <Delay = 2.44> <CoreType = "Generic">   --->   Generic Core

State 2 <SV = 1> <Delay = 2.44>
ST_2 : Operation 74 [1/2] (2.44ns)   --->   "%call_ln0 = call void @write_output_Pipeline_Loop_Out, i15 %p_read64, i15 %p_read468, i15 %p_read872, i15 %p_read_113, i15 %p_read_109, i15 %p_read2084, i15 %p_read_102, i15 %p_read_98, i15 %p_read_95, i15 %p_read_91, i15 %p_read_87, i15 %p_read_83, i15 %p_read_79, i15 %p_read_75, i15 %p_read_71, i15 %p_read_67, i15 %p_read165, i15 %p_read569, i15 %p_read973, i15 %p_read_112, i15 %p_read_108, i15 %p_read_105, i15 %p_read_101, i15 %p_read_97, i15 %p_read_94, i15 %p_read_90, i15 %p_read_86, i15 %p_read_82, i15 %p_read_78, i15 %p_read_74, i15 %p_read_70, i15 %p_read_66, i15 %p_read266, i15 %p_read670, i15 %p_read1074, i15 %p_read_111, i15 %p_read_107, i15 %p_read_104, i15 %p_read_100, i15 %p_read3094, i15 %p_read_93, i15 %p_read_89, i15 %p_read_85, i15 %p_read_81, i15 %p_read_77, i15 %p_read_73, i15 %p_read_69, i15 %p_read_65, i15 %p_read367, i15 %p_read771, i15 %p_read_114, i15 %p_read_110, i15 %p_read_106, i15 %p_read_103, i15 %p_read_99, i15 %p_read_96, i15 %p_read_92, i15 %p_read_88, i15 %p_read_84, i15 %p_read_80, i15 %p_read_76, i15 %p_read_72, i15 %p_read_68, i15 %p_read_64, i16 %out_sum_1_loc"   --->   Operation 74 'call' 'call_ln0' <Predicate = true> <Delay = 2.44> <CoreType = "Generic">   --->   Generic Core

State 3 <SV = 2> <Delay = 0.99>
ST_3 : Operation 75 [1/1] (0.00ns)   --->   "%out_sum_1_loc_load = load i16 %out_sum_1_loc"   --->   Operation 75 'load' 'out_sum_1_loc_load' <Predicate = true> <Delay = 0.00>
ST_3 : Operation 76 [1/1] (0.00ns)   --->   "%sext_ln24 = sext i16 %out_sum_1_loc_load" [cloud_mlp.cpp:24->cloud_mlp.cpp:199->cloud_mlp.cpp:237]   --->   Operation 76 'sext' 'sext_ln24' <Predicate = true> <Delay = 0.00>
ST_3 : Operation 77 [3/3] (0.99ns) (grouped into DSP with root node add_ln24)   --->   "%mul_ln24 = mul i24 %sext_ln24, i24 204" [cloud_mlp.cpp:24->cloud_mlp.cpp:199->cloud_mlp.cpp:237]   --->   Operation 77 'mul' 'mul_ln24' <Predicate = true> <Delay = 0.99> <CoreInst = "DSP48">   --->   Core 124 'DSP48' <Latency = 3> <II = 1> <Delay = 0.53> <IPBlock> <Opcode : 'add' 'sub' 'mul' 'select'> <InPorts = 0> <OutPorts = 1> <Sync> <CReg>

State 4 <SV = 3> <Delay = 0.99>
ST_4 : Operation 78 [2/3] (0.99ns) (grouped into DSP with root node add_ln24)   --->   "%mul_ln24 = mul i24 %sext_ln24, i24 204" [cloud_mlp.cpp:24->cloud_mlp.cpp:199->cloud_mlp.cpp:237]   --->   Operation 78 'mul' 'mul_ln24' <Predicate = true> <Delay = 0.99> <CoreInst = "DSP48">   --->   Core 124 'DSP48' <Latency = 3> <II = 1> <Delay = 0.53> <IPBlock> <Opcode : 'add' 'sub' 'mul' 'select'> <InPorts = 0> <OutPorts = 1> <Sync> <CReg>

State 5 <SV = 4> <Delay = 0.64>
ST_5 : Operation 79 [1/3] (0.00ns) (grouped into DSP with root node add_ln24)   --->   "%mul_ln24 = mul i24 %sext_ln24, i24 204" [cloud_mlp.cpp:24->cloud_mlp.cpp:199->cloud_mlp.cpp:237]   --->   Operation 79 'mul' 'mul_ln24' <Predicate = true> <Delay = 0.00> <CoreInst = "DSP48">   --->   Core 124 'DSP48' <Latency = 3> <II = 1> <Delay = 0.53> <IPBlock> <Opcode : 'add' 'sub' 'mul' 'select'> <InPorts = 0> <OutPorts = 1> <Sync> <CReg>
ST_5 : Operation 80 [2/2] (0.64ns) (root node of the DSP)   --->   "%add_ln24 = add i24 %mul_ln24, i24 524288" [cloud_mlp.cpp:24->cloud_mlp.cpp:199->cloud_mlp.cpp:237]   --->   Operation 80 'add' 'add_ln24' <Predicate = true> <Delay = 0.64> <CoreInst = "DSP48">   --->   Core 124 'DSP48' <Latency = 3> <II = 1> <Delay = 0.53> <IPBlock> <Opcode : 'add' 'sub' 'mul' 'select'> <InPorts = 0> <OutPorts = 1> <Sync> <CReg>

State 6 <SV = 5> <Delay = 3.10>
ST_6 : Operation 81 [1/1] ( I:1.55ns O:1.55ns )   --->   "%meta_stream_read = read i32 @_ssdm_op_Read.ap_fifo.volatile.i32P0A, i32 %meta_stream" [cloud_mlp.cpp:185->cloud_mlp.cpp:237]   --->   Operation 81 'read' 'meta_stream_read' <Predicate = true> <Delay = 1.55> <CoreInst = "FIFO">   --->   Core 77 'FIFO' <Latency = 0> <II = 1> <Delay = 1.55> <Storage> <Opcode : 'read' 'write' 'nbread' 'nbwrite'> <Ports = 0> <Width = 32> <Depth = 64> <FIFO>
ST_6 : Operation 82 [1/1] (0.00ns)   --->   "%fence_ln190 = fence void @_ssdm_op_Fence, i32 %meta_stream, i32 4294967295, i32 %out_stream_V_data_V, i4 %out_stream_V_keep_V, i4 %out_stream_V_strb_V, i1 %out_stream_V_last_V, i32 0" [cloud_mlp.cpp:190->cloud_mlp.cpp:237]   --->   Operation 82 'fence' 'fence_ln190' <Predicate = true> <Delay = 0.00>
ST_6 : Operation 83 [1/1] (0.00ns)   --->   "%trunc_ln185 = trunc i32 %meta_stream_read" [cloud_mlp.cpp:185->cloud_mlp.cpp:237]   --->   Operation 83 'trunc' 'trunc_ln185' <Predicate = true> <Delay = 0.00>
ST_6 : Operation 84 [1/1] (0.00ns)   --->   "%p_s = bitselect i1 @_ssdm_op_BitSelect.i1.i32.i32, i32 %meta_stream_read, i32 16" [cloud_mlp.cpp:185->cloud_mlp.cpp:237]   --->   Operation 84 'bitselect' 'p_s' <Predicate = true> <Delay = 0.00>
ST_6 : Operation 85 [1/1] (0.00ns)   --->   "%p_1 = partselect i4 @_ssdm_op_PartSelect.i4.i32.i32, i32 %meta_stream_read, i32 8" [cloud_mlp.cpp:185->cloud_mlp.cpp:237]   --->   Operation 85 'partselect' 'p_1' <Predicate = true> <Delay = 0.00>
ST_6 : Operation 86 [1/1] (0.00ns)   --->   "%tmp_2_i = partselect i8 @_ssdm_op_PartSelect.i8.i32.i32, i32 %meta_stream_read, i32 24" [cloud_mlp.cpp:185->cloud_mlp.cpp:237]   --->   Operation 86 'partselect' 'tmp_2_i' <Predicate = true> <Delay = 0.00>
ST_6 : Operation 87 [1/2] (0.64ns) (root node of the DSP)   --->   "%add_ln24 = add i24 %mul_ln24, i24 524288" [cloud_mlp.cpp:24->cloud_mlp.cpp:199->cloud_mlp.cpp:237]   --->   Operation 87 'add' 'add_ln24' <Predicate = true> <Delay = 0.64> <CoreInst = "DSP48">   --->   Core 124 'DSP48' <Latency = 3> <II = 1> <Delay = 0.53> <IPBlock> <Opcode : 'add' 'sub' 'mul' 'select'> <InPorts = 0> <OutPorts = 1> <Sync> <CReg>
ST_6 : Operation 88 [1/1] (0.00ns)   --->   "%trunc_ln2 = partselect i14 @_ssdm_op_PartSelect.i14.i24.i32.i32, i24 %add_ln24, i32 10, i32 23" [cloud_mlp.cpp:24->cloud_mlp.cpp:199->cloud_mlp.cpp:237]   --->   Operation 88 'partselect' 'trunc_ln2' <Predicate = true> <Delay = 0.00>
ST_6 : Operation 89 [1/1] (0.83ns)   --->   "%icmp_ln199 = icmp_sgt  i14 %trunc_ln2, i14 512" [cloud_mlp.cpp:199->cloud_mlp.cpp:237]   --->   Operation 89 'icmp' 'icmp_ln199' <Predicate = true> <Delay = 0.83> <CoreInst = "Cmp">   --->   Core 9 'Cmp' <Latency = 0> <II = 1> <Delay = 0.83> <FuncUnit> <Opcode : 'seteq' 'setne' 'setle' 'setge' 'setlt' 'setgt'> <InPorts = 2> <OutPorts = 1>
ST_6 : Operation 90 [1/1] (0.76ns)   --->   "%icmp_ln203 = icmp_ugt  i8 %tmp_2_i, i8 79" [cloud_mlp.cpp:203->cloud_mlp.cpp:237]   --->   Operation 90 'icmp' 'icmp_ln203' <Predicate = true> <Delay = 0.76> <CoreInst = "Cmp">   --->   Core 9 'Cmp' <Latency = 0> <II = 1> <Delay = 0.76> <FuncUnit> <Opcode : 'seteq' 'setne' 'setle' 'setge' 'setlt' 'setgt'> <InPorts = 2> <OutPorts = 1>
ST_6 : Operation 91 [1/1] (0.00ns) (grouped into LUT with out node select_ln208)   --->   "%and_ln203 = and i1 %icmp_ln199, i1 %icmp_ln203" [cloud_mlp.cpp:203->cloud_mlp.cpp:237]   --->   Operation 91 'and' 'and_ln203' <Predicate = true> <Delay = 0.00> <CoreInst = "LogicGate">   --->   Core 74 'LogicGate' <Latency = 0> <II = 1> <Delay = 0.28> <FuncUnit> <Opcode : 'and' 'or' 'xor'> <InPorts = 2> <OutPorts = 1>
ST_6 : Operation 92 [1/1] (0.28ns) (out node of the LUT)   --->   "%select_ln208 = select i1 %and_ln203, i32 4294967295, i32 0" [cloud_mlp.cpp:208->cloud_mlp.cpp:237]   --->   Operation 92 'select' 'select_ln208' <Predicate = true> <Delay = 0.28> <CoreInst = "Sel">   --->   Core 73 'Sel' <Latency = 0> <II = 1> <Delay = 0.17> <FuncUnit> <Opcode : 'select'> <InPorts = 3> <OutPorts = 1>
ST_6 : Operation 93 [2/2] (0.49ns)   --->   "%write_ln208 = write void @_ssdm_op_Write.axis.volatile.i32P0A.i4P0A.i4P0A.i1P0A, i32 %out_stream_V_data_V, i4 %out_stream_V_keep_V, i4 %out_stream_V_strb_V, i1 %out_stream_V_last_V, i32 %select_ln208, i4 %trunc_ln185, i4 %p_1, i1 %p_s" [cloud_mlp.cpp:208->cloud_mlp.cpp:237]   --->   Operation 93 'write' 'write_ln208' <Predicate = true> <Delay = 0.49> <CoreInst = "regslice">   --->   Core 147 'regslice' <Latency = 0> <II = 1> <Delay = 0.65> <Adapter> <Opcode : 'read' 'write'>

State 7 <SV = 6> <Delay = 0.49>
ST_7 : Operation 94 [1/1] (0.00ns)   --->   "%specinterface_ln0 = specinterface void @_ssdm_op_SpecInterface, i32 %meta_stream, void @empty_520, i32 0, i32 0, void @empty_517, i32 0, i32 0, void @empty_517, void @empty_517, void @empty_517, i32 0, i32 0, i32 0, i32 0, void @empty_517, void @empty_517, i32 4294967295, i32 0, i32 0, i32 0"   --->   Operation 94 'specinterface' 'specinterface_ln0' <Predicate = true> <Delay = 0.00>
ST_7 : Operation 95 [1/1] (0.00ns)   --->   "%specinterface_ln0 = specinterface void @_ssdm_op_SpecInterface, i32 %meta_stream, void @empty_520, i32 0, i32 0, void @empty_517, i32 0, i32 0, void @empty_517, void @empty_517, void @empty_517, i32 0, i32 0, i32 0, i32 0, void @empty_517, void @empty_517, i32 4294967295, i32 0, i32 0, i32 0"   --->   Operation 95 'specinterface' 'specinterface_ln0' <Predicate = true> <Delay = 0.00>
ST_7 : Operation 96 [1/1] (0.00ns)   --->   "%specinterface_ln0 = specinterface void @_ssdm_op_SpecInterface, i32 %meta_stream, void @empty_520, i32 0, i32 0, void @empty_517, i32 0, i32 0, void @empty_517, void @empty_517, void @empty_517, i32 0, i32 0, i32 0, i32 0, void @empty_517, void @empty_517, i32 4294967295, i32 0, i32 0, i32 0"   --->   Operation 96 'specinterface' 'specinterface_ln0' <Predicate = true> <Delay = 0.00>
ST_7 : Operation 97 [1/1] (0.00ns)   --->   "%specaxissidechannel_ln0 = specaxissidechannel void @_ssdm_op_SpecAXISSideChannel, i32 %out_stream_V_data_V, i4 %out_stream_V_keep_V, i4 %out_stream_V_strb_V, i1 0, i1 %out_stream_V_last_V, i1 0, i1 0, void @empty_522"   --->   Operation 97 'specaxissidechannel' 'specaxissidechannel_ln0' <Predicate = true> <Delay = 0.00>
ST_7 : Operation 98 [1/1] (0.00ns)   --->   "%specinterface_ln0 = specinterface void @_ssdm_op_SpecInterface, i32 %meta_stream, void @empty_520, i32 0, i32 0, void @empty_517, i32 0, i32 0, void @empty_517, void @empty_517, void @empty_517, i32 0, i32 0, i32 0, i32 0, void @empty_517, void @empty_517, i32 4294967295, i32 0, i32 0, i32 0"   --->   Operation 98 'specinterface' 'specinterface_ln0' <Predicate = true> <Delay = 0.00>
ST_7 : Operation 99 [1/1] (0.00ns)   --->   "%specinterface_ln0 = specinterface void @_ssdm_op_SpecInterface, i1 %out_stream_V_last_V, i4 %out_stream_V_strb_V, i4 %out_stream_V_keep_V, i32 %out_stream_V_data_V, void @empty_515, i32 1, i32 1, void @empty_516, i32 0, i32 0, void @empty_517, void @empty_517, void @empty_517, i32 0, i32 0, i32 0, i32 0, void @empty_517, void @empty_517, i32 4294967295, i32 0, i32 0, i32 0"   --->   Operation 99 'specinterface' 'specinterface_ln0' <Predicate = true> <Delay = 0.00>
ST_7 : Operation 100 [1/2] ( I:0.49ns O:0.49ns )   --->   "%write_ln208 = write void @_ssdm_op_Write.axis.volatile.i32P0A.i4P0A.i4P0A.i1P0A, i32 %out_stream_V_data_V, i4 %out_stream_V_keep_V, i4 %out_stream_V_strb_V, i1 %out_stream_V_last_V, i32 %select_ln208, i4 %trunc_ln185, i4 %p_1, i1 %p_s" [cloud_mlp.cpp:208->cloud_mlp.cpp:237]   --->   Operation 100 'write' 'write_ln208' <Predicate = true> <Delay = 0.49> <CoreInst = "regslice">   --->   Core 147 'regslice' <Latency = 0> <II = 1> <Delay = 0.65> <Adapter> <Opcode : 'read' 'write'>
ST_7 : Operation 101 [1/1] (0.00ns)   --->   "%ret_ln0 = ret"   --->   Operation 101 'ret' 'ret_ln0' <Predicate = true> <Delay = 0.00>


============================================================
+ Verbose Summary: Timing violations
============================================================
Target clock period: 25.000ns, clock uncertainty: 0.675ns.

 <State 1>: 4.283ns
The critical path consists of the following:
	wire read operation ('p_read_64') on port 'p_read63' [70]  (1.838 ns)
	'call' operation ('call_ln0') to 'write_output_Pipeline_Loop_Out' [143]  (2.445 ns)

 <State 2>: 2.445ns
The critical path consists of the following:
	'call' operation ('call_ln0') to 'write_output_Pipeline_Loop_Out' [143]  (2.445 ns)

 <State 3>: 0.996ns
The critical path consists of the following:
	'load' operation 16 bit ('out_sum_1_loc_load') on local variable 'out_sum_1_loc' [144]  (0.000 ns)
	'mul' operation 24 bit of DSP[151] ('mul_ln24', cloud_mlp.cpp:24->cloud_mlp.cpp:199->cloud_mlp.cpp:237) [150]  (0.996 ns)

 <State 4>: 0.996ns
The critical path consists of the following:
	'mul' operation 24 bit of DSP[151] ('mul_ln24', cloud_mlp.cpp:24->cloud_mlp.cpp:199->cloud_mlp.cpp:237) [150]  (0.996 ns)

 <State 5>: 0.645ns
The critical path consists of the following:
	'mul' operation 24 bit of DSP[151] ('mul_ln24', cloud_mlp.cpp:24->cloud_mlp.cpp:199->cloud_mlp.cpp:237) [150]  (0.000 ns)
	'add' operation 24 bit of DSP[151] ('add_ln24', cloud_mlp.cpp:24->cloud_mlp.cpp:199->cloud_mlp.cpp:237) [151]  (0.645 ns)

 <State 6>: 3.106ns
The critical path consists of the following:
	fifo read operation ('meta_stream_read', cloud_mlp.cpp:185->cloud_mlp.cpp:237) on port 'meta_stream' (cloud_mlp.cpp:185->cloud_mlp.cpp:237) [141]  (1.557 ns)
	'icmp' operation 1 bit ('icmp_ln203', cloud_mlp.cpp:203->cloud_mlp.cpp:237) [154]  (0.765 ns)
	'and' operation 1 bit ('and_ln203', cloud_mlp.cpp:203->cloud_mlp.cpp:237) [155]  (0.000 ns)
	'select' operation 32 bit ('select_ln208', cloud_mlp.cpp:208->cloud_mlp.cpp:237) [156]  (0.287 ns)
	axis write operation ('write_ln208', cloud_mlp.cpp:208->cloud_mlp.cpp:237) on port 'out_stream_V_data_V' (cloud_mlp.cpp:208->cloud_mlp.cpp:237) [157]  (0.000 ns)
	blocking operation 0.497 ns on control path)

 <State 7>: 0.497ns
The critical path consists of the following:
	axis write operation ('write_ln208', cloud_mlp.cpp:208->cloud_mlp.cpp:237) on port 'out_stream_V_data_V' (cloud_mlp.cpp:208->cloud_mlp.cpp:237) [157]  (0.497 ns)


============================================================
+ Verbose Summary: Binding
============================================================
N/A
* FSMD analyzer results:
  - Output states:
 - Input state : 
  - Chain level:
	State 1
	State 2
	State 3
	State 4
	State 5
	State 6
	State 7


============================================================
+ Verbose Summary: Datapath Resource usage 
============================================================
N/A
