  **** HLS Build v2025.2 6295257
INFO: [HLS 200-2005] Using work_dir C:/OCDS/OCDS_4K_Streams/OCDS_4K_Stream/OCDS_4K_Stream 
INFO: [HLS 200-2176] Writing Vitis IDE component file C:/OCDS/OCDS_4K_Streams/OCDS_4K_Stream/OCDS_4K_Stream/vitis-comp.json
INFO: [HLS 200-10] Creating and opening component 'C:/OCDS/OCDS_4K_Streams/OCDS_4K_Stream/OCDS_4K_Stream'.
INFO: [HLS 200-1505] Using default flow_target 'vivado'
Resolution: For help on HLS 200-1505 see docs.amd.com/access/sources/dita/topic?Doc_Version=2025.2%20English&url=ug1448-hls-guidance&resourceid=200-1505.html
INFO: [HLS 200-2174] Applying component config ini file hls_config.cfg
INFO: [HLS 200-1465] Applying config ini 'syn.file=./cloud_mlp.cpp' from hls_config.cfg(9)
INFO: [HLS 200-10] Adding design file './cloud_mlp.cpp' to the project
INFO: [HLS 200-1465] Applying config ini 'syn.file=./cloud_mlp.hpp' from hls_config.cfg(10)
INFO: [HLS 200-10] Adding design file './cloud_mlp.hpp' to the project
INFO: [HLS 200-1465] Applying config ini 'syn.file=./weights.h' from hls_config.cfg(11)
INFO: [HLS 200-10] Adding design file './weights.h' to the project
INFO: [HLS 200-1465] Applying config ini 'tb.file=./tb_cloud_mlp.cpp' from hls_config.cfg(13)
INFO: [HLS 200-10] Adding test bench file './tb_cloud_mlp.cpp' to the project
INFO: [HLS 200-1465] Applying config ini 'syn.top=cloud_mlp_top' from hls_config.cfg(12)
INFO: [HLS 200-1465] Applying config ini 'flow_target=vivado' from hls_config.cfg(4)
INFO: [HLS 200-1505] Using flow_target 'vivado'
Resolution: For help on HLS 200-1505 see docs.amd.com/access/sources/dita/topic?Doc_Version=2025.2%20English&url=ug1448-hls-guidance&resourceid=200-1505.html
INFO: [HLS 200-1465] Applying config ini 'part=xczu9eg-ffvb1156-2-e' from hls_config.cfg(1)
INFO: [HLS 200-1611] Setting target device to 'xczu9eg-ffvb1156-2-e'
INFO: [HLS 200-1465] Applying config ini 'clock=30ns' from hls_config.cfg(7)
INFO: [SYN 201-201] Setting up clock 'default' with a period of 30ns.
INFO: [HLS 200-1465] Applying config ini 'clock_uncertainty=0.81ns' from hls_config.cfg(16)
INFO: [SYN 201-201] Setting up clock 'default' with an uncertainty of 0.81ns.
INFO: [HLS 200-1465] Applying config ini 'csim.clean=1' from hls_config.cfg(14)
INFO: [HLS 200-1465] Applying config ini 'package.output.format=ip_catalog' from hls_config.cfg(5)
INFO: [HLS 200-1465] Applying config ini 'syn.compile.unsafe_math_optimizations=1' from hls_config.cfg(15)
INFO: [XFORM 203-1172] Optimizing floating point zeros and discarding its signedness.
INFO: [XFORM 203-1176] Optimizing floating point comparison without checking NaN.
INFO: [XFORM 203-1173] Reordering floating point operations aggressively.
INFO: [HLS 200-2176] Writing Vitis IDE component file C:/OCDS/OCDS_4K_Streams/OCDS_4K_Stream/OCDS_4K_Stream/vitis-comp.json
INFO: [HLS 200-111] Finished File checks and directory preparation: CPU user time: 1 seconds. CPU system time: 1 seconds. Elapsed time: 3.575 seconds; current allocated memory: 150.211 MB.
INFO: [HLS 200-2191] C-Synthesis will use clang-16 as the compiler
INFO: [HLS 200-10] Analyzing design file 'cloud_mlp.cpp' ... 
WARNING: [HLS 214-113] Either use an argument of the function or declare the variable inside the dataflow loop body (cloud_mlp.cpp:91:16)
Resolution: For help on HLS 214-113 see docs.amd.com/access/sources/dita/topic?Doc_Version=2025.2%20English&url=ug1448-hls-guidance&resourceid=214-113.html
WARNING: [HLS 214-113] Either use an argument of the function or declare the variable inside the dataflow loop body (cloud_mlp.cpp:92:16)
Resolution: For help on HLS 214-113 see docs.amd.com/access/sources/dita/topic?Doc_Version=2025.2%20English&url=ug1448-hls-guidance&resourceid=214-113.html
WARNING: [HLS 214-113] Either use an argument of the function or declare the variable inside the dataflow loop body (cloud_mlp.cpp:93:16)
Resolution: For help on HLS 214-113 see docs.amd.com/access/sources/dita/topic?Doc_Version=2025.2%20English&url=ug1448-hls-guidance&resourceid=214-113.html
WARNING: [HLS 214-113] Either use an argument of the function or declare the variable inside the dataflow loop body (cloud_mlp.cpp:94:16)
Resolution: For help on HLS 214-113 see docs.amd.com/access/sources/dita/topic?Doc_Version=2025.2%20English&url=ug1448-hls-guidance&resourceid=214-113.html
WARNING: [HLS 214-113] Either use an argument of the function or declare the variable inside the dataflow loop body (cloud_mlp.cpp:123:23)
Resolution: For help on HLS 214-113 see docs.amd.com/access/sources/dita/topic?Doc_Version=2025.2%20English&url=ug1448-hls-guidance&resourceid=214-113.html
WARNING: [HLS 214-114] Since the only kind of statements allowed in a canonical dataflow region are variable declarations and function calls, the compiler may not be able to correctly handle the region (cloud_mlp.cpp:73:9)
Resolution: For help on HLS 214-114 see docs.amd.com/access/sources/dita/topic?Doc_Version=2025.2%20English&url=ug1448-hls-guidance&resourceid=214-114.html
WARNING: [HLS 200-471] Dataflow form checks found 6 issue(s) in file cloud_mlp.cpp
Resolution: For help on HLS 200-471 see docs.amd.com/access/sources/dita/topic?Doc_Version=2025.2%20English&url=ug1448-hls-guidance&resourceid=200-471.html
INFO: [HLS 200-111] Finished Source Code Analysis and Preprocessing: CPU user time: 0 seconds. CPU system time: 0 seconds. Elapsed time: 8.058 seconds; current allocated memory: 153.324 MB.
INFO: [HLS 200-777] Using interface defaults for 'Vivado' flow target.
INFO: [HLS 200-1995] There were 9,617 instructions in the design after the 'Compile/Link' phase of compilation. See the Design Size Report for more details (C:/OCDS/OCDS_4K_Streams/OCDS_4K_Stream/OCDS_4K_Stream/hls/syn/report/csynth_design_size.rpt:2)
WARNING: [HLS 214-273] In function 'ssdm_int<32, true>::ssdm_int(int)', INLINE (C:/AMDDesignTools/2025.2/Vitis/common/technology/autopilot\etc/ap_common.h:522:39) of a non dataflow function into a region with DATAFLOW (cloud_mlp.cpp:73:1) may break the canonical form (C:/AMDDesignTools/2025.2/Vitis/common/technology/autopilot\etc/ap_common.h:522:0)
WARNING: [HLS 214-273] In function 'hard_sigmoid(ap_fixed<16, 6, (ap_q_mode)5, (ap_o_mode)3, 0>)', INLINE (cloud_mlp.cpp:16:1) of a non dataflow function into a region with DATAFLOW (cloud_mlp.cpp:73:1) may break the canonical form (cloud_mlp.cpp:15:0)
WARNING: [HLS 214-273] In function 'ssdm_int<16, true>::ssdm_int(short)', INLINE (C:/AMDDesignTools/2025.2/Vitis/common/technology/autopilot\etc/ap_common.h:522:39) of a non dataflow function into a region with DATAFLOW (cloud_mlp.cpp:73:1) may break the canonical form (C:/AMDDesignTools/2025.2/Vitis/common/technology/autopilot\etc/ap_common.h:522:0)
WARNING: [HLS 214-273] In function 'ssdm_int<32, false>::ssdm_int(unsigned int)', INLINE (C:/AMDDesignTools/2025.2/Vitis/common/technology/autopilot\etc/ap_common.h:530:39) of a non dataflow function into a region with DATAFLOW (cloud_mlp.cpp:73:1) may break the canonical form (C:/AMDDesignTools/2025.2/Vitis/common/technology/autopilot\etc/ap_common.h:530:0)
ERROR: [HLS 214-274] In loop 'Out_Loop' (cloud_mlp.cpp:113:15), pragma conflict between UNROLL (cloud_mlp.cpp:115:1) and PIPELINE (cloud_mlp.cpp:114:1) as complete unroll would remove the loop and not honor PIPELINE (cloud_mlp.cpp:113:15)
WARNING: [HLS 214-275] In loop 'VITIS_LOOP_58_1 (cloud_mlp.cpp:58:26)', partially UNROLL (cloud_mlp.cpp:60:1) is converted into complete unroll due to PIPELINE pragma above (cloud_mlp.cpp:56:1) as a pipelined region cannot contain loops that are not fully unrolled (cloud_mlp.cpp:58:26)
ERROR: [HLS 200-1715] Encountered problem during source synthesis
ERROR: Pre-synthesis failed.
INFO: [HLS 200-112] Total CPU user time: 2 seconds. Total CPU system time: 1 seconds. Total elapsed time: 19.446 seconds; peak allocated memory: 154.191 MB.
