  **** HLS Build v2025.2 6295257
INFO: [HLS 200-2005] Using work_dir C:/OCDS/OCDS_4K_Streams/OCDS_4K_Stream/OCDS_4K_Stream 
INFO: [HLS 200-2176] Writing Vitis IDE component file C:/OCDS/OCDS_4K_Streams/OCDS_4K_Stream/OCDS_4K_Stream/vitis-comp.json
INFO: [HLS 200-10] Creating and opening component 'C:/OCDS/OCDS_4K_Streams/OCDS_4K_Stream/OCDS_4K_Stream'.
INFO: [HLS 200-1505] Using default flow_target 'vivado'
Resolution: For help on HLS 200-1505 see docs.amd.com/access/sources/dita/topic?Doc_Version=2025.2%20English&url=ug1448-hls-guidance&resourceid=200-1505.html
INFO: [HLS 200-2174] Applying component config ini file hls_config.cfg
INFO: [HLS 200-1465] Applying config ini 'syn.file=./cloud_mlp.cpp' from hls_config.cfg(9)
INFO: [HLS 200-10] Adding design file './cloud_mlp.cpp' to the project
INFO: [HLS 200-1465] Applying config ini 'syn.file=./cloud_mlp.hpp' from hls_config.cfg(10)
INFO: [HLS 200-10] Adding design file './cloud_mlp.hpp' to the project
INFO: [HLS 200-1465] Applying config ini 'syn.file=./weights.h' from hls_config.cfg(11)
INFO: [HLS 200-10] Adding design file './weights.h' to the project
INFO: [HLS 200-1465] Applying config ini 'tb.file=./tb_cloud_mlp.cpp' from hls_config.cfg(13)
INFO: [HLS 200-10] Adding test bench file './tb_cloud_mlp.cpp' to the project
INFO: [HLS 200-1465] Applying config ini 'syn.top=cloud_mlp_top' from hls_config.cfg(12)
INFO: [HLS 200-1465] Applying config ini 'flow_target=vivado' from hls_config.cfg(4)
INFO: [HLS 200-1505] Using flow_target 'vivado'
Resolution: For help on HLS 200-1505 see docs.amd.com/access/sources/dita/topic?Doc_Version=2025.2%20English&url=ug1448-hls-guidance&resourceid=200-1505.html
INFO: [HLS 200-1465] Applying config ini 'part=xczu9eg-ffvb1156-2-e' from hls_config.cfg(1)
INFO: [HLS 200-1611] Setting target device to 'xczu9eg-ffvb1156-2-e'
INFO: [HLS 200-1465] Applying config ini 'clock=30ns' from hls_config.cfg(7)
INFO: [SYN 201-201] Setting up clock 'default' with a period of 30ns.
INFO: [HLS 200-1465] Applying config ini 'clock_uncertainty=0.81ns' from hls_config.cfg(16)
INFO: [SYN 201-201] Setting up clock 'default' with an uncertainty of 0.81ns.
INFO: [HLS 200-1465] Applying config ini 'csim.clean=1' from hls_config.cfg(14)
INFO: [HLS 200-1465] Applying config ini 'package.output.format=ip_catalog' from hls_config.cfg(5)
INFO: [HLS 200-1465] Applying config ini 'syn.compile.unsafe_math_optimizations=1' from hls_config.cfg(15)
INFO: [XFORM 203-1172] Optimizing floating point zeros and discarding its signedness.
INFO: [XFORM 203-1176] Optimizing floating point comparison without checking NaN.
INFO: [XFORM 203-1173] Reordering floating point operations aggressively.
INFO: [HLS 200-2176] Writing Vitis IDE component file C:/OCDS/OCDS_4K_Streams/OCDS_4K_Stream/OCDS_4K_Stream/vitis-comp.json
INFO: [HLS 200-111] Finished File checks and directory preparation: CPU user time: 2 seconds. CPU system time: 3 seconds. Elapsed time: 5.591 seconds; current allocated memory: 151.273 MB.
INFO: [HLS 200-2191] C-Synthesis will use clang-16 as the compiler
INFO: [HLS 200-10] Analyzing design file 'cloud_mlp.cpp' ... 
INFO: [HLS 200-111] Finished Source Code Analysis and Preprocessing: CPU user time: 0 seconds. CPU system time: 0 seconds. Elapsed time: 7.623 seconds; current allocated memory: 154.613 MB.
INFO: [HLS 200-777] Using interface defaults for 'Vivado' flow target.
INFO: [HLS 200-1995] There were 9,827 instructions in the design after the 'Compile/Link' phase of compilation. See the Design Size Report for more details (C:/OCDS/OCDS_4K_Streams/OCDS_4K_Stream/OCDS_4K_Stream/hls/syn/report/csynth_design_size.rpt:2)
WARNING: [HLS 200-1995] There were 125,480 instructions in the design after the 'Unroll/Inline (step 1)' phase of compilation. See the Design Size Report for more details (C:/OCDS/OCDS_4K_Streams/OCDS_4K_Stream/OCDS_4K_Stream/hls/syn/report/csynth_design_size.rpt:2)
INFO: [HLS 200-1995] There were 70,512 instructions in the design after the 'Unroll/Inline (step 2)' phase of compilation. See the Design Size Report for more details (C:/OCDS/OCDS_4K_Streams/OCDS_4K_Stream/OCDS_4K_Stream/hls/syn/report/csynth_design_size.rpt:2)
INFO: [HLS 200-1995] There were 61,452 instructions in the design after the 'Unroll/Inline (step 3)' phase of compilation. See the Design Size Report for more details (C:/OCDS/OCDS_4K_Streams/OCDS_4K_Stream/OCDS_4K_Stream/hls/syn/report/csynth_design_size.rpt:2)
INFO: [HLS 200-1995] There were 56,081 instructions in the design after the 'Unroll/Inline (step 4)' phase of compilation. See the Design Size Report for more details (C:/OCDS/OCDS_4K_Streams/OCDS_4K_Stream/OCDS_4K_Stream/hls/syn/report/csynth_design_size.rpt:2)
INFO: [HLS 200-1995] There were 68,128 instructions in the design after the 'Array/Struct' phase of compilation. See the Design Size Report for more details (C:/OCDS/OCDS_4K_Streams/OCDS_4K_Stream/OCDS_4K_Stream/hls/syn/report/csynth_design_size.rpt:2)
INFO: [HLS 200-1995] There were 56,788 instructions in the design after the 'Array/Struct (step 2)' phase of compilation. See the Design Size Report for more details (C:/OCDS/OCDS_4K_Streams/OCDS_4K_Stream/OCDS_4K_Stream/hls/syn/report/csynth_design_size.rpt:2)
INFO: [HLS 200-1995] There were 56,790 instructions in the design after the 'Array/Struct (step 3)' phase of compilation. See the Design Size Report for more details (C:/OCDS/OCDS_4K_Streams/OCDS_4K_Stream/OCDS_4K_Stream/hls/syn/report/csynth_design_size.rpt:2)
INFO: [HLS 200-1995] There were 58,921 instructions in the design after the 'Array/Struct (step 4)' phase of compilation. See the Design Size Report for more details (C:/OCDS/OCDS_4K_Streams/OCDS_4K_Stream/OCDS_4K_Stream/hls/syn/report/csynth_design_size.rpt:2)
INFO: [HLS 200-1995] There were 56,956 instructions in the design after the 'Array/Struct (step 5)' phase of compilation. See the Design Size Report for more details (C:/OCDS/OCDS_4K_Streams/OCDS_4K_Stream/OCDS_4K_Stream/hls/syn/report/csynth_design_size.rpt:2)
INFO: [HLS 200-1995] There were 56,952 instructions in the design after the 'Performance' phase of compilation. See the Design Size Report for more details (C:/OCDS/OCDS_4K_Streams/OCDS_4K_Stream/OCDS_4K_Stream/hls/syn/report/csynth_design_size.rpt:2)
INFO: [HLS 200-1995] There were 56,929 instructions in the design after the 'Performance (step 2)' phase of compilation. See the Design Size Report for more details (C:/OCDS/OCDS_4K_Streams/OCDS_4K_Stream/OCDS_4K_Stream/hls/syn/report/csynth_design_size.rpt:2)
INFO: [HLS 200-1995] There were 56,973 instructions in the design after the 'Performance (step 3)' phase of compilation. See the Design Size Report for more details (C:/OCDS/OCDS_4K_Streams/OCDS_4K_Stream/OCDS_4K_Stream/hls/syn/report/csynth_design_size.rpt:2)
INFO: [HLS 200-1995] There were 56,899 instructions in the design after the 'Performance (step 4)' phase of compilation. See the Design Size Report for more details (C:/OCDS/OCDS_4K_Streams/OCDS_4K_Stream/OCDS_4K_Stream/hls/syn/report/csynth_design_size.rpt:2)
INFO: [HLS 200-1995] There were 56,864 instructions in the design after the 'HW Transforms (step 1)' phase of compilation. See the Design Size Report for more details (C:/OCDS/OCDS_4K_Streams/OCDS_4K_Stream/OCDS_4K_Stream/hls/syn/report/csynth_design_size.rpt:2)
INFO: [HLS 200-1995] There were 56,846 instructions in the design after the 'HW Transforms (step 2)' phase of compilation. See the Design Size Report for more details (C:/OCDS/OCDS_4K_Streams/OCDS_4K_Stream/OCDS_4K_Stream/hls/syn/report/csynth_design_size.rpt:2)
INFO: [HLS 214-131] Inlining function 'relu(ap_fixed<16, 6, (ap_q_mode)5, (ap_o_mode)3, 0>)' into 'compute_l1(ap_fixed<16, 6, (ap_q_mode)5, (ap_o_mode)3, 0>*, ap_fixed<16, 6, (ap_q_mode)5, (ap_o_mode)3, 0>*)' (cloud_mlp.cpp:63:21)
INFO: [HLS 214-131] Inlining function 'relu(ap_fixed<16, 6, (ap_q_mode)5, (ap_o_mode)3, 0>)' into 'compute_l2(ap_fixed<16, 6, (ap_q_mode)5, (ap_o_mode)3, 0>*, ap_fixed<16, 6, (ap_q_mode)5, (ap_o_mode)3, 0>*)' (cloud_mlp.cpp:79:21)
INFO: [HLS 214-131] Inlining function 'relu(ap_fixed<16, 6, (ap_q_mode)5, (ap_o_mode)3, 0>)' into 'compute_l3(ap_fixed<16, 6, (ap_q_mode)5, (ap_o_mode)3, 0>*, ap_fixed<16, 6, (ap_q_mode)5, (ap_o_mode)3, 0>*)' (cloud_mlp.cpp:95:21)
INFO: [HLS 214-131] Inlining function 'hard_sigmoid(ap_fixed<16, 6, (ap_q_mode)5, (ap_o_mode)3, 0>)' into 'write_output(ap_fixed<16, 6, (ap_q_mode)5, (ap_o_mode)3, 0>*, hls::stream<PacketMeta, 0>&, hls::stream<hls::axis<ap_int<32>, 0ul, 0ul, 0ul, (unsigned char)56, false>, 0>&)' (cloud_mlp.cpp:112:29)
INFO: [HLS 214-291] Loop 'VITIS_LOOP_89_1' is marked as complete unroll implied by the pipeline pragma (cloud_mlp.cpp:89:26)
INFO: [HLS 214-291] Loop 'VITIS_LOOP_73_1' is marked as complete unroll implied by the pipeline pragma (cloud_mlp.cpp:73:26)
INFO: [HLS 214-291] Loop 'VITIS_LOOP_57_1' is marked as complete unroll implied by the pipeline pragma (cloud_mlp.cpp:57:26)
INFO: [HLS 214-188] Unrolling loop 'Out' (cloud_mlp.cpp:104:10) in function 'write_output' partially with a factor of 8 (cloud_mlp.cpp:99:0)
INFO: [HLS 214-188] Unrolling loop 'L3' (cloud_mlp.cpp:85:9) in function 'compute_l3' partially with a factor of 4 (cloud_mlp.cpp:83:0)
INFO: [HLS 214-186] Unrolling loop 'VITIS_LOOP_89_1' (cloud_mlp.cpp:89:26) in function 'compute_l3' completely with a factor of 128 (cloud_mlp.cpp:83:0)
INFO: [HLS 214-188] Unrolling loop 'L2' (cloud_mlp.cpp:69:9) in function 'compute_l2' partially with a factor of 8 (cloud_mlp.cpp:67:0)
INFO: [HLS 214-186] Unrolling loop 'VITIS_LOOP_73_1' (cloud_mlp.cpp:73:26) in function 'compute_l2' completely with a factor of 64 (cloud_mlp.cpp:67:0)
INFO: [HLS 214-188] Unrolling loop 'L1' (cloud_mlp.cpp:53:9) in function 'compute_l1' partially with a factor of 4 (cloud_mlp.cpp:51:0)
INFO: [HLS 214-186] Unrolling loop 'VITIS_LOOP_57_1' (cloud_mlp.cpp:57:26) in function 'compute_l1' completely with a factor of 4 (cloud_mlp.cpp:51:0)
INFO: [HLS 214-178] Inlining function 'hls::axis<ap_int<32>, 0ul, 0ul, 0ul, (unsigned char)56, false>::axis()' into 'read_input(hls::stream<hls::axis<ap_int<32>, 0ul, 0ul, 0ul, (unsigned char)56, false>, 0>&, ap_fixed<16, 6, (ap_q_mode)5, (ap_o_mode)3, 0>*, hls::stream<PacketMeta, 0>&)' (cloud_mlp.cpp:30:0)
INFO: [HLS 214-178] Inlining function 'hls::axis<ap_int<32>, 0ul, 0ul, 0ul, (unsigned char)56, false>::axis()' into 'write_output(ap_fixed<16, 6, (ap_q_mode)5, (ap_o_mode)3, 0>*, hls::stream<PacketMeta, 0>&, hls::stream<hls::axis<ap_int<32>, 0ul, 0ul, 0ul, (unsigned char)56, false>, 0>&)' (cloud_mlp.cpp:99:0)
INFO: [HLS 214-248] Applying array_partition to '_ZL2B3': Cyclic partitioning with factor 4 on dimension 1. (./weights.h:271:0)
INFO: [HLS 214-248] Applying array_partition to '_ZL2W3': Cyclic partitioning with factor 4 on dimension 1. (./weights.h:205:0)
INFO: [HLS 214-248] Applying array_partition to '_ZL2B2': Cyclic partitioning with factor 8 on dimension 1. (./weights.h:203:0)
INFO: [HLS 214-248] Applying array_partition to '_ZL2W2': Cyclic partitioning with factor 8 on dimension 1. (./weights.h:73:0)
INFO: [HLS 214-248] Applying array_partition to '_ZL2B1': Cyclic partitioning with factor 4 on dimension 1. (./weights.h:71:0)
INFO: [HLS 214-248] Applying array_partition to '_ZL2W1': Cyclic partitioning with factor 4 on dimension 1. (./weights.h:5:0)
INFO: [HLS 214-248] Applying array_partition to 'input_arr': Complete partitioning on dimension 1. (cloud_mlp.cpp:130:12)
INFO: [HLS 214-248] Applying array_partition to 'l1_out': Complete partitioning on dimension 1. (cloud_mlp.cpp:131:12)
INFO: [HLS 214-248] Applying array_partition to 'l2_out': Complete partitioning on dimension 1. (cloud_mlp.cpp:132:12)
INFO: [HLS 214-248] Applying array_partition to 'l3_out': Cyclic partitioning with factor 8 on dimension 1. (cloud_mlp.cpp:133:12)
INFO: [HLS 214-241] Aggregating fifo (hls::stream) variable 'meta_stream' with compact=bit mode in 17-bits (cloud_mlp.cpp:135:29)
INFO: [HLS 214-248] Applying array_reshape to '_ZL2W3_3': Complete reshaping on dimension 2.
INFO: [HLS 214-248] Applying array_reshape to '_ZL2W3_2': Complete reshaping on dimension 2.
INFO: [HLS 214-248] Applying array_reshape to '_ZL2W3_1': Complete reshaping on dimension 2.
INFO: [HLS 214-248] Applying array_reshape to '_ZL2W3_0': Complete reshaping on dimension 2.
INFO: [HLS 214-248] Applying array_reshape to '_ZL2W2_7': Complete reshaping on dimension 2.
INFO: [HLS 214-248] Applying array_reshape to '_ZL2W2_6': Complete reshaping on dimension 2.
INFO: [HLS 214-248] Applying array_reshape to '_ZL2W2_5': Complete reshaping on dimension 2.
INFO: [HLS 214-248] Applying array_reshape to '_ZL2W2_4': Complete reshaping on dimension 2.
INFO: [HLS 214-248] Applying array_reshape to '_ZL2W2_3': Complete reshaping on dimension 2.
INFO: [HLS 214-248] Applying array_reshape to '_ZL2W2_2': Complete reshaping on dimension 2.
INFO: [HLS 214-248] Applying array_reshape to '_ZL2W2_1': Complete reshaping on dimension 2.
INFO: [HLS 214-248] Applying array_reshape to '_ZL2W2_0': Complete reshaping on dimension 2.
INFO: [HLS 214-248] Applying array_reshape to '_ZL2W1_3': Complete reshaping on dimension 2.
INFO: [HLS 214-248] Applying array_reshape to '_ZL2W1_2': Complete reshaping on dimension 2.
INFO: [HLS 214-248] Applying array_reshape to '_ZL2W1_1': Complete reshaping on dimension 2.
INFO: [HLS 214-248] Applying array_reshape to '_ZL2W1_0': Complete reshaping on dimension 2.
INFO: [HLS 214-248] Applying array_reshape to '_ZL5W_OUT': Complete reshaping on dimension 1. (./weights.h:273:0)
INFO: [HLS 214-270] Inferring pragma 'array_partition type=cyclic factor=4 dim=1' for array 'W_OUT (.97)' due to pipeline pragma (cloud_mlp.cpp:105:1)
INFO: [HLS 214-248] Applying array_partition to '_ZL5W_OUT.97': Cyclic partitioning with factor 4 on dimension 1.
INFO: [HLS 200-111] Finished Compiling Optimization and Transform: CPU user time: 0 seconds. CPU system time: 0 seconds. Elapsed time: 68.471 seconds; current allocated memory: 157.535 MB.
INFO: [HLS 200-111] Finished Checking Pragmas: CPU user time: 0 seconds. CPU system time: 0 seconds. Elapsed time: 0.004 seconds; current allocated memory: 157.535 MB.
INFO: [HLS 200-10] Starting code transformations ...
INFO: [HLS 200-111] Finished Standard Transforms: CPU user time: 5 seconds. CPU system time: 0 seconds. Elapsed time: 4.734 seconds; current allocated memory: 236.527 MB.
INFO: [HLS 200-10] Checking synthesizability ...
INFO: [HLS 200-111] Finished Checking Synthesizability: CPU user time: 3 seconds. CPU system time: 0 seconds. Elapsed time: 4.238 seconds; current allocated memory: 245.891 MB.
INFO: [XFORM 203-712] Applying dataflow to function 'cloud_mlp_top' (cloud_mlp.cpp:124:1), detected/extracted 5 process function(s): 
	 'read_input'
	 'compute_l1'
	 'compute_l2'
	 'compute_l3'
	 'write_output'.
INFO: [XFORM 203-401] Performing if-conversion on hyperblock from (cloud_mlp.cpp:104:28) to (cloud_mlp.cpp:104:10) in function 'write_output'... converting 49 basic blocks.
INFO: [XFORM 203-401] Performing if-conversion on hyperblock from (cloud_mlp.cpp:85:27) to (cloud_mlp.cpp:95:19) in function 'compute_l3'... converting 775 basic blocks.
INFO: [XFORM 203-401] Performing if-conversion on hyperblock from (cloud_mlp.cpp:88:30) to (cloud_mlp.cpp:95:19) in function 'compute_l3'... converting 775 basic blocks.
INFO: [XFORM 203-401] Performing if-conversion on hyperblock from (cloud_mlp.cpp:88:30) to (cloud_mlp.cpp:95:19) in function 'compute_l3'... converting 775 basic blocks.
INFO: [XFORM 203-401] Performing if-conversion on hyperblock from (cloud_mlp.cpp:88:30) to (cloud_mlp.cpp:95:19) in function 'compute_l3'... converting 775 basic blocks.
INFO: [XFORM 203-401] Performing if-conversion on hyperblock from (cloud_mlp.cpp:69:27) to (cloud_mlp.cpp:79:19) in function 'compute_l2'... converting 391 basic blocks.
INFO: [XFORM 203-401] Performing if-conversion on hyperblock from (cloud_mlp.cpp:72:30) to (cloud_mlp.cpp:79:19) in function 'compute_l2'... converting 391 basic blocks.
INFO: [XFORM 203-401] Performing if-conversion on hyperblock from (cloud_mlp.cpp:72:30) to (cloud_mlp.cpp:79:19) in function 'compute_l2'... converting 391 basic blocks.
INFO: [XFORM 203-401] Performing if-conversion on hyperblock from (cloud_mlp.cpp:72:30) to (cloud_mlp.cpp:79:19) in function 'compute_l2'... converting 391 basic blocks.
INFO: [XFORM 203-401] Performing if-conversion on hyperblock from (cloud_mlp.cpp:72:30) to (cloud_mlp.cpp:79:19) in function 'compute_l2'... converting 391 basic blocks.
INFO: [XFORM 203-401] Performing if-conversion on hyperblock from (cloud_mlp.cpp:72:30) to (cloud_mlp.cpp:79:19) in function 'compute_l2'... converting 391 basic blocks.
INFO: [XFORM 203-401] Performing if-conversion on hyperblock from (cloud_mlp.cpp:72:30) to (cloud_mlp.cpp:79:19) in function 'compute_l2'... converting 391 basic blocks.
INFO: [XFORM 203-401] Performing if-conversion on hyperblock from (cloud_mlp.cpp:72:30) to (cloud_mlp.cpp:79:19) in function 'compute_l2'... converting 391 basic blocks.
INFO: [XFORM 203-401] Performing if-conversion on hyperblock from (cloud_mlp.cpp:53:27) to (cloud_mlp.cpp:63:19) in function 'compute_l1'... converting 31 basic blocks.
INFO: [XFORM 203-401] Performing if-conversion on hyperblock from (cloud_mlp.cpp:56:30) to (cloud_mlp.cpp:63:19) in function 'compute_l1'... converting 31 basic blocks.
INFO: [XFORM 203-401] Performing if-conversion on hyperblock from (cloud_mlp.cpp:56:30) to (cloud_mlp.cpp:63:19) in function 'compute_l1'... converting 31 basic blocks.
INFO: [XFORM 203-401] Performing if-conversion on hyperblock from (cloud_mlp.cpp:56:30) to (cloud_mlp.cpp:63:19) in function 'compute_l1'... converting 31 basic blocks.
INFO: [XFORM 203-11] Balancing expressions in function 'write_output' (cloud_mlp.cpp:24:1)...8 expression(s) balanced.
INFO: [XFORM 203-11] Balancing expressions in function 'compute_l3' (cloud_mlp.cpp:85:9)...1020 expression(s) balanced.
INFO: [XFORM 203-11] Balancing expressions in function 'compute_l2' (cloud_mlp.cpp:69:9)...1016 expression(s) balanced.
INFO: [XFORM 203-11] Balancing expressions in function 'compute_l1' (cloud_mlp.cpp:19:9)...28 expression(s) balanced.
INFO: [HLS 200-111] Finished Loop, function and other optimizations: CPU user time: 25 seconds. CPU system time: 3 seconds. Elapsed time: 28.575 seconds; current allocated memory: 390.340 MB.
INFO: [HLS 200-111] Finished Architecture Synthesis: CPU user time: 33 seconds. CPU system time: 3 seconds. Elapsed time: 36.737 seconds; current allocated memory: 622.496 MB.
INFO: [HLS 200-10] Starting hardware synthesis ...
INFO: [HLS 200-10] Synthesizing 'cloud_mlp_top' ...
INFO: [HLS 200-10] ----------------------------------------------------------------
INFO: [HLS 200-42] -- Implementing module 'read_input' 
INFO: [HLS 200-10] ----------------------------------------------------------------
INFO: [SCHED 204-11] Starting scheduling ...
INFO: [SCHED 204-11] Finished scheduling.
INFO: [HLS 200-111] Finished Scheduling: CPU user time: 1 seconds. CPU system time: 0 seconds. Elapsed time: 1.526 seconds; current allocated memory: 625.594 MB.
INFO: [BIND 205-100] Starting micro-architecture generation ...
INFO: [BIND 205-101] Performing variable lifetime analysis.
INFO: [BIND 205-101] Exploring resource sharing.
INFO: [BIND 205-101] Binding ...
INFO: [BIND 205-100] Finished micro-architecture generation.
INFO: [HLS 200-111] Finished Binding: CPU user time: 0 seconds. CPU system time: 0 seconds. Elapsed time: 0.021 seconds; current allocated memory: 626.629 MB.
INFO: [HLS 200-10] ----------------------------------------------------------------
INFO: [HLS 200-42] -- Implementing module 'compute_l1' 
INFO: [HLS 200-10] ----------------------------------------------------------------
INFO: [SCHED 204-11] Starting scheduling ...
INFO: [SCHED 204-61] Pipelining loop 'L1'.
INFO: [HLS 200-1470] Pipelining result : Target II = 1, Final II = 1, Depth = 2, loop 'L1'
INFO: [SCHED 204-11] Finished scheduling.
INFO: [HLS 200-111] Finished Scheduling: CPU user time: 1 seconds. CPU system time: 0 seconds. Elapsed time: 0.775 seconds; current allocated memory: 641.102 MB.
INFO: [BIND 205-100] Starting micro-architecture generation ...
INFO: [BIND 205-101] Performing variable lifetime analysis.
INFO: [BIND 205-101] Exploring resource sharing.
INFO: [BIND 205-101] Binding ...
INFO: [BIND 205-100] Finished micro-architecture generation.
INFO: [HLS 200-111] Finished Binding: CPU user time: 0 seconds. CPU system time: 0 seconds. Elapsed time: 0.396 seconds; current allocated memory: 641.223 MB.
INFO: [HLS 200-10] ----------------------------------------------------------------
INFO: [HLS 200-42] -- Implementing module 'compute_l2' 
INFO: [HLS 200-10] ----------------------------------------------------------------
INFO: [SCHED 204-11] Starting scheduling ...
INFO: [SCHED 204-61] Pipelining loop 'L2'.
INFO: [HLS 200-1470] Pipelining result : Target II = 1, Final II = 1, Depth = 2, loop 'L2'
INFO: [SCHED 204-11] Finished scheduling.
INFO: [HLS 200-111] Finished Scheduling: CPU user time: 22 seconds. CPU system time: 3 seconds. Elapsed time: 25.264 seconds; current allocated memory: 1.037 GB.
INFO: [BIND 205-100] Starting micro-architecture generation ...
INFO: [BIND 205-101] Performing variable lifetime analysis.
INFO: [BIND 205-101] Exploring resource sharing.
INFO: [BIND 205-101] Binding ...
INFO: [BIND 205-100] Finished micro-architecture generation.
INFO: [HLS 200-111] Finished Binding: CPU user time: 28 seconds. CPU system time: 3 seconds. Elapsed time: 32.367 seconds; current allocated memory: 1.037 GB.
INFO: [HLS 200-10] ----------------------------------------------------------------
INFO: [HLS 200-42] -- Implementing module 'compute_l3' 
INFO: [HLS 200-10] ----------------------------------------------------------------
INFO: [SCHED 204-11] Starting scheduling ...
INFO: [SCHED 204-61] Pipelining loop 'L3'.
INFO: [HLS 200-1470] Pipelining result : Target II = 1, Final II = 1, Depth = 2, loop 'L3'
INFO: [SCHED 204-11] Finished scheduling.
INFO: [HLS 200-111] Finished Scheduling: CPU user time: 22 seconds. CPU system time: 3 seconds. Elapsed time: 25.111 seconds; current allocated memory: 1.037 GB.
INFO: [BIND 205-100] Starting micro-architecture generation ...
INFO: [BIND 205-101] Performing variable lifetime analysis.
INFO: [BIND 205-101] Exploring resource sharing.
INFO: [BIND 205-101] Binding ...
INFO: [BIND 205-100] Finished micro-architecture generation.
INFO: [HLS 200-111] Finished Binding: CPU user time: 21 seconds. CPU system time: 2 seconds. Elapsed time: 24.379 seconds; current allocated memory: 1.037 GB.
INFO: [HLS 200-10] ----------------------------------------------------------------
INFO: [HLS 200-42] -- Implementing module 'write_output_Pipeline_Out' 
INFO: [HLS 200-10] ----------------------------------------------------------------
INFO: [SCHED 204-11] Starting scheduling ...
INFO: [SCHED 204-61] Pipelining loop 'Out'.
INFO: [HLS 200-1470] Pipelining result : Target II = 1, Final II = 1, Depth = 2, loop 'Out'
INFO: [SCHED 204-11] Finished scheduling.
INFO: [HLS 200-111] Finished Scheduling: CPU user time: 12 seconds. CPU system time: 2 seconds. Elapsed time: 13.999 seconds; current allocated memory: 1.037 GB.
INFO: [BIND 205-100] Starting micro-architecture generation ...
INFO: [BIND 205-101] Performing variable lifetime analysis.
INFO: [BIND 205-101] Exploring resource sharing.
INFO: [BIND 205-101] Binding ...
INFO: [BIND 205-100] Finished micro-architecture generation.
INFO: [HLS 200-111] Finished Binding: CPU user time: 0 seconds. CPU system time: 0 seconds. Elapsed time: 0.096 seconds; current allocated memory: 1.037 GB.
INFO: [HLS 200-10] ----------------------------------------------------------------
INFO: [HLS 200-42] -- Implementing module 'write_output' 
INFO: [HLS 200-10] ----------------------------------------------------------------
INFO: [SCHED 204-11] Starting scheduling ...
INFO: [HLS 200-486] Changing DSP latency (root=add_ln24) to 3 in order to utilize available DSP registers.
INFO: [SCHED 204-11] Finished scheduling.
INFO: [HLS 200-111] Finished Scheduling: CPU user time: 0 seconds. CPU system time: 0 seconds. Elapsed time: 0.114 seconds; current allocated memory: 1.037 GB.
INFO: [BIND 205-100] Starting micro-architecture generation ...
INFO: [BIND 205-101] Performing variable lifetime analysis.
INFO: [BIND 205-101] Exploring resource sharing.
INFO: [BIND 205-101] Binding ...
INFO: [BIND 205-100] Finished micro-architecture generation.
INFO: [HLS 200-111] Finished Binding: CPU user time: 0 seconds. CPU system time: 0 seconds. Elapsed time: 0.027 seconds; current allocated memory: 1.037 GB.
INFO: [HLS 200-10] ----------------------------------------------------------------
INFO: [HLS 200-42] -- Implementing module 'cloud_mlp_top' 
INFO: [HLS 200-10] ----------------------------------------------------------------
INFO: [SCHED 204-11] Starting scheduling ...
INFO: [SCHED 204-11] Finished scheduling.
INFO: [HLS 200-111] Finished Scheduling: CPU user time: 0 seconds. CPU system time: 0 seconds. Elapsed time: 0.254 seconds; current allocated memory: 1.037 GB.
INFO: [BIND 205-100] Starting micro-architecture generation ...
INFO: [BIND 205-101] Performing variable lifetime analysis.
INFO: [BIND 205-101] Exploring resource sharing.
INFO: [BIND 205-101] Binding ...
INFO: [BIND 205-100] Finished micro-architecture generation.
INFO: [HLS 200-111] Finished Binding: CPU user time: 0 seconds. CPU system time: 0 seconds. Elapsed time: 0.216 seconds; current allocated memory: 1.037 GB.
INFO: [HLS 200-10] ----------------------------------------------------------------
INFO: [HLS 200-10] -- Generating RTL for module 'read_input' 
INFO: [HLS 200-10] ----------------------------------------------------------------
INFO: [RTGEN 206-100] Finished creating RTL model for 'read_input'.
INFO: [HLS 200-111] Finished Creating RTL model: CPU user time: 1 seconds. CPU system time: 0 seconds. Elapsed time: 0.429 seconds; current allocated memory: 1.037 GB.
INFO: [HLS 200-10] ----------------------------------------------------------------
INFO: [HLS 200-10] -- Generating RTL for module 'compute_l1' 
INFO: [HLS 200-10] ----------------------------------------------------------------
INFO: [HLS 200-1030] Apply Unified Pipeline Control on module 'compute_l1' pipeline 'L1' pipeline type 'loop pipeline'
INFO: [RTGEN 206-100] Generating core module 'fpext_32ns_64_1_no_dsp_1': 20 instance(s).
INFO: [RTGEN 206-100] Generating core module 'mul_16s_8s_24_1_1': 16 instance(s).
INFO: [RTGEN 206-100] Generating core module 'sparsemux_9_3_16_1_1': 20 instance(s).
INFO: [RTGEN 206-100] Finished creating RTL model for 'compute_l1'.
INFO: [RTMG 210-279] Implementing memory 'cloud_mlp_top_compute_l1_p_ZL2B1_0_ROM_AUTO_1R' using auto ROMs.
INFO: [RTMG 210-279] Implementing memory 'cloud_mlp_top_compute_l1_p_ZL2W1_0_96_ROM_AUTO_1R' using auto ROMs.
INFO: [RTMG 210-279] Implementing memory 'cloud_mlp_top_compute_l1_p_ZL2B1_1_ROM_AUTO_1R' using auto ROMs.
INFO: [RTMG 210-279] Implementing memory 'cloud_mlp_top_compute_l1_p_ZL2W1_1_95_ROM_AUTO_1R' using auto ROMs.
INFO: [RTMG 210-279] Implementing memory 'cloud_mlp_top_compute_l1_p_ZL2B1_2_ROM_AUTO_1R' using auto ROMs.
INFO: [RTMG 210-279] Implementing memory 'cloud_mlp_top_compute_l1_p_ZL2W1_2_94_ROM_AUTO_1R' using auto ROMs.
INFO: [RTMG 210-279] Implementing memory 'cloud_mlp_top_compute_l1_p_ZL2B1_3_ROM_AUTO_1R' using auto ROMs.
INFO: [RTMG 210-279] Implementing memory 'cloud_mlp_top_compute_l1_p_ZL2W1_3_93_ROM_AUTO_1R' using auto ROMs.
INFO: [HLS 200-111] Finished Creating RTL model: CPU user time: 1 seconds. CPU system time: 0 seconds. Elapsed time: 1.216 seconds; current allocated memory: 1.050 GB.
INFO: [HLS 200-10] ----------------------------------------------------------------
INFO: [HLS 200-10] -- Generating RTL for module 'compute_l2' 
INFO: [HLS 200-10] ----------------------------------------------------------------
INFO: [HLS 200-1030] Apply Unified Pipeline Control on module 'compute_l2' pipeline 'L2' pipeline type 'loop pipeline'
INFO: [RTGEN 206-104] Estimated max fanout for 'compute_l2' is 24192 from HDL expression: ((1'b0 == ap_block_pp0_stage0) & (ap_enable_reg_pp0_iter1 == 1'b1) & (1'b1 == ap_CS_fsm_pp0_stage0))
INFO: [RTGEN 206-100] Generating core module 'fpext_32ns_64_1_no_dsp_1': 520 instance(s).
INFO: [RTGEN 206-100] Generating core module 'mul_16s_15ns_31_1_1': 512 instance(s).
INFO: [RTGEN 206-100] Generating core module 'sparsemux_9_3_16_1_1': 520 instance(s).
INFO: [RTGEN 206-100] Finished creating RTL model for 'compute_l2'.
INFO: [RTMG 210-279] Implementing memory 'cloud_mlp_top_compute_l2_p_ZL2B2_0_ROM_AUTO_1R' using auto ROMs.
INFO: [RTMG 210-279] Implementing memory 'cloud_mlp_top_compute_l2_p_ZL2W2_0_92_ROM_AUTO_1R' using auto ROMs.
INFO: [RTMG 210-279] Implementing memory 'cloud_mlp_top_compute_l2_p_ZL2B2_1_ROM_AUTO_1R' using auto ROMs.
INFO: [RTMG 210-279] Implementing memory 'cloud_mlp_top_compute_l2_p_ZL2W2_1_91_ROM_AUTO_1R' using auto ROMs.
INFO: [RTMG 210-279] Implementing memory 'cloud_mlp_top_compute_l2_p_ZL2B2_2_ROM_AUTO_1R' using auto ROMs.
INFO: [RTMG 210-279] Implementing memory 'cloud_mlp_top_compute_l2_p_ZL2W2_2_90_ROM_AUTO_1R' using auto ROMs.
INFO: [RTMG 210-279] Implementing memory 'cloud_mlp_top_compute_l2_p_ZL2B2_3_ROM_AUTO_1R' using auto ROMs.
INFO: [RTMG 210-279] Implementing memory 'cloud_mlp_top_compute_l2_p_ZL2W2_3_89_ROM_AUTO_1R' using auto ROMs.
INFO: [RTMG 210-279] Implementing memory 'cloud_mlp_top_compute_l2_p_ZL2B2_4_ROM_AUTO_1R' using auto ROMs.
INFO: [RTMG 210-279] Implementing memory 'cloud_mlp_top_compute_l2_p_ZL2W2_4_88_ROM_AUTO_1R' using auto ROMs.
INFO: [RTMG 210-279] Implementing memory 'cloud_mlp_top_compute_l2_p_ZL2B2_5_ROM_AUTO_1R' using auto ROMs.
INFO: [RTMG 210-279] Implementing memory 'cloud_mlp_top_compute_l2_p_ZL2W2_5_87_ROM_AUTO_1R' using auto ROMs.
INFO: [RTMG 210-279] Implementing memory 'cloud_mlp_top_compute_l2_p_ZL2B2_6_ROM_AUTO_1R' using auto ROMs.
INFO: [RTMG 210-279] Implementing memory 'cloud_mlp_top_compute_l2_p_ZL2W2_6_86_ROM_AUTO_1R' using auto ROMs.
INFO: [RTMG 210-279] Implementing memory 'cloud_mlp_top_compute_l2_p_ZL2B2_7_ROM_AUTO_1R' using auto ROMs.
INFO: [RTMG 210-279] Implementing memory 'cloud_mlp_top_compute_l2_p_ZL2W2_7_85_ROM_AUTO_1R' using auto ROMs.
INFO: [HLS 200-111] Finished Creating RTL model: CPU user time: 13 seconds. CPU system time: 2 seconds. Elapsed time: 16.166 seconds; current allocated memory: 1.380 GB.
INFO: [HLS 200-10] ----------------------------------------------------------------
INFO: [HLS 200-10] -- Generating RTL for module 'compute_l3' 
INFO: [HLS 200-10] ----------------------------------------------------------------
INFO: [HLS 200-1030] Apply Unified Pipeline Control on module 'compute_l3' pipeline 'L3' pipeline type 'loop pipeline'
INFO: [RTGEN 206-104] Estimated max fanout for 'compute_l3' is 50380 from HDL expression: ((1'b0 == ap_block_pp0_stage0) & (ap_enable_reg_pp0_iter1 == 1'b1) & (1'b1 == ap_CS_fsm_pp0_stage0))
INFO: [RTGEN 206-100] Generating core module 'fpext_32ns_64_1_no_dsp_1': 516 instance(s).
INFO: [RTGEN 206-100] Generating core module 'mul_16s_15ns_31_1_1': 512 instance(s).
INFO: [RTGEN 206-100] Generating core module 'sparsemux_9_3_16_1_1': 516 instance(s).
INFO: [RTGEN 206-100] Finished creating RTL model for 'compute_l3'.
INFO: [RTMG 210-279] Implementing memory 'cloud_mlp_top_compute_l3_p_ZL2B3_0_ROM_AUTO_1R' using auto ROMs.
INFO: [RTMG 210-279] Implementing memory 'cloud_mlp_top_compute_l3_p_ZL2W3_0_84_ROM_AUTO_1R' using auto ROMs.
INFO: [RTMG 210-279] Implementing memory 'cloud_mlp_top_compute_l3_p_ZL2B3_1_ROM_AUTO_1R' using auto ROMs.
INFO: [RTMG 210-279] Implementing memory 'cloud_mlp_top_compute_l3_p_ZL2W3_1_83_ROM_AUTO_1R' using auto ROMs.
INFO: [RTMG 210-279] Implementing memory 'cloud_mlp_top_compute_l3_p_ZL2B3_2_ROM_AUTO_1R' using auto ROMs.
INFO: [RTMG 210-279] Implementing memory 'cloud_mlp_top_compute_l3_p_ZL2W3_2_82_ROM_AUTO_1R' using auto ROMs.
INFO: [RTMG 210-279] Implementing memory 'cloud_mlp_top_compute_l3_p_ZL2B3_3_ROM_AUTO_1R' using auto ROMs.
INFO: [RTMG 210-279] Implementing memory 'cloud_mlp_top_compute_l3_p_ZL2W3_3_81_ROM_AUTO_1R' using auto ROMs.
INFO: [HLS 200-111] Finished Creating RTL model: CPU user time: 48 seconds. CPU system time: 15 seconds. Elapsed time: 66.018 seconds; current allocated memory: 1.887 GB.
INFO: [HLS 200-10] ----------------------------------------------------------------
INFO: [HLS 200-10] -- Generating RTL for module 'write_output_Pipeline_Out' 
INFO: [HLS 200-10] ----------------------------------------------------------------
INFO: [HLS 200-1030] Apply Unified Pipeline Control on module 'write_output_Pipeline_Out' pipeline 'Out' pipeline type 'loop pipeline'
INFO: [RTGEN 206-100] Generating core module 'fpext_32ns_64_1_no_dsp_1': 8 instance(s).
INFO: [RTGEN 206-100] Generating core module 'mul_16s_15ns_31_1_1': 8 instance(s).
INFO: [RTGEN 206-100] Generating core module 'sparsemux_9_3_16_1_1': 8 instance(s).
INFO: [RTGEN 206-100] Finished creating RTL model for 'write_output_Pipeline_Out'.
INFO: [HLS 200-2168] Implementing memory 'cloud_mlp_top_write_output_Pipeline_Out_W_OUT_97_0_ROM_AUTO_1R' using auto ROMs with 2 copies to ensure enough ports to satisfy II or latency constraints.
INFO: [HLS 200-2168] Implementing memory 'cloud_mlp_top_write_output_Pipeline_Out_W_OUT_97_1_ROM_AUTO_1R' using auto ROMs with 2 copies to ensure enough ports to satisfy II or latency constraints.
INFO: [HLS 200-2168] Implementing memory 'cloud_mlp_top_write_output_Pipeline_Out_W_OUT_97_2_ROM_AUTO_1R' using auto ROMs with 2 copies to ensure enough ports to satisfy II or latency constraints.
INFO: [HLS 200-2168] Implementing memory 'cloud_mlp_top_write_output_Pipeline_Out_W_OUT_97_3_ROM_AUTO_1R' using auto ROMs with 2 copies to ensure enough ports to satisfy II or latency constraints.
INFO: [HLS 200-111] Finished Creating RTL model: CPU user time: 31 seconds. CPU system time: 15 seconds. Elapsed time: 49.593 seconds; current allocated memory: 2.377 GB.
INFO: [HLS 200-10] ----------------------------------------------------------------
INFO: [HLS 200-10] -- Generating RTL for module 'write_output' 
INFO: [HLS 200-10] ----------------------------------------------------------------
INFO: [RTGEN 206-100] Generating core module 'mac_muladd_16s_8ns_20ns_24_4_1': 1 instance(s).
INFO: [RTGEN 206-100] Finished creating RTL model for 'write_output'.
INFO: [HLS 200-111] Finished Creating RTL model: CPU user time: 1 seconds. CPU system time: 0 seconds. Elapsed time: 1.072 seconds; current allocated memory: 2.405 GB.
INFO: [HLS 200-10] ----------------------------------------------------------------
INFO: [HLS 200-10] -- Generating RTL for module 'cloud_mlp_top' 
INFO: [HLS 200-10] ----------------------------------------------------------------
WARNING: [RTGEN 206-101] Design contains AXI ports. Reset is fixed to synchronous and active low.
INFO: [RTGEN 206-500] Setting interface mode on port 'cloud_mlp_top/in_stream_V_data_V' to 'axis' (register, both mode).
INFO: [RTGEN 206-500] Setting interface mode on port 'cloud_mlp_top/in_stream_V_keep_V' to 'axis' (register, both mode).
INFO: [RTGEN 206-500] Setting interface mode on port 'cloud_mlp_top/in_stream_V_strb_V' to 'axis' (register, both mode).
INFO: [RTGEN 206-500] Setting interface mode on port 'cloud_mlp_top/in_stream_V_last_V' to 'axis' (register, both mode).
INFO: [RTGEN 206-500] Setting interface mode on port 'cloud_mlp_top/out_stream_V_data_V' to 'axis' (register, both mode).
INFO: [RTGEN 206-500] Setting interface mode on port 'cloud_mlp_top/out_stream_V_keep_V' to 'axis' (register, both mode).
INFO: [RTGEN 206-500] Setting interface mode on port 'cloud_mlp_top/out_stream_V_strb_V' to 'axis' (register, both mode).
INFO: [RTGEN 206-500] Setting interface mode on port 'cloud_mlp_top/out_stream_V_last_V' to 'axis' (register, both mode).
INFO: [RTGEN 206-500] Setting interface mode on function 'cloud_mlp_top' to 's_axilite & ap_ctrl_hs'.
INFO: [RTGEN 206-100] Bundling port 'return' to AXI-Lite port control.
INFO: [RTGEN 206-100] Finished creating RTL model for 'cloud_mlp_top'.
INFO: [HLS 200-741] Implementing PIPO cloud_mlp_top_l3_out_RAM_AUTO_1R1W using a single memory for all blocks
INFO: [RTMG 210-278] Implementing memory 'cloud_mlp_top_l3_out_RAM_AUTO_1R1W_memcore' using auto RAMs.
INFO: [RTMG 210-285] Implementing FIFO 'meta_stream_U(cloud_mlp_top_fifo_w17_d8_S)' using Shift Registers.
INFO: [RTMG 210-285] Implementing FIFO 'input_arr_U(cloud_mlp_top_fifo_w8_d2_S)' using Shift Registers.
INFO: [RTMG 210-285] Implementing FIFO 'input_arr_1_U(cloud_mlp_top_fifo_w8_d2_S)' using Shift Registers.
INFO: [RTMG 210-285] Implementing FIFO 'input_arr_2_U(cloud_mlp_top_fifo_w8_d2_S)' using Shift Registers.
INFO: [RTMG 210-285] Implementing FIFO 'input_arr_3_U(cloud_mlp_top_fifo_w8_d2_S)' using Shift Registers.
INFO: [RTMG 210-285] Implementing FIFO 'l1_out_U(cloud_mlp_top_fifo_w15_d2_S)' using Shift Registers.
INFO: [RTMG 210-285] Implementing FIFO 'l1_out_1_U(cloud_mlp_top_fifo_w15_d2_S)' using Shift Registers.
INFO: [RTMG 210-285] Implementing FIFO 'l1_out_2_U(cloud_mlp_top_fifo_w15_d2_S)' using Shift Registers.
INFO: [RTMG 210-285] Implementing FIFO 'l1_out_3_U(cloud_mlp_top_fifo_w15_d2_S)' using Shift Registers.
INFO: [RTMG 210-285] Implementing FIFO 'l1_out_4_U(cloud_mlp_top_fifo_w15_d2_S)' using Shift Registers.
INFO: [RTMG 210-285] Implementing FIFO 'l1_out_5_U(cloud_mlp_top_fifo_w15_d2_S)' using Shift Registers.
INFO: [RTMG 210-285] Implementing FIFO 'l1_out_6_U(cloud_mlp_top_fifo_w15_d2_S)' using Shift Registers.
INFO: [RTMG 210-285] Implementing FIFO 'l1_out_7_U(cloud_mlp_top_fifo_w15_d2_S)' using Shift Registers.
INFO: [RTMG 210-285] Implementing FIFO 'l1_out_8_U(cloud_mlp_top_fifo_w15_d2_S)' using Shift Registers.
INFO: [RTMG 210-285] Implementing FIFO 'l1_out_9_U(cloud_mlp_top_fifo_w15_d2_S)' using Shift Registers.
INFO: [RTMG 210-285] Implementing FIFO 'l1_out_10_U(cloud_mlp_top_fifo_w15_d2_S)' using Shift Registers.
INFO: [RTMG 210-285] Implementing FIFO 'l1_out_11_U(cloud_mlp_top_fifo_w15_d2_S)' using Shift Registers.
INFO: [RTMG 210-285] Implementing FIFO 'l1_out_12_U(cloud_mlp_top_fifo_w15_d2_S)' using Shift Registers.
INFO: [RTMG 210-285] Implementing FIFO 'l1_out_13_U(cloud_mlp_top_fifo_w15_d2_S)' using Shift Registers.
INFO: [RTMG 210-285] Implementing FIFO 'l1_out_14_U(cloud_mlp_top_fifo_w15_d2_S)' using Shift Registers.
INFO: [RTMG 210-285] Implementing FIFO 'l1_out_15_U(cloud_mlp_top_fifo_w15_d2_S)' using Shift Registers.
INFO: [RTMG 210-285] Implementing FIFO 'l1_out_16_U(cloud_mlp_top_fifo_w15_d2_S)' using Shift Registers.
INFO: [RTMG 210-285] Implementing FIFO 'l1_out_17_U(cloud_mlp_top_fifo_w15_d2_S)' using Shift Registers.
INFO: [RTMG 210-285] Implementing FIFO 'l1_out_18_U(cloud_mlp_top_fifo_w15_d2_S)' using Shift Registers.
INFO: [RTMG 210-285] Implementing FIFO 'l1_out_19_U(cloud_mlp_top_fifo_w15_d2_S)' using Shift Registers.
INFO: [RTMG 210-285] Implementing FIFO 'l1_out_20_U(cloud_mlp_top_fifo_w15_d2_S)' using Shift Registers.
INFO: [RTMG 210-285] Implementing FIFO 'l1_out_21_U(cloud_mlp_top_fifo_w15_d2_S)' using Shift Registers.
INFO: [RTMG 210-285] Implementing FIFO 'l1_out_22_U(cloud_mlp_top_fifo_w15_d2_S)' using Shift Registers.
INFO: [RTMG 210-285] Implementing FIFO 'l1_out_23_U(cloud_mlp_top_fifo_w15_d2_S)' using Shift Registers.
INFO: [RTMG 210-285] Implementing FIFO 'l1_out_24_U(cloud_mlp_top_fifo_w15_d2_S)' using Shift Registers.
INFO: [RTMG 210-285] Implementing FIFO 'l1_out_25_U(cloud_mlp_top_fifo_w15_d2_S)' using Shift Registers.
INFO: [RTMG 210-285] Implementing FIFO 'l1_out_26_U(cloud_mlp_top_fifo_w15_d2_S)' using Shift Registers.
INFO: [RTMG 210-285] Implementing FIFO 'l1_out_27_U(cloud_mlp_top_fifo_w15_d2_S)' using Shift Registers.
INFO: [RTMG 210-285] Implementing FIFO 'l1_out_28_U(cloud_mlp_top_fifo_w15_d2_S)' using Shift Registers.
INFO: [RTMG 210-285] Implementing FIFO 'l1_out_29_U(cloud_mlp_top_fifo_w15_d2_S)' using Shift Registers.
INFO: [RTMG 210-285] Implementing FIFO 'l1_out_30_U(cloud_mlp_top_fifo_w15_d2_S)' using Shift Registers.
INFO: [RTMG 210-285] Implementing FIFO 'l1_out_31_U(cloud_mlp_top_fifo_w15_d2_S)' using Shift Registers.
INFO: [RTMG 210-285] Implementing FIFO 'l1_out_32_U(cloud_mlp_top_fifo_w15_d2_S)' using Shift Registers.
INFO: [RTMG 210-285] Implementing FIFO 'l1_out_33_U(cloud_mlp_top_fifo_w15_d2_S)' using Shift Registers.
INFO: [RTMG 210-285] Implementing FIFO 'l1_out_34_U(cloud_mlp_top_fifo_w15_d2_S)' using Shift Registers.
INFO: [RTMG 210-285] Implementing FIFO 'l1_out_35_U(cloud_mlp_top_fifo_w15_d2_S)' using Shift Registers.
INFO: [RTMG 210-285] Implementing FIFO 'l1_out_36_U(cloud_mlp_top_fifo_w15_d2_S)' using Shift Registers.
INFO: [RTMG 210-285] Implementing FIFO 'l1_out_37_U(cloud_mlp_top_fifo_w15_d2_S)' using Shift Registers.
INFO: [RTMG 210-285] Implementing FIFO 'l1_out_38_U(cloud_mlp_top_fifo_w15_d2_S)' using Shift Registers.
INFO: [RTMG 210-285] Implementing FIFO 'l1_out_39_U(cloud_mlp_top_fifo_w15_d2_S)' using Shift Registers.
INFO: [RTMG 210-285] Implementing FIFO 'l1_out_40_U(cloud_mlp_top_fifo_w15_d2_S)' using Shift Registers.
INFO: [RTMG 210-285] Implementing FIFO 'l1_out_41_U(cloud_mlp_top_fifo_w15_d2_S)' using Shift Registers.
INFO: [RTMG 210-285] Implementing FIFO 'l1_out_42_U(cloud_mlp_top_fifo_w15_d2_S)' using Shift Registers.
INFO: [RTMG 210-285] Implementing FIFO 'l1_out_43_U(cloud_mlp_top_fifo_w15_d2_S)' using Shift Registers.
INFO: [RTMG 210-285] Implementing FIFO 'l1_out_44_U(cloud_mlp_top_fifo_w15_d2_S)' using Shift Registers.
INFO: [RTMG 210-285] Implementing FIFO 'l1_out_45_U(cloud_mlp_top_fifo_w15_d2_S)' using Shift Registers.
INFO: [RTMG 210-285] Implementing FIFO 'l1_out_46_U(cloud_mlp_top_fifo_w15_d2_S)' using Shift Registers.
INFO: [RTMG 210-285] Implementing FIFO 'l1_out_47_U(cloud_mlp_top_fifo_w15_d2_S)' using Shift Registers.
INFO: [RTMG 210-285] Implementing FIFO 'l1_out_48_U(cloud_mlp_top_fifo_w15_d2_S)' using Shift Registers.
INFO: [RTMG 210-285] Implementing FIFO 'l1_out_49_U(cloud_mlp_top_fifo_w15_d2_S)' using Shift Registers.
INFO: [RTMG 210-285] Implementing FIFO 'l1_out_50_U(cloud_mlp_top_fifo_w15_d2_S)' using Shift Registers.
INFO: [RTMG 210-285] Implementing FIFO 'l1_out_51_U(cloud_mlp_top_fifo_w15_d2_S)' using Shift Registers.
INFO: [RTMG 210-285] Implementing FIFO 'l1_out_52_U(cloud_mlp_top_fifo_w15_d2_S)' using Shift Registers.
INFO: [RTMG 210-285] Implementing FIFO 'l1_out_53_U(cloud_mlp_top_fifo_w15_d2_S)' using Shift Registers.
INFO: [RTMG 210-285] Implementing FIFO 'l1_out_54_U(cloud_mlp_top_fifo_w15_d2_S)' using Shift Registers.
INFO: [RTMG 210-285] Implementing FIFO 'l1_out_55_U(cloud_mlp_top_fifo_w15_d2_S)' using Shift Registers.
INFO: [RTMG 210-285] Implementing FIFO 'l1_out_56_U(cloud_mlp_top_fifo_w15_d2_S)' using Shift Registers.
INFO: [RTMG 210-285] Implementing FIFO 'l1_out_57_U(cloud_mlp_top_fifo_w15_d2_S)' using Shift Registers.
INFO: [RTMG 210-285] Implementing FIFO 'l1_out_58_U(cloud_mlp_top_fifo_w15_d2_S)' using Shift Registers.
INFO: [RTMG 210-285] Implementing FIFO 'l1_out_59_U(cloud_mlp_top_fifo_w15_d2_S)' using Shift Registers.
INFO: [RTMG 210-285] Implementing FIFO 'l1_out_60_U(cloud_mlp_top_fifo_w15_d2_S)' using Shift Registers.
INFO: [RTMG 210-285] Implementing FIFO 'l1_out_61_U(cloud_mlp_top_fifo_w15_d2_S)' using Shift Registers.
INFO: [RTMG 210-285] Implementing FIFO 'l1_out_62_U(cloud_mlp_top_fifo_w15_d2_S)' using Shift Registers.
INFO: [RTMG 210-285] Implementing FIFO 'l1_out_63_U(cloud_mlp_top_fifo_w15_d2_S)' using Shift Registers.
INFO: [RTMG 210-285] Implementing FIFO 'l2_out_U(cloud_mlp_top_fifo_w15_d2_S)' using Shift Registers.
INFO: [RTMG 210-285] Implementing FIFO 'l2_out_1_U(cloud_mlp_top_fifo_w15_d2_S)' using Shift Registers.
INFO: [RTMG 210-285] Implementing FIFO 'l2_out_2_U(cloud_mlp_top_fifo_w15_d2_S)' using Shift Registers.
INFO: [RTMG 210-285] Implementing FIFO 'l2_out_3_U(cloud_mlp_top_fifo_w15_d2_S)' using Shift Registers.
INFO: [RTMG 210-285] Implementing FIFO 'l2_out_4_U(cloud_mlp_top_fifo_w15_d2_S)' using Shift Registers.
INFO: [RTMG 210-285] Implementing FIFO 'l2_out_5_U(cloud_mlp_top_fifo_w15_d2_S)' using Shift Registers.
INFO: [RTMG 210-285] Implementing FIFO 'l2_out_6_U(cloud_mlp_top_fifo_w15_d2_S)' using Shift Registers.
INFO: [RTMG 210-285] Implementing FIFO 'l2_out_7_U(cloud_mlp_top_fifo_w15_d2_S)' using Shift Registers.
INFO: [RTMG 210-285] Implementing FIFO 'l2_out_8_U(cloud_mlp_top_fifo_w15_d2_S)' using Shift Registers.
INFO: [RTMG 210-285] Implementing FIFO 'l2_out_9_U(cloud_mlp_top_fifo_w15_d2_S)' using Shift Registers.
INFO: [RTMG 210-285] Implementing FIFO 'l2_out_10_U(cloud_mlp_top_fifo_w15_d2_S)' using Shift Registers.
INFO: [RTMG 210-285] Implementing FIFO 'l2_out_11_U(cloud_mlp_top_fifo_w15_d2_S)' using Shift Registers.
INFO: [RTMG 210-285] Implementing FIFO 'l2_out_12_U(cloud_mlp_top_fifo_w15_d2_S)' using Shift Registers.
INFO: [RTMG 210-285] Implementing FIFO 'l2_out_13_U(cloud_mlp_top_fifo_w15_d2_S)' using Shift Registers.
INFO: [RTMG 210-285] Implementing FIFO 'l2_out_14_U(cloud_mlp_top_fifo_w15_d2_S)' using Shift Registers.
INFO: [RTMG 210-285] Implementing FIFO 'l2_out_15_U(cloud_mlp_top_fifo_w15_d2_S)' using Shift Registers.
INFO: [RTMG 210-285] Implementing FIFO 'l2_out_16_U(cloud_mlp_top_fifo_w15_d2_S)' using Shift Registers.
INFO: [RTMG 210-285] Implementing FIFO 'l2_out_17_U(cloud_mlp_top_fifo_w15_d2_S)' using Shift Registers.
INFO: [RTMG 210-285] Implementing FIFO 'l2_out_18_U(cloud_mlp_top_fifo_w15_d2_S)' using Shift Registers.
INFO: [RTMG 210-285] Implementing FIFO 'l2_out_19_U(cloud_mlp_top_fifo_w15_d2_S)' using Shift Registers.
INFO: [RTMG 210-285] Implementing FIFO 'l2_out_20_U(cloud_mlp_top_fifo_w15_d2_S)' using Shift Registers.
INFO: [RTMG 210-285] Implementing FIFO 'l2_out_21_U(cloud_mlp_top_fifo_w15_d2_S)' using Shift Registers.
INFO: [RTMG 210-285] Implementing FIFO 'l2_out_22_U(cloud_mlp_top_fifo_w15_d2_S)' using Shift Registers.
INFO: [RTMG 210-285] Implementing FIFO 'l2_out_23_U(cloud_mlp_top_fifo_w15_d2_S)' using Shift Registers.
INFO: [RTMG 210-285] Implementing FIFO 'l2_out_24_U(cloud_mlp_top_fifo_w15_d2_S)' using Shift Registers.
INFO: [RTMG 210-285] Implementing FIFO 'l2_out_25_U(cloud_mlp_top_fifo_w15_d2_S)' using Shift Registers.
INFO: [RTMG 210-285] Implementing FIFO 'l2_out_26_U(cloud_mlp_top_fifo_w15_d2_S)' using Shift Registers.
INFO: [RTMG 210-285] Implementing FIFO 'l2_out_27_U(cloud_mlp_top_fifo_w15_d2_S)' using Shift Registers.
INFO: [RTMG 210-285] Implementing FIFO 'l2_out_28_U(cloud_mlp_top_fifo_w15_d2_S)' using Shift Registers.
INFO: [RTMG 210-285] Implementing FIFO 'l2_out_29_U(cloud_mlp_top_fifo_w15_d2_S)' using Shift Registers.
INFO: [RTMG 210-285] Implementing FIFO 'l2_out_30_U(cloud_mlp_top_fifo_w15_d2_S)' using Shift Registers.
INFO: [RTMG 210-285] Implementing FIFO 'l2_out_31_U(cloud_mlp_top_fifo_w15_d2_S)' using Shift Registers.
INFO: [RTMG 210-285] Implementing FIFO 'l2_out_32_U(cloud_mlp_top_fifo_w15_d2_S)' using Shift Registers.
INFO: [RTMG 210-285] Implementing FIFO 'l2_out_33_U(cloud_mlp_top_fifo_w15_d2_S)' using Shift Registers.
INFO: [RTMG 210-285] Implementing FIFO 'l2_out_34_U(cloud_mlp_top_fifo_w15_d2_S)' using Shift Registers.
INFO: [RTMG 210-285] Implementing FIFO 'l2_out_35_U(cloud_mlp_top_fifo_w15_d2_S)' using Shift Registers.
INFO: [RTMG 210-285] Implementing FIFO 'l2_out_36_U(cloud_mlp_top_fifo_w15_d2_S)' using Shift Registers.
INFO: [RTMG 210-285] Implementing FIFO 'l2_out_37_U(cloud_mlp_top_fifo_w15_d2_S)' using Shift Registers.
INFO: [RTMG 210-285] Implementing FIFO 'l2_out_38_U(cloud_mlp_top_fifo_w15_d2_S)' using Shift Registers.
INFO: [RTMG 210-285] Implementing FIFO 'l2_out_39_U(cloud_mlp_top_fifo_w15_d2_S)' using Shift Registers.
INFO: [RTMG 210-285] Implementing FIFO 'l2_out_40_U(cloud_mlp_top_fifo_w15_d2_S)' using Shift Registers.
INFO: [RTMG 210-285] Implementing FIFO 'l2_out_41_U(cloud_mlp_top_fifo_w15_d2_S)' using Shift Registers.
INFO: [RTMG 210-285] Implementing FIFO 'l2_out_42_U(cloud_mlp_top_fifo_w15_d2_S)' using Shift Registers.
INFO: [RTMG 210-285] Implementing FIFO 'l2_out_43_U(cloud_mlp_top_fifo_w15_d2_S)' using Shift Registers.
INFO: [RTMG 210-285] Implementing FIFO 'l2_out_44_U(cloud_mlp_top_fifo_w15_d2_S)' using Shift Registers.
INFO: [RTMG 210-285] Implementing FIFO 'l2_out_45_U(cloud_mlp_top_fifo_w15_d2_S)' using Shift Registers.
INFO: [RTMG 210-285] Implementing FIFO 'l2_out_46_U(cloud_mlp_top_fifo_w15_d2_S)' using Shift Registers.
INFO: [RTMG 210-285] Implementing FIFO 'l2_out_47_U(cloud_mlp_top_fifo_w15_d2_S)' using Shift Registers.
INFO: [RTMG 210-285] Implementing FIFO 'l2_out_48_U(cloud_mlp_top_fifo_w15_d2_S)' using Shift Registers.
INFO: [RTMG 210-285] Implementing FIFO 'l2_out_49_U(cloud_mlp_top_fifo_w15_d2_S)' using Shift Registers.
INFO: [RTMG 210-285] Implementing FIFO 'l2_out_50_U(cloud_mlp_top_fifo_w15_d2_S)' using Shift Registers.
INFO: [RTMG 210-285] Implementing FIFO 'l2_out_51_U(cloud_mlp_top_fifo_w15_d2_S)' using Shift Registers.
INFO: [RTMG 210-285] Implementing FIFO 'l2_out_52_U(cloud_mlp_top_fifo_w15_d2_S)' using Shift Registers.
INFO: [RTMG 210-285] Implementing FIFO 'l2_out_53_U(cloud_mlp_top_fifo_w15_d2_S)' using Shift Registers.
INFO: [RTMG 210-285] Implementing FIFO 'l2_out_54_U(cloud_mlp_top_fifo_w15_d2_S)' using Shift Registers.
INFO: [RTMG 210-285] Implementing FIFO 'l2_out_55_U(cloud_mlp_top_fifo_w15_d2_S)' using Shift Registers.
INFO: [RTMG 210-285] Implementing FIFO 'l2_out_56_U(cloud_mlp_top_fifo_w15_d2_S)' using Shift Registers.
INFO: [RTMG 210-285] Implementing FIFO 'l2_out_57_U(cloud_mlp_top_fifo_w15_d2_S)' using Shift Registers.
INFO: [RTMG 210-285] Implementing FIFO 'l2_out_58_U(cloud_mlp_top_fifo_w15_d2_S)' using Shift Registers.
INFO: [RTMG 210-285] Implementing FIFO 'l2_out_59_U(cloud_mlp_top_fifo_w15_d2_S)' using Shift Registers.
INFO: [RTMG 210-285] Implementing FIFO 'l2_out_60_U(cloud_mlp_top_fifo_w15_d2_S)' using Shift Registers.
INFO: [RTMG 210-285] Implementing FIFO 'l2_out_61_U(cloud_mlp_top_fifo_w15_d2_S)' using Shift Registers.
INFO: [RTMG 210-285] Implementing FIFO 'l2_out_62_U(cloud_mlp_top_fifo_w15_d2_S)' using Shift Registers.
INFO: [RTMG 210-285] Implementing FIFO 'l2_out_63_U(cloud_mlp_top_fifo_w15_d2_S)' using Shift Registers.
INFO: [RTMG 210-285] Implementing FIFO 'l2_out_64_U(cloud_mlp_top_fifo_w15_d2_S)' using Shift Registers.
INFO: [RTMG 210-285] Implementing FIFO 'l2_out_65_U(cloud_mlp_top_fifo_w15_d2_S)' using Shift Registers.
INFO: [RTMG 210-285] Implementing FIFO 'l2_out_66_U(cloud_mlp_top_fifo_w15_d2_S)' using Shift Registers.
INFO: [RTMG 210-285] Implementing FIFO 'l2_out_67_U(cloud_mlp_top_fifo_w15_d2_S)' using Shift Registers.
INFO: [RTMG 210-285] Implementing FIFO 'l2_out_68_U(cloud_mlp_top_fifo_w15_d2_S)' using Shift Registers.
INFO: [RTMG 210-285] Implementing FIFO 'l2_out_69_U(cloud_mlp_top_fifo_w15_d2_S)' using Shift Registers.
INFO: [RTMG 210-285] Implementing FIFO 'l2_out_70_U(cloud_mlp_top_fifo_w15_d2_S)' using Shift Registers.
INFO: [RTMG 210-285] Implementing FIFO 'l2_out_71_U(cloud_mlp_top_fifo_w15_d2_S)' using Shift Registers.
INFO: [RTMG 210-285] Implementing FIFO 'l2_out_72_U(cloud_mlp_top_fifo_w15_d2_S)' using Shift Registers.
INFO: [RTMG 210-285] Implementing FIFO 'l2_out_73_U(cloud_mlp_top_fifo_w15_d2_S)' using Shift Registers.
INFO: [RTMG 210-285] Implementing FIFO 'l2_out_74_U(cloud_mlp_top_fifo_w15_d2_S)' using Shift Registers.
INFO: [RTMG 210-285] Implementing FIFO 'l2_out_75_U(cloud_mlp_top_fifo_w15_d2_S)' using Shift Registers.
INFO: [RTMG 210-285] Implementing FIFO 'l2_out_76_U(cloud_mlp_top_fifo_w15_d2_S)' using Shift Registers.
INFO: [RTMG 210-285] Implementing FIFO 'l2_out_77_U(cloud_mlp_top_fifo_w15_d2_S)' using Shift Registers.
INFO: [RTMG 210-285] Implementing FIFO 'l2_out_78_U(cloud_mlp_top_fifo_w15_d2_S)' using Shift Registers.
INFO: [RTMG 210-285] Implementing FIFO 'l2_out_79_U(cloud_mlp_top_fifo_w15_d2_S)' using Shift Registers.
INFO: [RTMG 210-285] Implementing FIFO 'l2_out_80_U(cloud_mlp_top_fifo_w15_d2_S)' using Shift Registers.
INFO: [RTMG 210-285] Implementing FIFO 'l2_out_81_U(cloud_mlp_top_fifo_w15_d2_S)' using Shift Registers.
INFO: [RTMG 210-285] Implementing FIFO 'l2_out_82_U(cloud_mlp_top_fifo_w15_d2_S)' using Shift Registers.
INFO: [RTMG 210-285] Implementing FIFO 'l2_out_83_U(cloud_mlp_top_fifo_w15_d2_S)' using Shift Registers.
INFO: [RTMG 210-285] Implementing FIFO 'l2_out_84_U(cloud_mlp_top_fifo_w15_d2_S)' using Shift Registers.
INFO: [RTMG 210-285] Implementing FIFO 'l2_out_85_U(cloud_mlp_top_fifo_w15_d2_S)' using Shift Registers.
INFO: [RTMG 210-285] Implementing FIFO 'l2_out_86_U(cloud_mlp_top_fifo_w15_d2_S)' using Shift Registers.
INFO: [RTMG 210-285] Implementing FIFO 'l2_out_87_U(cloud_mlp_top_fifo_w15_d2_S)' using Shift Registers.
INFO: [RTMG 210-285] Implementing FIFO 'l2_out_88_U(cloud_mlp_top_fifo_w15_d2_S)' using Shift Registers.
INFO: [RTMG 210-285] Implementing FIFO 'l2_out_89_U(cloud_mlp_top_fifo_w15_d2_S)' using Shift Registers.
INFO: [RTMG 210-285] Implementing FIFO 'l2_out_90_U(cloud_mlp_top_fifo_w15_d2_S)' using Shift Registers.
INFO: [RTMG 210-285] Implementing FIFO 'l2_out_91_U(cloud_mlp_top_fifo_w15_d2_S)' using Shift Registers.
INFO: [RTMG 210-285] Implementing FIFO 'l2_out_92_U(cloud_mlp_top_fifo_w15_d2_S)' using Shift Registers.
INFO: [RTMG 210-285] Implementing FIFO 'l2_out_93_U(cloud_mlp_top_fifo_w15_d2_S)' using Shift Registers.
INFO: [RTMG 210-285] Implementing FIFO 'l2_out_94_U(cloud_mlp_top_fifo_w15_d2_S)' using Shift Registers.
INFO: [RTMG 210-285] Implementing FIFO 'l2_out_95_U(cloud_mlp_top_fifo_w15_d2_S)' using Shift Registers.
INFO: [RTMG 210-285] Implementing FIFO 'l2_out_96_U(cloud_mlp_top_fifo_w15_d2_S)' using Shift Registers.
INFO: [RTMG 210-285] Implementing FIFO 'l2_out_97_U(cloud_mlp_top_fifo_w15_d2_S)' using Shift Registers.
INFO: [RTMG 210-285] Implementing FIFO 'l2_out_98_U(cloud_mlp_top_fifo_w15_d2_S)' using Shift Registers.
INFO: [RTMG 210-285] Implementing FIFO 'l2_out_99_U(cloud_mlp_top_fifo_w15_d2_S)' using Shift Registers.
INFO: [RTMG 210-285] Implementing FIFO 'l2_out_100_U(cloud_mlp_top_fifo_w15_d2_S)' using Shift Registers.
INFO: [RTMG 210-285] Implementing FIFO 'l2_out_101_U(cloud_mlp_top_fifo_w15_d2_S)' using Shift Registers.
INFO: [RTMG 210-285] Implementing FIFO 'l2_out_102_U(cloud_mlp_top_fifo_w15_d2_S)' using Shift Registers.
INFO: [RTMG 210-285] Implementing FIFO 'l2_out_103_U(cloud_mlp_top_fifo_w15_d2_S)' using Shift Registers.
INFO: [RTMG 210-285] Implementing FIFO 'l2_out_104_U(cloud_mlp_top_fifo_w15_d2_S)' using Shift Registers.
INFO: [RTMG 210-285] Implementing FIFO 'l2_out_105_U(cloud_mlp_top_fifo_w15_d2_S)' using Shift Registers.
INFO: [RTMG 210-285] Implementing FIFO 'l2_out_106_U(cloud_mlp_top_fifo_w15_d2_S)' using Shift Registers.
INFO: [RTMG 210-285] Implementing FIFO 'l2_out_107_U(cloud_mlp_top_fifo_w15_d2_S)' using Shift Registers.
INFO: [RTMG 210-285] Implementing FIFO 'l2_out_108_U(cloud_mlp_top_fifo_w15_d2_S)' using Shift Registers.
INFO: [RTMG 210-285] Implementing FIFO 'l2_out_109_U(cloud_mlp_top_fifo_w15_d2_S)' using Shift Registers.
INFO: [RTMG 210-285] Implementing FIFO 'l2_out_110_U(cloud_mlp_top_fifo_w15_d2_S)' using Shift Registers.
INFO: [RTMG 210-285] Implementing FIFO 'l2_out_111_U(cloud_mlp_top_fifo_w15_d2_S)' using Shift Registers.
INFO: [RTMG 210-285] Implementing FIFO 'l2_out_112_U(cloud_mlp_top_fifo_w15_d2_S)' using Shift Registers.
INFO: [RTMG 210-285] Implementing FIFO 'l2_out_113_U(cloud_mlp_top_fifo_w15_d2_S)' using Shift Registers.
INFO: [RTMG 210-285] Implementing FIFO 'l2_out_114_U(cloud_mlp_top_fifo_w15_d2_S)' using Shift Registers.
INFO: [RTMG 210-285] Implementing FIFO 'l2_out_115_U(cloud_mlp_top_fifo_w15_d2_S)' using Shift Registers.
INFO: [RTMG 210-285] Implementing FIFO 'l2_out_116_U(cloud_mlp_top_fifo_w15_d2_S)' using Shift Registers.
INFO: [RTMG 210-285] Implementing FIFO 'l2_out_117_U(cloud_mlp_top_fifo_w15_d2_S)' using Shift Registers.
INFO: [RTMG 210-285] Implementing FIFO 'l2_out_118_U(cloud_mlp_top_fifo_w15_d2_S)' using Shift Registers.
INFO: [RTMG 210-285] Implementing FIFO 'l2_out_119_U(cloud_mlp_top_fifo_w15_d2_S)' using Shift Registers.
INFO: [RTMG 210-285] Implementing FIFO 'l2_out_120_U(cloud_mlp_top_fifo_w15_d2_S)' using Shift Registers.
INFO: [RTMG 210-285] Implementing FIFO 'l2_out_121_U(cloud_mlp_top_fifo_w15_d2_S)' using Shift Registers.
INFO: [RTMG 210-285] Implementing FIFO 'l2_out_122_U(cloud_mlp_top_fifo_w15_d2_S)' using Shift Registers.
INFO: [RTMG 210-285] Implementing FIFO 'l2_out_123_U(cloud_mlp_top_fifo_w15_d2_S)' using Shift Registers.
INFO: [RTMG 210-285] Implementing FIFO 'l2_out_124_U(cloud_mlp_top_fifo_w15_d2_S)' using Shift Registers.
INFO: [RTMG 210-285] Implementing FIFO 'l2_out_125_U(cloud_mlp_top_fifo_w15_d2_S)' using Shift Registers.
INFO: [RTMG 210-285] Implementing FIFO 'l2_out_126_U(cloud_mlp_top_fifo_w15_d2_S)' using Shift Registers.
INFO: [RTMG 210-285] Implementing FIFO 'l2_out_127_U(cloud_mlp_top_fifo_w15_d2_S)' using Shift Registers.
INFO: [HLS 200-111] Finished Creating RTL model: CPU user time: 1 seconds. CPU system time: 0 seconds. Elapsed time: 9.662 seconds; current allocated memory: 2.412 GB.
INFO: [HLS 200-111] Finished Generating all RTL models: CPU user time: 4 seconds. CPU system time: 1 seconds. Elapsed time: 6.51 seconds; current allocated memory: 2.414 GB.
INFO: [HLS 200-2225] Wrote inferred directives to file C:/OCDS/OCDS_4K_Streams/OCDS_4K_Stream/OCDS_4K_Stream/hls/syn/inferred_directives.ini
INFO: [HLS 200-111] Finished Updating report files: CPU user time: 7 seconds. CPU system time: 1 seconds. Elapsed time: 7.758 seconds; current allocated memory: 2.681 GB.
INFO: [VHDL 208-304] Generating VHDL RTL for cloud_mlp_top.
INFO: [VLOG 209-307] Generating Verilog RTL for cloud_mlp_top.
INFO: [HLS 200-790] **** Loop Constraint Status: All loop constraints were satisfied.
INFO: [HLS 200-789] **** Estimated Fmax: 40.75 MHz
INFO: [HLS 200-112] Total CPU user time: 283 seconds. Total CPU system time: 56 seconds. Total elapsed time: 439.79 seconds; peak allocated memory: 2.681 GB.
INFO: [v++ 60-791] Total elapsed time: 0h 7m 24s
