  **** HLS Build v2025.2 6295257
INFO: [HLS 200-2005] Using work_dir C:/OCDS/OCDS_4K_Streams/OCDS_4K_Stream/OCDS_4K_Stream 
INFO: [HLS 200-2176] Writing Vitis IDE component file C:/OCDS/OCDS_4K_Streams/OCDS_4K_Stream/OCDS_4K_Stream/vitis-comp.json
INFO: [HLS 200-10] Creating and opening component 'C:/OCDS/OCDS_4K_Streams/OCDS_4K_Stream/OCDS_4K_Stream'.
INFO: [HLS 200-1505] Using default flow_target 'vivado'
Resolution: For help on HLS 200-1505 see docs.amd.com/access/sources/dita/topic?Doc_Version=2025.2%20English&url=ug1448-hls-guidance&resourceid=200-1505.html
INFO: [HLS 200-2174] Applying component config ini file hls_config.cfg
INFO: [HLS 200-1465] Applying config ini 'syn.file=./cloud_mlp.cpp' from hls_config.cfg(9)
INFO: [HLS 200-10] Adding design file './cloud_mlp.cpp' to the project
INFO: [HLS 200-1465] Applying config ini 'syn.file=./cloud_mlp.hpp' from hls_config.cfg(10)
INFO: [HLS 200-10] Adding design file './cloud_mlp.hpp' to the project
INFO: [HLS 200-1465] Applying config ini 'syn.file=./weights.h' from hls_config.cfg(11)
INFO: [HLS 200-10] Adding design file './weights.h' to the project
INFO: [HLS 200-1465] Applying config ini 'tb.file=./tb_cloud_mlp.cpp' from hls_config.cfg(13)
INFO: [HLS 200-10] Adding test bench file './tb_cloud_mlp.cpp' to the project
INFO: [HLS 200-1465] Applying config ini 'syn.top=cloud_mlp_top' from hls_config.cfg(12)
INFO: [HLS 200-1465] Applying config ini 'flow_target=vivado' from hls_config.cfg(4)
INFO: [HLS 200-1505] Using flow_target 'vivado'
Resolution: For help on HLS 200-1505 see docs.amd.com/access/sources/dita/topic?Doc_Version=2025.2%20English&url=ug1448-hls-guidance&resourceid=200-1505.html
INFO: [HLS 200-1465] Applying config ini 'part=xczu9eg-ffvb1156-2-e' from hls_config.cfg(1)
INFO: [HLS 200-1611] Setting target device to 'xczu9eg-ffvb1156-2-e'
INFO: [HLS 200-1465] Applying config ini 'clock=30ns' from hls_config.cfg(7)
INFO: [SYN 201-201] Setting up clock 'default' with a period of 30ns.
INFO: [HLS 200-1465] Applying config ini 'clock_uncertainty=0.81ns' from hls_config.cfg(16)
INFO: [SYN 201-201] Setting up clock 'default' with an uncertainty of 0.81ns.
INFO: [HLS 200-1465] Applying config ini 'csim.clean=1' from hls_config.cfg(14)
INFO: [HLS 200-1465] Applying config ini 'package.output.format=ip_catalog' from hls_config.cfg(5)
INFO: [HLS 200-1465] Applying config ini 'syn.compile.unsafe_math_optimizations=1' from hls_config.cfg(15)
INFO: [XFORM 203-1172] Optimizing floating point zeros and discarding its signedness.
INFO: [XFORM 203-1176] Optimizing floating point comparison without checking NaN.
INFO: [XFORM 203-1173] Reordering floating point operations aggressively.
INFO: [HLS 200-2176] Writing Vitis IDE component file C:/OCDS/OCDS_4K_Streams/OCDS_4K_Stream/OCDS_4K_Stream/vitis-comp.json
INFO: [HLS 200-111] Finished File checks and directory preparation: CPU user time: 1 seconds. CPU system time: 2 seconds. Elapsed time: 3.223 seconds; current allocated memory: 150.090 MB.
INFO: [HLS 200-2191] C-Synthesis will use clang-16 as the compiler
INFO: [HLS 200-10] Analyzing design file 'cloud_mlp.cpp' ... 
INFO: [HLS 200-111] Finished Source Code Analysis and Preprocessing: CPU user time: 1 seconds. CPU system time: 0 seconds. Elapsed time: 7.577 seconds; current allocated memory: 153.488 MB.
INFO: [HLS 200-777] Using interface defaults for 'Vivado' flow target.
INFO: [HLS 200-1995] There were 9,828 instructions in the design after the 'Compile/Link' phase of compilation. See the Design Size Report for more details (C:/OCDS/OCDS_4K_Streams/OCDS_4K_Stream/OCDS_4K_Stream/hls/syn/report/csynth_design_size.rpt:2)
WARNING: [HLS 200-1995] There were 131,861 instructions in the design after the 'Unroll/Inline (step 1)' phase of compilation. See the Design Size Report for more details (C:/OCDS/OCDS_4K_Streams/OCDS_4K_Stream/OCDS_4K_Stream/hls/syn/report/csynth_design_size.rpt:2)
INFO: [HLS 200-1995] There were 74,048 instructions in the design after the 'Unroll/Inline (step 2)' phase of compilation. See the Design Size Report for more details (C:/OCDS/OCDS_4K_Streams/OCDS_4K_Stream/OCDS_4K_Stream/hls/syn/report/csynth_design_size.rpt:2)
INFO: [HLS 200-1995] There were 61,918 instructions in the design after the 'Unroll/Inline (step 3)' phase of compilation. See the Design Size Report for more details (C:/OCDS/OCDS_4K_Streams/OCDS_4K_Stream/OCDS_4K_Stream/hls/syn/report/csynth_design_size.rpt:2)
INFO: [HLS 200-1995] There were 56,267 instructions in the design after the 'Unroll/Inline (step 4)' phase of compilation. See the Design Size Report for more details (C:/OCDS/OCDS_4K_Streams/OCDS_4K_Stream/OCDS_4K_Stream/hls/syn/report/csynth_design_size.rpt:2)
INFO: [HLS 200-1995] There were 69,074 instructions in the design after the 'Array/Struct' phase of compilation. See the Design Size Report for more details (C:/OCDS/OCDS_4K_Streams/OCDS_4K_Stream/OCDS_4K_Stream/hls/syn/report/csynth_design_size.rpt:2)
INFO: [HLS 200-1995] There were 56,380 instructions in the design after the 'Array/Struct (step 2)' phase of compilation. See the Design Size Report for more details (C:/OCDS/OCDS_4K_Streams/OCDS_4K_Stream/OCDS_4K_Stream/hls/syn/report/csynth_design_size.rpt:2)
INFO: [HLS 200-1995] There were 56,382 instructions in the design after the 'Array/Struct (step 3)' phase of compilation. See the Design Size Report for more details (C:/OCDS/OCDS_4K_Streams/OCDS_4K_Stream/OCDS_4K_Stream/hls/syn/report/csynth_design_size.rpt:2)
INFO: [HLS 200-1995] There were 58,505 instructions in the design after the 'Array/Struct (step 4)' phase of compilation. See the Design Size Report for more details (C:/OCDS/OCDS_4K_Streams/OCDS_4K_Stream/OCDS_4K_Stream/hls/syn/report/csynth_design_size.rpt:2)
INFO: [HLS 200-1995] There were 56,545 instructions in the design after the 'Array/Struct (step 5)' phase of compilation. See the Design Size Report for more details (C:/OCDS/OCDS_4K_Streams/OCDS_4K_Stream/OCDS_4K_Stream/hls/syn/report/csynth_design_size.rpt:2)
INFO: [HLS 200-1995] There were 56,541 instructions in the design after the 'Performance' phase of compilation. See the Design Size Report for more details (C:/OCDS/OCDS_4K_Streams/OCDS_4K_Stream/OCDS_4K_Stream/hls/syn/report/csynth_design_size.rpt:2)
INFO: [HLS 200-1995] There were 56,519 instructions in the design after the 'Performance (step 2)' phase of compilation. See the Design Size Report for more details (C:/OCDS/OCDS_4K_Streams/OCDS_4K_Stream/OCDS_4K_Stream/hls/syn/report/csynth_design_size.rpt:2)
INFO: [HLS 200-1995] There were 56,483 instructions in the design after the 'Performance (step 3)' phase of compilation. See the Design Size Report for more details (C:/OCDS/OCDS_4K_Streams/OCDS_4K_Stream/OCDS_4K_Stream/hls/syn/report/csynth_design_size.rpt:2)
INFO: [HLS 200-1995] There were 56,483 instructions in the design after the 'Performance (step 4)' phase of compilation. See the Design Size Report for more details (C:/OCDS/OCDS_4K_Streams/OCDS_4K_Stream/OCDS_4K_Stream/hls/syn/report/csynth_design_size.rpt:2)
INFO: [HLS 200-1995] There were 56,448 instructions in the design after the 'HW Transforms (step 1)' phase of compilation. See the Design Size Report for more details (C:/OCDS/OCDS_4K_Streams/OCDS_4K_Stream/OCDS_4K_Stream/hls/syn/report/csynth_design_size.rpt:2)
INFO: [HLS 200-1995] There were 56,430 instructions in the design after the 'HW Transforms (step 2)' phase of compilation. See the Design Size Report for more details (C:/OCDS/OCDS_4K_Streams/OCDS_4K_Stream/OCDS_4K_Stream/hls/syn/report/csynth_design_size.rpt:2)
INFO: [HLS 214-131] Inlining function 'relu(ap_fixed<16, 6, (ap_q_mode)5, (ap_o_mode)3, 0>)' into 'compute_l1(ap_fixed<16, 6, (ap_q_mode)5, (ap_o_mode)3, 0>*, ap_fixed<16, 6, (ap_q_mode)5, (ap_o_mode)3, 0>*)' (cloud_mlp.cpp:64:21)
INFO: [HLS 214-131] Inlining function 'relu(ap_fixed<16, 6, (ap_q_mode)5, (ap_o_mode)3, 0>)' into 'compute_l2(ap_fixed<16, 6, (ap_q_mode)5, (ap_o_mode)3, 0>*, ap_fixed<16, 6, (ap_q_mode)5, (ap_o_mode)3, 0>*)' (cloud_mlp.cpp:81:21)
INFO: [HLS 214-131] Inlining function 'relu(ap_fixed<16, 6, (ap_q_mode)5, (ap_o_mode)3, 0>)' into 'compute_l3(ap_fixed<16, 6, (ap_q_mode)5, (ap_o_mode)3, 0>*, ap_fixed<16, 6, (ap_q_mode)5, (ap_o_mode)3, 0>*)' (cloud_mlp.cpp:98:21)
INFO: [HLS 214-131] Inlining function 'hard_sigmoid(ap_fixed<16, 6, (ap_q_mode)5, (ap_o_mode)3, 0>)' into 'write_output(ap_fixed<16, 6, (ap_q_mode)5, (ap_o_mode)3, 0>*, hls::stream<PacketMeta, 0>&, hls::stream<hls::axis<ap_int<32>, 0ul, 0ul, 0ul, (unsigned char)56, false>, 0>&)' (cloud_mlp.cpp:114:29)
INFO: [HLS 214-291] Loop 'VITIS_LOOP_92_1' is marked as complete unroll implied by the pipeline pragma (cloud_mlp.cpp:92:26)
INFO: [HLS 214-291] Loop 'VITIS_LOOP_75_1' is marked as complete unroll implied by the pipeline pragma (cloud_mlp.cpp:75:26)
INFO: [HLS 214-291] Loop 'VITIS_LOOP_58_1' is marked as complete unroll implied by the pipeline pragma (cloud_mlp.cpp:58:26)
INFO: [HLS 214-186] Unrolling loop 'Out' (cloud_mlp.cpp:107:10) in function 'write_output' completely with a factor of 64 (cloud_mlp.cpp:102:0)
INFO: [HLS 214-188] Unrolling loop 'L3' (cloud_mlp.cpp:87:9) in function 'compute_l3' partially with a factor of 4 (cloud_mlp.cpp:85:0)
INFO: [HLS 214-186] Unrolling loop 'VITIS_LOOP_92_1' (cloud_mlp.cpp:92:26) in function 'compute_l3' completely with a factor of 128 (cloud_mlp.cpp:85:0)
INFO: [HLS 214-188] Unrolling loop 'L2' (cloud_mlp.cpp:70:9) in function 'compute_l2' partially with a factor of 8 (cloud_mlp.cpp:68:0)
INFO: [HLS 214-186] Unrolling loop 'VITIS_LOOP_75_1' (cloud_mlp.cpp:75:26) in function 'compute_l2' completely with a factor of 64 (cloud_mlp.cpp:68:0)
INFO: [HLS 214-188] Unrolling loop 'L1' (cloud_mlp.cpp:53:9) in function 'compute_l1' partially with a factor of 4 (cloud_mlp.cpp:51:0)
INFO: [HLS 214-186] Unrolling loop 'VITIS_LOOP_58_1' (cloud_mlp.cpp:58:26) in function 'compute_l1' completely with a factor of 4 (cloud_mlp.cpp:51:0)
INFO: [HLS 214-178] Inlining function 'hls::axis<ap_int<32>, 0ul, 0ul, 0ul, (unsigned char)56, false>::axis()' into 'read_input(hls::stream<hls::axis<ap_int<32>, 0ul, 0ul, 0ul, (unsigned char)56, false>, 0>&, ap_fixed<16, 6, (ap_q_mode)5, (ap_o_mode)3, 0>*, hls::stream<PacketMeta, 0>&)' (cloud_mlp.cpp:30:0)
INFO: [HLS 214-178] Inlining function 'hls::axis<ap_int<32>, 0ul, 0ul, 0ul, (unsigned char)56, false>::axis()' into 'write_output(ap_fixed<16, 6, (ap_q_mode)5, (ap_o_mode)3, 0>*, hls::stream<PacketMeta, 0>&, hls::stream<hls::axis<ap_int<32>, 0ul, 0ul, 0ul, (unsigned char)56, false>, 0>&)' (cloud_mlp.cpp:102:0)
INFO: [HLS 214-248] Applying array_partition to '_ZL2B3': Cyclic partitioning with factor 4 on dimension 1. (./weights.h:271:0)
INFO: [HLS 214-248] Applying array_partition to '_ZL2W3': Cyclic partitioning with factor 4 on dimension 1. (./weights.h:205:0)
INFO: [HLS 214-248] Applying array_partition to '_ZL2B2': Cyclic partitioning with factor 8 on dimension 1. (./weights.h:203:0)
INFO: [HLS 214-248] Applying array_partition to '_ZL2W2': Cyclic partitioning with factor 8 on dimension 1. (./weights.h:73:0)
INFO: [HLS 214-248] Applying array_partition to '_ZL2B1': Cyclic partitioning with factor 4 on dimension 1. (./weights.h:71:0)
INFO: [HLS 214-248] Applying array_partition to '_ZL2W1': Cyclic partitioning with factor 4 on dimension 1. (./weights.h:5:0)
INFO: [HLS 214-248] Applying array_partition to 'input_arr': Complete partitioning on dimension 1. (cloud_mlp.cpp:132:12)
INFO: [HLS 214-248] Applying array_partition to 'l1_out': Cyclic partitioning with factor 4 on dimension 1. (cloud_mlp.cpp:133:12)
INFO: [HLS 214-248] Applying array_partition to 'l2_out': Cyclic partitioning with factor 8 on dimension 1. (cloud_mlp.cpp:134:12)
INFO: [HLS 214-248] Applying array_partition to 'l3_out': Cyclic partitioning with factor 4 on dimension 1. (cloud_mlp.cpp:135:12)
INFO: [HLS 214-241] Aggregating fifo (hls::stream) variable 'meta_stream' with compact=bit mode in 17-bits (cloud_mlp.cpp:137:29)
INFO: [HLS 214-248] Applying array_reshape to '_ZL2W3_3': Complete reshaping on dimension 2.
INFO: [HLS 214-248] Applying array_reshape to '_ZL2W3_2': Complete reshaping on dimension 2.
INFO: [HLS 214-248] Applying array_reshape to '_ZL2W3_1': Complete reshaping on dimension 2.
INFO: [HLS 214-248] Applying array_reshape to '_ZL2W3_0': Complete reshaping on dimension 2.
INFO: [HLS 214-248] Applying array_reshape to '_ZL2W2_7': Complete reshaping on dimension 2.
INFO: [HLS 214-248] Applying array_reshape to '_ZL2W2_6': Complete reshaping on dimension 2.
INFO: [HLS 214-248] Applying array_reshape to '_ZL2W2_5': Complete reshaping on dimension 2.
INFO: [HLS 214-248] Applying array_reshape to '_ZL2W2_4': Complete reshaping on dimension 2.
INFO: [HLS 214-248] Applying array_reshape to '_ZL2W2_3': Complete reshaping on dimension 2.
INFO: [HLS 214-248] Applying array_reshape to '_ZL2W2_2': Complete reshaping on dimension 2.
INFO: [HLS 214-248] Applying array_reshape to '_ZL2W2_1': Complete reshaping on dimension 2.
INFO: [HLS 214-248] Applying array_reshape to '_ZL2W2_0': Complete reshaping on dimension 2.
INFO: [HLS 214-248] Applying array_reshape to '_ZL2W1_3': Complete reshaping on dimension 2.
INFO: [HLS 214-248] Applying array_reshape to '_ZL2W1_2': Complete reshaping on dimension 2.
INFO: [HLS 214-248] Applying array_reshape to '_ZL2W1_1': Complete reshaping on dimension 2.
INFO: [HLS 214-248] Applying array_reshape to '_ZL2W1_0': Complete reshaping on dimension 2.
INFO: [HLS 200-111] Finished Compiling Optimization and Transform: CPU user time: 0 seconds. CPU system time: 0 seconds. Elapsed time: 65.162 seconds; current allocated memory: 156.633 MB.
INFO: [HLS 200-111] Finished Checking Pragmas: CPU user time: 0 seconds. CPU system time: 0 seconds. Elapsed time: 0.002 seconds; current allocated memory: 156.633 MB.
INFO: [HLS 200-10] Starting code transformations ...
INFO: [HLS 200-111] Finished Standard Transforms: CPU user time: 3 seconds. CPU system time: 0 seconds. Elapsed time: 4.132 seconds; current allocated memory: 200.332 MB.
INFO: [HLS 200-10] Checking synthesizability ...
INFO: [HLS 200-111] Finished Checking Synthesizability: CPU user time: 3 seconds. CPU system time: 1 seconds. Elapsed time: 3.175 seconds; current allocated memory: 240.359 MB.
INFO: [XFORM 203-712] Applying dataflow to function 'cloud_mlp_top' (cloud_mlp.cpp:126:1), detected/extracted 5 process function(s): 
	 'read_input'
	 'compute_l1'
	 'compute_l2'
	 'compute_l3'
	 'write_output'.
INFO: [XFORM 203-401] Performing if-conversion on hyperblock from (cloud_mlp.cpp:87:27) to (cloud_mlp.cpp:87:9) in function 'compute_l3'... converting 3097 basic blocks.
INFO: [XFORM 203-401] Performing if-conversion on hyperblock from (cloud_mlp.cpp:70:27) to (cloud_mlp.cpp:70:9) in function 'compute_l2'... converting 3121 basic blocks.
INFO: [XFORM 203-401] Performing if-conversion on hyperblock from (cloud_mlp.cpp:53:27) to (cloud_mlp.cpp:53:9) in function 'compute_l1'... converting 121 basic blocks.
INFO: [XFORM 203-11] Balancing expressions in function 'write_output' (cloud_mlp.cpp:104:33)...64 expression(s) balanced.
INFO: [XFORM 203-11] Balancing expressions in function 'compute_l3' (cloud_mlp.cpp:85:1)...1020 expression(s) balanced.
INFO: [XFORM 203-11] Balancing expressions in function 'compute_l2' (cloud_mlp.cpp:68:1)...1016 expression(s) balanced.
INFO: [XFORM 203-11] Balancing expressions in function 'compute_l1' (cloud_mlp.cpp:19:22)...28 expression(s) balanced.
INFO: [HLS 200-111] Finished Loop, function and other optimizations: CPU user time: 19 seconds. CPU system time: 1 seconds. Elapsed time: 20.596 seconds; current allocated memory: 310.508 MB.
INFO: [HLS 200-111] Finished Architecture Synthesis: CPU user time: 96 seconds. CPU system time: 8 seconds. Elapsed time: 106.376 seconds; current allocated memory: 524.793 MB.
INFO: [HLS 200-10] Starting hardware synthesis ...
INFO: [HLS 200-10] Synthesizing 'cloud_mlp_top' ...
INFO: [HLS 200-10] ----------------------------------------------------------------
INFO: [HLS 200-42] -- Implementing module 'read_input' 
INFO: [HLS 200-10] ----------------------------------------------------------------
INFO: [SCHED 204-11] Starting scheduling ...
INFO: [SCHED 204-11] Finished scheduling.
INFO: [HLS 200-111] Finished Scheduling: CPU user time: 1 seconds. CPU system time: 0 seconds. Elapsed time: 1.484 seconds; current allocated memory: 532.219 MB.
INFO: [BIND 205-100] Starting micro-architecture generation ...
INFO: [BIND 205-101] Performing variable lifetime analysis.
INFO: [BIND 205-101] Exploring resource sharing.
INFO: [BIND 205-101] Binding ...
INFO: [BIND 205-100] Finished micro-architecture generation.
INFO: [HLS 200-111] Finished Binding: CPU user time: 0 seconds. CPU system time: 0 seconds. Elapsed time: 0.03 seconds; current allocated memory: 533.277 MB.
INFO: [HLS 200-10] ----------------------------------------------------------------
INFO: [HLS 200-42] -- Implementing module 'compute_l1' 
INFO: [HLS 200-10] ----------------------------------------------------------------
INFO: [SCHED 204-11] Starting scheduling ...
INFO: [SCHED 204-61] Pipelining loop 'L1'.
INFO: [HLS 200-1470] Pipelining result : Target II = 16, Final II = 16, Depth = 18, loop 'L1'
INFO: [SCHED 204-11] Finished scheduling.
INFO: [HLS 200-111] Finished Scheduling: CPU user time: 0 seconds. CPU system time: 0 seconds. Elapsed time: 0.436 seconds; current allocated memory: 541.363 MB.
INFO: [HLS 200-2250] Rewind delay = 12 for the pipelined loop 'L1' to synchronize the writing of PIPO 'l1_out_0 (no source info)' with ap_done.
INFO: [BIND 205-100] Starting micro-architecture generation ...
INFO: [BIND 205-101] Performing variable lifetime analysis.
INFO: [BIND 205-101] Exploring resource sharing.
INFO: [BIND 205-101] Binding ...
INFO: [BIND 205-100] Finished micro-architecture generation.
INFO: [HLS 200-111] Finished Binding: CPU user time: 0 seconds. CPU system time: 0 seconds. Elapsed time: 0.191 seconds; current allocated memory: 542.070 MB.
INFO: [HLS 200-10] ----------------------------------------------------------------
INFO: [HLS 200-42] -- Implementing module 'compute_l2_Pipeline_L2' 
INFO: [HLS 200-10] ----------------------------------------------------------------
INFO: [SCHED 204-11] Starting scheduling ...
INFO: [SCHED 204-61] Pipelining loop 'L2'.
INFO: [HLS 200-1470] Pipelining result : Target II = 16, Final II = 16, Depth = 18, loop 'L2'
INFO: [SCHED 204-11] Finished scheduling.
INFO: [HLS 200-111] Finished Scheduling: CPU user time: 85 seconds. CPU system time: 8 seconds. Elapsed time: 94.538 seconds; current allocated memory: 751.223 MB.
INFO: [BIND 205-100] Starting micro-architecture generation ...
INFO: [BIND 205-101] Performing variable lifetime analysis.
INFO: [BIND 205-101] Exploring resource sharing.
INFO: [BIND 205-101] Binding ...
INFO: [BIND 205-100] Finished micro-architecture generation.
INFO: [HLS 200-111] Finished Binding: CPU user time: 20 seconds. CPU system time: 2 seconds. Elapsed time: 23.206 seconds; current allocated memory: 751.223 MB.
INFO: [HLS 200-10] ----------------------------------------------------------------
INFO: [HLS 200-42] -- Implementing module 'compute_l2' 
INFO: [HLS 200-10] ----------------------------------------------------------------
INFO: [SCHED 204-11] Starting scheduling ...
INFO: [SCHED 204-11] Finished scheduling.
INFO: [HLS 200-111] Finished Scheduling: CPU user time: 10 seconds. CPU system time: 2 seconds. Elapsed time: 12.856 seconds; current allocated memory: 751.223 MB.
INFO: [BIND 205-100] Starting micro-architecture generation ...
INFO: [BIND 205-101] Performing variable lifetime analysis.
INFO: [BIND 205-101] Exploring resource sharing.
INFO: [BIND 205-101] Binding ...
INFO: [BIND 205-100] Finished micro-architecture generation.
INFO: [HLS 200-111] Finished Binding: CPU user time: 0 seconds. CPU system time: 0 seconds. Elapsed time: 0.084 seconds; current allocated memory: 751.223 MB.
INFO: [HLS 200-10] ----------------------------------------------------------------
INFO: [HLS 200-42] -- Implementing module 'compute_l3_Pipeline_L3' 
INFO: [HLS 200-10] ----------------------------------------------------------------
INFO: [SCHED 204-11] Starting scheduling ...
INFO: [SCHED 204-61] Pipelining loop 'L3'.
INFO: [HLS 200-1470] Pipelining result : Target II = 16, Final II = 16, Depth = 18, loop 'L3'
INFO: [SCHED 204-11] Finished scheduling.
INFO: [HLS 200-111] Finished Scheduling: CPU user time: 83 seconds. CPU system time: 8 seconds. Elapsed time: 93.695 seconds; current allocated memory: 952.070 MB.
INFO: [BIND 205-100] Starting micro-architecture generation ...
INFO: [BIND 205-101] Performing variable lifetime analysis.
INFO: [BIND 205-101] Exploring resource sharing.
INFO: [BIND 205-101] Binding ...
INFO: [BIND 205-100] Finished micro-architecture generation.
INFO: [HLS 200-111] Finished Binding: CPU user time: 21 seconds. CPU system time: 2 seconds. Elapsed time: 23.091 seconds; current allocated memory: 952.070 MB.
INFO: [HLS 200-10] ----------------------------------------------------------------
INFO: [HLS 200-42] -- Implementing module 'compute_l3' 
INFO: [HLS 200-10] ----------------------------------------------------------------
INFO: [SCHED 204-11] Starting scheduling ...
INFO: [SCHED 204-11] Finished scheduling.
INFO: [HLS 200-111] Finished Scheduling: CPU user time: 11 seconds. CPU system time: 1 seconds. Elapsed time: 12.845 seconds; current allocated memory: 952.070 MB.
INFO: [BIND 205-100] Starting micro-architecture generation ...
INFO: [BIND 205-101] Performing variable lifetime analysis.
INFO: [BIND 205-101] Exploring resource sharing.
INFO: [BIND 205-101] Binding ...
INFO: [BIND 205-100] Finished micro-architecture generation.
INFO: [HLS 200-111] Finished Binding: CPU user time: 0 seconds. CPU system time: 0 seconds. Elapsed time: 0.125 seconds; current allocated memory: 952.070 MB.
INFO: [HLS 200-10] ----------------------------------------------------------------
INFO: [HLS 200-42] -- Implementing module 'write_output' 
INFO: [HLS 200-10] ----------------------------------------------------------------
INFO: [SCHED 204-11] Starting scheduling ...
INFO: [HLS 200-486] Changing DSP latency (root=add_ln24) to 3 in order to utilize available DSP registers.
INFO: [SCHED 204-11] Finished scheduling.
INFO: [HLS 200-111] Finished Scheduling: CPU user time: 0 seconds. CPU system time: 0 seconds. Elapsed time: 0.472 seconds; current allocated memory: 952.070 MB.
INFO: [BIND 205-100] Starting micro-architecture generation ...
INFO: [BIND 205-101] Performing variable lifetime analysis.
INFO: [BIND 205-101] Exploring resource sharing.
INFO: [BIND 205-101] Binding ...
INFO: [BIND 205-100] Finished micro-architecture generation.
INFO: [HLS 200-111] Finished Binding: CPU user time: 0 seconds. CPU system time: 0 seconds. Elapsed time: 0.113 seconds; current allocated memory: 952.070 MB.
INFO: [HLS 200-10] ----------------------------------------------------------------
INFO: [HLS 200-42] -- Implementing module 'cloud_mlp_top' 
INFO: [HLS 200-10] ----------------------------------------------------------------
INFO: [SCHED 204-11] Starting scheduling ...
INFO: [SCHED 204-11] Finished scheduling.
INFO: [HLS 200-111] Finished Scheduling: CPU user time: 1 seconds. CPU system time: 0 seconds. Elapsed time: 0.109 seconds; current allocated memory: 952.070 MB.
INFO: [BIND 205-100] Starting micro-architecture generation ...
INFO: [BIND 205-101] Performing variable lifetime analysis.
INFO: [BIND 205-101] Exploring resource sharing.
INFO: [BIND 205-101] Binding ...
INFO: [BIND 205-100] Finished micro-architecture generation.
INFO: [HLS 200-111] Finished Binding: CPU user time: 0 seconds. CPU system time: 0 seconds. Elapsed time: 0.121 seconds; current allocated memory: 952.070 MB.
INFO: [HLS 200-10] ----------------------------------------------------------------
INFO: [HLS 200-10] -- Generating RTL for module 'read_input' 
INFO: [HLS 200-10] ----------------------------------------------------------------
INFO: [RTGEN 206-100] Finished creating RTL model for 'read_input'.
INFO: [HLS 200-111] Finished Creating RTL model: CPU user time: 0 seconds. CPU system time: 0 seconds. Elapsed time: 0.364 seconds; current allocated memory: 952.070 MB.
INFO: [HLS 200-10] ----------------------------------------------------------------
INFO: [HLS 200-10] -- Generating RTL for module 'compute_l1' 
INFO: [HLS 200-10] ----------------------------------------------------------------
INFO: [HLS 200-1030] Apply Unified Pipeline Control on module 'compute_l1' pipeline 'L1' pipeline type 'loop pipeline'
INFO: [RTGEN 206-100] Generating core module 'fpext_32ns_64_1_no_dsp_1': 2 instance(s).
INFO: [RTGEN 206-100] Generating core module 'mul_16s_8s_24_1_1': 16 instance(s).
INFO: [RTGEN 206-100] Generating core module 'sparsemux_9_3_16_1_1': 20 instance(s).
INFO: [RTGEN 206-100] Finished creating RTL model for 'compute_l1'.
INFO: [RTMG 210-279] Implementing memory 'cloud_mlp_top_compute_l1_p_ZL2B1_0_ROM_AUTO_1R' using auto ROMs.
INFO: [RTMG 210-279] Implementing memory 'cloud_mlp_top_compute_l1_p_ZL2W1_0_96_ROM_AUTO_1R' using auto ROMs.
INFO: [RTMG 210-279] Implementing memory 'cloud_mlp_top_compute_l1_p_ZL2B1_1_ROM_AUTO_1R' using auto ROMs.
INFO: [RTMG 210-279] Implementing memory 'cloud_mlp_top_compute_l1_p_ZL2W1_1_95_ROM_AUTO_1R' using auto ROMs.
INFO: [RTMG 210-279] Implementing memory 'cloud_mlp_top_compute_l1_p_ZL2B1_2_ROM_AUTO_1R' using auto ROMs.
INFO: [RTMG 210-279] Implementing memory 'cloud_mlp_top_compute_l1_p_ZL2W1_2_94_ROM_AUTO_1R' using auto ROMs.
INFO: [RTMG 210-279] Implementing memory 'cloud_mlp_top_compute_l1_p_ZL2B1_3_ROM_AUTO_1R' using auto ROMs.
INFO: [RTMG 210-279] Implementing memory 'cloud_mlp_top_compute_l1_p_ZL2W1_3_93_ROM_AUTO_1R' using auto ROMs.
INFO: [HLS 200-111] Finished Creating RTL model: CPU user time: 0 seconds. CPU system time: 0 seconds. Elapsed time: 0.411 seconds; current allocated memory: 955.324 MB.
INFO: [HLS 200-10] ----------------------------------------------------------------
INFO: [HLS 200-10] -- Generating RTL for module 'compute_l2_Pipeline_L2' 
INFO: [HLS 200-10] ----------------------------------------------------------------
INFO: [HLS 200-1030] Apply Unified Pipeline Control on module 'compute_l2_Pipeline_L2' pipeline 'L2' pipeline type 'loop pipeline'
INFO: [RTGEN 206-104] Estimated max fanout for 'compute_l2_Pipeline_L2' is 15791 from HDL expression: ((1'b0 == ap_block_pp0_stage1_11001) & (1'b1 == ap_CS_fsm_pp0_stage1))
INFO: [RTGEN 206-100] Generating core module 'fpext_32ns_64_1_no_dsp_1': 33 instance(s).
INFO: [RTGEN 206-100] Generating core module 'mul_16s_15ns_31_1_1': 512 instance(s).
INFO: [RTGEN 206-100] Generating core module 'sparsemux_9_3_16_1_1': 520 instance(s).
INFO: [RTGEN 206-100] Finished creating RTL model for 'compute_l2_Pipeline_L2'.
INFO: [RTMG 210-279] Implementing memory 'cloud_mlp_top_compute_l2_Pipeline_L2_p_ZL2B2_0_ROM_AUTO_1R' using auto ROMs.
INFO: [RTMG 210-279] Implementing memory 'cloud_mlp_top_compute_l2_Pipeline_L2_p_ZL2W2_0_92_ROM_AUTO_1R' using auto ROMs.
INFO: [RTMG 210-279] Implementing memory 'cloud_mlp_top_compute_l2_Pipeline_L2_p_ZL2B2_1_ROM_AUTO_1R' using auto ROMs.
INFO: [RTMG 210-279] Implementing memory 'cloud_mlp_top_compute_l2_Pipeline_L2_p_ZL2W2_1_91_ROM_AUTO_1R' using auto ROMs.
INFO: [RTMG 210-279] Implementing memory 'cloud_mlp_top_compute_l2_Pipeline_L2_p_ZL2B2_2_ROM_AUTO_1R' using auto ROMs.
INFO: [RTMG 210-279] Implementing memory 'cloud_mlp_top_compute_l2_Pipeline_L2_p_ZL2W2_2_90_ROM_AUTO_1R' using auto ROMs.
INFO: [RTMG 210-279] Implementing memory 'cloud_mlp_top_compute_l2_Pipeline_L2_p_ZL2B2_3_ROM_AUTO_1R' using auto ROMs.
INFO: [RTMG 210-279] Implementing memory 'cloud_mlp_top_compute_l2_Pipeline_L2_p_ZL2W2_3_89_ROM_AUTO_1R' using auto ROMs.
INFO: [RTMG 210-279] Implementing memory 'cloud_mlp_top_compute_l2_Pipeline_L2_p_ZL2B2_4_ROM_AUTO_1R' using auto ROMs.
INFO: [RTMG 210-279] Implementing memory 'cloud_mlp_top_compute_l2_Pipeline_L2_p_ZL2W2_4_88_ROM_AUTO_1R' using auto ROMs.
INFO: [RTMG 210-279] Implementing memory 'cloud_mlp_top_compute_l2_Pipeline_L2_p_ZL2B2_5_ROM_AUTO_1R' using auto ROMs.
INFO: [RTMG 210-279] Implementing memory 'cloud_mlp_top_compute_l2_Pipeline_L2_p_ZL2W2_5_87_ROM_AUTO_1R' using auto ROMs.
INFO: [RTMG 210-279] Implementing memory 'cloud_mlp_top_compute_l2_Pipeline_L2_p_ZL2B2_6_ROM_AUTO_1R' using auto ROMs.
INFO: [RTMG 210-279] Implementing memory 'cloud_mlp_top_compute_l2_Pipeline_L2_p_ZL2W2_6_86_ROM_AUTO_1R' using auto ROMs.
INFO: [RTMG 210-279] Implementing memory 'cloud_mlp_top_compute_l2_Pipeline_L2_p_ZL2B2_7_ROM_AUTO_1R' using auto ROMs.
INFO: [RTMG 210-279] Implementing memory 'cloud_mlp_top_compute_l2_Pipeline_L2_p_ZL2W2_7_85_ROM_AUTO_1R' using auto ROMs.
INFO: [HLS 200-111] Finished Creating RTL model: CPU user time: 10 seconds. CPU system time: 1 seconds. Elapsed time: 11.094 seconds; current allocated memory: 1.149 GB.
INFO: [HLS 200-10] ----------------------------------------------------------------
INFO: [HLS 200-10] -- Generating RTL for module 'compute_l2' 
INFO: [HLS 200-10] ----------------------------------------------------------------
INFO: [RTGEN 206-100] Finished creating RTL model for 'compute_l2'.
INFO: [HLS 200-111] Finished Creating RTL model: CPU user time: 27 seconds. CPU system time: 13 seconds. Elapsed time: 42.966 seconds; current allocated memory: 1.615 GB.
INFO: [HLS 200-10] ----------------------------------------------------------------
INFO: [HLS 200-10] -- Generating RTL for module 'compute_l3_Pipeline_L3' 
INFO: [HLS 200-10] ----------------------------------------------------------------
INFO: [HLS 200-1030] Apply Unified Pipeline Control on module 'compute_l3_Pipeline_L3' pipeline 'L3' pipeline type 'loop pipeline'
INFO: [RTGEN 206-104] Estimated max fanout for 'compute_l3_Pipeline_L3' is 15535 from HDL expression: ((1'b0 == ap_block_pp0_stage1_11001) & (1'b1 == ap_CS_fsm_pp0_stage1))
INFO: [RTGEN 206-100] Generating core module 'fpext_32ns_64_1_no_dsp_1': 33 instance(s).
INFO: [RTGEN 206-100] Generating core module 'mul_16s_15ns_31_1_1': 512 instance(s).
INFO: [RTGEN 206-100] Generating core module 'sparsemux_9_3_16_1_1': 516 instance(s).
INFO: [RTGEN 206-100] Finished creating RTL model for 'compute_l3_Pipeline_L3'.
INFO: [RTMG 210-279] Implementing memory 'cloud_mlp_top_compute_l3_Pipeline_L3_p_ZL2B3_0_ROM_AUTO_1R' using auto ROMs.
INFO: [RTMG 210-279] Implementing memory 'cloud_mlp_top_compute_l3_Pipeline_L3_p_ZL2W3_0_84_ROM_AUTO_1R' using auto ROMs.
INFO: [RTMG 210-279] Implementing memory 'cloud_mlp_top_compute_l3_Pipeline_L3_p_ZL2B3_1_ROM_AUTO_1R' using auto ROMs.
INFO: [RTMG 210-279] Implementing memory 'cloud_mlp_top_compute_l3_Pipeline_L3_p_ZL2W3_1_83_ROM_AUTO_1R' using auto ROMs.
INFO: [RTMG 210-279] Implementing memory 'cloud_mlp_top_compute_l3_Pipeline_L3_p_ZL2B3_2_ROM_AUTO_1R' using auto ROMs.
INFO: [RTMG 210-279] Implementing memory 'cloud_mlp_top_compute_l3_Pipeline_L3_p_ZL2W3_2_82_ROM_AUTO_1R' using auto ROMs.
INFO: [RTMG 210-279] Implementing memory 'cloud_mlp_top_compute_l3_Pipeline_L3_p_ZL2B3_3_ROM_AUTO_1R' using auto ROMs.
INFO: [RTMG 210-279] Implementing memory 'cloud_mlp_top_compute_l3_Pipeline_L3_p_ZL2W3_3_81_ROM_AUTO_1R' using auto ROMs.
INFO: [HLS 200-111] Finished Creating RTL model: CPU user time: 10 seconds. CPU system time: 1 seconds. Elapsed time: 11.45 seconds; current allocated memory: 1.653 GB.
INFO: [HLS 200-10] ----------------------------------------------------------------
INFO: [HLS 200-10] -- Generating RTL for module 'compute_l3' 
INFO: [HLS 200-10] ----------------------------------------------------------------
INFO: [RTGEN 206-100] Finished creating RTL model for 'compute_l3'.
INFO: [HLS 200-111] Finished Creating RTL model: CPU user time: 29 seconds. CPU system time: 12 seconds. Elapsed time: 42.83 seconds; current allocated memory: 2.119 GB.
INFO: [HLS 200-10] ----------------------------------------------------------------
INFO: [HLS 200-10] -- Generating RTL for module 'write_output' 
INFO: [HLS 200-10] ----------------------------------------------------------------
INFO: [RTGEN 206-100] Generating core module 'mac_muladd_16s_8ns_20ns_24_4_1': 1 instance(s).
INFO: [RTGEN 206-100] Generating core module 'mul_15ns_10ns_24_1_1': 4 instance(s).
INFO: [RTGEN 206-100] Generating core module 'mul_15ns_10s_25_1_1': 7 instance(s).
INFO: [RTGEN 206-100] Generating core module 'mul_15ns_11ns_25_1_1': 5 instance(s).
INFO: [RTGEN 206-100] Generating core module 'mul_15ns_11s_26_1_1': 13 instance(s).
INFO: [RTGEN 206-100] Generating core module 'mul_15ns_12ns_26_1_1': 1 instance(s).
INFO: [RTGEN 206-100] Generating core module 'mul_15ns_12s_27_1_1': 1 instance(s).
INFO: [RTGEN 206-100] Generating core module 'mul_15ns_13ns_27_1_1': 2 instance(s).
INFO: [RTGEN 206-100] Generating core module 'mul_15ns_13s_28_1_1': 3 instance(s).
INFO: [RTGEN 206-100] Generating core module 'mul_15ns_2s_17_1_1': 1 instance(s).
INFO: [RTGEN 206-100] Generating core module 'mul_15ns_4ns_18_1_1': 1 instance(s).
INFO: [RTGEN 206-100] Generating core module 'mul_15ns_4s_19_1_1': 1 instance(s).
INFO: [RTGEN 206-100] Generating core module 'mul_15ns_5ns_19_1_1': 1 instance(s).
INFO: [RTGEN 206-100] Generating core module 'mul_15ns_6ns_20_1_1': 2 instance(s).
INFO: [RTGEN 206-100] Generating core module 'mul_15ns_6s_21_1_1': 1 instance(s).
INFO: [RTGEN 206-100] Generating core module 'mul_15ns_7ns_21_1_1': 5 instance(s).
INFO: [RTGEN 206-100] Generating core module 'mul_15ns_7s_22_1_1': 1 instance(s).
INFO: [RTGEN 206-100] Generating core module 'mul_15ns_8ns_22_1_1': 7 instance(s).
INFO: [RTGEN 206-100] Generating core module 'mul_15ns_8s_23_1_1': 4 instance(s).
INFO: [RTGEN 206-100] Generating core module 'mul_15ns_9ns_23_1_1': 3 instance(s).
INFO: [RTGEN 206-100] Generating core module 'mul_15ns_9s_24_1_1': 1 instance(s).
INFO: [RTGEN 206-100] Finished creating RTL model for 'write_output'.
INFO: [HLS 200-111] Finished Creating RTL model: CPU user time: 1 seconds. CPU system time: 0 seconds. Elapsed time: 1.161 seconds; current allocated memory: 2.153 GB.
INFO: [HLS 200-10] ----------------------------------------------------------------
INFO: [HLS 200-10] -- Generating RTL for module 'cloud_mlp_top' 
INFO: [HLS 200-10] ----------------------------------------------------------------
WARNING: [RTGEN 206-101] Design contains AXI ports. Reset is fixed to synchronous and active low.
INFO: [RTGEN 206-500] Setting interface mode on port 'cloud_mlp_top/in_stream_V_data_V' to 'axis' (register, both mode).
INFO: [RTGEN 206-500] Setting interface mode on port 'cloud_mlp_top/in_stream_V_keep_V' to 'axis' (register, both mode).
INFO: [RTGEN 206-500] Setting interface mode on port 'cloud_mlp_top/in_stream_V_strb_V' to 'axis' (register, both mode).
INFO: [RTGEN 206-500] Setting interface mode on port 'cloud_mlp_top/in_stream_V_last_V' to 'axis' (register, both mode).
INFO: [RTGEN 206-500] Setting interface mode on port 'cloud_mlp_top/out_stream_V_data_V' to 'axis' (register, both mode).
INFO: [RTGEN 206-500] Setting interface mode on port 'cloud_mlp_top/out_stream_V_keep_V' to 'axis' (register, both mode).
INFO: [RTGEN 206-500] Setting interface mode on port 'cloud_mlp_top/out_stream_V_strb_V' to 'axis' (register, both mode).
INFO: [RTGEN 206-500] Setting interface mode on port 'cloud_mlp_top/out_stream_V_last_V' to 'axis' (register, both mode).
INFO: [RTGEN 206-500] Setting interface mode on function 'cloud_mlp_top' to 's_axilite & ap_ctrl_hs'.
INFO: [RTGEN 206-100] Bundling port 'return' to AXI-Lite port control.
INFO: [RTGEN 206-100] Finished creating RTL model for 'cloud_mlp_top'.
INFO: [HLS 200-740] Implementing PIPO cloud_mlp_top_l1_out_RAM_AUTO_1R1W using a separate memory for each block
INFO: [RTMG 210-278] Implementing memory 'cloud_mlp_top_l1_out_RAM_AUTO_1R1W_memcore' using auto RAMs.
INFO: [RTMG 210-285] Implementing FIFO 'meta_stream_U(cloud_mlp_top_fifo_w17_d8_S)' using Shift Registers.
INFO: [RTMG 210-285] Implementing FIFO 'input_arr_U(cloud_mlp_top_fifo_w8_d2_S)' using Shift Registers.
INFO: [RTMG 210-285] Implementing FIFO 'input_arr_1_U(cloud_mlp_top_fifo_w8_d2_S)' using Shift Registers.
INFO: [RTMG 210-285] Implementing FIFO 'input_arr_2_U(cloud_mlp_top_fifo_w8_d2_S)' using Shift Registers.
INFO: [RTMG 210-285] Implementing FIFO 'input_arr_3_U(cloud_mlp_top_fifo_w8_d2_S)' using Shift Registers.
INFO: [HLS 200-111] Finished Creating RTL model: CPU user time: 0 seconds. CPU system time: 0 seconds. Elapsed time: 1.053 seconds; current allocated memory: 2.166 GB.
INFO: [HLS 200-111] Finished Generating all RTL models: CPU user time: 3 seconds. CPU system time: 1 seconds. Elapsed time: 5.08 seconds; current allocated memory: 2.174 GB.
INFO: [HLS 200-2225] Wrote inferred directives to file C:/OCDS/OCDS_4K_Streams/OCDS_4K_Stream/OCDS_4K_Stream/hls/syn/inferred_directives.ini
INFO: [HLS 200-111] Finished Updating report files: CPU user time: 7 seconds. CPU system time: 1 seconds. Elapsed time: 7.192 seconds; current allocated memory: 2.432 GB.
INFO: [VHDL 208-304] Generating VHDL RTL for cloud_mlp_top.
INFO: [VLOG 209-307] Generating Verilog RTL for cloud_mlp_top.
INFO: [HLS 200-790] **** Loop Constraint Status: All loop constraints were satisfied.
INFO: [HLS 200-789] **** Estimated Fmax: 50.20 MHz
INFO: [HLS 200-112] Total CPU user time: 442 seconds. Total CPU system time: 64 seconds. Total elapsed time: 597.956 seconds; peak allocated memory: 2.432 GB.
INFO: [v++ 60-791] Total elapsed time: 0h 10m 2s
