  **** HLS Build v2025.2 6295257
INFO: [HLS 200-2005] Using work_dir C:/OCDS/OCDS_4K_Streams/OCDS_4K_Stream/OCDS_4K_Stream 
INFO: [HLS 200-2176] Writing Vitis IDE component file C:/OCDS/OCDS_4K_Streams/OCDS_4K_Stream/OCDS_4K_Stream/vitis-comp.json
INFO: [HLS 200-10] Creating and opening component 'C:/OCDS/OCDS_4K_Streams/OCDS_4K_Stream/OCDS_4K_Stream'.
INFO: [HLS 200-1505] Using default flow_target 'vivado'
Resolution: For help on HLS 200-1505 see docs.amd.com/access/sources/dita/topic?Doc_Version=2025.2%20English&url=ug1448-hls-guidance&resourceid=200-1505.html
INFO: [HLS 200-2174] Applying component config ini file hls_config.cfg
INFO: [HLS 200-1465] Applying config ini 'syn.file=./cloud_mlp.cpp' from hls_config.cfg(9)
INFO: [HLS 200-10] Adding design file './cloud_mlp.cpp' to the project
INFO: [HLS 200-1465] Applying config ini 'syn.file=./cloud_mlp.hpp' from hls_config.cfg(10)
INFO: [HLS 200-10] Adding design file './cloud_mlp.hpp' to the project
INFO: [HLS 200-1465] Applying config ini 'syn.file=./weights.h' from hls_config.cfg(11)
INFO: [HLS 200-10] Adding design file './weights.h' to the project
INFO: [HLS 200-1465] Applying config ini 'tb.file=./tb_cloud_mlp.cpp' from hls_config.cfg(13)
INFO: [HLS 200-10] Adding test bench file './tb_cloud_mlp.cpp' to the project
INFO: [HLS 200-1465] Applying config ini 'syn.top=cloud_mlp_top' from hls_config.cfg(12)
INFO: [HLS 200-1465] Applying config ini 'flow_target=vivado' from hls_config.cfg(4)
INFO: [HLS 200-1505] Using flow_target 'vivado'
Resolution: For help on HLS 200-1505 see docs.amd.com/access/sources/dita/topic?Doc_Version=2025.2%20English&url=ug1448-hls-guidance&resourceid=200-1505.html
INFO: [HLS 200-1465] Applying config ini 'part=xczu9eg-ffvb1156-2-e' from hls_config.cfg(1)
INFO: [HLS 200-1611] Setting target device to 'xczu9eg-ffvb1156-2-e'
INFO: [HLS 200-1465] Applying config ini 'clock=30ns' from hls_config.cfg(7)
INFO: [SYN 201-201] Setting up clock 'default' with a period of 30ns.
INFO: [HLS 200-1465] Applying config ini 'clock_uncertainty=0.81ns' from hls_config.cfg(16)
INFO: [SYN 201-201] Setting up clock 'default' with an uncertainty of 0.81ns.
INFO: [HLS 200-1465] Applying config ini 'csim.clean=1' from hls_config.cfg(14)
INFO: [HLS 200-1465] Applying config ini 'package.output.format=ip_catalog' from hls_config.cfg(5)
INFO: [HLS 200-1465] Applying config ini 'syn.compile.unsafe_math_optimizations=1' from hls_config.cfg(15)
INFO: [XFORM 203-1172] Optimizing floating point zeros and discarding its signedness.
INFO: [XFORM 203-1176] Optimizing floating point comparison without checking NaN.
INFO: [XFORM 203-1173] Reordering floating point operations aggressively.
INFO: [HLS 200-2176] Writing Vitis IDE component file C:/OCDS/OCDS_4K_Streams/OCDS_4K_Stream/OCDS_4K_Stream/vitis-comp.json
INFO: [HLS 200-111] Finished File checks and directory preparation: CPU user time: 1 seconds. CPU system time: 3 seconds. Elapsed time: 5.134 seconds; current allocated memory: 150.891 MB.
INFO: [HLS 200-2191] C-Synthesis will use clang-16 as the compiler
INFO: [HLS 200-10] Analyzing design file 'cloud_mlp.cpp' ... 
INFO: [HLS 200-111] Finished Source Code Analysis and Preprocessing: CPU user time: 1 seconds. CPU system time: 0 seconds. Elapsed time: 8.077 seconds; current allocated memory: 153.801 MB.
INFO: [HLS 200-777] Using interface defaults for 'Vivado' flow target.
INFO: [HLS 200-1995] There were 9,824 instructions in the design after the 'Compile/Link' phase of compilation. See the Design Size Report for more details (C:/OCDS/OCDS_4K_Streams/OCDS_4K_Stream/OCDS_4K_Stream/hls/syn/report/csynth_design_size.rpt:2)
WARNING: [HLS 200-1995] There were 125,477 instructions in the design after the 'Unroll/Inline (step 1)' phase of compilation. See the Design Size Report for more details (C:/OCDS/OCDS_4K_Streams/OCDS_4K_Stream/OCDS_4K_Stream/hls/syn/report/csynth_design_size.rpt:2)
INFO: [HLS 200-1995] There were 70,509 instructions in the design after the 'Unroll/Inline (step 2)' phase of compilation. See the Design Size Report for more details (C:/OCDS/OCDS_4K_Streams/OCDS_4K_Stream/OCDS_4K_Stream/hls/syn/report/csynth_design_size.rpt:2)
INFO: [HLS 200-1995] There were 61,449 instructions in the design after the 'Unroll/Inline (step 3)' phase of compilation. See the Design Size Report for more details (C:/OCDS/OCDS_4K_Streams/OCDS_4K_Stream/OCDS_4K_Stream/hls/syn/report/csynth_design_size.rpt:2)
INFO: [HLS 200-1995] There were 56,078 instructions in the design after the 'Unroll/Inline (step 4)' phase of compilation. See the Design Size Report for more details (C:/OCDS/OCDS_4K_Streams/OCDS_4K_Stream/OCDS_4K_Stream/hls/syn/report/csynth_design_size.rpt:2)
INFO: [HLS 200-1995] There were 73,937 instructions in the design after the 'Array/Struct' phase of compilation. See the Design Size Report for more details (C:/OCDS/OCDS_4K_Streams/OCDS_4K_Stream/OCDS_4K_Stream/hls/syn/report/csynth_design_size.rpt:2)
INFO: [HLS 200-1995] There were 56,151 instructions in the design after the 'Array/Struct (step 2)' phase of compilation. See the Design Size Report for more details (C:/OCDS/OCDS_4K_Streams/OCDS_4K_Stream/OCDS_4K_Stream/hls/syn/report/csynth_design_size.rpt:2)
INFO: [HLS 200-1995] There were 56,153 instructions in the design after the 'Array/Struct (step 3)' phase of compilation. See the Design Size Report for more details (C:/OCDS/OCDS_4K_Streams/OCDS_4K_Stream/OCDS_4K_Stream/hls/syn/report/csynth_design_size.rpt:2)
INFO: [HLS 200-1995] There were 56,196 instructions in the design after the 'Array/Struct (step 4)' phase of compilation. See the Design Size Report for more details (C:/OCDS/OCDS_4K_Streams/OCDS_4K_Stream/OCDS_4K_Stream/hls/syn/report/csynth_design_size.rpt:2)
INFO: [HLS 200-1995] There were 56,285 instructions in the design after the 'Array/Struct (step 5)' phase of compilation. See the Design Size Report for more details (C:/OCDS/OCDS_4K_Streams/OCDS_4K_Stream/OCDS_4K_Stream/hls/syn/report/csynth_design_size.rpt:2)
INFO: [HLS 200-1995] There were 56,281 instructions in the design after the 'Performance' phase of compilation. See the Design Size Report for more details (C:/OCDS/OCDS_4K_Streams/OCDS_4K_Stream/OCDS_4K_Stream/hls/syn/report/csynth_design_size.rpt:2)
INFO: [HLS 200-1995] There were 56,258 instructions in the design after the 'Performance (step 2)' phase of compilation. See the Design Size Report for more details (C:/OCDS/OCDS_4K_Streams/OCDS_4K_Stream/OCDS_4K_Stream/hls/syn/report/csynth_design_size.rpt:2)
INFO: [HLS 200-1995] There were 56,114 instructions in the design after the 'Performance (step 3)' phase of compilation. See the Design Size Report for more details (C:/OCDS/OCDS_4K_Streams/OCDS_4K_Stream/OCDS_4K_Stream/hls/syn/report/csynth_design_size.rpt:2)
INFO: [HLS 200-1995] There were 55,976 instructions in the design after the 'Performance (step 4)' phase of compilation. See the Design Size Report for more details (C:/OCDS/OCDS_4K_Streams/OCDS_4K_Stream/OCDS_4K_Stream/hls/syn/report/csynth_design_size.rpt:2)
INFO: [HLS 200-1995] There were 55,941 instructions in the design after the 'HW Transforms (step 1)' phase of compilation. See the Design Size Report for more details (C:/OCDS/OCDS_4K_Streams/OCDS_4K_Stream/OCDS_4K_Stream/hls/syn/report/csynth_design_size.rpt:2)
INFO: [HLS 200-1995] There were 55,943 instructions in the design after the 'HW Transforms (step 2)' phase of compilation. See the Design Size Report for more details (C:/OCDS/OCDS_4K_Streams/OCDS_4K_Stream/OCDS_4K_Stream/hls/syn/report/csynth_design_size.rpt:2)
INFO: [HLS 214-131] Inlining function 'relu(ap_fixed<16, 6, (ap_q_mode)5, (ap_o_mode)3, 0>)' into 'compute_l1(ap_fixed<16, 6, (ap_q_mode)5, (ap_o_mode)3, 0>*, ap_fixed<16, 6, (ap_q_mode)5, (ap_o_mode)3, 0>*)' (cloud_mlp.cpp:63:21)
INFO: [HLS 214-131] Inlining function 'relu(ap_fixed<16, 6, (ap_q_mode)5, (ap_o_mode)3, 0>)' into 'compute_l2(ap_fixed<16, 6, (ap_q_mode)5, (ap_o_mode)3, 0>*, ap_fixed<16, 6, (ap_q_mode)5, (ap_o_mode)3, 0>*)' (cloud_mlp.cpp:79:21)
INFO: [HLS 214-131] Inlining function 'relu(ap_fixed<16, 6, (ap_q_mode)5, (ap_o_mode)3, 0>)' into 'compute_l3(ap_fixed<16, 6, (ap_q_mode)5, (ap_o_mode)3, 0>*, ap_fixed<16, 6, (ap_q_mode)5, (ap_o_mode)3, 0>*)' (cloud_mlp.cpp:95:21)
INFO: [HLS 214-131] Inlining function 'hard_sigmoid(ap_fixed<16, 6, (ap_q_mode)5, (ap_o_mode)3, 0>)' into 'write_output(ap_fixed<16, 6, (ap_q_mode)5, (ap_o_mode)3, 0>*, hls::stream<PacketMeta, 0>&, hls::stream<hls::axis<ap_int<32>, 0ul, 0ul, 0ul, (unsigned char)56, false>, 0>&)' (cloud_mlp.cpp:112:29)
INFO: [HLS 214-291] Loop 'VITIS_LOOP_89_1' is marked as complete unroll implied by the pipeline pragma (cloud_mlp.cpp:89:26)
INFO: [HLS 214-291] Loop 'VITIS_LOOP_73_1' is marked as complete unroll implied by the pipeline pragma (cloud_mlp.cpp:73:26)
INFO: [HLS 214-291] Loop 'VITIS_LOOP_57_1' is marked as complete unroll implied by the pipeline pragma (cloud_mlp.cpp:57:26)
INFO: [HLS 214-188] Unrolling loop 'Out' (cloud_mlp.cpp:104:10) in function 'write_output' partially with a factor of 8 (cloud_mlp.cpp:99:0)
INFO: [HLS 214-188] Unrolling loop 'L3' (cloud_mlp.cpp:85:9) in function 'compute_l3' partially with a factor of 4 (cloud_mlp.cpp:83:0)
INFO: [HLS 214-186] Unrolling loop 'VITIS_LOOP_89_1' (cloud_mlp.cpp:89:26) in function 'compute_l3' completely with a factor of 128 (cloud_mlp.cpp:83:0)
INFO: [HLS 214-188] Unrolling loop 'L2' (cloud_mlp.cpp:69:9) in function 'compute_l2' partially with a factor of 8 (cloud_mlp.cpp:67:0)
INFO: [HLS 214-186] Unrolling loop 'VITIS_LOOP_73_1' (cloud_mlp.cpp:73:26) in function 'compute_l2' completely with a factor of 64 (cloud_mlp.cpp:67:0)
INFO: [HLS 214-188] Unrolling loop 'L1' (cloud_mlp.cpp:53:9) in function 'compute_l1' partially with a factor of 4 (cloud_mlp.cpp:51:0)
INFO: [HLS 214-186] Unrolling loop 'VITIS_LOOP_57_1' (cloud_mlp.cpp:57:26) in function 'compute_l1' completely with a factor of 4 (cloud_mlp.cpp:51:0)
INFO: [HLS 214-178] Inlining function 'hls::axis<ap_int<32>, 0ul, 0ul, 0ul, (unsigned char)56, false>::axis()' into 'read_input(hls::stream<hls::axis<ap_int<32>, 0ul, 0ul, 0ul, (unsigned char)56, false>, 0>&, ap_fixed<16, 6, (ap_q_mode)5, (ap_o_mode)3, 0>*, hls::stream<PacketMeta, 0>&)' (cloud_mlp.cpp:30:0)
INFO: [HLS 214-178] Inlining function 'hls::axis<ap_int<32>, 0ul, 0ul, 0ul, (unsigned char)56, false>::axis()' into 'write_output(ap_fixed<16, 6, (ap_q_mode)5, (ap_o_mode)3, 0>*, hls::stream<PacketMeta, 0>&, hls::stream<hls::axis<ap_int<32>, 0ul, 0ul, 0ul, (unsigned char)56, false>, 0>&)' (cloud_mlp.cpp:99:0)
INFO: [HLS 214-248] Applying array_partition to '_ZL5W_OUT': Complete partitioning on dimension 1. (./weights.h:273:0)
INFO: [HLS 214-248] Applying array_partition to '_ZL2B3': Complete partitioning on dimension 1. (./weights.h:271:0)
INFO: [HLS 214-248] Applying array_partition to '_ZL2W3': Complete partitioning on dimension 1. (./weights.h:205:0)
INFO: [HLS 214-248] Applying array_partition to '_ZL2B2': Complete partitioning on dimension 1. (./weights.h:203:0)
INFO: [HLS 214-248] Applying array_partition to '_ZL2W2': Complete partitioning on dimension 1. (./weights.h:73:0)
INFO: [HLS 214-248] Applying array_partition to '_ZL2B1': Complete partitioning on dimension 1. (./weights.h:71:0)
INFO: [HLS 214-248] Applying array_partition to '_ZL2W1': Complete partitioning on dimension 1. (./weights.h:5:0)
INFO: [HLS 214-248] Applying array_partition to 'input_arr': Complete partitioning on dimension 1. (cloud_mlp.cpp:130:12)
INFO: [HLS 214-248] Applying array_partition to 'l1_out': Complete partitioning on dimension 1. (cloud_mlp.cpp:131:12)
INFO: [HLS 214-248] Applying array_partition to 'l2_out': Complete partitioning on dimension 1. (cloud_mlp.cpp:132:12)
INFO: [HLS 214-248] Applying array_partition to 'l3_out': Complete partitioning on dimension 1. (cloud_mlp.cpp:133:12)
INFO: [HLS 214-241] Aggregating fifo (hls::stream) variable 'meta_stream' with compact=bit mode in 17-bits (cloud_mlp.cpp:135:29)
INFO: [HLS 214-449] Partitioning array '_ZL2W1_0' dimension 1 due to constant index.
INFO: [HLS 214-449] Partitioning array '_ZL2W1_1' dimension 1 due to constant index.
INFO: [HLS 214-449] Partitioning array '_ZL2W1_2' dimension 1 due to constant index.
INFO: [HLS 214-449] Partitioning array '_ZL2W1_3' dimension 1 due to constant index.
INFO: [HLS 214-449] Partitioning array '_ZL2W1_4' dimension 1 due to constant index.
INFO: [HLS 214-449] Partitioning array '_ZL2W1_5' dimension 1 due to constant index.
INFO: [HLS 214-449] Partitioning array '_ZL2W1_6' dimension 1 due to constant index.
INFO: [HLS 214-449] Partitioning array '_ZL2W1_7' dimension 1 due to constant index.
INFO: [HLS 214-449] Partitioning array '_ZL2W1_8' dimension 1 due to constant index.
INFO: [HLS 214-449] Partitioning array '_ZL2W1_9' dimension 1 due to constant index.
INFO: [HLS 214-449] Partitioning array '_ZL2W1_10' dimension 1 due to constant index.
INFO: [HLS 214-449] Partitioning array '_ZL2W1_11' dimension 1 due to constant index.
INFO: [HLS 214-449] Partitioning array '_ZL2W1_12' dimension 1 due to constant index.
INFO: [HLS 214-449] Partitioning array '_ZL2W1_13' dimension 1 due to constant index.
INFO: [HLS 214-449] Partitioning array '_ZL2W1_14' dimension 1 due to constant index.
INFO: [HLS 214-449] Partitioning array '_ZL2W1_15' dimension 1 due to constant index.
INFO: [HLS 214-449] Partitioning array '_ZL2W1_16' dimension 1 due to constant index.
INFO: [HLS 214-449] Partitioning array '_ZL2W1_17' dimension 1 due to constant index.
INFO: [HLS 214-449] Partitioning array '_ZL2W1_18' dimension 1 due to constant index.
INFO: [HLS 214-449] Partitioning array '_ZL2W1_19' dimension 1 due to constant index.
INFO: [HLS 214-449] Partitioning array '_ZL2W1_20' dimension 1 due to constant index.
INFO: [HLS 214-449] Partitioning array '_ZL2W1_21' dimension 1 due to constant index.
INFO: [HLS 214-449] Partitioning array '_ZL2W1_22' dimension 1 due to constant index.
INFO: [HLS 214-449] Partitioning array '_ZL2W1_23' dimension 1 due to constant index.
INFO: [HLS 214-449] Partitioning array '_ZL2W1_24' dimension 1 due to constant index.
INFO: [HLS 214-449] Partitioning array '_ZL2W1_25' dimension 1 due to constant index.
INFO: [HLS 214-449] Partitioning array '_ZL2W1_26' dimension 1 due to constant index.
INFO: [HLS 214-449] Partitioning array '_ZL2W1_27' dimension 1 due to constant index.
INFO: [HLS 214-449] Partitioning array '_ZL2W1_28' dimension 1 due to constant index.
INFO: [HLS 214-449] Partitioning array '_ZL2W1_29' dimension 1 due to constant index.
INFO: [HLS 214-449] Partitioning array '_ZL2W1_30' dimension 1 due to constant index.
INFO: [HLS 214-449] Partitioning array '_ZL2W1_31' dimension 1 due to constant index.
INFO: [HLS 214-449] Partitioning array '_ZL2W1_32' dimension 1 due to constant index.
INFO: [HLS 214-449] Partitioning array '_ZL2W1_33' dimension 1 due to constant index.
INFO: [HLS 214-449] Partitioning array '_ZL2W1_34' dimension 1 due to constant index.
INFO: [HLS 214-449] Partitioning array '_ZL2W1_35' dimension 1 due to constant index.
INFO: [HLS 214-449] Partitioning array '_ZL2W1_36' dimension 1 due to constant index.
INFO: [HLS 214-449] Partitioning array '_ZL2W1_37' dimension 1 due to constant index.
INFO: [HLS 214-449] Partitioning array '_ZL2W1_38' dimension 1 due to constant index.
INFO: [HLS 214-449] Partitioning array '_ZL2W1_39' dimension 1 due to constant index.
INFO: [HLS 214-449] Partitioning array '_ZL2W1_40' dimension 1 due to constant index.
INFO: [HLS 214-449] Partitioning array '_ZL2W1_41' dimension 1 due to constant index.
INFO: [HLS 214-449] Partitioning array '_ZL2W1_42' dimension 1 due to constant index.
INFO: [HLS 214-449] Partitioning array '_ZL2W1_43' dimension 1 due to constant index.
INFO: [HLS 214-449] Partitioning array '_ZL2W1_44' dimension 1 due to constant index.
INFO: [HLS 214-449] Partitioning array '_ZL2W1_45' dimension 1 due to constant index.
INFO: [HLS 214-449] Partitioning array '_ZL2W1_46' dimension 1 due to constant index.
INFO: [HLS 214-449] Partitioning array '_ZL2W1_47' dimension 1 due to constant index.
INFO: [HLS 214-449] Partitioning array '_ZL2W1_48' dimension 1 due to constant index.
INFO: [HLS 214-449] Partitioning array '_ZL2W1_49' dimension 1 due to constant index.
INFO: [HLS 214-449] Partitioning array '_ZL2W1_50' dimension 1 due to constant index.
INFO: [HLS 214-449] Partitioning array '_ZL2W1_51' dimension 1 due to constant index.
INFO: [HLS 214-449] Partitioning array '_ZL2W1_52' dimension 1 due to constant index.
INFO: [HLS 214-449] Partitioning array '_ZL2W1_53' dimension 1 due to constant index.
INFO: [HLS 214-449] Partitioning array '_ZL2W1_54' dimension 1 due to constant index.
INFO: [HLS 214-449] Partitioning array '_ZL2W1_55' dimension 1 due to constant index.
INFO: [HLS 214-449] Partitioning array '_ZL2W1_56' dimension 1 due to constant index.
INFO: [HLS 214-449] Partitioning array '_ZL2W1_57' dimension 1 due to constant index.
INFO: [HLS 214-449] Partitioning array '_ZL2W1_58' dimension 1 due to constant index.
INFO: [HLS 214-449] Partitioning array '_ZL2W1_59' dimension 1 due to constant index.
INFO: [HLS 214-449] Partitioning array '_ZL2W1_60' dimension 1 due to constant index.
INFO: [HLS 214-449] Partitioning array '_ZL2W1_61' dimension 1 due to constant index.
INFO: [HLS 214-449] Partitioning array '_ZL2W1_62' dimension 1 due to constant index.
INFO: [HLS 214-449] Partitioning array '_ZL2W1_63' dimension 1 due to constant index.
INFO: [HLS 214-449] Partitioning array '_ZL2W2_0' dimension 1 due to constant index.
INFO: [HLS 214-449] Partitioning array '_ZL2W2_1' dimension 1 due to constant index.
INFO: [HLS 214-449] Partitioning array '_ZL2W2_2' dimension 1 due to constant index.
INFO: [HLS 214-449] Partitioning array '_ZL2W2_3' dimension 1 due to constant index.
INFO: [HLS 214-449] Partitioning array '_ZL2W2_4' dimension 1 due to constant index.
INFO: [HLS 214-449] Partitioning array '_ZL2W2_5' dimension 1 due to constant index.
INFO: [HLS 214-449] Partitioning array '_ZL2W2_6' dimension 1 due to constant index.
INFO: [HLS 214-449] Partitioning array '_ZL2W2_7' dimension 1 due to constant index.
INFO: [HLS 214-449] Partitioning array '_ZL2W2_8' dimension 1 due to constant index.
INFO: [HLS 214-449] Partitioning array '_ZL2W2_9' dimension 1 due to constant index.
INFO: [HLS 214-449] Partitioning array '_ZL2W2_10' dimension 1 due to constant index.
INFO: [HLS 214-449] Partitioning array '_ZL2W2_11' dimension 1 due to constant index.
INFO: [HLS 214-449] Partitioning array '_ZL2W2_12' dimension 1 due to constant index.
INFO: [HLS 214-449] Partitioning array '_ZL2W2_13' dimension 1 due to constant index.
INFO: [HLS 214-449] Partitioning array '_ZL2W2_14' dimension 1 due to constant index.
INFO: [HLS 214-449] Partitioning array '_ZL2W2_15' dimension 1 due to constant index.
INFO: [HLS 214-449] Partitioning array '_ZL2W2_16' dimension 1 due to constant index.
INFO: [HLS 214-449] Partitioning array '_ZL2W2_17' dimension 1 due to constant index.
INFO: [HLS 214-449] Partitioning array '_ZL2W2_18' dimension 1 due to constant index.
INFO: [HLS 214-449] Partitioning array '_ZL2W2_19' dimension 1 due to constant index.
INFO: [HLS 214-449] Partitioning array '_ZL2W2_20' dimension 1 due to constant index.
INFO: [HLS 214-449] Partitioning array '_ZL2W2_21' dimension 1 due to constant index.
INFO: [HLS 214-449] Partitioning array '_ZL2W2_22' dimension 1 due to constant index.
INFO: [HLS 214-449] Partitioning array '_ZL2W2_23' dimension 1 due to constant index.
INFO: [HLS 214-449] Partitioning array '_ZL2W2_24' dimension 1 due to constant index.
INFO: [HLS 214-449] Partitioning array '_ZL2W2_25' dimension 1 due to constant index.
INFO: [HLS 214-449] Partitioning array '_ZL2W2_26' dimension 1 due to constant index.
INFO: [HLS 214-449] Partitioning array '_ZL2W2_27' dimension 1 due to constant index.
INFO: [HLS 214-449] Partitioning array '_ZL2W2_28' dimension 1 due to constant index.
INFO: [HLS 214-449] Partitioning array '_ZL2W2_29' dimension 1 due to constant index.
INFO: [HLS 214-449] Partitioning array '_ZL2W2_30' dimension 1 due to constant index.
INFO: [HLS 214-449] Partitioning array '_ZL2W2_31' dimension 1 due to constant index.
INFO: [HLS 214-449] Partitioning array '_ZL2W2_32' dimension 1 due to constant index.
INFO: [HLS 214-449] Partitioning array '_ZL2W2_33' dimension 1 due to constant index.
INFO: [HLS 214-449] Partitioning array '_ZL2W2_34' dimension 1 due to constant index.
INFO: [HLS 214-449] Partitioning array '_ZL2W2_35' dimension 1 due to constant index.
INFO: [HLS 214-449] Partitioning array '_ZL2W2_36' dimension 1 due to constant index.
INFO: [HLS 214-449] Partitioning array '_ZL2W2_37' dimension 1 due to constant index.
INFO: [HLS 214-449] Partitioning array '_ZL2W2_38' dimension 1 due to constant index.
INFO: [HLS 214-449] Partitioning array '_ZL2W2_39' dimension 1 due to constant index.
INFO: [HLS 214-449] Partitioning array '_ZL2W2_40' dimension 1 due to constant index.
INFO: [HLS 214-449] Partitioning array '_ZL2W2_41' dimension 1 due to constant index.
INFO: [HLS 214-449] Partitioning array '_ZL2W2_42' dimension 1 due to constant index.
INFO: [HLS 214-449] Partitioning array '_ZL2W2_43' dimension 1 due to constant index.
INFO: [HLS 214-449] Partitioning array '_ZL2W2_44' dimension 1 due to constant index.
INFO: [HLS 214-449] Partitioning array '_ZL2W2_45' dimension 1 due to constant index.
INFO: [HLS 214-449] Partitioning array '_ZL2W2_46' dimension 1 due to constant index.
INFO: [HLS 214-449] Partitioning array '_ZL2W2_47' dimension 1 due to constant index.
INFO: [HLS 214-449] Partitioning array '_ZL2W2_48' dimension 1 due to constant index.
INFO: [HLS 214-449] Partitioning array '_ZL2W2_49' dimension 1 due to constant index.
INFO: [HLS 214-449] Partitioning array '_ZL2W2_50' dimension 1 due to constant index.
INFO: [HLS 214-449] Partitioning array '_ZL2W2_51' dimension 1 due to constant index.
INFO: [HLS 214-449] Partitioning array '_ZL2W2_52' dimension 1 due to constant index.
INFO: [HLS 214-449] Partitioning array '_ZL2W2_53' dimension 1 due to constant index.
INFO: [HLS 214-449] Partitioning array '_ZL2W2_54' dimension 1 due to constant index.
INFO: [HLS 214-449] Partitioning array '_ZL2W2_55' dimension 1 due to constant index.
INFO: [HLS 214-449] Partitioning array '_ZL2W2_56' dimension 1 due to constant index.
INFO: [HLS 214-449] Partitioning array '_ZL2W2_57' dimension 1 due to constant index.
INFO: [HLS 214-449] Partitioning array '_ZL2W2_58' dimension 1 due to constant index.
INFO: [HLS 214-449] Partitioning array '_ZL2W2_59' dimension 1 due to constant index.
INFO: [HLS 214-449] Partitioning array '_ZL2W2_60' dimension 1 due to constant index.
INFO: [HLS 214-449] Partitioning array '_ZL2W2_61' dimension 1 due to constant index.
INFO: [HLS 214-449] Partitioning array '_ZL2W2_62' dimension 1 due to constant index.
INFO: [HLS 214-449] Partitioning array '_ZL2W2_63' dimension 1 due to constant index.
INFO: [HLS 214-449] Partitioning array '_ZL2W2_64' dimension 1 due to constant index.
INFO: [HLS 214-449] Partitioning array '_ZL2W2_65' dimension 1 due to constant index.
INFO: [HLS 214-449] Partitioning array '_ZL2W2_66' dimension 1 due to constant index.
INFO: [HLS 214-449] Partitioning array '_ZL2W2_67' dimension 1 due to constant index.
INFO: [HLS 214-449] Partitioning array '_ZL2W2_68' dimension 1 due to constant index.
INFO: [HLS 214-449] Partitioning array '_ZL2W2_69' dimension 1 due to constant index.
INFO: [HLS 214-449] Partitioning array '_ZL2W2_70' dimension 1 due to constant index.
INFO: [HLS 214-449] Partitioning array '_ZL2W2_71' dimension 1 due to constant index.
INFO: [HLS 214-449] Partitioning array '_ZL2W2_72' dimension 1 due to constant index.
INFO: [HLS 214-449] Partitioning array '_ZL2W2_73' dimension 1 due to constant index.
INFO: [HLS 214-449] Partitioning array '_ZL2W2_74' dimension 1 due to constant index.
INFO: [HLS 214-449] Partitioning array '_ZL2W2_75' dimension 1 due to constant index.
INFO: [HLS 214-449] Partitioning array '_ZL2W2_76' dimension 1 due to constant index.
INFO: [HLS 214-449] Partitioning array '_ZL2W2_77' dimension 1 due to constant index.
INFO: [HLS 214-449] Partitioning array '_ZL2W2_78' dimension 1 due to constant index.
INFO: [HLS 214-449] Partitioning array '_ZL2W2_79' dimension 1 due to constant index.
INFO: [HLS 214-449] Partitioning array '_ZL2W2_80' dimension 1 due to constant index.
INFO: [HLS 214-449] Partitioning array '_ZL2W2_81' dimension 1 due to constant index.
INFO: [HLS 214-449] Partitioning array '_ZL2W2_82' dimension 1 due to constant index.
INFO: [HLS 214-449] Partitioning array '_ZL2W2_83' dimension 1 due to constant index.
INFO: [HLS 214-449] Partitioning array '_ZL2W2_84' dimension 1 due to constant index.
INFO: [HLS 214-449] Partitioning array '_ZL2W2_85' dimension 1 due to constant index.
INFO: [HLS 214-449] Partitioning array '_ZL2W2_86' dimension 1 due to constant index.
INFO: [HLS 214-449] Partitioning array '_ZL2W2_87' dimension 1 due to constant index.
INFO: [HLS 214-449] Partitioning array '_ZL2W2_88' dimension 1 due to constant index.
INFO: [HLS 214-449] Partitioning array '_ZL2W2_89' dimension 1 due to constant index.
INFO: [HLS 214-449] Partitioning array '_ZL2W2_90' dimension 1 due to constant index.
INFO: [HLS 214-449] Partitioning array '_ZL2W2_91' dimension 1 due to constant index.
INFO: [HLS 214-449] Partitioning array '_ZL2W2_92' dimension 1 due to constant index.
INFO: [HLS 214-449] Partitioning array '_ZL2W2_93' dimension 1 due to constant index.
INFO: [HLS 214-449] Partitioning array '_ZL2W2_94' dimension 1 due to constant index.
INFO: [HLS 214-449] Partitioning array '_ZL2W2_95' dimension 1 due to constant index.
INFO: [HLS 214-449] Partitioning array '_ZL2W2_96' dimension 1 due to constant index.
INFO: [HLS 214-449] Partitioning array '_ZL2W2_97' dimension 1 due to constant index.
INFO: [HLS 214-449] Partitioning array '_ZL2W2_98' dimension 1 due to constant index.
INFO: [HLS 214-449] Partitioning array '_ZL2W2_99' dimension 1 due to constant index.
INFO: [HLS 214-449] Partitioning array '_ZL2W2_100' dimension 1 due to constant index.
INFO: [HLS 214-449] Partitioning array '_ZL2W2_101' dimension 1 due to constant index.
INFO: [HLS 214-449] Partitioning array '_ZL2W2_102' dimension 1 due to constant index.
INFO: [HLS 214-449] Partitioning array '_ZL2W2_103' dimension 1 due to constant index.
INFO: [HLS 214-449] Partitioning array '_ZL2W2_104' dimension 1 due to constant index.
INFO: [HLS 214-449] Partitioning array '_ZL2W2_105' dimension 1 due to constant index.
INFO: [HLS 214-449] Partitioning array '_ZL2W2_106' dimension 1 due to constant index.
INFO: [HLS 214-449] Partitioning array '_ZL2W2_107' dimension 1 due to constant index.
INFO: [HLS 214-449] Partitioning array '_ZL2W2_108' dimension 1 due to constant index.
INFO: [HLS 214-449] Partitioning array '_ZL2W2_109' dimension 1 due to constant index.
INFO: [HLS 214-449] Partitioning array '_ZL2W2_110' dimension 1 due to constant index.
INFO: [HLS 214-449] Partitioning array '_ZL2W2_111' dimension 1 due to constant index.
INFO: [HLS 214-449] Partitioning array '_ZL2W2_112' dimension 1 due to constant index.
INFO: [HLS 214-449] Partitioning array '_ZL2W2_113' dimension 1 due to constant index.
INFO: [HLS 214-449] Partitioning array '_ZL2W2_114' dimension 1 due to constant index.
INFO: [HLS 214-449] Partitioning array '_ZL2W2_115' dimension 1 due to constant index.
INFO: [HLS 214-449] Partitioning array '_ZL2W2_116' dimension 1 due to constant index.
INFO: [HLS 214-449] Partitioning array '_ZL2W2_117' dimension 1 due to constant index.
INFO: [HLS 214-449] Partitioning array '_ZL2W2_118' dimension 1 due to constant index.
INFO: [HLS 214-449] Partitioning array '_ZL2W2_119' dimension 1 due to constant index.
INFO: [HLS 214-449] Partitioning array '_ZL2W2_120' dimension 1 due to constant index.
INFO: [HLS 214-449] Partitioning array '_ZL2W2_121' dimension 1 due to constant index.
INFO: [HLS 214-449] Partitioning array '_ZL2W2_122' dimension 1 due to constant index.
INFO: [HLS 214-449] Partitioning array '_ZL2W2_123' dimension 1 due to constant index.
INFO: [HLS 214-449] Partitioning array '_ZL2W2_124' dimension 1 due to constant index.
INFO: [HLS 214-449] Partitioning array '_ZL2W2_125' dimension 1 due to constant index.
INFO: [HLS 214-449] Partitioning array '_ZL2W2_126' dimension 1 due to constant index.
INFO: [HLS 214-449] Partitioning array '_ZL2W2_127' dimension 1 due to constant index.
INFO: [HLS 214-270] Inferring pragma 'array_partition type=cyclic factor=4 dim=1' for array 'W_OUT (.69)' due to pipeline pragma (cloud_mlp.cpp:105:1)
INFO: [HLS 214-248] Applying array_partition to '_ZL5W_OUT.69': Cyclic partitioning with factor 4 on dimension 1.
INFO: [HLS 214-248] Applying array_partition to '_ZL2W2_99': Complete partitioning on dimension 1.
INFO: [HLS 214-248] Applying array_partition to '_ZL2W2_98': Complete partitioning on dimension 1.
INFO: [HLS 214-248] Applying array_partition to '_ZL2W2_97': Complete partitioning on dimension 1.
INFO: [HLS 214-248] Applying array_partition to '_ZL2W2_96': Complete partitioning on dimension 1.
INFO: [HLS 214-248] Applying array_partition to '_ZL2W2_95': Complete partitioning on dimension 1.
INFO: [HLS 214-248] Applying array_partition to '_ZL2W2_94': Complete partitioning on dimension 1.
INFO: [HLS 214-248] Applying array_partition to '_ZL2W2_93': Complete partitioning on dimension 1.
INFO: [HLS 214-248] Applying array_partition to '_ZL2W2_92': Complete partitioning on dimension 1.
INFO: [HLS 214-248] Applying array_partition to '_ZL2W2_91': Complete partitioning on dimension 1.
INFO: [HLS 214-248] Applying array_partition to '_ZL2W2_90': Complete partitioning on dimension 1.
INFO: [HLS 214-248] Applying array_partition to '_ZL2W2_9': Complete partitioning on dimension 1.
INFO: [HLS 214-248] Applying array_partition to '_ZL2W2_89': Complete partitioning on dimension 1.
INFO: [HLS 214-248] Applying array_partition to '_ZL2W2_88': Complete partitioning on dimension 1.
INFO: [HLS 214-248] Applying array_partition to '_ZL2W2_87': Complete partitioning on dimension 1.
INFO: [HLS 214-248] Applying array_partition to '_ZL2W2_86': Complete partitioning on dimension 1.
INFO: [HLS 214-248] Applying array_partition to '_ZL2W2_85': Complete partitioning on dimension 1.
INFO: [HLS 214-248] Applying array_partition to '_ZL2W2_84': Complete partitioning on dimension 1.
INFO: [HLS 214-248] Applying array_partition to '_ZL2W2_83': Complete partitioning on dimension 1.
INFO: [HLS 214-248] Applying array_partition to '_ZL2W2_82': Complete partitioning on dimension 1.
INFO: [HLS 214-248] Applying array_partition to '_ZL2W2_81': Complete partitioning on dimension 1.
INFO: [HLS 214-248] Applying array_partition to '_ZL2W2_80': Complete partitioning on dimension 1.
INFO: [HLS 214-248] Applying array_partition to '_ZL2W2_8': Complete partitioning on dimension 1.
INFO: [HLS 214-248] Applying array_partition to '_ZL2W2_79': Complete partitioning on dimension 1.
INFO: [HLS 214-248] Applying array_partition to '_ZL2W2_78': Complete partitioning on dimension 1.
INFO: [HLS 214-248] Applying array_partition to '_ZL2W2_77': Complete partitioning on dimension 1.
INFO: [HLS 214-248] Applying array_partition to '_ZL2W2_76': Complete partitioning on dimension 1.
INFO: [HLS 214-248] Applying array_partition to '_ZL2W2_75': Complete partitioning on dimension 1.
INFO: [HLS 214-248] Applying array_partition to '_ZL2W2_74': Complete partitioning on dimension 1.
INFO: [HLS 214-248] Applying array_partition to '_ZL2W2_73': Complete partitioning on dimension 1.
INFO: [HLS 214-248] Applying array_partition to '_ZL2W2_72': Complete partitioning on dimension 1.
INFO: [HLS 214-248] Applying array_partition to '_ZL2W2_71': Complete partitioning on dimension 1.
INFO: [HLS 214-248] Applying array_partition to '_ZL2W2_70': Complete partitioning on dimension 1.
INFO: [HLS 214-248] Applying array_partition to '_ZL2W2_7': Complete partitioning on dimension 1.
INFO: [HLS 214-248] Applying array_partition to '_ZL2W2_69': Complete partitioning on dimension 1.
INFO: [HLS 214-248] Applying array_partition to '_ZL2W2_68': Complete partitioning on dimension 1.
INFO: [HLS 214-248] Applying array_partition to '_ZL2W2_67': Complete partitioning on dimension 1.
INFO: [HLS 214-248] Applying array_partition to '_ZL2W2_66': Complete partitioning on dimension 1.
INFO: [HLS 214-248] Applying array_partition to '_ZL2W2_65': Complete partitioning on dimension 1.
INFO: [HLS 214-248] Applying array_partition to '_ZL2W2_64': Complete partitioning on dimension 1.
INFO: [HLS 214-248] Applying array_partition to '_ZL2W2_63': Complete partitioning on dimension 1.
INFO: [HLS 214-248] Applying array_partition to '_ZL2W2_62': Complete partitioning on dimension 1.
INFO: [HLS 214-248] Applying array_partition to '_ZL2W2_61': Complete partitioning on dimension 1.
INFO: [HLS 214-248] Applying array_partition to '_ZL2W2_60': Complete partitioning on dimension 1.
INFO: [HLS 214-248] Applying array_partition to '_ZL2W2_6': Complete partitioning on dimension 1.
INFO: [HLS 214-248] Applying array_partition to '_ZL2W2_59': Complete partitioning on dimension 1.
INFO: [HLS 214-248] Applying array_partition to '_ZL2W2_58': Complete partitioning on dimension 1.
INFO: [HLS 214-248] Applying array_partition to '_ZL2W2_57': Complete partitioning on dimension 1.
INFO: [HLS 214-248] Applying array_partition to '_ZL2W2_56': Complete partitioning on dimension 1.
INFO: [HLS 214-248] Applying array_partition to '_ZL2W2_55': Complete partitioning on dimension 1.
INFO: [HLS 214-248] Applying array_partition to '_ZL2W2_54': Complete partitioning on dimension 1.
INFO: [HLS 214-248] Applying array_partition to '_ZL2W2_53': Complete partitioning on dimension 1.
INFO: [HLS 214-248] Applying array_partition to '_ZL2W2_52': Complete partitioning on dimension 1.
INFO: [HLS 214-248] Applying array_partition to '_ZL2W2_51': Complete partitioning on dimension 1.
INFO: [HLS 214-248] Applying array_partition to '_ZL2W2_50': Complete partitioning on dimension 1.
INFO: [HLS 214-248] Applying array_partition to '_ZL2W2_5': Complete partitioning on dimension 1.
INFO: [HLS 214-248] Applying array_partition to '_ZL2W2_49': Complete partitioning on dimension 1.
INFO: [HLS 214-248] Applying array_partition to '_ZL2W2_48': Complete partitioning on dimension 1.
INFO: [HLS 214-248] Applying array_partition to '_ZL2W2_47': Complete partitioning on dimension 1.
INFO: [HLS 214-248] Applying array_partition to '_ZL2W2_46': Complete partitioning on dimension 1.
INFO: [HLS 214-248] Applying array_partition to '_ZL2W2_45': Complete partitioning on dimension 1.
INFO: [HLS 214-248] Applying array_partition to '_ZL2W2_44': Complete partitioning on dimension 1.
INFO: [HLS 214-248] Applying array_partition to '_ZL2W2_43': Complete partitioning on dimension 1.
INFO: [HLS 214-248] Applying array_partition to '_ZL2W2_42': Complete partitioning on dimension 1.
INFO: [HLS 214-248] Applying array_partition to '_ZL2W2_41': Complete partitioning on dimension 1.
INFO: [HLS 214-248] Applying array_partition to '_ZL2W2_40': Complete partitioning on dimension 1.
INFO: [HLS 214-248] Applying array_partition to '_ZL2W2_4': Complete partitioning on dimension 1.
INFO: [HLS 214-248] Applying array_partition to '_ZL2W2_39': Complete partitioning on dimension 1.
INFO: [HLS 214-248] Applying array_partition to '_ZL2W2_38': Complete partitioning on dimension 1.
INFO: [HLS 214-248] Applying array_partition to '_ZL2W2_37': Complete partitioning on dimension 1.
INFO: [HLS 214-248] Applying array_partition to '_ZL2W2_36': Complete partitioning on dimension 1.
INFO: [HLS 214-248] Applying array_partition to '_ZL2W2_35': Complete partitioning on dimension 1.
INFO: [HLS 214-248] Applying array_partition to '_ZL2W2_34': Complete partitioning on dimension 1.
INFO: [HLS 214-248] Applying array_partition to '_ZL2W2_33': Complete partitioning on dimension 1.
INFO: [HLS 214-248] Applying array_partition to '_ZL2W2_32': Complete partitioning on dimension 1.
INFO: [HLS 214-248] Applying array_partition to '_ZL2W2_31': Complete partitioning on dimension 1.
INFO: [HLS 214-248] Applying array_partition to '_ZL2W2_30': Complete partitioning on dimension 1.
INFO: [HLS 214-248] Applying array_partition to '_ZL2W2_3': Complete partitioning on dimension 1.
INFO: [HLS 214-248] Applying array_partition to '_ZL2W2_29': Complete partitioning on dimension 1.
INFO: [HLS 214-248] Applying array_partition to '_ZL2W2_28': Complete partitioning on dimension 1.
INFO: [HLS 214-248] Applying array_partition to '_ZL2W2_27': Complete partitioning on dimension 1.
INFO: [HLS 214-248] Applying array_partition to '_ZL2W2_26': Complete partitioning on dimension 1.
INFO: [HLS 214-248] Applying array_partition to '_ZL2W2_25': Complete partitioning on dimension 1.
INFO: [HLS 214-248] Applying array_partition to '_ZL2W2_24': Complete partitioning on dimension 1.
INFO: [HLS 214-248] Applying array_partition to '_ZL2W2_23': Complete partitioning on dimension 1.
INFO: [HLS 214-248] Applying array_partition to '_ZL2W2_22': Complete partitioning on dimension 1.
INFO: [HLS 214-248] Applying array_partition to '_ZL2W2_21': Complete partitioning on dimension 1.
INFO: [HLS 214-248] Applying array_partition to '_ZL2W2_20': Complete partitioning on dimension 1.
INFO: [HLS 214-248] Applying array_partition to '_ZL2W2_2': Complete partitioning on dimension 1.
INFO: [HLS 214-248] Applying array_partition to '_ZL2W2_19': Complete partitioning on dimension 1.
INFO: [HLS 214-248] Applying array_partition to '_ZL2W2_18': Complete partitioning on dimension 1.
INFO: [HLS 214-248] Applying array_partition to '_ZL2W2_17': Complete partitioning on dimension 1.
INFO: [HLS 214-248] Applying array_partition to '_ZL2W2_16': Complete partitioning on dimension 1.
INFO: [HLS 214-248] Applying array_partition to '_ZL2W2_15': Complete partitioning on dimension 1.
INFO: [HLS 214-248] Applying array_partition to '_ZL2W2_14': Complete partitioning on dimension 1.
INFO: [HLS 214-248] Applying array_partition to '_ZL2W2_13': Complete partitioning on dimension 1.
INFO: [HLS 214-248] Applying array_partition to '_ZL2W2_127': Complete partitioning on dimension 1.
INFO: [HLS 214-248] Applying array_partition to '_ZL2W2_126': Complete partitioning on dimension 1.
INFO: [HLS 214-248] Applying array_partition to '_ZL2W2_125': Complete partitioning on dimension 1.
INFO: [HLS 214-248] Applying array_partition to '_ZL2W2_124': Complete partitioning on dimension 1.
INFO: [HLS 214-248] Applying array_partition to '_ZL2W2_123': Complete partitioning on dimension 1.
INFO: [HLS 214-248] Applying array_partition to '_ZL2W2_122': Complete partitioning on dimension 1.
INFO: [HLS 214-248] Applying array_partition to '_ZL2W2_121': Complete partitioning on dimension 1.
INFO: [HLS 214-248] Applying array_partition to '_ZL2W2_120': Complete partitioning on dimension 1.
INFO: [HLS 214-248] Applying array_partition to '_ZL2W2_12': Complete partitioning on dimension 1.
INFO: [HLS 214-248] Applying array_partition to '_ZL2W2_119': Complete partitioning on dimension 1.
INFO: [HLS 214-248] Applying array_partition to '_ZL2W2_118': Complete partitioning on dimension 1.
INFO: [HLS 214-248] Applying array_partition to '_ZL2W2_117': Complete partitioning on dimension 1.
INFO: [HLS 214-248] Applying array_partition to '_ZL2W2_116': Complete partitioning on dimension 1.
INFO: [HLS 214-248] Applying array_partition to '_ZL2W2_115': Complete partitioning on dimension 1.
INFO: [HLS 214-248] Applying array_partition to '_ZL2W2_114': Complete partitioning on dimension 1.
INFO: [HLS 214-248] Applying array_partition to '_ZL2W2_113': Complete partitioning on dimension 1.
INFO: [HLS 214-248] Applying array_partition to '_ZL2W2_112': Complete partitioning on dimension 1.
INFO: [HLS 214-248] Applying array_partition to '_ZL2W2_111': Complete partitioning on dimension 1.
INFO: [HLS 214-248] Applying array_partition to '_ZL2W2_110': Complete partitioning on dimension 1.
INFO: [HLS 214-248] Applying array_partition to '_ZL2W2_11': Complete partitioning on dimension 1.
INFO: [HLS 214-248] Applying array_partition to '_ZL2W2_109': Complete partitioning on dimension 1.
INFO: [HLS 214-248] Applying array_partition to '_ZL2W2_108': Complete partitioning on dimension 1.
INFO: [HLS 214-248] Applying array_partition to '_ZL2W2_107': Complete partitioning on dimension 1.
INFO: [HLS 214-248] Applying array_partition to '_ZL2W2_106': Complete partitioning on dimension 1.
INFO: [HLS 214-248] Applying array_partition to '_ZL2W2_105': Complete partitioning on dimension 1.
INFO: [HLS 214-248] Applying array_partition to '_ZL2W2_104': Complete partitioning on dimension 1.
INFO: [HLS 214-248] Applying array_partition to '_ZL2W2_103': Complete partitioning on dimension 1.
INFO: [HLS 214-248] Applying array_partition to '_ZL2W2_102': Complete partitioning on dimension 1.
INFO: [HLS 214-248] Applying array_partition to '_ZL2W2_101': Complete partitioning on dimension 1.
INFO: [HLS 214-248] Applying array_partition to '_ZL2W2_100': Complete partitioning on dimension 1.
INFO: [HLS 214-248] Applying array_partition to '_ZL2W2_10': Complete partitioning on dimension 1.
INFO: [HLS 214-248] Applying array_partition to '_ZL2W2_1': Complete partitioning on dimension 1.
INFO: [HLS 214-248] Applying array_partition to '_ZL2W2_0': Complete partitioning on dimension 1.
INFO: [HLS 214-248] Applying array_partition to '_ZL2W1_9': Complete partitioning on dimension 1.
INFO: [HLS 214-248] Applying array_partition to '_ZL2W1_8': Complete partitioning on dimension 1.
INFO: [HLS 214-248] Applying array_partition to '_ZL2W1_7': Complete partitioning on dimension 1.
INFO: [HLS 214-248] Applying array_partition to '_ZL2W1_63': Complete partitioning on dimension 1.
INFO: [HLS 214-248] Applying array_partition to '_ZL2W1_62': Complete partitioning on dimension 1.
INFO: [HLS 214-248] Applying array_partition to '_ZL2W1_61': Complete partitioning on dimension 1.
INFO: [HLS 214-248] Applying array_partition to '_ZL2W1_60': Complete partitioning on dimension 1.
INFO: [HLS 214-248] Applying array_partition to '_ZL2W1_6': Complete partitioning on dimension 1.
INFO: [HLS 214-248] Applying array_partition to '_ZL2W1_59': Complete partitioning on dimension 1.
INFO: [HLS 214-248] Applying array_partition to '_ZL2W1_58': Complete partitioning on dimension 1.
INFO: [HLS 214-248] Applying array_partition to '_ZL2W1_57': Complete partitioning on dimension 1.
INFO: [HLS 214-248] Applying array_partition to '_ZL2W1_56': Complete partitioning on dimension 1.
INFO: [HLS 214-248] Applying array_partition to '_ZL2W1_55': Complete partitioning on dimension 1.
INFO: [HLS 214-248] Applying array_partition to '_ZL2W1_54': Complete partitioning on dimension 1.
INFO: [HLS 214-248] Applying array_partition to '_ZL2W1_53': Complete partitioning on dimension 1.
INFO: [HLS 214-248] Applying array_partition to '_ZL2W1_52': Complete partitioning on dimension 1.
INFO: [HLS 214-248] Applying array_partition to '_ZL2W1_51': Complete partitioning on dimension 1.
INFO: [HLS 214-248] Applying array_partition to '_ZL2W1_50': Complete partitioning on dimension 1.
INFO: [HLS 214-248] Applying array_partition to '_ZL2W1_5': Complete partitioning on dimension 1.
INFO: [HLS 214-248] Applying array_partition to '_ZL2W1_49': Complete partitioning on dimension 1.
INFO: [HLS 214-248] Applying array_partition to '_ZL2W1_48': Complete partitioning on dimension 1.
INFO: [HLS 214-248] Applying array_partition to '_ZL2W1_47': Complete partitioning on dimension 1.
INFO: [HLS 214-248] Applying array_partition to '_ZL2W1_46': Complete partitioning on dimension 1.
INFO: [HLS 214-248] Applying array_partition to '_ZL2W1_45': Complete partitioning on dimension 1.
INFO: [HLS 214-248] Applying array_partition to '_ZL2W1_44': Complete partitioning on dimension 1.
INFO: [HLS 214-248] Applying array_partition to '_ZL2W1_43': Complete partitioning on dimension 1.
INFO: [HLS 214-248] Applying array_partition to '_ZL2W1_42': Complete partitioning on dimension 1.
INFO: [HLS 214-248] Applying array_partition to '_ZL2W1_41': Complete partitioning on dimension 1.
INFO: [HLS 214-248] Applying array_partition to '_ZL2W1_40': Complete partitioning on dimension 1.
INFO: [HLS 214-248] Applying array_partition to '_ZL2W1_4': Complete partitioning on dimension 1.
INFO: [HLS 214-248] Applying array_partition to '_ZL2W1_39': Complete partitioning on dimension 1.
INFO: [HLS 214-248] Applying array_partition to '_ZL2W1_38': Complete partitioning on dimension 1.
INFO: [HLS 214-248] Applying array_partition to '_ZL2W1_37': Complete partitioning on dimension 1.
INFO: [HLS 214-248] Applying array_partition to '_ZL2W1_36': Complete partitioning on dimension 1.
INFO: [HLS 214-248] Applying array_partition to '_ZL2W1_35': Complete partitioning on dimension 1.
INFO: [HLS 214-248] Applying array_partition to '_ZL2W1_34': Complete partitioning on dimension 1.
INFO: [HLS 214-248] Applying array_partition to '_ZL2W1_33': Complete partitioning on dimension 1.
INFO: [HLS 214-248] Applying array_partition to '_ZL2W1_32': Complete partitioning on dimension 1.
INFO: [HLS 214-248] Applying array_partition to '_ZL2W1_31': Complete partitioning on dimension 1.
INFO: [HLS 214-248] Applying array_partition to '_ZL2W1_30': Complete partitioning on dimension 1.
INFO: [HLS 214-248] Applying array_partition to '_ZL2W1_3': Complete partitioning on dimension 1.
INFO: [HLS 214-248] Applying array_partition to '_ZL2W1_29': Complete partitioning on dimension 1.
INFO: [HLS 214-248] Applying array_partition to '_ZL2W1_28': Complete partitioning on dimension 1.
INFO: [HLS 214-248] Applying array_partition to '_ZL2W1_27': Complete partitioning on dimension 1.
INFO: [HLS 214-248] Applying array_partition to '_ZL2W1_26': Complete partitioning on dimension 1.
INFO: [HLS 214-248] Applying array_partition to '_ZL2W1_25': Complete partitioning on dimension 1.
INFO: [HLS 214-248] Applying array_partition to '_ZL2W1_24': Complete partitioning on dimension 1.
INFO: [HLS 214-248] Applying array_partition to '_ZL2W1_23': Complete partitioning on dimension 1.
INFO: [HLS 214-248] Applying array_partition to '_ZL2W1_22': Complete partitioning on dimension 1.
INFO: [HLS 214-248] Applying array_partition to '_ZL2W1_21': Complete partitioning on dimension 1.
INFO: [HLS 214-248] Applying array_partition to '_ZL2W1_20': Complete partitioning on dimension 1.
INFO: [HLS 214-248] Applying array_partition to '_ZL2W1_2': Complete partitioning on dimension 1.
INFO: [HLS 214-248] Applying array_partition to '_ZL2W1_19': Complete partitioning on dimension 1.
INFO: [HLS 214-248] Applying array_partition to '_ZL2W1_18': Complete partitioning on dimension 1.
INFO: [HLS 214-248] Applying array_partition to '_ZL2W1_17': Complete partitioning on dimension 1.
INFO: [HLS 214-248] Applying array_partition to '_ZL2W1_16': Complete partitioning on dimension 1.
INFO: [HLS 214-248] Applying array_partition to '_ZL2W1_15': Complete partitioning on dimension 1.
INFO: [HLS 214-248] Applying array_partition to '_ZL2W1_14': Complete partitioning on dimension 1.
INFO: [HLS 214-248] Applying array_partition to '_ZL2W1_13': Complete partitioning on dimension 1.
INFO: [HLS 214-248] Applying array_partition to '_ZL2W1_12': Complete partitioning on dimension 1.
INFO: [HLS 214-248] Applying array_partition to '_ZL2W1_11': Complete partitioning on dimension 1.
INFO: [HLS 214-248] Applying array_partition to '_ZL2W1_10': Complete partitioning on dimension 1.
INFO: [HLS 214-248] Applying array_partition to '_ZL2W1_1': Complete partitioning on dimension 1.
INFO: [HLS 214-248] Applying array_partition to '_ZL2W1_0': Complete partitioning on dimension 1.
INFO: [HLS 200-111] Finished Compiling Optimization and Transform: CPU user time: 1 seconds. CPU system time: 1 seconds. Elapsed time: 60.686 seconds; current allocated memory: 161.422 MB.
INFO: [HLS 200-111] Finished Checking Pragmas: CPU user time: 0 seconds. CPU system time: 0 seconds. Elapsed time: 0.003 seconds; current allocated memory: 161.422 MB.
INFO: [HLS 200-10] Starting code transformations ...
INFO: [HLS 200-111] Finished Standard Transforms: CPU user time: 5 seconds. CPU system time: 0 seconds. Elapsed time: 4.957 seconds; current allocated memory: 208.766 MB.
INFO: [HLS 200-10] Checking synthesizability ...
INFO: [HLS 200-111] Finished Checking Synthesizability: CPU user time: 3 seconds. CPU system time: 0 seconds. Elapsed time: 4.228 seconds; current allocated memory: 253.859 MB.
INFO: [XFORM 203-712] Applying dataflow to function 'cloud_mlp_top' (cloud_mlp.cpp:124:1), detected/extracted 5 process function(s): 
	 'read_input'
	 'compute_l1'
	 'compute_l2'
	 'compute_l3'
	 'write_output'.
INFO: [XFORM 203-401] Performing if-conversion on hyperblock from (cloud_mlp.cpp:104:28) to (cloud_mlp.cpp:104:10) in function 'write_output'... converting 49 basic blocks.
INFO: [XFORM 203-401] Performing if-conversion on hyperblock from (cloud_mlp.cpp:85:27) to (cloud_mlp.cpp:95:19) in function 'compute_l3'... converting 775 basic blocks.
INFO: [XFORM 203-401] Performing if-conversion on hyperblock from (cloud_mlp.cpp:88:30) to (cloud_mlp.cpp:95:19) in function 'compute_l3'... converting 775 basic blocks.
INFO: [XFORM 203-401] Performing if-conversion on hyperblock from (cloud_mlp.cpp:88:30) to (cloud_mlp.cpp:95:19) in function 'compute_l3'... converting 775 basic blocks.
INFO: [XFORM 203-401] Performing if-conversion on hyperblock from (cloud_mlp.cpp:88:30) to (cloud_mlp.cpp:95:19) in function 'compute_l3'... converting 775 basic blocks.
INFO: [XFORM 203-401] Performing if-conversion on hyperblock from (cloud_mlp.cpp:69:27) to (cloud_mlp.cpp:79:19) in function 'compute_l2'... converting 391 basic blocks.
INFO: [XFORM 203-401] Performing if-conversion on hyperblock from (cloud_mlp.cpp:72:30) to (cloud_mlp.cpp:79:19) in function 'compute_l2'... converting 391 basic blocks.
INFO: [XFORM 203-401] Performing if-conversion on hyperblock from (cloud_mlp.cpp:72:30) to (cloud_mlp.cpp:79:19) in function 'compute_l2'... converting 391 basic blocks.
INFO: [XFORM 203-401] Performing if-conversion on hyperblock from (cloud_mlp.cpp:72:30) to (cloud_mlp.cpp:79:19) in function 'compute_l2'... converting 391 basic blocks.
INFO: [XFORM 203-401] Performing if-conversion on hyperblock from (cloud_mlp.cpp:72:30) to (cloud_mlp.cpp:79:19) in function 'compute_l2'... converting 391 basic blocks.
INFO: [XFORM 203-401] Performing if-conversion on hyperblock from (cloud_mlp.cpp:72:30) to (cloud_mlp.cpp:79:19) in function 'compute_l2'... converting 391 basic blocks.
INFO: [XFORM 203-401] Performing if-conversion on hyperblock from (cloud_mlp.cpp:72:30) to (cloud_mlp.cpp:79:19) in function 'compute_l2'... converting 391 basic blocks.
INFO: [XFORM 203-401] Performing if-conversion on hyperblock from (cloud_mlp.cpp:72:30) to (cloud_mlp.cpp:79:19) in function 'compute_l2'... converting 391 basic blocks.
INFO: [XFORM 203-401] Performing if-conversion on hyperblock from (cloud_mlp.cpp:53:27) to (cloud_mlp.cpp:63:19) in function 'compute_l1'... converting 31 basic blocks.
INFO: [XFORM 203-401] Performing if-conversion on hyperblock from (cloud_mlp.cpp:56:30) to (cloud_mlp.cpp:63:19) in function 'compute_l1'... converting 31 basic blocks.
INFO: [XFORM 203-401] Performing if-conversion on hyperblock from (cloud_mlp.cpp:56:30) to (cloud_mlp.cpp:63:19) in function 'compute_l1'... converting 31 basic blocks.
INFO: [XFORM 203-401] Performing if-conversion on hyperblock from (cloud_mlp.cpp:56:30) to (cloud_mlp.cpp:63:19) in function 'compute_l1'... converting 31 basic blocks.
INFO: [XFORM 203-11] Balancing expressions in function 'write_output' (cloud_mlp.cpp:24:16)...8 expression(s) balanced.
INFO: [XFORM 203-11] Balancing expressions in function 'compute_l3' (cloud_mlp.cpp:85:9)...1020 expression(s) balanced.
INFO: [XFORM 203-11] Balancing expressions in function 'compute_l2' (cloud_mlp.cpp:69:9)...1016 expression(s) balanced.
INFO: [XFORM 203-11] Balancing expressions in function 'compute_l1' (cloud_mlp.cpp:19:9)...28 expression(s) balanced.
INFO: [HLS 200-111] Finished Loop, function and other optimizations: CPU user time: 29 seconds. CPU system time: 3 seconds. Elapsed time: 32.089 seconds; current allocated memory: 427.340 MB.
INFO: [HLS 200-111] Finished Architecture Synthesis: CPU user time: 33 seconds. CPU system time: 4 seconds. Elapsed time: 38.158 seconds; current allocated memory: 680.176 MB.
INFO: [HLS 200-10] Starting hardware synthesis ...
INFO: [HLS 200-10] Synthesizing 'cloud_mlp_top' ...
INFO: [HLS 200-10] ----------------------------------------------------------------
INFO: [HLS 200-42] -- Implementing module 'read_input' 
INFO: [HLS 200-10] ----------------------------------------------------------------
INFO: [SCHED 204-11] Starting scheduling ...
INFO: [SCHED 204-11] Finished scheduling.
INFO: [HLS 200-111] Finished Scheduling: CPU user time: 1 seconds. CPU system time: 0 seconds. Elapsed time: 1.534 seconds; current allocated memory: 685.895 MB.
INFO: [BIND 205-100] Starting micro-architecture generation ...
INFO: [BIND 205-101] Performing variable lifetime analysis.
INFO: [BIND 205-101] Exploring resource sharing.
INFO: [BIND 205-101] Binding ...
INFO: [BIND 205-100] Finished micro-architecture generation.
INFO: [HLS 200-111] Finished Binding: CPU user time: 0 seconds. CPU system time: 0 seconds. Elapsed time: 0.031 seconds; current allocated memory: 686.996 MB.
INFO: [HLS 200-10] ----------------------------------------------------------------
INFO: [HLS 200-42] -- Implementing module 'compute_l1' 
INFO: [HLS 200-10] ----------------------------------------------------------------
INFO: [SCHED 204-11] Starting scheduling ...
INFO: [SCHED 204-61] Pipelining loop 'L1'.
INFO: [HLS 200-1470] Pipelining result : Target II = 1, Final II = 1, Depth = 1, loop 'L1'
INFO: [SCHED 204-11] Finished scheduling.
INFO: [HLS 200-111] Finished Scheduling: CPU user time: 1 seconds. CPU system time: 0 seconds. Elapsed time: 1.111 seconds; current allocated memory: 699.215 MB.
INFO: [BIND 205-100] Starting micro-architecture generation ...
INFO: [BIND 205-101] Performing variable lifetime analysis.
INFO: [BIND 205-101] Exploring resource sharing.
INFO: [BIND 205-101] Binding ...
INFO: [BIND 205-100] Finished micro-architecture generation.
INFO: [HLS 200-111] Finished Binding: CPU user time: 1 seconds. CPU system time: 0 seconds. Elapsed time: 0.544 seconds; current allocated memory: 715.293 MB.
INFO: [HLS 200-10] ----------------------------------------------------------------
INFO: [HLS 200-42] -- Implementing module 'compute_l2' 
INFO: [HLS 200-10] ----------------------------------------------------------------
INFO: [SCHED 204-11] Starting scheduling ...
INFO: [SCHED 204-61] Pipelining loop 'L2'.
INFO: [HLS 200-1470] Pipelining result : Target II = 1, Final II = 1, Depth = 1, loop 'L2'
INFO: [SCHED 204-11] Finished scheduling.
INFO: [HLS 200-111] Finished Scheduling: CPU user time: 22 seconds. CPU system time: 3 seconds. Elapsed time: 25.798 seconds; current allocated memory: 1.124 GB.
INFO: [BIND 205-100] Starting micro-architecture generation ...
INFO: [BIND 205-101] Performing variable lifetime analysis.
INFO: [BIND 205-101] Exploring resource sharing.
INFO: [BIND 205-101] Binding ...
INFO: [BIND 205-100] Finished micro-architecture generation.
INFO: [HLS 200-111] Finished Binding: CPU user time: 29 seconds. CPU system time: 3 seconds. Elapsed time: 33.217 seconds; current allocated memory: 1.124 GB.
INFO: [HLS 200-10] ----------------------------------------------------------------
INFO: [HLS 200-42] -- Implementing module 'compute_l3' 
INFO: [HLS 200-10] ----------------------------------------------------------------
INFO: [SCHED 204-11] Starting scheduling ...
INFO: [SCHED 204-61] Pipelining loop 'L3'.
INFO: [HLS 200-1470] Pipelining result : Target II = 1, Final II = 1, Depth = 1, loop 'L3'
INFO: [SCHED 204-11] Finished scheduling.
INFO: [HLS 200-111] Finished Scheduling: CPU user time: 30 seconds. CPU system time: 4 seconds. Elapsed time: 34.047 seconds; current allocated memory: 1.264 GB.
INFO: [BIND 205-100] Starting micro-architecture generation ...
INFO: [BIND 205-101] Performing variable lifetime analysis.
INFO: [BIND 205-101] Exploring resource sharing.
INFO: [BIND 205-101] Binding ...
INFO: [BIND 205-100] Finished micro-architecture generation.
INFO: [HLS 200-111] Finished Binding: CPU user time: 25 seconds. CPU system time: 2 seconds. Elapsed time: 28.083 seconds; current allocated memory: 1.264 GB.
INFO: [HLS 200-10] ----------------------------------------------------------------
INFO: [HLS 200-42] -- Implementing module 'write_output_Pipeline_Out' 
INFO: [HLS 200-10] ----------------------------------------------------------------
INFO: [SCHED 204-11] Starting scheduling ...
INFO: [SCHED 204-61] Pipelining loop 'Out'.
INFO: [HLS 200-1470] Pipelining result : Target II = 1, Final II = 1, Depth = 2, loop 'Out'
INFO: [SCHED 204-11] Finished scheduling.
INFO: [HLS 200-111] Finished Scheduling: CPU user time: 13 seconds. CPU system time: 1 seconds. Elapsed time: 14.45 seconds; current allocated memory: 1.264 GB.
INFO: [BIND 205-100] Starting micro-architecture generation ...
INFO: [BIND 205-101] Performing variable lifetime analysis.
INFO: [BIND 205-101] Exploring resource sharing.
INFO: [BIND 205-101] Binding ...
INFO: [BIND 205-100] Finished micro-architecture generation.
INFO: [HLS 200-111] Finished Binding: CPU user time: 0 seconds. CPU system time: 0 seconds. Elapsed time: 0.111 seconds; current allocated memory: 1.264 GB.
INFO: [HLS 200-10] ----------------------------------------------------------------
INFO: [HLS 200-42] -- Implementing module 'write_output' 
INFO: [HLS 200-10] ----------------------------------------------------------------
INFO: [SCHED 204-11] Starting scheduling ...
INFO: [HLS 200-486] Changing DSP latency (root=add_ln24) to 3 in order to utilize available DSP registers.
INFO: [SCHED 204-11] Finished scheduling.
INFO: [HLS 200-111] Finished Scheduling: CPU user time: 0 seconds. CPU system time: 0 seconds. Elapsed time: 0.186 seconds; current allocated memory: 1.264 GB.
INFO: [BIND 205-100] Starting micro-architecture generation ...
INFO: [BIND 205-101] Performing variable lifetime analysis.
INFO: [BIND 205-101] Exploring resource sharing.
INFO: [BIND 205-101] Binding ...
INFO: [BIND 205-100] Finished micro-architecture generation.
INFO: [HLS 200-111] Finished Binding: CPU user time: 0 seconds. CPU system time: 0 seconds. Elapsed time: 0.046 seconds; current allocated memory: 1.264 GB.
INFO: [HLS 200-10] ----------------------------------------------------------------
INFO: [HLS 200-42] -- Implementing module 'cloud_mlp_top' 
INFO: [HLS 200-10] ----------------------------------------------------------------
INFO: [SCHED 204-11] Starting scheduling ...
INFO: [SCHED 204-11] Finished scheduling.
INFO: [HLS 200-111] Finished Scheduling: CPU user time: 0 seconds. CPU system time: 0 seconds. Elapsed time: 0.316 seconds; current allocated memory: 1.264 GB.
INFO: [BIND 205-100] Starting micro-architecture generation ...
INFO: [BIND 205-101] Performing variable lifetime analysis.
INFO: [BIND 205-101] Exploring resource sharing.
INFO: [BIND 205-101] Binding ...
INFO: [BIND 205-100] Finished micro-architecture generation.
INFO: [HLS 200-111] Finished Binding: CPU user time: 1 seconds. CPU system time: 0 seconds. Elapsed time: 0.261 seconds; current allocated memory: 1.264 GB.
INFO: [HLS 200-10] ----------------------------------------------------------------
INFO: [HLS 200-10] -- Generating RTL for module 'read_input' 
INFO: [HLS 200-10] ----------------------------------------------------------------
INFO: [RTGEN 206-100] Finished creating RTL model for 'read_input'.
INFO: [HLS 200-111] Finished Creating RTL model: CPU user time: 0 seconds. CPU system time: 1 seconds. Elapsed time: 0.566 seconds; current allocated memory: 1.264 GB.
INFO: [HLS 200-10] ----------------------------------------------------------------
INFO: [HLS 200-10] -- Generating RTL for module 'compute_l1' 
INFO: [HLS 200-10] ----------------------------------------------------------------
INFO: [RTGEN 206-100] Generating core module 'fpext_32ns_64_1_no_dsp_1': 20 instance(s).
INFO: [RTGEN 206-100] Generating core module 'mul_16s_8s_24_1_1': 16 instance(s).
INFO: [RTGEN 206-100] Generating core module 'sparsemux_33_6_32_1_1': 20 instance(s).
INFO: [RTGEN 206-100] Generating core module 'sparsemux_9_3_16_1_1': 20 instance(s).
INFO: [RTGEN 206-100] Finished creating RTL model for 'compute_l1'.
INFO: [HLS 200-111] Finished Creating RTL model: CPU user time: 1 seconds. CPU system time: 0 seconds. Elapsed time: 0.881 seconds; current allocated memory: 1.264 GB.
INFO: [HLS 200-10] ----------------------------------------------------------------
INFO: [HLS 200-10] -- Generating RTL for module 'compute_l2' 
INFO: [HLS 200-10] ----------------------------------------------------------------
INFO: [RTGEN 206-104] Estimated max fanout for 'compute_l2' is 40832 from HDL expression: (1'b1 == ap_CS_fsm_state1)
INFO: [RTGEN 206-100] Generating core module 'fpext_32ns_64_1_no_dsp_1': 520 instance(s).
INFO: [RTGEN 206-100] Generating core module 'mul_16s_15ns_31_1_1': 512 instance(s).
INFO: [RTGEN 206-100] Generating core module 'sparsemux_33_7_32_1_1': 520 instance(s).
INFO: [RTGEN 206-100] Generating core module 'sparsemux_9_3_16_1_1': 520 instance(s).
INFO: [RTGEN 206-100] Finished creating RTL model for 'compute_l2'.
INFO: [HLS 200-111] Finished Creating RTL model: CPU user time: 11 seconds. CPU system time: 1 seconds. Elapsed time: 13.924 seconds; current allocated memory: 1.541 GB.
INFO: [HLS 200-10] ----------------------------------------------------------------
INFO: [HLS 200-10] -- Generating RTL for module 'compute_l3' 
INFO: [HLS 200-10] ----------------------------------------------------------------
INFO: [RTGEN 206-104] Estimated max fanout for 'compute_l3' is 50508 from HDL expression: (1'b1 == ap_CS_fsm_state1)
INFO: [RTGEN 206-100] Generating core module 'fpext_32ns_64_1_no_dsp_1': 516 instance(s).
INFO: [RTGEN 206-100] Generating core module 'mul_16s_15ns_31_1_1': 512 instance(s).
INFO: [RTGEN 206-100] Generating core module 'sparsemux_33_6_32_1_1': 516 instance(s).
INFO: [RTGEN 206-100] Generating core module 'sparsemux_9_3_16_1_1': 516 instance(s).
INFO: [RTGEN 206-100] Finished creating RTL model for 'compute_l3'.
INFO: [HLS 200-111] Finished Creating RTL model: CPU user time: 53 seconds. CPU system time: 17 seconds. Elapsed time: 73.531 seconds; current allocated memory: 2.193 GB.
INFO: [HLS 200-10] ----------------------------------------------------------------
INFO: [HLS 200-10] -- Generating RTL for module 'write_output_Pipeline_Out' 
INFO: [HLS 200-10] ----------------------------------------------------------------
INFO: [HLS 200-1030] Apply Unified Pipeline Control on module 'write_output_Pipeline_Out' pipeline 'Out' pipeline type 'loop pipeline'
INFO: [RTGEN 206-100] Generating core module 'fpext_32ns_64_1_no_dsp_1': 8 instance(s).
INFO: [RTGEN 206-100] Generating core module 'mul_16s_15ns_31_1_1': 8 instance(s).
INFO: [RTGEN 206-100] Generating core module 'sparsemux_17_6_15_1_1': 8 instance(s).
INFO: [RTGEN 206-100] Generating core module 'sparsemux_9_3_16_1_1': 8 instance(s).
INFO: [RTGEN 206-100] Finished creating RTL model for 'write_output_Pipeline_Out'.
INFO: [HLS 200-2168] Implementing memory 'cloud_mlp_top_write_output_Pipeline_Out_W_OUT_69_0_ROM_AUTO_1R' using auto ROMs with 2 copies to ensure enough ports to satisfy II or latency constraints.
INFO: [HLS 200-2168] Implementing memory 'cloud_mlp_top_write_output_Pipeline_Out_W_OUT_69_1_ROM_AUTO_1R' using auto ROMs with 2 copies to ensure enough ports to satisfy II or latency constraints.
INFO: [HLS 200-2168] Implementing memory 'cloud_mlp_top_write_output_Pipeline_Out_W_OUT_69_2_ROM_AUTO_1R' using auto ROMs with 2 copies to ensure enough ports to satisfy II or latency constraints.
INFO: [HLS 200-2168] Implementing memory 'cloud_mlp_top_write_output_Pipeline_Out_W_OUT_69_3_ROM_AUTO_1R' using auto ROMs with 2 copies to ensure enough ports to satisfy II or latency constraints.
INFO: [HLS 200-111] Finished Creating RTL model: CPU user time: 44 seconds. CPU system time: 14 seconds. Elapsed time: 62.781 seconds; current allocated memory: 2.745 GB.
INFO: [HLS 200-10] ----------------------------------------------------------------
INFO: [HLS 200-10] -- Generating RTL for module 'write_output' 
INFO: [HLS 200-10] ----------------------------------------------------------------
INFO: [RTGEN 206-100] Generating core module 'mac_muladd_16s_8ns_20ns_24_4_1': 1 instance(s).
INFO: [RTGEN 206-100] Finished creating RTL model for 'write_output'.
INFO: [HLS 200-111] Finished Creating RTL model: CPU user time: 1 seconds. CPU system time: 0 seconds. Elapsed time: 1.087 seconds; current allocated memory: 2.764 GB.
INFO: [HLS 200-10] ----------------------------------------------------------------
INFO: [HLS 200-10] -- Generating RTL for module 'cloud_mlp_top' 
INFO: [HLS 200-10] ----------------------------------------------------------------
WARNING: [RTGEN 206-101] Design contains AXI ports. Reset is fixed to synchronous and active low.
INFO: [RTGEN 206-500] Setting interface mode on port 'cloud_mlp_top/in_stream_V_data_V' to 'axis' (register, both mode).
INFO: [RTGEN 206-500] Setting interface mode on port 'cloud_mlp_top/in_stream_V_keep_V' to 'axis' (register, both mode).
INFO: [RTGEN 206-500] Setting interface mode on port 'cloud_mlp_top/in_stream_V_strb_V' to 'axis' (register, both mode).
INFO: [RTGEN 206-500] Setting interface mode on port 'cloud_mlp_top/in_stream_V_last_V' to 'axis' (register, both mode).
INFO: [RTGEN 206-500] Setting interface mode on port 'cloud_mlp_top/out_stream_V_data_V' to 'axis' (register, both mode).
INFO: [RTGEN 206-500] Setting interface mode on port 'cloud_mlp_top/out_stream_V_keep_V' to 'axis' (register, both mode).
INFO: [RTGEN 206-500] Setting interface mode on port 'cloud_mlp_top/out_stream_V_strb_V' to 'axis' (register, both mode).
INFO: [RTGEN 206-500] Setting interface mode on port 'cloud_mlp_top/out_stream_V_last_V' to 'axis' (register, both mode).
INFO: [RTGEN 206-500] Setting interface mode on function 'cloud_mlp_top' to 's_axilite & ap_ctrl_hs'.
INFO: [RTGEN 206-100] Bundling port 'return' to AXI-Lite port control.
INFO: [RTGEN 206-100] Finished creating RTL model for 'cloud_mlp_top'.
INFO: [RTMG 210-285] Implementing FIFO 'meta_stream_U(cloud_mlp_top_fifo_w17_d8_S)' using Shift Registers.
INFO: [RTMG 210-285] Implementing FIFO 'input_arr_U(cloud_mlp_top_fifo_w8_d2_S)' using Shift Registers.
INFO: [RTMG 210-285] Implementing FIFO 'input_arr_1_U(cloud_mlp_top_fifo_w8_d2_S)' using Shift Registers.
INFO: [RTMG 210-285] Implementing FIFO 'input_arr_2_U(cloud_mlp_top_fifo_w8_d2_S)' using Shift Registers.
INFO: [RTMG 210-285] Implementing FIFO 'input_arr_3_U(cloud_mlp_top_fifo_w8_d2_S)' using Shift Registers.
INFO: [RTMG 210-285] Implementing FIFO 'l1_out_U(cloud_mlp_top_fifo_w15_d2_S)' using Shift Registers.
INFO: [RTMG 210-285] Implementing FIFO 'l1_out_1_U(cloud_mlp_top_fifo_w15_d2_S)' using Shift Registers.
INFO: [RTMG 210-285] Implementing FIFO 'l1_out_2_U(cloud_mlp_top_fifo_w15_d2_S)' using Shift Registers.
INFO: [RTMG 210-285] Implementing FIFO 'l1_out_3_U(cloud_mlp_top_fifo_w15_d2_S)' using Shift Registers.
INFO: [RTMG 210-285] Implementing FIFO 'l1_out_4_U(cloud_mlp_top_fifo_w15_d2_S)' using Shift Registers.
INFO: [RTMG 210-285] Implementing FIFO 'l1_out_5_U(cloud_mlp_top_fifo_w15_d2_S)' using Shift Registers.
INFO: [RTMG 210-285] Implementing FIFO 'l1_out_6_U(cloud_mlp_top_fifo_w15_d2_S)' using Shift Registers.
INFO: [RTMG 210-285] Implementing FIFO 'l1_out_7_U(cloud_mlp_top_fifo_w15_d2_S)' using Shift Registers.
INFO: [RTMG 210-285] Implementing FIFO 'l1_out_8_U(cloud_mlp_top_fifo_w15_d2_S)' using Shift Registers.
INFO: [RTMG 210-285] Implementing FIFO 'l1_out_9_U(cloud_mlp_top_fifo_w15_d2_S)' using Shift Registers.
INFO: [RTMG 210-285] Implementing FIFO 'l1_out_10_U(cloud_mlp_top_fifo_w15_d2_S)' using Shift Registers.
INFO: [RTMG 210-285] Implementing FIFO 'l1_out_11_U(cloud_mlp_top_fifo_w15_d2_S)' using Shift Registers.
INFO: [RTMG 210-285] Implementing FIFO 'l1_out_12_U(cloud_mlp_top_fifo_w15_d2_S)' using Shift Registers.
INFO: [RTMG 210-285] Implementing FIFO 'l1_out_13_U(cloud_mlp_top_fifo_w15_d2_S)' using Shift Registers.
INFO: [RTMG 210-285] Implementing FIFO 'l1_out_14_U(cloud_mlp_top_fifo_w15_d2_S)' using Shift Registers.
INFO: [RTMG 210-285] Implementing FIFO 'l1_out_15_U(cloud_mlp_top_fifo_w15_d2_S)' using Shift Registers.
INFO: [RTMG 210-285] Implementing FIFO 'l1_out_16_U(cloud_mlp_top_fifo_w15_d2_S)' using Shift Registers.
INFO: [RTMG 210-285] Implementing FIFO 'l1_out_17_U(cloud_mlp_top_fifo_w15_d2_S)' using Shift Registers.
INFO: [RTMG 210-285] Implementing FIFO 'l1_out_18_U(cloud_mlp_top_fifo_w15_d2_S)' using Shift Registers.
INFO: [RTMG 210-285] Implementing FIFO 'l1_out_19_U(cloud_mlp_top_fifo_w15_d2_S)' using Shift Registers.
INFO: [RTMG 210-285] Implementing FIFO 'l1_out_20_U(cloud_mlp_top_fifo_w15_d2_S)' using Shift Registers.
INFO: [RTMG 210-285] Implementing FIFO 'l1_out_21_U(cloud_mlp_top_fifo_w15_d2_S)' using Shift Registers.
INFO: [RTMG 210-285] Implementing FIFO 'l1_out_22_U(cloud_mlp_top_fifo_w15_d2_S)' using Shift Registers.
INFO: [RTMG 210-285] Implementing FIFO 'l1_out_23_U(cloud_mlp_top_fifo_w15_d2_S)' using Shift Registers.
INFO: [RTMG 210-285] Implementing FIFO 'l1_out_24_U(cloud_mlp_top_fifo_w15_d2_S)' using Shift Registers.
INFO: [RTMG 210-285] Implementing FIFO 'l1_out_25_U(cloud_mlp_top_fifo_w15_d2_S)' using Shift Registers.
INFO: [RTMG 210-285] Implementing FIFO 'l1_out_26_U(cloud_mlp_top_fifo_w15_d2_S)' using Shift Registers.
INFO: [RTMG 210-285] Implementing FIFO 'l1_out_27_U(cloud_mlp_top_fifo_w15_d2_S)' using Shift Registers.
INFO: [RTMG 210-285] Implementing FIFO 'l1_out_28_U(cloud_mlp_top_fifo_w15_d2_S)' using Shift Registers.
INFO: [RTMG 210-285] Implementing FIFO 'l1_out_29_U(cloud_mlp_top_fifo_w15_d2_S)' using Shift Registers.
INFO: [RTMG 210-285] Implementing FIFO 'l1_out_30_U(cloud_mlp_top_fifo_w15_d2_S)' using Shift Registers.
INFO: [RTMG 210-285] Implementing FIFO 'l1_out_31_U(cloud_mlp_top_fifo_w15_d2_S)' using Shift Registers.
INFO: [RTMG 210-285] Implementing FIFO 'l1_out_32_U(cloud_mlp_top_fifo_w15_d2_S)' using Shift Registers.
INFO: [RTMG 210-285] Implementing FIFO 'l1_out_33_U(cloud_mlp_top_fifo_w15_d2_S)' using Shift Registers.
INFO: [RTMG 210-285] Implementing FIFO 'l1_out_34_U(cloud_mlp_top_fifo_w15_d2_S)' using Shift Registers.
INFO: [RTMG 210-285] Implementing FIFO 'l1_out_35_U(cloud_mlp_top_fifo_w15_d2_S)' using Shift Registers.
INFO: [RTMG 210-285] Implementing FIFO 'l1_out_36_U(cloud_mlp_top_fifo_w15_d2_S)' using Shift Registers.
INFO: [RTMG 210-285] Implementing FIFO 'l1_out_37_U(cloud_mlp_top_fifo_w15_d2_S)' using Shift Registers.
INFO: [RTMG 210-285] Implementing FIFO 'l1_out_38_U(cloud_mlp_top_fifo_w15_d2_S)' using Shift Registers.
INFO: [RTMG 210-285] Implementing FIFO 'l1_out_39_U(cloud_mlp_top_fifo_w15_d2_S)' using Shift Registers.
INFO: [RTMG 210-285] Implementing FIFO 'l1_out_40_U(cloud_mlp_top_fifo_w15_d2_S)' using Shift Registers.
INFO: [RTMG 210-285] Implementing FIFO 'l1_out_41_U(cloud_mlp_top_fifo_w15_d2_S)' using Shift Registers.
INFO: [RTMG 210-285] Implementing FIFO 'l1_out_42_U(cloud_mlp_top_fifo_w15_d2_S)' using Shift Registers.
INFO: [RTMG 210-285] Implementing FIFO 'l1_out_43_U(cloud_mlp_top_fifo_w15_d2_S)' using Shift Registers.
INFO: [RTMG 210-285] Implementing FIFO 'l1_out_44_U(cloud_mlp_top_fifo_w15_d2_S)' using Shift Registers.
INFO: [RTMG 210-285] Implementing FIFO 'l1_out_45_U(cloud_mlp_top_fifo_w15_d2_S)' using Shift Registers.
INFO: [RTMG 210-285] Implementing FIFO 'l1_out_46_U(cloud_mlp_top_fifo_w15_d2_S)' using Shift Registers.
INFO: [RTMG 210-285] Implementing FIFO 'l1_out_47_U(cloud_mlp_top_fifo_w15_d2_S)' using Shift Registers.
INFO: [RTMG 210-285] Implementing FIFO 'l1_out_48_U(cloud_mlp_top_fifo_w15_d2_S)' using Shift Registers.
INFO: [RTMG 210-285] Implementing FIFO 'l1_out_49_U(cloud_mlp_top_fifo_w15_d2_S)' using Shift Registers.
INFO: [RTMG 210-285] Implementing FIFO 'l1_out_50_U(cloud_mlp_top_fifo_w15_d2_S)' using Shift Registers.
INFO: [RTMG 210-285] Implementing FIFO 'l1_out_51_U(cloud_mlp_top_fifo_w15_d2_S)' using Shift Registers.
INFO: [RTMG 210-285] Implementing FIFO 'l1_out_52_U(cloud_mlp_top_fifo_w15_d2_S)' using Shift Registers.
INFO: [RTMG 210-285] Implementing FIFO 'l1_out_53_U(cloud_mlp_top_fifo_w15_d2_S)' using Shift Registers.
INFO: [RTMG 210-285] Implementing FIFO 'l1_out_54_U(cloud_mlp_top_fifo_w15_d2_S)' using Shift Registers.
INFO: [RTMG 210-285] Implementing FIFO 'l1_out_55_U(cloud_mlp_top_fifo_w15_d2_S)' using Shift Registers.
INFO: [RTMG 210-285] Implementing FIFO 'l1_out_56_U(cloud_mlp_top_fifo_w15_d2_S)' using Shift Registers.
INFO: [RTMG 210-285] Implementing FIFO 'l1_out_57_U(cloud_mlp_top_fifo_w15_d2_S)' using Shift Registers.
INFO: [RTMG 210-285] Implementing FIFO 'l1_out_58_U(cloud_mlp_top_fifo_w15_d2_S)' using Shift Registers.
INFO: [RTMG 210-285] Implementing FIFO 'l1_out_59_U(cloud_mlp_top_fifo_w15_d2_S)' using Shift Registers.
INFO: [RTMG 210-285] Implementing FIFO 'l1_out_60_U(cloud_mlp_top_fifo_w15_d2_S)' using Shift Registers.
INFO: [RTMG 210-285] Implementing FIFO 'l1_out_61_U(cloud_mlp_top_fifo_w15_d2_S)' using Shift Registers.
INFO: [RTMG 210-285] Implementing FIFO 'l1_out_62_U(cloud_mlp_top_fifo_w15_d2_S)' using Shift Registers.
INFO: [RTMG 210-285] Implementing FIFO 'l1_out_63_U(cloud_mlp_top_fifo_w15_d2_S)' using Shift Registers.
INFO: [RTMG 210-285] Implementing FIFO 'l2_out_U(cloud_mlp_top_fifo_w15_d2_S)' using Shift Registers.
INFO: [RTMG 210-285] Implementing FIFO 'l2_out_1_U(cloud_mlp_top_fifo_w15_d2_S)' using Shift Registers.
INFO: [RTMG 210-285] Implementing FIFO 'l2_out_2_U(cloud_mlp_top_fifo_w15_d2_S)' using Shift Registers.
INFO: [RTMG 210-285] Implementing FIFO 'l2_out_3_U(cloud_mlp_top_fifo_w15_d2_S)' using Shift Registers.
INFO: [RTMG 210-285] Implementing FIFO 'l2_out_4_U(cloud_mlp_top_fifo_w15_d2_S)' using Shift Registers.
INFO: [RTMG 210-285] Implementing FIFO 'l2_out_5_U(cloud_mlp_top_fifo_w15_d2_S)' using Shift Registers.
INFO: [RTMG 210-285] Implementing FIFO 'l2_out_6_U(cloud_mlp_top_fifo_w15_d2_S)' using Shift Registers.
INFO: [RTMG 210-285] Implementing FIFO 'l2_out_7_U(cloud_mlp_top_fifo_w15_d2_S)' using Shift Registers.
INFO: [RTMG 210-285] Implementing FIFO 'l2_out_8_U(cloud_mlp_top_fifo_w15_d2_S)' using Shift Registers.
INFO: [RTMG 210-285] Implementing FIFO 'l2_out_9_U(cloud_mlp_top_fifo_w15_d2_S)' using Shift Registers.
INFO: [RTMG 210-285] Implementing FIFO 'l2_out_10_U(cloud_mlp_top_fifo_w15_d2_S)' using Shift Registers.
INFO: [RTMG 210-285] Implementing FIFO 'l2_out_11_U(cloud_mlp_top_fifo_w15_d2_S)' using Shift Registers.
INFO: [RTMG 210-285] Implementing FIFO 'l2_out_12_U(cloud_mlp_top_fifo_w15_d2_S)' using Shift Registers.
INFO: [RTMG 210-285] Implementing FIFO 'l2_out_13_U(cloud_mlp_top_fifo_w15_d2_S)' using Shift Registers.
INFO: [RTMG 210-285] Implementing FIFO 'l2_out_14_U(cloud_mlp_top_fifo_w15_d2_S)' using Shift Registers.
INFO: [RTMG 210-285] Implementing FIFO 'l2_out_15_U(cloud_mlp_top_fifo_w15_d2_S)' using Shift Registers.
INFO: [RTMG 210-285] Implementing FIFO 'l2_out_16_U(cloud_mlp_top_fifo_w15_d2_S)' using Shift Registers.
INFO: [RTMG 210-285] Implementing FIFO 'l2_out_17_U(cloud_mlp_top_fifo_w15_d2_S)' using Shift Registers.
INFO: [RTMG 210-285] Implementing FIFO 'l2_out_18_U(cloud_mlp_top_fifo_w15_d2_S)' using Shift Registers.
INFO: [RTMG 210-285] Implementing FIFO 'l2_out_19_U(cloud_mlp_top_fifo_w15_d2_S)' using Shift Registers.
INFO: [RTMG 210-285] Implementing FIFO 'l2_out_20_U(cloud_mlp_top_fifo_w15_d2_S)' using Shift Registers.
INFO: [RTMG 210-285] Implementing FIFO 'l2_out_21_U(cloud_mlp_top_fifo_w15_d2_S)' using Shift Registers.
INFO: [RTMG 210-285] Implementing FIFO 'l2_out_22_U(cloud_mlp_top_fifo_w15_d2_S)' using Shift Registers.
INFO: [RTMG 210-285] Implementing FIFO 'l2_out_23_U(cloud_mlp_top_fifo_w15_d2_S)' using Shift Registers.
INFO: [RTMG 210-285] Implementing FIFO 'l2_out_24_U(cloud_mlp_top_fifo_w15_d2_S)' using Shift Registers.
INFO: [RTMG 210-285] Implementing FIFO 'l2_out_25_U(cloud_mlp_top_fifo_w15_d2_S)' using Shift Registers.
INFO: [RTMG 210-285] Implementing FIFO 'l2_out_26_U(cloud_mlp_top_fifo_w15_d2_S)' using Shift Registers.
INFO: [RTMG 210-285] Implementing FIFO 'l2_out_27_U(cloud_mlp_top_fifo_w15_d2_S)' using Shift Registers.
INFO: [RTMG 210-285] Implementing FIFO 'l2_out_28_U(cloud_mlp_top_fifo_w15_d2_S)' using Shift Registers.
INFO: [RTMG 210-285] Implementing FIFO 'l2_out_29_U(cloud_mlp_top_fifo_w15_d2_S)' using Shift Registers.
INFO: [RTMG 210-285] Implementing FIFO 'l2_out_30_U(cloud_mlp_top_fifo_w15_d2_S)' using Shift Registers.
INFO: [RTMG 210-285] Implementing FIFO 'l2_out_31_U(cloud_mlp_top_fifo_w15_d2_S)' using Shift Registers.
INFO: [RTMG 210-285] Implementing FIFO 'l2_out_32_U(cloud_mlp_top_fifo_w15_d2_S)' using Shift Registers.
INFO: [RTMG 210-285] Implementing FIFO 'l2_out_33_U(cloud_mlp_top_fifo_w15_d2_S)' using Shift Registers.
INFO: [RTMG 210-285] Implementing FIFO 'l2_out_34_U(cloud_mlp_top_fifo_w15_d2_S)' using Shift Registers.
INFO: [RTMG 210-285] Implementing FIFO 'l2_out_35_U(cloud_mlp_top_fifo_w15_d2_S)' using Shift Registers.
INFO: [RTMG 210-285] Implementing FIFO 'l2_out_36_U(cloud_mlp_top_fifo_w15_d2_S)' using Shift Registers.
INFO: [RTMG 210-285] Implementing FIFO 'l2_out_37_U(cloud_mlp_top_fifo_w15_d2_S)' using Shift Registers.
INFO: [RTMG 210-285] Implementing FIFO 'l2_out_38_U(cloud_mlp_top_fifo_w15_d2_S)' using Shift Registers.
INFO: [RTMG 210-285] Implementing FIFO 'l2_out_39_U(cloud_mlp_top_fifo_w15_d2_S)' using Shift Registers.
INFO: [RTMG 210-285] Implementing FIFO 'l2_out_40_U(cloud_mlp_top_fifo_w15_d2_S)' using Shift Registers.
INFO: [RTMG 210-285] Implementing FIFO 'l2_out_41_U(cloud_mlp_top_fifo_w15_d2_S)' using Shift Registers.
INFO: [RTMG 210-285] Implementing FIFO 'l2_out_42_U(cloud_mlp_top_fifo_w15_d2_S)' using Shift Registers.
INFO: [RTMG 210-285] Implementing FIFO 'l2_out_43_U(cloud_mlp_top_fifo_w15_d2_S)' using Shift Registers.
INFO: [RTMG 210-285] Implementing FIFO 'l2_out_44_U(cloud_mlp_top_fifo_w15_d2_S)' using Shift Registers.
INFO: [RTMG 210-285] Implementing FIFO 'l2_out_45_U(cloud_mlp_top_fifo_w15_d2_S)' using Shift Registers.
INFO: [RTMG 210-285] Implementing FIFO 'l2_out_46_U(cloud_mlp_top_fifo_w15_d2_S)' using Shift Registers.
INFO: [RTMG 210-285] Implementing FIFO 'l2_out_47_U(cloud_mlp_top_fifo_w15_d2_S)' using Shift Registers.
INFO: [RTMG 210-285] Implementing FIFO 'l2_out_48_U(cloud_mlp_top_fifo_w15_d2_S)' using Shift Registers.
INFO: [RTMG 210-285] Implementing FIFO 'l2_out_49_U(cloud_mlp_top_fifo_w15_d2_S)' using Shift Registers.
INFO: [RTMG 210-285] Implementing FIFO 'l2_out_50_U(cloud_mlp_top_fifo_w15_d2_S)' using Shift Registers.
INFO: [RTMG 210-285] Implementing FIFO 'l2_out_51_U(cloud_mlp_top_fifo_w15_d2_S)' using Shift Registers.
INFO: [RTMG 210-285] Implementing FIFO 'l2_out_52_U(cloud_mlp_top_fifo_w15_d2_S)' using Shift Registers.
INFO: [RTMG 210-285] Implementing FIFO 'l2_out_53_U(cloud_mlp_top_fifo_w15_d2_S)' using Shift Registers.
INFO: [RTMG 210-285] Implementing FIFO 'l2_out_54_U(cloud_mlp_top_fifo_w15_d2_S)' using Shift Registers.
INFO: [RTMG 210-285] Implementing FIFO 'l2_out_55_U(cloud_mlp_top_fifo_w15_d2_S)' using Shift Registers.
INFO: [RTMG 210-285] Implementing FIFO 'l2_out_56_U(cloud_mlp_top_fifo_w15_d2_S)' using Shift Registers.
INFO: [RTMG 210-285] Implementing FIFO 'l2_out_57_U(cloud_mlp_top_fifo_w15_d2_S)' using Shift Registers.
INFO: [RTMG 210-285] Implementing FIFO 'l2_out_58_U(cloud_mlp_top_fifo_w15_d2_S)' using Shift Registers.
INFO: [RTMG 210-285] Implementing FIFO 'l2_out_59_U(cloud_mlp_top_fifo_w15_d2_S)' using Shift Registers.
INFO: [RTMG 210-285] Implementing FIFO 'l2_out_60_U(cloud_mlp_top_fifo_w15_d2_S)' using Shift Registers.
INFO: [RTMG 210-285] Implementing FIFO 'l2_out_61_U(cloud_mlp_top_fifo_w15_d2_S)' using Shift Registers.
INFO: [RTMG 210-285] Implementing FIFO 'l2_out_62_U(cloud_mlp_top_fifo_w15_d2_S)' using Shift Registers.
INFO: [RTMG 210-285] Implementing FIFO 'l2_out_63_U(cloud_mlp_top_fifo_w15_d2_S)' using Shift Registers.
INFO: [RTMG 210-285] Implementing FIFO 'l2_out_64_U(cloud_mlp_top_fifo_w15_d2_S)' using Shift Registers.
INFO: [RTMG 210-285] Implementing FIFO 'l2_out_65_U(cloud_mlp_top_fifo_w15_d2_S)' using Shift Registers.
INFO: [RTMG 210-285] Implementing FIFO 'l2_out_66_U(cloud_mlp_top_fifo_w15_d2_S)' using Shift Registers.
INFO: [RTMG 210-285] Implementing FIFO 'l2_out_67_U(cloud_mlp_top_fifo_w15_d2_S)' using Shift Registers.
INFO: [RTMG 210-285] Implementing FIFO 'l2_out_68_U(cloud_mlp_top_fifo_w15_d2_S)' using Shift Registers.
INFO: [RTMG 210-285] Implementing FIFO 'l2_out_69_U(cloud_mlp_top_fifo_w15_d2_S)' using Shift Registers.
INFO: [RTMG 210-285] Implementing FIFO 'l2_out_70_U(cloud_mlp_top_fifo_w15_d2_S)' using Shift Registers.
INFO: [RTMG 210-285] Implementing FIFO 'l2_out_71_U(cloud_mlp_top_fifo_w15_d2_S)' using Shift Registers.
INFO: [RTMG 210-285] Implementing FIFO 'l2_out_72_U(cloud_mlp_top_fifo_w15_d2_S)' using Shift Registers.
INFO: [RTMG 210-285] Implementing FIFO 'l2_out_73_U(cloud_mlp_top_fifo_w15_d2_S)' using Shift Registers.
INFO: [RTMG 210-285] Implementing FIFO 'l2_out_74_U(cloud_mlp_top_fifo_w15_d2_S)' using Shift Registers.
INFO: [RTMG 210-285] Implementing FIFO 'l2_out_75_U(cloud_mlp_top_fifo_w15_d2_S)' using Shift Registers.
INFO: [RTMG 210-285] Implementing FIFO 'l2_out_76_U(cloud_mlp_top_fifo_w15_d2_S)' using Shift Registers.
INFO: [RTMG 210-285] Implementing FIFO 'l2_out_77_U(cloud_mlp_top_fifo_w15_d2_S)' using Shift Registers.
INFO: [RTMG 210-285] Implementing FIFO 'l2_out_78_U(cloud_mlp_top_fifo_w15_d2_S)' using Shift Registers.
INFO: [RTMG 210-285] Implementing FIFO 'l2_out_79_U(cloud_mlp_top_fifo_w15_d2_S)' using Shift Registers.
INFO: [RTMG 210-285] Implementing FIFO 'l2_out_80_U(cloud_mlp_top_fifo_w15_d2_S)' using Shift Registers.
INFO: [RTMG 210-285] Implementing FIFO 'l2_out_81_U(cloud_mlp_top_fifo_w15_d2_S)' using Shift Registers.
INFO: [RTMG 210-285] Implementing FIFO 'l2_out_82_U(cloud_mlp_top_fifo_w15_d2_S)' using Shift Registers.
INFO: [RTMG 210-285] Implementing FIFO 'l2_out_83_U(cloud_mlp_top_fifo_w15_d2_S)' using Shift Registers.
INFO: [RTMG 210-285] Implementing FIFO 'l2_out_84_U(cloud_mlp_top_fifo_w15_d2_S)' using Shift Registers.
INFO: [RTMG 210-285] Implementing FIFO 'l2_out_85_U(cloud_mlp_top_fifo_w15_d2_S)' using Shift Registers.
INFO: [RTMG 210-285] Implementing FIFO 'l2_out_86_U(cloud_mlp_top_fifo_w15_d2_S)' using Shift Registers.
INFO: [RTMG 210-285] Implementing FIFO 'l2_out_87_U(cloud_mlp_top_fifo_w15_d2_S)' using Shift Registers.
INFO: [RTMG 210-285] Implementing FIFO 'l2_out_88_U(cloud_mlp_top_fifo_w15_d2_S)' using Shift Registers.
INFO: [RTMG 210-285] Implementing FIFO 'l2_out_89_U(cloud_mlp_top_fifo_w15_d2_S)' using Shift Registers.
INFO: [RTMG 210-285] Implementing FIFO 'l2_out_90_U(cloud_mlp_top_fifo_w15_d2_S)' using Shift Registers.
INFO: [RTMG 210-285] Implementing FIFO 'l2_out_91_U(cloud_mlp_top_fifo_w15_d2_S)' using Shift Registers.
INFO: [RTMG 210-285] Implementing FIFO 'l2_out_92_U(cloud_mlp_top_fifo_w15_d2_S)' using Shift Registers.
INFO: [RTMG 210-285] Implementing FIFO 'l2_out_93_U(cloud_mlp_top_fifo_w15_d2_S)' using Shift Registers.
INFO: [RTMG 210-285] Implementing FIFO 'l2_out_94_U(cloud_mlp_top_fifo_w15_d2_S)' using Shift Registers.
INFO: [RTMG 210-285] Implementing FIFO 'l2_out_95_U(cloud_mlp_top_fifo_w15_d2_S)' using Shift Registers.
INFO: [RTMG 210-285] Implementing FIFO 'l2_out_96_U(cloud_mlp_top_fifo_w15_d2_S)' using Shift Registers.
INFO: [RTMG 210-285] Implementing FIFO 'l2_out_97_U(cloud_mlp_top_fifo_w15_d2_S)' using Shift Registers.
INFO: [RTMG 210-285] Implementing FIFO 'l2_out_98_U(cloud_mlp_top_fifo_w15_d2_S)' using Shift Registers.
INFO: [RTMG 210-285] Implementing FIFO 'l2_out_99_U(cloud_mlp_top_fifo_w15_d2_S)' using Shift Registers.
INFO: [RTMG 210-285] Implementing FIFO 'l2_out_100_U(cloud_mlp_top_fifo_w15_d2_S)' using Shift Registers.
INFO: [RTMG 210-285] Implementing FIFO 'l2_out_101_U(cloud_mlp_top_fifo_w15_d2_S)' using Shift Registers.
INFO: [RTMG 210-285] Implementing FIFO 'l2_out_102_U(cloud_mlp_top_fifo_w15_d2_S)' using Shift Registers.
INFO: [RTMG 210-285] Implementing FIFO 'l2_out_103_U(cloud_mlp_top_fifo_w15_d2_S)' using Shift Registers.
INFO: [RTMG 210-285] Implementing FIFO 'l2_out_104_U(cloud_mlp_top_fifo_w15_d2_S)' using Shift Registers.
INFO: [RTMG 210-285] Implementing FIFO 'l2_out_105_U(cloud_mlp_top_fifo_w15_d2_S)' using Shift Registers.
INFO: [RTMG 210-285] Implementing FIFO 'l2_out_106_U(cloud_mlp_top_fifo_w15_d2_S)' using Shift Registers.
INFO: [RTMG 210-285] Implementing FIFO 'l2_out_107_U(cloud_mlp_top_fifo_w15_d2_S)' using Shift Registers.
INFO: [RTMG 210-285] Implementing FIFO 'l2_out_108_U(cloud_mlp_top_fifo_w15_d2_S)' using Shift Registers.
INFO: [RTMG 210-285] Implementing FIFO 'l2_out_109_U(cloud_mlp_top_fifo_w15_d2_S)' using Shift Registers.
INFO: [RTMG 210-285] Implementing FIFO 'l2_out_110_U(cloud_mlp_top_fifo_w15_d2_S)' using Shift Registers.
INFO: [RTMG 210-285] Implementing FIFO 'l2_out_111_U(cloud_mlp_top_fifo_w15_d2_S)' using Shift Registers.
INFO: [RTMG 210-285] Implementing FIFO 'l2_out_112_U(cloud_mlp_top_fifo_w15_d2_S)' using Shift Registers.
INFO: [RTMG 210-285] Implementing FIFO 'l2_out_113_U(cloud_mlp_top_fifo_w15_d2_S)' using Shift Registers.
INFO: [RTMG 210-285] Implementing FIFO 'l2_out_114_U(cloud_mlp_top_fifo_w15_d2_S)' using Shift Registers.
INFO: [RTMG 210-285] Implementing FIFO 'l2_out_115_U(cloud_mlp_top_fifo_w15_d2_S)' using Shift Registers.
INFO: [RTMG 210-285] Implementing FIFO 'l2_out_116_U(cloud_mlp_top_fifo_w15_d2_S)' using Shift Registers.
INFO: [RTMG 210-285] Implementing FIFO 'l2_out_117_U(cloud_mlp_top_fifo_w15_d2_S)' using Shift Registers.
INFO: [RTMG 210-285] Implementing FIFO 'l2_out_118_U(cloud_mlp_top_fifo_w15_d2_S)' using Shift Registers.
INFO: [RTMG 210-285] Implementing FIFO 'l2_out_119_U(cloud_mlp_top_fifo_w15_d2_S)' using Shift Registers.
INFO: [RTMG 210-285] Implementing FIFO 'l2_out_120_U(cloud_mlp_top_fifo_w15_d2_S)' using Shift Registers.
INFO: [RTMG 210-285] Implementing FIFO 'l2_out_121_U(cloud_mlp_top_fifo_w15_d2_S)' using Shift Registers.
INFO: [RTMG 210-285] Implementing FIFO 'l2_out_122_U(cloud_mlp_top_fifo_w15_d2_S)' using Shift Registers.
INFO: [RTMG 210-285] Implementing FIFO 'l2_out_123_U(cloud_mlp_top_fifo_w15_d2_S)' using Shift Registers.
INFO: [RTMG 210-285] Implementing FIFO 'l2_out_124_U(cloud_mlp_top_fifo_w15_d2_S)' using Shift Registers.
INFO: [RTMG 210-285] Implementing FIFO 'l2_out_125_U(cloud_mlp_top_fifo_w15_d2_S)' using Shift Registers.
INFO: [RTMG 210-285] Implementing FIFO 'l2_out_126_U(cloud_mlp_top_fifo_w15_d2_S)' using Shift Registers.
INFO: [RTMG 210-285] Implementing FIFO 'l2_out_127_U(cloud_mlp_top_fifo_w15_d2_S)' using Shift Registers.
INFO: [RTMG 210-285] Implementing FIFO 'l3_out_U(cloud_mlp_top_fifo_w15_d2_S)' using Shift Registers.
INFO: [RTMG 210-285] Implementing FIFO 'l3_out_1_U(cloud_mlp_top_fifo_w15_d2_S)' using Shift Registers.
INFO: [RTMG 210-285] Implementing FIFO 'l3_out_2_U(cloud_mlp_top_fifo_w15_d2_S)' using Shift Registers.
INFO: [RTMG 210-285] Implementing FIFO 'l3_out_3_U(cloud_mlp_top_fifo_w15_d2_S)' using Shift Registers.
INFO: [RTMG 210-285] Implementing FIFO 'l3_out_4_U(cloud_mlp_top_fifo_w15_d2_S)' using Shift Registers.
INFO: [RTMG 210-285] Implementing FIFO 'l3_out_5_U(cloud_mlp_top_fifo_w15_d2_S)' using Shift Registers.
INFO: [RTMG 210-285] Implementing FIFO 'l3_out_6_U(cloud_mlp_top_fifo_w15_d2_S)' using Shift Registers.
INFO: [RTMG 210-285] Implementing FIFO 'l3_out_7_U(cloud_mlp_top_fifo_w15_d2_S)' using Shift Registers.
INFO: [RTMG 210-285] Implementing FIFO 'l3_out_8_U(cloud_mlp_top_fifo_w15_d2_S)' using Shift Registers.
INFO: [RTMG 210-285] Implementing FIFO 'l3_out_9_U(cloud_mlp_top_fifo_w15_d2_S)' using Shift Registers.
INFO: [RTMG 210-285] Implementing FIFO 'l3_out_10_U(cloud_mlp_top_fifo_w15_d2_S)' using Shift Registers.
INFO: [RTMG 210-285] Implementing FIFO 'l3_out_11_U(cloud_mlp_top_fifo_w15_d2_S)' using Shift Registers.
INFO: [RTMG 210-285] Implementing FIFO 'l3_out_12_U(cloud_mlp_top_fifo_w15_d2_S)' using Shift Registers.
INFO: [RTMG 210-285] Implementing FIFO 'l3_out_13_U(cloud_mlp_top_fifo_w15_d2_S)' using Shift Registers.
INFO: [RTMG 210-285] Implementing FIFO 'l3_out_14_U(cloud_mlp_top_fifo_w15_d2_S)' using Shift Registers.
INFO: [RTMG 210-285] Implementing FIFO 'l3_out_15_U(cloud_mlp_top_fifo_w15_d2_S)' using Shift Registers.
INFO: [RTMG 210-285] Implementing FIFO 'l3_out_16_U(cloud_mlp_top_fifo_w15_d2_S)' using Shift Registers.
INFO: [RTMG 210-285] Implementing FIFO 'l3_out_17_U(cloud_mlp_top_fifo_w15_d2_S)' using Shift Registers.
INFO: [RTMG 210-285] Implementing FIFO 'l3_out_18_U(cloud_mlp_top_fifo_w15_d2_S)' using Shift Registers.
INFO: [RTMG 210-285] Implementing FIFO 'l3_out_19_U(cloud_mlp_top_fifo_w15_d2_S)' using Shift Registers.
INFO: [RTMG 210-285] Implementing FIFO 'l3_out_20_U(cloud_mlp_top_fifo_w15_d2_S)' using Shift Registers.
INFO: [RTMG 210-285] Implementing FIFO 'l3_out_21_U(cloud_mlp_top_fifo_w15_d2_S)' using Shift Registers.
INFO: [RTMG 210-285] Implementing FIFO 'l3_out_22_U(cloud_mlp_top_fifo_w15_d2_S)' using Shift Registers.
INFO: [RTMG 210-285] Implementing FIFO 'l3_out_23_U(cloud_mlp_top_fifo_w15_d2_S)' using Shift Registers.
INFO: [RTMG 210-285] Implementing FIFO 'l3_out_24_U(cloud_mlp_top_fifo_w15_d2_S)' using Shift Registers.
INFO: [RTMG 210-285] Implementing FIFO 'l3_out_25_U(cloud_mlp_top_fifo_w15_d2_S)' using Shift Registers.
INFO: [RTMG 210-285] Implementing FIFO 'l3_out_26_U(cloud_mlp_top_fifo_w15_d2_S)' using Shift Registers.
INFO: [RTMG 210-285] Implementing FIFO 'l3_out_27_U(cloud_mlp_top_fifo_w15_d2_S)' using Shift Registers.
INFO: [RTMG 210-285] Implementing FIFO 'l3_out_28_U(cloud_mlp_top_fifo_w15_d2_S)' using Shift Registers.
INFO: [RTMG 210-285] Implementing FIFO 'l3_out_29_U(cloud_mlp_top_fifo_w15_d2_S)' using Shift Registers.
INFO: [RTMG 210-285] Implementing FIFO 'l3_out_30_U(cloud_mlp_top_fifo_w15_d2_S)' using Shift Registers.
INFO: [RTMG 210-285] Implementing FIFO 'l3_out_31_U(cloud_mlp_top_fifo_w15_d2_S)' using Shift Registers.
INFO: [RTMG 210-285] Implementing FIFO 'l3_out_32_U(cloud_mlp_top_fifo_w15_d2_S)' using Shift Registers.
INFO: [RTMG 210-285] Implementing FIFO 'l3_out_33_U(cloud_mlp_top_fifo_w15_d2_S)' using Shift Registers.
INFO: [RTMG 210-285] Implementing FIFO 'l3_out_34_U(cloud_mlp_top_fifo_w15_d2_S)' using Shift Registers.
INFO: [RTMG 210-285] Implementing FIFO 'l3_out_35_U(cloud_mlp_top_fifo_w15_d2_S)' using Shift Registers.
INFO: [RTMG 210-285] Implementing FIFO 'l3_out_36_U(cloud_mlp_top_fifo_w15_d2_S)' using Shift Registers.
INFO: [RTMG 210-285] Implementing FIFO 'l3_out_37_U(cloud_mlp_top_fifo_w15_d2_S)' using Shift Registers.
INFO: [RTMG 210-285] Implementing FIFO 'l3_out_38_U(cloud_mlp_top_fifo_w15_d2_S)' using Shift Registers.
INFO: [RTMG 210-285] Implementing FIFO 'l3_out_39_U(cloud_mlp_top_fifo_w15_d2_S)' using Shift Registers.
INFO: [RTMG 210-285] Implementing FIFO 'l3_out_40_U(cloud_mlp_top_fifo_w15_d2_S)' using Shift Registers.
INFO: [RTMG 210-285] Implementing FIFO 'l3_out_41_U(cloud_mlp_top_fifo_w15_d2_S)' using Shift Registers.
INFO: [RTMG 210-285] Implementing FIFO 'l3_out_42_U(cloud_mlp_top_fifo_w15_d2_S)' using Shift Registers.
INFO: [RTMG 210-285] Implementing FIFO 'l3_out_43_U(cloud_mlp_top_fifo_w15_d2_S)' using Shift Registers.
INFO: [RTMG 210-285] Implementing FIFO 'l3_out_44_U(cloud_mlp_top_fifo_w15_d2_S)' using Shift Registers.
INFO: [RTMG 210-285] Implementing FIFO 'l3_out_45_U(cloud_mlp_top_fifo_w15_d2_S)' using Shift Registers.
INFO: [RTMG 210-285] Implementing FIFO 'l3_out_46_U(cloud_mlp_top_fifo_w15_d2_S)' using Shift Registers.
INFO: [RTMG 210-285] Implementing FIFO 'l3_out_47_U(cloud_mlp_top_fifo_w15_d2_S)' using Shift Registers.
INFO: [RTMG 210-285] Implementing FIFO 'l3_out_48_U(cloud_mlp_top_fifo_w15_d2_S)' using Shift Registers.
INFO: [RTMG 210-285] Implementing FIFO 'l3_out_49_U(cloud_mlp_top_fifo_w15_d2_S)' using Shift Registers.
INFO: [RTMG 210-285] Implementing FIFO 'l3_out_50_U(cloud_mlp_top_fifo_w15_d2_S)' using Shift Registers.
INFO: [RTMG 210-285] Implementing FIFO 'l3_out_51_U(cloud_mlp_top_fifo_w15_d2_S)' using Shift Registers.
INFO: [RTMG 210-285] Implementing FIFO 'l3_out_52_U(cloud_mlp_top_fifo_w15_d2_S)' using Shift Registers.
INFO: [RTMG 210-285] Implementing FIFO 'l3_out_53_U(cloud_mlp_top_fifo_w15_d2_S)' using Shift Registers.
INFO: [RTMG 210-285] Implementing FIFO 'l3_out_54_U(cloud_mlp_top_fifo_w15_d2_S)' using Shift Registers.
INFO: [RTMG 210-285] Implementing FIFO 'l3_out_55_U(cloud_mlp_top_fifo_w15_d2_S)' using Shift Registers.
INFO: [RTMG 210-285] Implementing FIFO 'l3_out_56_U(cloud_mlp_top_fifo_w15_d2_S)' using Shift Registers.
INFO: [RTMG 210-285] Implementing FIFO 'l3_out_57_U(cloud_mlp_top_fifo_w15_d2_S)' using Shift Registers.
INFO: [RTMG 210-285] Implementing FIFO 'l3_out_58_U(cloud_mlp_top_fifo_w15_d2_S)' using Shift Registers.
INFO: [RTMG 210-285] Implementing FIFO 'l3_out_59_U(cloud_mlp_top_fifo_w15_d2_S)' using Shift Registers.
INFO: [RTMG 210-285] Implementing FIFO 'l3_out_60_U(cloud_mlp_top_fifo_w15_d2_S)' using Shift Registers.
INFO: [RTMG 210-285] Implementing FIFO 'l3_out_61_U(cloud_mlp_top_fifo_w15_d2_S)' using Shift Registers.
INFO: [RTMG 210-285] Implementing FIFO 'l3_out_62_U(cloud_mlp_top_fifo_w15_d2_S)' using Shift Registers.
INFO: [RTMG 210-285] Implementing FIFO 'l3_out_63_U(cloud_mlp_top_fifo_w15_d2_S)' using Shift Registers.
INFO: [HLS 200-111] Finished Creating RTL model: CPU user time: 1 seconds. CPU system time: 0 seconds. Elapsed time: 13.06 seconds; current allocated memory: 2.771 GB.
INFO: [HLS 200-111] Finished Generating all RTL models: CPU user time: 4 seconds. CPU system time: 1 seconds. Elapsed time: 5.487 seconds; current allocated memory: 2.783 GB.
INFO: [HLS 200-2225] Wrote inferred directives to file C:/OCDS/OCDS_4K_Streams/OCDS_4K_Stream/OCDS_4K_Stream/hls/syn/inferred_directives.ini
INFO: [HLS 200-111] Finished Updating report files: CPU user time: 6 seconds. CPU system time: 2 seconds. Elapsed time: 7.748 seconds; current allocated memory: 3.056 GB.
INFO: [VHDL 208-304] Generating VHDL RTL for cloud_mlp_top.
INFO: [VLOG 209-307] Generating Verilog RTL for cloud_mlp_top.
INFO: [HLS 200-790] **** Loop Constraint Status: All loop constraints were satisfied.
INFO: [HLS 200-789] **** Estimated Fmax: 39.02 MHz
INFO: [HLS 200-112] Total CPU user time: 317 seconds. Total CPU system time: 60 seconds. Total elapsed time: 473.248 seconds; peak allocated memory: 3.056 GB.
INFO: [v++ 60-791] Total elapsed time: 0h 7m 57s
