  **** HLS Build v2025.2 6295257
INFO: [HLS 200-2005] Using work_dir C:/OCDS/OCDS_4K_Streams/OCDS_4K_Stream/OCDS_4K_Stream 
INFO: [HLS 200-2176] Writing Vitis IDE component file C:/OCDS/OCDS_4K_Streams/OCDS_4K_Stream/OCDS_4K_Stream/vitis-comp.json
INFO: [HLS 200-10] Creating and opening component 'C:/OCDS/OCDS_4K_Streams/OCDS_4K_Stream/OCDS_4K_Stream'.
INFO: [HLS 200-1505] Using default flow_target 'vivado'
Resolution: For help on HLS 200-1505 see docs.amd.com/access/sources/dita/topic?Doc_Version=2025.2%20English&url=ug1448-hls-guidance&resourceid=200-1505.html
INFO: [HLS 200-2174] Applying component config ini file hls_config.cfg
INFO: [HLS 200-1465] Applying config ini 'syn.file=./cloud_mlp.cpp' from hls_config.cfg(9)
INFO: [HLS 200-10] Adding design file './cloud_mlp.cpp' to the project
INFO: [HLS 200-1465] Applying config ini 'syn.file=./cloud_mlp.hpp' from hls_config.cfg(10)
INFO: [HLS 200-10] Adding design file './cloud_mlp.hpp' to the project
INFO: [HLS 200-1465] Applying config ini 'syn.file=./weights.h' from hls_config.cfg(11)
INFO: [HLS 200-10] Adding design file './weights.h' to the project
INFO: [HLS 200-1465] Applying config ini 'tb.file=./tb_cloud_mlp.cpp' from hls_config.cfg(13)
INFO: [HLS 200-10] Adding test bench file './tb_cloud_mlp.cpp' to the project
INFO: [HLS 200-1465] Applying config ini 'syn.top=cloud_mlp_top' from hls_config.cfg(12)
INFO: [HLS 200-1465] Applying config ini 'flow_target=vivado' from hls_config.cfg(4)
INFO: [HLS 200-1505] Using flow_target 'vivado'
Resolution: For help on HLS 200-1505 see docs.amd.com/access/sources/dita/topic?Doc_Version=2025.2%20English&url=ug1448-hls-guidance&resourceid=200-1505.html
INFO: [HLS 200-1465] Applying config ini 'part=xczu9eg-ffvb1156-2-e' from hls_config.cfg(1)
INFO: [HLS 200-1611] Setting target device to 'xczu9eg-ffvb1156-2-e'
INFO: [HLS 200-1465] Applying config ini 'clock=30ns' from hls_config.cfg(7)
INFO: [SYN 201-201] Setting up clock 'default' with a period of 30ns.
INFO: [HLS 200-1465] Applying config ini 'clock_uncertainty=0.81ns' from hls_config.cfg(16)
INFO: [SYN 201-201] Setting up clock 'default' with an uncertainty of 0.81ns.
INFO: [HLS 200-1465] Applying config ini 'csim.clean=1' from hls_config.cfg(14)
INFO: [HLS 200-1465] Applying config ini 'package.output.format=ip_catalog' from hls_config.cfg(5)
INFO: [HLS 200-1465] Applying config ini 'syn.compile.unsafe_math_optimizations=1' from hls_config.cfg(15)
INFO: [XFORM 203-1172] Optimizing floating point zeros and discarding its signedness.
INFO: [XFORM 203-1176] Optimizing floating point comparison without checking NaN.
INFO: [XFORM 203-1173] Reordering floating point operations aggressively.
INFO: [HLS 200-2176] Writing Vitis IDE component file C:/OCDS/OCDS_4K_Streams/OCDS_4K_Stream/OCDS_4K_Stream/vitis-comp.json
INFO: [HLS 200-111] Finished File checks and directory preparation: CPU user time: 1 seconds. CPU system time: 2 seconds. Elapsed time: 3.224 seconds; current allocated memory: 150.262 MB.
INFO: [HLS 200-2191] C-Synthesis will use clang-16 as the compiler
INFO: [HLS 200-10] Analyzing design file 'cloud_mlp.cpp' ... 
INFO: [HLS 200-111] Finished Source Code Analysis and Preprocessing: CPU user time: 0 seconds. CPU system time: 0 seconds. Elapsed time: 7.982 seconds; current allocated memory: 153.402 MB.
INFO: [HLS 200-777] Using interface defaults for 'Vivado' flow target.
INFO: [HLS 200-1995] There were 9,673 instructions in the design after the 'Compile/Link' phase of compilation. See the Design Size Report for more details (C:/OCDS/OCDS_4K_Streams/OCDS_4K_Stream/OCDS_4K_Stream/hls/syn/report/csynth_design_size.rpt:2)
INFO: [HLS 200-1995] There were 21,556 instructions in the design after the 'Unroll/Inline (step 1)' phase of compilation. See the Design Size Report for more details (C:/OCDS/OCDS_4K_Streams/OCDS_4K_Stream/OCDS_4K_Stream/hls/syn/report/csynth_design_size.rpt:2)
INFO: [HLS 200-1995] There were 12,616 instructions in the design after the 'Unroll/Inline (step 2)' phase of compilation. See the Design Size Report for more details (C:/OCDS/OCDS_4K_Streams/OCDS_4K_Stream/OCDS_4K_Stream/hls/syn/report/csynth_design_size.rpt:2)
INFO: [HLS 200-1995] There were 12,208 instructions in the design after the 'Unroll/Inline (step 3)' phase of compilation. See the Design Size Report for more details (C:/OCDS/OCDS_4K_Streams/OCDS_4K_Stream/OCDS_4K_Stream/hls/syn/report/csynth_design_size.rpt:2)
INFO: [HLS 200-1995] There were 11,157 instructions in the design after the 'Unroll/Inline (step 4)' phase of compilation. See the Design Size Report for more details (C:/OCDS/OCDS_4K_Streams/OCDS_4K_Stream/OCDS_4K_Stream/hls/syn/report/csynth_design_size.rpt:2)
INFO: [HLS 200-1995] There were 11,157 instructions in the design after the 'Array/Struct (step 1)' phase of compilation. See the Design Size Report for more details (C:/OCDS/OCDS_4K_Streams/OCDS_4K_Stream/OCDS_4K_Stream/hls/syn/report/csynth_design_size.rpt:2)
INFO: [HLS 200-1995] There were 11,157 instructions in the design after the 'Array/Struct (step 2)' phase of compilation. See the Design Size Report for more details (C:/OCDS/OCDS_4K_Streams/OCDS_4K_Stream/OCDS_4K_Stream/hls/syn/report/csynth_design_size.rpt:2)
INFO: [HLS 200-1995] There were 11,159 instructions in the design after the 'Array/Struct (step 3)' phase of compilation. See the Design Size Report for more details (C:/OCDS/OCDS_4K_Streams/OCDS_4K_Stream/OCDS_4K_Stream/hls/syn/report/csynth_design_size.rpt:2)
INFO: [HLS 200-1995] There were 11,202 instructions in the design after the 'Array/Struct (step 4)' phase of compilation. See the Design Size Report for more details (C:/OCDS/OCDS_4K_Streams/OCDS_4K_Stream/OCDS_4K_Stream/hls/syn/report/csynth_design_size.rpt:2)
INFO: [HLS 200-1995] There were 11,293 instructions in the design after the 'Array/Struct (step 5)' phase of compilation. See the Design Size Report for more details (C:/OCDS/OCDS_4K_Streams/OCDS_4K_Stream/OCDS_4K_Stream/hls/syn/report/csynth_design_size.rpt:2)
INFO: [HLS 200-1995] There were 11,289 instructions in the design after the 'Performance (step 1)' phase of compilation. See the Design Size Report for more details (C:/OCDS/OCDS_4K_Streams/OCDS_4K_Stream/OCDS_4K_Stream/hls/syn/report/csynth_design_size.rpt:2)
INFO: [HLS 200-1995] There were 11,264 instructions in the design after the 'Performance (step 2)' phase of compilation. See the Design Size Report for more details (C:/OCDS/OCDS_4K_Streams/OCDS_4K_Stream/OCDS_4K_Stream/hls/syn/report/csynth_design_size.rpt:2)
INFO: [HLS 200-1995] There were 13,661 instructions in the design after the 'Performance (step 3)' phase of compilation. See the Design Size Report for more details (C:/OCDS/OCDS_4K_Streams/OCDS_4K_Stream/OCDS_4K_Stream/hls/syn/report/csynth_design_size.rpt:2)
INFO: [HLS 200-1995] There were 11,293 instructions in the design after the 'Performance (step 4)' phase of compilation. See the Design Size Report for more details (C:/OCDS/OCDS_4K_Streams/OCDS_4K_Stream/OCDS_4K_Stream/hls/syn/report/csynth_design_size.rpt:2)
INFO: [HLS 200-1995] There were 11,258 instructions in the design after the 'HW Transforms (step 1)' phase of compilation. See the Design Size Report for more details (C:/OCDS/OCDS_4K_Streams/OCDS_4K_Stream/OCDS_4K_Stream/hls/syn/report/csynth_design_size.rpt:2)
INFO: [HLS 200-1995] There were 11,262 instructions in the design after the 'HW Transforms (step 2)' phase of compilation. See the Design Size Report for more details (C:/OCDS/OCDS_4K_Streams/OCDS_4K_Stream/OCDS_4K_Stream/hls/syn/report/csynth_design_size.rpt:2)
INFO: [HLS 214-131] Inlining function 'relu(ap_fixed<16, 6, (ap_q_mode)5, (ap_o_mode)3, 0>)' into 'compute_l1(ap_fixed<16, 6, (ap_q_mode)5, (ap_o_mode)3, 0>*, ap_fixed<16, 6, (ap_q_mode)5, (ap_o_mode)3, 0>*)' (cloud_mlp.cpp:62:21)
INFO: [HLS 214-131] Inlining function 'relu(ap_fixed<16, 6, (ap_q_mode)5, (ap_o_mode)3, 0>)' into 'compute_l2(ap_fixed<16, 6, (ap_q_mode)5, (ap_o_mode)3, 0>*, ap_fixed<16, 6, (ap_q_mode)5, (ap_o_mode)3, 0>*)' (cloud_mlp.cpp:75:21)
INFO: [HLS 214-131] Inlining function 'relu(ap_fixed<16, 6, (ap_q_mode)5, (ap_o_mode)3, 0>)' into 'compute_l3(ap_fixed<16, 6, (ap_q_mode)5, (ap_o_mode)3, 0>*, ap_fixed<16, 6, (ap_q_mode)5, (ap_o_mode)3, 0>*)' (cloud_mlp.cpp:87:21)
INFO: [HLS 214-131] Inlining function 'hard_sigmoid(ap_fixed<16, 6, (ap_q_mode)5, (ap_o_mode)3, 0>)' into 'write_output(ap_fixed<16, 6, (ap_q_mode)5, (ap_o_mode)3, 0>*, hls::stream<PacketMeta, 0>&, hls::stream<hls::axis<ap_int<32>, 0ul, 0ul, 0ul, (unsigned char)56, false>, 0>&)' (cloud_mlp.cpp:101:29)
INFO: [HLS 214-291] Loop 'VITIS_LOOP_84_1' is marked as complete unroll implied by the pipeline pragma (cloud_mlp.cpp:84:26)
INFO: [HLS 214-291] Loop 'VITIS_LOOP_72_1' is marked as complete unroll implied by the pipeline pragma (cloud_mlp.cpp:72:26)
INFO: [HLS 214-291] Loop 'VITIS_LOOP_58_1' is marked as complete unroll implied by the pipeline pragma (cloud_mlp.cpp:58:26)
INFO: [HLS 214-186] Unrolling loop 'VITIS_LOOP_84_1' (cloud_mlp.cpp:84:26) in function 'compute_l3' completely with a factor of 128 (cloud_mlp.cpp:79:0)
INFO: [HLS 214-186] Unrolling loop 'VITIS_LOOP_72_1' (cloud_mlp.cpp:72:26) in function 'compute_l2' completely with a factor of 64 (cloud_mlp.cpp:66:0)
INFO: [HLS 214-186] Unrolling loop 'VITIS_LOOP_58_1' (cloud_mlp.cpp:58:26) in function 'compute_l1' completely with a factor of 4 (cloud_mlp.cpp:51:0)
INFO: [HLS 214-178] Inlining function 'hls::axis<ap_int<32>, 0ul, 0ul, 0ul, (unsigned char)56, false>::axis()' into 'read_input(hls::stream<hls::axis<ap_int<32>, 0ul, 0ul, 0ul, (unsigned char)56, false>, 0>&, ap_fixed<16, 6, (ap_q_mode)5, (ap_o_mode)3, 0>*, hls::stream<PacketMeta, 0>&)' (cloud_mlp.cpp:30:0)
INFO: [HLS 214-178] Inlining function 'hls::axis<ap_int<32>, 0ul, 0ul, 0ul, (unsigned char)56, false>::axis()' into 'write_output(ap_fixed<16, 6, (ap_q_mode)5, (ap_o_mode)3, 0>*, hls::stream<PacketMeta, 0>&, hls::stream<hls::axis<ap_int<32>, 0ul, 0ul, 0ul, (unsigned char)56, false>, 0>&)' (cloud_mlp.cpp:91:0)
INFO: [HLS 214-241] Aggregating fifo (hls::stream) variable 'meta_stream' with compact=bit mode in 17-bits (cloud_mlp.cpp:125:29)
INFO: [HLS 214-449] Partitioning array 'input_arr' dimension 1 due to constant index. (cloud_mlp.cpp:119:12)
INFO: [HLS 214-270] Inferring pragma 'array_partition type=cyclic factor=8 dim=2' for array 'W2' due to pipeline pragma (cloud_mlp.cpp:69:1)
INFO: [HLS 214-270] Inferring pragma 'array_partition type=cyclic factor=16 dim=2' for array 'W3' due to pipeline pragma (cloud_mlp.cpp:82:1)
INFO: [HLS 214-248] Applying array_partition to '_ZL2W3': Cyclic partitioning with factor 16 on dimension 2. (./weights.h:205:0)
INFO: [HLS 214-248] Applying array_partition to '_ZL2W2': Cyclic partitioning with factor 8 on dimension 2. (./weights.h:73:0)
INFO: [HLS 214-248] Applying array_partition to 'input_arr': Complete partitioning on dimension 1. (cloud_mlp.cpp:119:12)
INFO: [HLS 200-111] Finished Compiling Optimization and Transform: CPU user time: 1 seconds. CPU system time: 0 seconds. Elapsed time: 14.391 seconds; current allocated memory: 155.949 MB.
INFO: [HLS 200-111] Finished Checking Pragmas: CPU user time: 0 seconds. CPU system time: 0 seconds. Elapsed time: 0.002 seconds; current allocated memory: 155.949 MB.
INFO: [HLS 200-10] Starting code transformations ...
INFO: [HLS 200-111] Finished Standard Transforms: CPU user time: 0 seconds. CPU system time: 0 seconds. Elapsed time: 0.596 seconds; current allocated memory: 174.867 MB.
INFO: [HLS 200-10] Checking synthesizability ...
INFO: [HLS 200-111] Finished Checking Synthesizability: CPU user time: 1 seconds. CPU system time: 0 seconds. Elapsed time: 0.473 seconds; current allocated memory: 182.902 MB.
INFO: [XFORM 203-712] Applying dataflow to function 'cloud_mlp_top' (cloud_mlp.cpp:113:1), detected/extracted 5 process function(s): 
	 'read_input'
	 'compute_l1'
	 'compute_l2'
	 'compute_l3'
	 'write_output'.
INFO: [XFORM 203-401] Performing if-conversion on hyperblock from (cloud_mlp.cpp:97:1) to (cloud_mlp.cpp:96:10) in function 'write_output'... converting 7 basic blocks.
INFO: [XFORM 203-401] Performing if-conversion on hyperblock from (cloud_mlp.cpp:82:1) to (cloud_mlp.cpp:81:9) in function 'compute_l3'... converting 775 basic blocks.
INFO: [XFORM 203-401] Performing if-conversion on hyperblock from (cloud_mlp.cpp:69:1) to (cloud_mlp.cpp:68:9) in function 'compute_l2'... converting 391 basic blocks.
INFO: [XFORM 203-401] Performing if-conversion on hyperblock from (cloud_mlp.cpp:55:1) to (cloud_mlp.cpp:54:9) in function 'compute_l1'... converting 31 basic blocks.
INFO: [HLS 200-111] Finished Loop, function and other optimizations: CPU user time: 2 seconds. CPU system time: 0 seconds. Elapsed time: 2.881 seconds; current allocated memory: 217.250 MB.
INFO: [HLS 200-111] Finished Architecture Synthesis: CPU user time: 4 seconds. CPU system time: 1 seconds. Elapsed time: 5.129 seconds; current allocated memory: 314.305 MB.
INFO: [HLS 200-10] Starting hardware synthesis ...
INFO: [HLS 200-10] Synthesizing 'cloud_mlp_top' ...
INFO: [HLS 200-10] ----------------------------------------------------------------
INFO: [HLS 200-42] -- Implementing module 'read_input' 
INFO: [HLS 200-10] ----------------------------------------------------------------
INFO: [SCHED 204-11] Starting scheduling ...
INFO: [SCHED 204-11] Finished scheduling.
INFO: [HLS 200-111] Finished Scheduling: CPU user time: 0 seconds. CPU system time: 0 seconds. Elapsed time: 0.265 seconds; current allocated memory: 319.062 MB.
INFO: [BIND 205-100] Starting micro-architecture generation ...
INFO: [BIND 205-101] Performing variable lifetime analysis.
INFO: [BIND 205-101] Exploring resource sharing.
INFO: [BIND 205-101] Binding ...
INFO: [BIND 205-100] Finished micro-architecture generation.
INFO: [HLS 200-111] Finished Binding: CPU user time: 1 seconds. CPU system time: 0 seconds. Elapsed time: 0.022 seconds; current allocated memory: 320.156 MB.
INFO: [HLS 200-10] ----------------------------------------------------------------
INFO: [HLS 200-42] -- Implementing module 'compute_l1' 
INFO: [HLS 200-10] ----------------------------------------------------------------
INFO: [SCHED 204-11] Starting scheduling ...
INFO: [HLS 200-486] Changing DSP latency (root=add_ln60_7) to 3 in order to utilize available DSP registers.
INFO: [HLS 200-486] Changing DSP latency (root=add_ln60_5) to 3 in order to utilize available DSP registers.
INFO: [HLS 200-486] Changing DSP latency (root=add_ln60_3) to 3 in order to utilize available DSP registers.
INFO: [HLS 200-486] Changing DSP latency (root=add_ln60_1) to 3 in order to utilize available DSP registers.
INFO: [SCHED 204-61] Pipelining loop 'L1'.
INFO: [HLS 200-1470] Pipelining result : Target II = 8, Final II = 8, Depth = 9, loop 'L1'
INFO: [SCHED 204-11] Finished scheduling.
INFO: [HLS 200-111] Finished Scheduling: CPU user time: 0 seconds. CPU system time: 0 seconds. Elapsed time: 0.136 seconds; current allocated memory: 322.785 MB.
INFO: [BIND 205-100] Starting micro-architecture generation ...
INFO: [BIND 205-101] Performing variable lifetime analysis.
INFO: [BIND 205-101] Exploring resource sharing.
INFO: [BIND 205-101] Binding ...
INFO: [BIND 205-100] Finished micro-architecture generation.
INFO: [HLS 200-111] Finished Binding: CPU user time: 0 seconds. CPU system time: 0 seconds. Elapsed time: 0.07 seconds; current allocated memory: 323.258 MB.
INFO: [HLS 200-10] ----------------------------------------------------------------
INFO: [HLS 200-42] -- Implementing module 'compute_l2_Pipeline_L2' 
INFO: [HLS 200-10] ----------------------------------------------------------------
INFO: [SCHED 204-11] Starting scheduling ...
INFO: [HLS 200-486] Changing DSP latency (root=add_ln73_127) to 3 in order to utilize available DSP registers.
INFO: [HLS 200-486] Changing DSP latency (root=add_ln73_125) to 3 in order to utilize available DSP registers.
INFO: [HLS 200-486] Changing DSP latency (root=add_ln73_123) to 3 in order to utilize available DSP registers.
INFO: [HLS 200-486] Changing DSP latency (root=add_ln73_121) to 3 in order to utilize available DSP registers.
INFO: [HLS 200-486] Changing DSP latency (root=add_ln73_119) to 3 in order to utilize available DSP registers.
INFO: [HLS 200-486] Changing DSP latency (root=add_ln73_117) to 3 in order to utilize available DSP registers.
INFO: [HLS 200-486] Changing DSP latency (root=add_ln73_115) to 3 in order to utilize available DSP registers.
INFO: [HLS 200-486] Changing DSP latency (root=add_ln73_113) to 3 in order to utilize available DSP registers.
INFO: [HLS 200-486] Changing DSP latency (root=add_ln73_111) to 3 in order to utilize available DSP registers.
INFO: [HLS 200-486] Changing DSP latency (root=add_ln73_109) to 3 in order to utilize available DSP registers.
INFO: [HLS 200-486] Changing DSP latency (root=add_ln73_107) to 3 in order to utilize available DSP registers.
INFO: [HLS 200-486] Changing DSP latency (root=add_ln73_105) to 3 in order to utilize available DSP registers.
INFO: [HLS 200-486] Changing DSP latency (root=add_ln73_103) to 3 in order to utilize available DSP registers.
INFO: [HLS 200-486] Changing DSP latency (root=add_ln73_101) to 3 in order to utilize available DSP registers.
INFO: [HLS 200-486] Changing DSP latency (root=add_ln73_99) to 3 in order to utilize available DSP registers.
INFO: [HLS 200-486] Changing DSP latency (root=add_ln73_97) to 3 in order to utilize available DSP registers.
INFO: [HLS 200-486] Changing DSP latency (root=add_ln73_95) to 3 in order to utilize available DSP registers.
INFO: [HLS 200-486] Changing DSP latency (root=add_ln73_93) to 3 in order to utilize available DSP registers.
INFO: [HLS 200-486] Changing DSP latency (root=add_ln73_91) to 3 in order to utilize available DSP registers.
INFO: [HLS 200-486] Changing DSP latency (root=add_ln73_89) to 3 in order to utilize available DSP registers.
INFO: [HLS 200-486] Changing DSP latency (root=add_ln73_87) to 3 in order to utilize available DSP registers.
INFO: [HLS 200-486] Changing DSP latency (root=add_ln73_85) to 3 in order to utilize available DSP registers.
INFO: [HLS 200-486] Changing DSP latency (root=add_ln73_83) to 3 in order to utilize available DSP registers.
INFO: [HLS 200-486] Changing DSP latency (root=add_ln73_81) to 3 in order to utilize available DSP registers.
INFO: [HLS 200-486] Changing DSP latency (root=add_ln73_79) to 3 in order to utilize available DSP registers.
INFO: [HLS 200-486] Changing DSP latency (root=add_ln73_77) to 3 in order to utilize available DSP registers.
INFO: [HLS 200-486] Changing DSP latency (root=add_ln73_75) to 3 in order to utilize available DSP registers.
INFO: [HLS 200-486] Changing DSP latency (root=add_ln73_73) to 3 in order to utilize available DSP registers.
INFO: [HLS 200-486] Changing DSP latency (root=add_ln73_71) to 3 in order to utilize available DSP registers.
INFO: [HLS 200-486] Changing DSP latency (root=add_ln73_69) to 3 in order to utilize available DSP registers.
INFO: [HLS 200-486] Changing DSP latency (root=add_ln73_67) to 3 in order to utilize available DSP registers.
INFO: [HLS 200-486] Changing DSP latency (root=add_ln73_65) to 3 in order to utilize available DSP registers.
INFO: [HLS 200-486] Changing DSP latency (root=add_ln73_63) to 3 in order to utilize available DSP registers.
INFO: [HLS 200-486] Changing DSP latency (root=add_ln73_61) to 3 in order to utilize available DSP registers.
INFO: [HLS 200-486] Changing DSP latency (root=add_ln73_59) to 3 in order to utilize available DSP registers.
INFO: [HLS 200-486] Changing DSP latency (root=add_ln73_57) to 3 in order to utilize available DSP registers.
INFO: [HLS 200-486] Changing DSP latency (root=add_ln73_55) to 3 in order to utilize available DSP registers.
INFO: [HLS 200-486] Changing DSP latency (root=add_ln73_53) to 3 in order to utilize available DSP registers.
INFO: [HLS 200-486] Changing DSP latency (root=add_ln73_51) to 3 in order to utilize available DSP registers.
INFO: [HLS 200-486] Changing DSP latency (root=add_ln73_49) to 3 in order to utilize available DSP registers.
INFO: [HLS 200-486] Changing DSP latency (root=add_ln73_47) to 3 in order to utilize available DSP registers.
INFO: [HLS 200-486] Changing DSP latency (root=add_ln73_45) to 3 in order to utilize available DSP registers.
INFO: [HLS 200-486] Changing DSP latency (root=add_ln73_43) to 3 in order to utilize available DSP registers.
INFO: [HLS 200-486] Changing DSP latency (root=add_ln73_41) to 3 in order to utilize available DSP registers.
INFO: [HLS 200-486] Changing DSP latency (root=add_ln73_39) to 3 in order to utilize available DSP registers.
INFO: [HLS 200-486] Changing DSP latency (root=add_ln73_37) to 3 in order to utilize available DSP registers.
INFO: [HLS 200-486] Changing DSP latency (root=add_ln73_35) to 3 in order to utilize available DSP registers.
INFO: [HLS 200-486] Changing DSP latency (root=add_ln73_33) to 3 in order to utilize available DSP registers.
INFO: [HLS 200-486] Changing DSP latency (root=add_ln73_31) to 3 in order to utilize available DSP registers.
INFO: [HLS 200-486] Changing DSP latency (root=add_ln73_29) to 3 in order to utilize available DSP registers.
INFO: [HLS 200-486] Changing DSP latency (root=add_ln73_27) to 3 in order to utilize available DSP registers.
INFO: [HLS 200-486] Changing DSP latency (root=add_ln73_25) to 3 in order to utilize available DSP registers.
INFO: [HLS 200-486] Changing DSP latency (root=add_ln73_23) to 3 in order to utilize available DSP registers.
INFO: [HLS 200-486] Changing DSP latency (root=add_ln73_21) to 3 in order to utilize available DSP registers.
INFO: [HLS 200-486] Changing DSP latency (root=add_ln73_19) to 3 in order to utilize available DSP registers.
INFO: [HLS 200-486] Changing DSP latency (root=add_ln73_17) to 3 in order to utilize available DSP registers.
INFO: [HLS 200-486] Changing DSP latency (root=add_ln73_15) to 3 in order to utilize available DSP registers.
INFO: [HLS 200-486] Changing DSP latency (root=add_ln73_13) to 3 in order to utilize available DSP registers.
INFO: [HLS 200-486] Changing DSP latency (root=add_ln73_11) to 3 in order to utilize available DSP registers.
INFO: [HLS 200-486] Changing DSP latency (root=add_ln73_9) to 3 in order to utilize available DSP registers.
INFO: [HLS 200-486] Changing DSP latency (root=add_ln73_7) to 3 in order to utilize available DSP registers.
INFO: [HLS 200-486] Changing DSP latency (root=add_ln73_5) to 3 in order to utilize available DSP registers.
INFO: [HLS 200-486] Changing DSP latency (root=add_ln73_3) to 3 in order to utilize available DSP registers.
INFO: [HLS 200-486] Changing DSP latency (root=add_ln73_1) to 3 in order to utilize available DSP registers.
INFO: [SCHED 204-61] Pipelining loop 'L2'.
INFO: [HLS 200-1470] Pipelining result : Target II = 8, Final II = 8, Depth = 68, loop 'L2'
INFO: [SCHED 204-11] Finished scheduling.
INFO: [HLS 200-111] Finished Scheduling: CPU user time: 1 seconds. CPU system time: 0 seconds. Elapsed time: 3.903 seconds; current allocated memory: 361.566 MB.
INFO: [BIND 205-100] Starting micro-architecture generation ...
INFO: [BIND 205-101] Performing variable lifetime analysis.
INFO: [BIND 205-101] Exploring resource sharing.
INFO: [BIND 205-101] Binding ...
INFO: [BIND 205-100] Finished micro-architecture generation.
INFO: [HLS 200-111] Finished Binding: CPU user time: 1 seconds. CPU system time: 0 seconds. Elapsed time: 0.808 seconds; current allocated memory: 361.566 MB.
INFO: [HLS 200-10] ----------------------------------------------------------------
INFO: [HLS 200-42] -- Implementing module 'compute_l2' 
INFO: [HLS 200-10] ----------------------------------------------------------------
INFO: [SCHED 204-11] Starting scheduling ...
INFO: [SCHED 204-11] Finished scheduling.
INFO: [HLS 200-111] Finished Scheduling: CPU user time: 0 seconds. CPU system time: 0 seconds. Elapsed time: 0.724 seconds; current allocated memory: 361.566 MB.
INFO: [BIND 205-100] Starting micro-architecture generation ...
INFO: [BIND 205-101] Performing variable lifetime analysis.
INFO: [BIND 205-101] Exploring resource sharing.
INFO: [BIND 205-101] Binding ...
INFO: [BIND 205-100] Finished micro-architecture generation.
INFO: [HLS 200-111] Finished Binding: CPU user time: 0 seconds. CPU system time: 0 seconds. Elapsed time: 0.07 seconds; current allocated memory: 361.566 MB.
INFO: [HLS 200-10] ----------------------------------------------------------------
INFO: [HLS 200-42] -- Implementing module 'compute_l3_Pipeline_L3' 
INFO: [HLS 200-10] ----------------------------------------------------------------
INFO: [SCHED 204-11] Starting scheduling ...
INFO: [HLS 200-486] Changing DSP latency (root=add_ln85_255) to 3 in order to utilize available DSP registers.
INFO: [HLS 200-486] Changing DSP latency (root=add_ln85_253) to 3 in order to utilize available DSP registers.
INFO: [HLS 200-486] Changing DSP latency (root=add_ln85_251) to 3 in order to utilize available DSP registers.
INFO: [HLS 200-486] Changing DSP latency (root=add_ln85_249) to 3 in order to utilize available DSP registers.
INFO: [HLS 200-486] Changing DSP latency (root=add_ln85_247) to 3 in order to utilize available DSP registers.
INFO: [HLS 200-486] Changing DSP latency (root=add_ln85_245) to 3 in order to utilize available DSP registers.
INFO: [HLS 200-486] Changing DSP latency (root=add_ln85_243) to 3 in order to utilize available DSP registers.
INFO: [HLS 200-486] Changing DSP latency (root=add_ln85_241) to 3 in order to utilize available DSP registers.
INFO: [HLS 200-486] Changing DSP latency (root=add_ln85_239) to 3 in order to utilize available DSP registers.
INFO: [HLS 200-486] Changing DSP latency (root=add_ln85_237) to 3 in order to utilize available DSP registers.
INFO: [HLS 200-486] Changing DSP latency (root=add_ln85_235) to 3 in order to utilize available DSP registers.
INFO: [HLS 200-486] Changing DSP latency (root=add_ln85_233) to 3 in order to utilize available DSP registers.
INFO: [HLS 200-486] Changing DSP latency (root=add_ln85_231) to 3 in order to utilize available DSP registers.
INFO: [HLS 200-486] Changing DSP latency (root=add_ln85_229) to 3 in order to utilize available DSP registers.
INFO: [HLS 200-486] Changing DSP latency (root=add_ln85_227) to 3 in order to utilize available DSP registers.
INFO: [HLS 200-486] Changing DSP latency (root=add_ln85_225) to 3 in order to utilize available DSP registers.
INFO: [HLS 200-486] Changing DSP latency (root=add_ln85_223) to 3 in order to utilize available DSP registers.
INFO: [HLS 200-486] Changing DSP latency (root=add_ln85_221) to 3 in order to utilize available DSP registers.
INFO: [HLS 200-486] Changing DSP latency (root=add_ln85_219) to 3 in order to utilize available DSP registers.
INFO: [HLS 200-486] Changing DSP latency (root=add_ln85_217) to 3 in order to utilize available DSP registers.
INFO: [HLS 200-486] Changing DSP latency (root=add_ln85_215) to 3 in order to utilize available DSP registers.
INFO: [HLS 200-486] Changing DSP latency (root=add_ln85_213) to 3 in order to utilize available DSP registers.
INFO: [HLS 200-486] Changing DSP latency (root=add_ln85_211) to 3 in order to utilize available DSP registers.
INFO: [HLS 200-486] Changing DSP latency (root=add_ln85_209) to 3 in order to utilize available DSP registers.
INFO: [HLS 200-486] Changing DSP latency (root=add_ln85_207) to 3 in order to utilize available DSP registers.
INFO: [HLS 200-486] Changing DSP latency (root=add_ln85_205) to 3 in order to utilize available DSP registers.
INFO: [HLS 200-486] Changing DSP latency (root=add_ln85_203) to 3 in order to utilize available DSP registers.
INFO: [HLS 200-486] Changing DSP latency (root=add_ln85_201) to 3 in order to utilize available DSP registers.
INFO: [HLS 200-486] Changing DSP latency (root=add_ln85_199) to 3 in order to utilize available DSP registers.
INFO: [HLS 200-486] Changing DSP latency (root=add_ln85_197) to 3 in order to utilize available DSP registers.
INFO: [HLS 200-486] Changing DSP latency (root=add_ln85_195) to 3 in order to utilize available DSP registers.
INFO: [HLS 200-486] Changing DSP latency (root=add_ln85_193) to 3 in order to utilize available DSP registers.
INFO: [HLS 200-486] Changing DSP latency (root=add_ln85_191) to 3 in order to utilize available DSP registers.
INFO: [HLS 200-486] Changing DSP latency (root=add_ln85_189) to 3 in order to utilize available DSP registers.
INFO: [HLS 200-486] Changing DSP latency (root=add_ln85_187) to 3 in order to utilize available DSP registers.
INFO: [HLS 200-486] Changing DSP latency (root=add_ln85_185) to 3 in order to utilize available DSP registers.
INFO: [HLS 200-486] Changing DSP latency (root=add_ln85_183) to 3 in order to utilize available DSP registers.
INFO: [HLS 200-486] Changing DSP latency (root=add_ln85_181) to 3 in order to utilize available DSP registers.
INFO: [HLS 200-486] Changing DSP latency (root=add_ln85_179) to 3 in order to utilize available DSP registers.
INFO: [HLS 200-486] Changing DSP latency (root=add_ln85_177) to 3 in order to utilize available DSP registers.
INFO: [HLS 200-486] Changing DSP latency (root=add_ln85_175) to 3 in order to utilize available DSP registers.
INFO: [HLS 200-486] Changing DSP latency (root=add_ln85_173) to 3 in order to utilize available DSP registers.
INFO: [HLS 200-486] Changing DSP latency (root=add_ln85_171) to 3 in order to utilize available DSP registers.
INFO: [HLS 200-486] Changing DSP latency (root=add_ln85_169) to 3 in order to utilize available DSP registers.
INFO: [HLS 200-486] Changing DSP latency (root=add_ln85_167) to 3 in order to utilize available DSP registers.
INFO: [HLS 200-486] Changing DSP latency (root=add_ln85_165) to 3 in order to utilize available DSP registers.
INFO: [HLS 200-486] Changing DSP latency (root=add_ln85_163) to 3 in order to utilize available DSP registers.
INFO: [HLS 200-486] Changing DSP latency (root=add_ln85_161) to 3 in order to utilize available DSP registers.
INFO: [HLS 200-486] Changing DSP latency (root=add_ln85_159) to 3 in order to utilize available DSP registers.
INFO: [HLS 200-486] Changing DSP latency (root=add_ln85_157) to 3 in order to utilize available DSP registers.
INFO: [HLS 200-486] Changing DSP latency (root=add_ln85_155) to 3 in order to utilize available DSP registers.
INFO: [HLS 200-486] Changing DSP latency (root=add_ln85_153) to 3 in order to utilize available DSP registers.
INFO: [HLS 200-486] Changing DSP latency (root=add_ln85_151) to 3 in order to utilize available DSP registers.
INFO: [HLS 200-486] Changing DSP latency (root=add_ln85_149) to 3 in order to utilize available DSP registers.
INFO: [HLS 200-486] Changing DSP latency (root=add_ln85_147) to 3 in order to utilize available DSP registers.
INFO: [HLS 200-486] Changing DSP latency (root=add_ln85_145) to 3 in order to utilize available DSP registers.
INFO: [HLS 200-486] Changing DSP latency (root=add_ln85_143) to 3 in order to utilize available DSP registers.
INFO: [HLS 200-486] Changing DSP latency (root=add_ln85_141) to 3 in order to utilize available DSP registers.
INFO: [HLS 200-486] Changing DSP latency (root=add_ln85_139) to 3 in order to utilize available DSP registers.
INFO: [HLS 200-486] Changing DSP latency (root=add_ln85_137) to 3 in order to utilize available DSP registers.
INFO: [HLS 200-486] Changing DSP latency (root=add_ln85_135) to 3 in order to utilize available DSP registers.
INFO: [HLS 200-486] Changing DSP latency (root=add_ln85_133) to 3 in order to utilize available DSP registers.
INFO: [HLS 200-486] Changing DSP latency (root=add_ln85_131) to 3 in order to utilize available DSP registers.
INFO: [HLS 200-486] Changing DSP latency (root=add_ln85_129) to 3 in order to utilize available DSP registers.
INFO: [HLS 200-486] Changing DSP latency (root=add_ln85_127) to 3 in order to utilize available DSP registers.
INFO: [HLS 200-486] Changing DSP latency (root=add_ln85_125) to 3 in order to utilize available DSP registers.
INFO: [HLS 200-486] Changing DSP latency (root=add_ln85_123) to 3 in order to utilize available DSP registers.
INFO: [HLS 200-486] Changing DSP latency (root=add_ln85_121) to 3 in order to utilize available DSP registers.
INFO: [HLS 200-486] Changing DSP latency (root=add_ln85_119) to 3 in order to utilize available DSP registers.
INFO: [HLS 200-486] Changing DSP latency (root=add_ln85_117) to 3 in order to utilize available DSP registers.
INFO: [HLS 200-486] Changing DSP latency (root=add_ln85_115) to 3 in order to utilize available DSP registers.
INFO: [HLS 200-486] Changing DSP latency (root=add_ln85_113) to 3 in order to utilize available DSP registers.
INFO: [HLS 200-486] Changing DSP latency (root=add_ln85_111) to 3 in order to utilize available DSP registers.
INFO: [HLS 200-486] Changing DSP latency (root=add_ln85_109) to 3 in order to utilize available DSP registers.
INFO: [HLS 200-486] Changing DSP latency (root=add_ln85_107) to 3 in order to utilize available DSP registers.
INFO: [HLS 200-486] Changing DSP latency (root=add_ln85_105) to 3 in order to utilize available DSP registers.
INFO: [HLS 200-486] Changing DSP latency (root=add_ln85_103) to 3 in order to utilize available DSP registers.
INFO: [HLS 200-486] Changing DSP latency (root=add_ln85_101) to 3 in order to utilize available DSP registers.
INFO: [HLS 200-486] Changing DSP latency (root=add_ln85_99) to 3 in order to utilize available DSP registers.
INFO: [HLS 200-486] Changing DSP latency (root=add_ln85_97) to 3 in order to utilize available DSP registers.
INFO: [HLS 200-486] Changing DSP latency (root=add_ln85_95) to 3 in order to utilize available DSP registers.
INFO: [HLS 200-486] Changing DSP latency (root=add_ln85_93) to 3 in order to utilize available DSP registers.
INFO: [HLS 200-486] Changing DSP latency (root=add_ln85_91) to 3 in order to utilize available DSP registers.
INFO: [HLS 200-486] Changing DSP latency (root=add_ln85_89) to 3 in order to utilize available DSP registers.
INFO: [HLS 200-486] Changing DSP latency (root=add_ln85_87) to 3 in order to utilize available DSP registers.
INFO: [HLS 200-486] Changing DSP latency (root=add_ln85_85) to 3 in order to utilize available DSP registers.
INFO: [HLS 200-486] Changing DSP latency (root=add_ln85_83) to 3 in order to utilize available DSP registers.
INFO: [HLS 200-486] Changing DSP latency (root=add_ln85_81) to 3 in order to utilize available DSP registers.
INFO: [HLS 200-486] Changing DSP latency (root=add_ln85_79) to 3 in order to utilize available DSP registers.
INFO: [HLS 200-486] Changing DSP latency (root=add_ln85_77) to 3 in order to utilize available DSP registers.
INFO: [HLS 200-486] Changing DSP latency (root=add_ln85_75) to 3 in order to utilize available DSP registers.
INFO: [HLS 200-486] Changing DSP latency (root=add_ln85_73) to 3 in order to utilize available DSP registers.
INFO: [HLS 200-486] Changing DSP latency (root=add_ln85_71) to 3 in order to utilize available DSP registers.
INFO: [HLS 200-486] Changing DSP latency (root=add_ln85_69) to 3 in order to utilize available DSP registers.
INFO: [HLS 200-486] Changing DSP latency (root=add_ln85_67) to 3 in order to utilize available DSP registers.
INFO: [HLS 200-486] Changing DSP latency (root=add_ln85_65) to 3 in order to utilize available DSP registers.
INFO: [HLS 200-486] Changing DSP latency (root=add_ln85_63) to 3 in order to utilize available DSP registers.
INFO: [HLS 200-486] Changing DSP latency (root=add_ln85_61) to 3 in order to utilize available DSP registers.
INFO: [HLS 200-486] Changing DSP latency (root=add_ln85_59) to 3 in order to utilize available DSP registers.
INFO: [HLS 200-486] Changing DSP latency (root=add_ln85_57) to 3 in order to utilize available DSP registers.
INFO: [HLS 200-486] Changing DSP latency (root=add_ln85_55) to 3 in order to utilize available DSP registers.
INFO: [HLS 200-486] Changing DSP latency (root=add_ln85_53) to 3 in order to utilize available DSP registers.
INFO: [HLS 200-486] Changing DSP latency (root=add_ln85_51) to 3 in order to utilize available DSP registers.
INFO: [HLS 200-486] Changing DSP latency (root=add_ln85_49) to 3 in order to utilize available DSP registers.
INFO: [HLS 200-486] Changing DSP latency (root=add_ln85_47) to 3 in order to utilize available DSP registers.
INFO: [HLS 200-486] Changing DSP latency (root=add_ln85_45) to 3 in order to utilize available DSP registers.
INFO: [HLS 200-486] Changing DSP latency (root=add_ln85_43) to 3 in order to utilize available DSP registers.
INFO: [HLS 200-486] Changing DSP latency (root=add_ln85_41) to 3 in order to utilize available DSP registers.
INFO: [HLS 200-486] Changing DSP latency (root=add_ln85_39) to 3 in order to utilize available DSP registers.
INFO: [HLS 200-486] Changing DSP latency (root=add_ln85_37) to 3 in order to utilize available DSP registers.
INFO: [HLS 200-486] Changing DSP latency (root=add_ln85_35) to 3 in order to utilize available DSP registers.
INFO: [HLS 200-486] Changing DSP latency (root=add_ln85_33) to 3 in order to utilize available DSP registers.
INFO: [HLS 200-486] Changing DSP latency (root=add_ln85_31) to 3 in order to utilize available DSP registers.
INFO: [HLS 200-486] Changing DSP latency (root=add_ln85_29) to 3 in order to utilize available DSP registers.
INFO: [HLS 200-486] Changing DSP latency (root=add_ln85_27) to 3 in order to utilize available DSP registers.
INFO: [HLS 200-486] Changing DSP latency (root=add_ln85_25) to 3 in order to utilize available DSP registers.
INFO: [HLS 200-486] Changing DSP latency (root=add_ln85_23) to 3 in order to utilize available DSP registers.
INFO: [HLS 200-486] Changing DSP latency (root=add_ln85_21) to 3 in order to utilize available DSP registers.
INFO: [HLS 200-486] Changing DSP latency (root=add_ln85_19) to 3 in order to utilize available DSP registers.
INFO: [HLS 200-486] Changing DSP latency (root=add_ln85_17) to 3 in order to utilize available DSP registers.
INFO: [HLS 200-486] Changing DSP latency (root=add_ln85_15) to 3 in order to utilize available DSP registers.
INFO: [HLS 200-486] Changing DSP latency (root=add_ln85_13) to 3 in order to utilize available DSP registers.
INFO: [HLS 200-486] Changing DSP latency (root=add_ln85_11) to 3 in order to utilize available DSP registers.
INFO: [HLS 200-486] Changing DSP latency (root=add_ln85_9) to 3 in order to utilize available DSP registers.
INFO: [HLS 200-486] Changing DSP latency (root=add_ln85_7) to 3 in order to utilize available DSP registers.
INFO: [HLS 200-486] Changing DSP latency (root=add_ln85_5) to 3 in order to utilize available DSP registers.
INFO: [HLS 200-486] Changing DSP latency (root=add_ln85_3) to 3 in order to utilize available DSP registers.
INFO: [HLS 200-486] Changing DSP latency (root=add_ln85_1) to 3 in order to utilize available DSP registers.
INFO: [SCHED 204-61] Pipelining loop 'L3'.
INFO: [HLS 200-1470] Pipelining result : Target II = 8, Final II = 8, Depth = 132, loop 'L3'
INFO: [SCHED 204-11] Finished scheduling.
INFO: [HLS 200-111] Finished Scheduling: CPU user time: 4 seconds. CPU system time: 1 seconds. Elapsed time: 9.177 seconds; current allocated memory: 419.625 MB.
INFO: [BIND 205-100] Starting micro-architecture generation ...
INFO: [BIND 205-101] Performing variable lifetime analysis.
INFO: [BIND 205-101] Exploring resource sharing.
INFO: [BIND 205-101] Binding ...
INFO: [BIND 205-100] Finished micro-architecture generation.
INFO: [HLS 200-111] Finished Binding: CPU user time: 2 seconds. CPU system time: 0 seconds. Elapsed time: 2.333 seconds; current allocated memory: 419.680 MB.
INFO: [HLS 200-10] ----------------------------------------------------------------
INFO: [HLS 200-42] -- Implementing module 'compute_l3' 
INFO: [HLS 200-10] ----------------------------------------------------------------
INFO: [SCHED 204-11] Starting scheduling ...
INFO: [SCHED 204-11] Finished scheduling.
INFO: [HLS 200-111] Finished Scheduling: CPU user time: 1 seconds. CPU system time: 1 seconds. Elapsed time: 1.812 seconds; current allocated memory: 419.742 MB.
INFO: [BIND 205-100] Starting micro-architecture generation ...
INFO: [BIND 205-101] Performing variable lifetime analysis.
INFO: [BIND 205-101] Exploring resource sharing.
INFO: [BIND 205-101] Binding ...
INFO: [BIND 205-100] Finished micro-architecture generation.
INFO: [HLS 200-111] Finished Binding: CPU user time: 1 seconds. CPU system time: 0 seconds. Elapsed time: 0.101 seconds; current allocated memory: 420.684 MB.
INFO: [HLS 200-10] ----------------------------------------------------------------
INFO: [HLS 200-42] -- Implementing module 'write_output_Pipeline_Out' 
INFO: [HLS 200-10] ----------------------------------------------------------------
INFO: [SCHED 204-11] Starting scheduling ...
INFO: [HLS 200-486] Changing DSP latency (root=add_ln98_1) to 3 in order to utilize available DSP registers.
INFO: [SCHED 204-61] Pipelining loop 'Out'.
INFO: [HLS 200-1470] Pipelining result : Target II = 8, Final II = 6, Depth = 6, loop 'Out'
INFO: [SCHED 204-11] Finished scheduling.
INFO: [HLS 200-111] Finished Scheduling: CPU user time: 0 seconds. CPU system time: 0 seconds. Elapsed time: 0.19 seconds; current allocated memory: 420.895 MB.
INFO: [BIND 205-100] Starting micro-architecture generation ...
INFO: [BIND 205-101] Performing variable lifetime analysis.
INFO: [BIND 205-101] Exploring resource sharing.
INFO: [BIND 205-101] Binding ...
INFO: [BIND 205-100] Finished micro-architecture generation.
INFO: [HLS 200-111] Finished Binding: CPU user time: 0 seconds. CPU system time: 0 seconds. Elapsed time: 0.036 seconds; current allocated memory: 420.895 MB.
INFO: [HLS 200-10] ----------------------------------------------------------------
INFO: [HLS 200-42] -- Implementing module 'write_output' 
INFO: [HLS 200-10] ----------------------------------------------------------------
INFO: [SCHED 204-11] Starting scheduling ...
INFO: [HLS 200-486] Changing DSP latency (root=add_ln24) to 3 in order to utilize available DSP registers.
INFO: [SCHED 204-11] Finished scheduling.
INFO: [HLS 200-111] Finished Scheduling: CPU user time: 0 seconds. CPU system time: 0 seconds. Elapsed time: 0.05 seconds; current allocated memory: 421.008 MB.
INFO: [BIND 205-100] Starting micro-architecture generation ...
INFO: [BIND 205-101] Performing variable lifetime analysis.
INFO: [BIND 205-101] Exploring resource sharing.
INFO: [BIND 205-101] Binding ...
INFO: [BIND 205-100] Finished micro-architecture generation.
INFO: [HLS 200-111] Finished Binding: CPU user time: 0 seconds. CPU system time: 0 seconds. Elapsed time: 0.027 seconds; current allocated memory: 421.008 MB.
INFO: [HLS 200-10] ----------------------------------------------------------------
INFO: [HLS 200-42] -- Implementing module 'cloud_mlp_top' 
INFO: [HLS 200-10] ----------------------------------------------------------------
INFO: [SCHED 204-11] Starting scheduling ...
INFO: [SCHED 204-11] Finished scheduling.
INFO: [HLS 200-111] Finished Scheduling: CPU user time: 0 seconds. CPU system time: 0 seconds. Elapsed time: 0.051 seconds; current allocated memory: 421.055 MB.
INFO: [BIND 205-100] Starting micro-architecture generation ...
INFO: [BIND 205-101] Performing variable lifetime analysis.
INFO: [BIND 205-101] Exploring resource sharing.
INFO: [BIND 205-101] Binding ...
INFO: [BIND 205-100] Finished micro-architecture generation.
INFO: [HLS 200-111] Finished Binding: CPU user time: 0 seconds. CPU system time: 0 seconds. Elapsed time: 0.072 seconds; current allocated memory: 421.477 MB.
INFO: [HLS 200-10] ----------------------------------------------------------------
INFO: [HLS 200-10] -- Generating RTL for module 'read_input' 
INFO: [HLS 200-10] ----------------------------------------------------------------
INFO: [RTGEN 206-100] Finished creating RTL model for 'read_input'.
INFO: [HLS 200-111] Finished Creating RTL model: CPU user time: 0 seconds. CPU system time: 0 seconds. Elapsed time: 1.211 seconds; current allocated memory: 423.086 MB.
INFO: [HLS 200-10] ----------------------------------------------------------------
INFO: [HLS 200-10] -- Generating RTL for module 'compute_l1' 
INFO: [HLS 200-10] ----------------------------------------------------------------
INFO: [HLS 200-1030] Apply Unified Pipeline Control on module 'compute_l1' pipeline 'L1' pipeline type 'loop pipeline'
INFO: [RTGEN 206-100] Generating core module 'fpext_32ns_64_1_no_dsp_1': 1 instance(s).
INFO: [RTGEN 206-100] Generating core module 'mac_muladd_16s_8s_26s_26_4_1': 4 instance(s).
INFO: [RTGEN 206-100] Generating core module 'sparsemux_9_3_16_1_1': 5 instance(s).
INFO: [RTGEN 206-100] Finished creating RTL model for 'compute_l1'.
INFO: [RTMG 210-279] Implementing memory 'cloud_mlp_top_compute_l1_B1_ROM_1P_BRAM_1R' using block ROMs.
INFO: [RTMG 210-279] Implementing memory 'cloud_mlp_top_compute_l1_W1_ROM_1P_BRAM_1R' using block ROMs.
INFO: [HLS 200-111] Finished Creating RTL model: CPU user time: 0 seconds. CPU system time: 0 seconds. Elapsed time: 0.235 seconds; current allocated memory: 426.441 MB.
INFO: [HLS 200-10] ----------------------------------------------------------------
INFO: [HLS 200-10] -- Generating RTL for module 'compute_l2_Pipeline_L2' 
INFO: [HLS 200-10] ----------------------------------------------------------------
INFO: [HLS 200-1030] Apply Unified Pipeline Control on module 'compute_l2_Pipeline_L2' pipeline 'L2' pipeline type 'loop pipeline'
INFO: [RTGEN 206-100] Generating core module 'fpext_32ns_64_1_no_dsp_1': 9 instance(s).
INFO: [RTGEN 206-100] Generating core module 'mac_muladd_16s_15ns_26s_26_4_1': 64 instance(s).
INFO: [RTGEN 206-100] Generating core module 'sparsemux_9_3_16_1_1': 65 instance(s).
INFO: [RTGEN 206-100] Finished creating RTL model for 'compute_l2_Pipeline_L2'.
INFO: [RTMG 210-279] Implementing memory 'cloud_mlp_top_compute_l2_Pipeline_L2_B2_ROM_1P_BRAM_1R' using block ROMs.
INFO: [RTMG 210-279] Implementing memory 'cloud_mlp_top_compute_l2_Pipeline_L2_p_ZL2W2_0_ROM_1P_BRAM_1R' using block ROMs.
INFO: [RTMG 210-279] Implementing memory 'cloud_mlp_top_compute_l2_Pipeline_L2_p_ZL2W2_1_ROM_1P_BRAM_1R' using block ROMs.
INFO: [RTMG 210-279] Implementing memory 'cloud_mlp_top_compute_l2_Pipeline_L2_p_ZL2W2_2_ROM_1P_BRAM_1R' using block ROMs.
INFO: [RTMG 210-279] Implementing memory 'cloud_mlp_top_compute_l2_Pipeline_L2_p_ZL2W2_3_ROM_1P_BRAM_1R' using block ROMs.
INFO: [RTMG 210-279] Implementing memory 'cloud_mlp_top_compute_l2_Pipeline_L2_p_ZL2W2_4_ROM_1P_BRAM_1R' using block ROMs.
INFO: [RTMG 210-279] Implementing memory 'cloud_mlp_top_compute_l2_Pipeline_L2_p_ZL2W2_5_ROM_1P_BRAM_1R' using block ROMs.
INFO: [RTMG 210-279] Implementing memory 'cloud_mlp_top_compute_l2_Pipeline_L2_p_ZL2W2_6_ROM_1P_BRAM_1R' using block ROMs.
INFO: [RTMG 210-279] Implementing memory 'cloud_mlp_top_compute_l2_Pipeline_L2_p_ZL2W2_7_ROM_1P_BRAM_1R' using block ROMs.
INFO: [HLS 200-111] Finished Creating RTL model: CPU user time: 1 seconds. CPU system time: 0 seconds. Elapsed time: 1.411 seconds; current allocated memory: 458.320 MB.
INFO: [HLS 200-10] ----------------------------------------------------------------
INFO: [HLS 200-10] -- Generating RTL for module 'compute_l2' 
INFO: [HLS 200-10] ----------------------------------------------------------------
INFO: [RTGEN 206-100] Finished creating RTL model for 'compute_l2'.
INFO: [HLS 200-111] Finished Creating RTL model: CPU user time: 2 seconds. CPU system time: 2 seconds. Elapsed time: 3.871 seconds; current allocated memory: 519.613 MB.
INFO: [HLS 200-10] ----------------------------------------------------------------
INFO: [HLS 200-10] -- Generating RTL for module 'compute_l3_Pipeline_L3' 
INFO: [HLS 200-10] ----------------------------------------------------------------
INFO: [HLS 200-1030] Apply Unified Pipeline Control on module 'compute_l3_Pipeline_L3' pipeline 'L3' pipeline type 'loop pipeline'
INFO: [RTGEN 206-104] Estimated max fanout for 'compute_l3_Pipeline_L3' is 8157 from HDL expression: ((1'b0 == ap_block_pp0_stage0_11001) & (1'b1 == ap_CS_fsm_pp0_stage0))
INFO: [RTGEN 206-100] Generating core module 'fpext_32ns_64_1_no_dsp_1': 17 instance(s).
INFO: [RTGEN 206-100] Generating core module 'mac_muladd_16s_15ns_26s_26_4_1': 128 instance(s).
INFO: [RTGEN 206-100] Generating core module 'sparsemux_9_3_16_1_1': 129 instance(s).
INFO: [RTGEN 206-100] Finished creating RTL model for 'compute_l3_Pipeline_L3'.
INFO: [RTMG 210-279] Implementing memory 'cloud_mlp_top_compute_l3_Pipeline_L3_B3_ROM_1P_BRAM_1R' using block ROMs.
INFO: [RTMG 210-279] Implementing memory 'cloud_mlp_top_compute_l3_Pipeline_L3_p_ZL2W3_0_ROM_1P_BRAM_1R' using block ROMs.
INFO: [RTMG 210-279] Implementing memory 'cloud_mlp_top_compute_l3_Pipeline_L3_p_ZL2W3_1_ROM_1P_BRAM_1R' using block ROMs.
INFO: [RTMG 210-279] Implementing memory 'cloud_mlp_top_compute_l3_Pipeline_L3_p_ZL2W3_2_ROM_1P_BRAM_1R' using block ROMs.
INFO: [RTMG 210-279] Implementing memory 'cloud_mlp_top_compute_l3_Pipeline_L3_p_ZL2W3_3_ROM_1P_BRAM_1R' using block ROMs.
INFO: [RTMG 210-279] Implementing memory 'cloud_mlp_top_compute_l3_Pipeline_L3_p_ZL2W3_4_ROM_1P_BRAM_1R' using block ROMs.
INFO: [RTMG 210-279] Implementing memory 'cloud_mlp_top_compute_l3_Pipeline_L3_p_ZL2W3_5_ROM_1P_BRAM_1R' using block ROMs.
INFO: [RTMG 210-279] Implementing memory 'cloud_mlp_top_compute_l3_Pipeline_L3_p_ZL2W3_6_ROM_1P_BRAM_1R' using block ROMs.
INFO: [RTMG 210-279] Implementing memory 'cloud_mlp_top_compute_l3_Pipeline_L3_p_ZL2W3_7_ROM_1P_BRAM_1R' using block ROMs.
INFO: [RTMG 210-279] Implementing memory 'cloud_mlp_top_compute_l3_Pipeline_L3_p_ZL2W3_8_ROM_1P_BRAM_1R' using block ROMs.
INFO: [RTMG 210-279] Implementing memory 'cloud_mlp_top_compute_l3_Pipeline_L3_p_ZL2W3_9_ROM_1P_BRAM_1R' using block ROMs.
INFO: [RTMG 210-279] Implementing memory 'cloud_mlp_top_compute_l3_Pipeline_L3_p_ZL2W3_10_ROM_1P_BRAM_1R' using block ROMs.
INFO: [RTMG 210-279] Implementing memory 'cloud_mlp_top_compute_l3_Pipeline_L3_p_ZL2W3_11_ROM_1P_BRAM_1R' using block ROMs.
INFO: [RTMG 210-279] Implementing memory 'cloud_mlp_top_compute_l3_Pipeline_L3_p_ZL2W3_12_ROM_1P_BRAM_1R' using block ROMs.
INFO: [RTMG 210-279] Implementing memory 'cloud_mlp_top_compute_l3_Pipeline_L3_p_ZL2W3_13_ROM_1P_BRAM_1R' using block ROMs.
INFO: [RTMG 210-279] Implementing memory 'cloud_mlp_top_compute_l3_Pipeline_L3_p_ZL2W3_14_ROM_1P_BRAM_1R' using block ROMs.
INFO: [RTMG 210-279] Implementing memory 'cloud_mlp_top_compute_l3_Pipeline_L3_p_ZL2W3_15_ROM_1P_BRAM_1R' using block ROMs.
INFO: [HLS 200-111] Finished Creating RTL model: CPU user time: 2 seconds. CPU system time: 0 seconds. Elapsed time: 2.832 seconds; current allocated memory: 562.426 MB.
INFO: [HLS 200-10] ----------------------------------------------------------------
INFO: [HLS 200-10] -- Generating RTL for module 'compute_l3' 
INFO: [HLS 200-10] ----------------------------------------------------------------
INFO: [RTGEN 206-100] Finished creating RTL model for 'compute_l3'.
INFO: [HLS 200-111] Finished Creating RTL model: CPU user time: 4 seconds. CPU system time: 3 seconds. Elapsed time: 8.025 seconds; current allocated memory: 684.461 MB.
INFO: [HLS 200-10] ----------------------------------------------------------------
INFO: [HLS 200-10] -- Generating RTL for module 'write_output_Pipeline_Out' 
INFO: [HLS 200-10] ----------------------------------------------------------------
INFO: [RTGEN 206-100] Generating core module 'fpext_32ns_64_1_no_dsp_1': 1 instance(s).
INFO: [RTGEN 206-100] Generating core module 'mac_muladd_16s_15ns_26s_26_4_1': 1 instance(s).
INFO: [RTGEN 206-100] Generating core module 'sparsemux_9_3_16_1_1': 1 instance(s).
INFO: [RTGEN 206-100] Finished creating RTL model for 'write_output_Pipeline_Out'.
INFO: [RTMG 210-279] Implementing memory 'cloud_mlp_top_write_output_Pipeline_Out_W_OUT_ROM_1P_BRAM_1R' using block ROMs.
INFO: [HLS 200-111] Finished Creating RTL model: CPU user time: 1 seconds. CPU system time: 0 seconds. Elapsed time: 0.541 seconds; current allocated memory: 693.801 MB.
INFO: [HLS 200-10] ----------------------------------------------------------------
INFO: [HLS 200-10] -- Generating RTL for module 'write_output' 
INFO: [HLS 200-10] ----------------------------------------------------------------
INFO: [RTGEN 206-100] Generating core module 'mac_muladd_16s_8ns_20ns_24_4_1': 1 instance(s).
INFO: [RTGEN 206-100] Finished creating RTL model for 'write_output'.
INFO: [HLS 200-111] Finished Creating RTL model: CPU user time: 0 seconds. CPU system time: 0 seconds. Elapsed time: 0.274 seconds; current allocated memory: 697.754 MB.
INFO: [HLS 200-10] ----------------------------------------------------------------
INFO: [HLS 200-10] -- Generating RTL for module 'cloud_mlp_top' 
INFO: [HLS 200-10] ----------------------------------------------------------------
WARNING: [RTGEN 206-101] Design contains AXI ports. Reset is fixed to synchronous and active low.
INFO: [RTGEN 206-500] Setting interface mode on port 'cloud_mlp_top/in_stream_V_data_V' to 'axis' (register, both mode).
INFO: [RTGEN 206-500] Setting interface mode on port 'cloud_mlp_top/in_stream_V_keep_V' to 'axis' (register, both mode).
INFO: [RTGEN 206-500] Setting interface mode on port 'cloud_mlp_top/in_stream_V_strb_V' to 'axis' (register, both mode).
INFO: [RTGEN 206-500] Setting interface mode on port 'cloud_mlp_top/in_stream_V_last_V' to 'axis' (register, both mode).
INFO: [RTGEN 206-500] Setting interface mode on port 'cloud_mlp_top/out_stream_V_data_V' to 'axis' (register, both mode).
INFO: [RTGEN 206-500] Setting interface mode on port 'cloud_mlp_top/out_stream_V_keep_V' to 'axis' (register, both mode).
INFO: [RTGEN 206-500] Setting interface mode on port 'cloud_mlp_top/out_stream_V_strb_V' to 'axis' (register, both mode).
INFO: [RTGEN 206-500] Setting interface mode on port 'cloud_mlp_top/out_stream_V_last_V' to 'axis' (register, both mode).
INFO: [RTGEN 206-500] Setting interface mode on function 'cloud_mlp_top' to 's_axilite & ap_ctrl_hs'.
INFO: [RTGEN 206-100] Bundling port 'return' to AXI-Lite port control.
INFO: [RTGEN 206-100] Finished creating RTL model for 'cloud_mlp_top'.
INFO: [HLS 200-740] Implementing PIPO cloud_mlp_top_l1_out_RAM_AUTO_1R1W using a separate memory for each block
INFO: [RTMG 210-278] Implementing memory 'cloud_mlp_top_l1_out_RAM_AUTO_1R1W_memcore' using auto RAMs.
INFO: [HLS 200-740] Implementing PIPO cloud_mlp_top_l2_out_RAM_AUTO_1R1W using a separate memory for each block
INFO: [RTMG 210-278] Implementing memory 'cloud_mlp_top_l2_out_RAM_AUTO_1R1W_memcore' using auto RAMs.
INFO: [HLS 200-741] Implementing PIPO cloud_mlp_top_l3_out_RAM_AUTO_1R1W using a single memory for all blocks
INFO: [RTMG 210-278] Implementing memory 'cloud_mlp_top_l3_out_RAM_AUTO_1R1W_memcore' using auto RAMs.
INFO: [RTMG 210-285] Implementing FIFO 'meta_stream_U(cloud_mlp_top_fifo_w17_d8_S)' using Shift Registers.
INFO: [RTMG 210-285] Implementing FIFO 'input_arr_U(cloud_mlp_top_fifo_w8_d2_S)' using Shift Registers.
INFO: [RTMG 210-285] Implementing FIFO 'input_arr_1_U(cloud_mlp_top_fifo_w8_d2_S)' using Shift Registers.
INFO: [RTMG 210-285] Implementing FIFO 'input_arr_2_U(cloud_mlp_top_fifo_w8_d2_S)' using Shift Registers.
INFO: [RTMG 210-285] Implementing FIFO 'input_arr_3_U(cloud_mlp_top_fifo_w8_d2_S)' using Shift Registers.
INFO: [HLS 200-111] Finished Creating RTL model: CPU user time: 0 seconds. CPU system time: 1 seconds. Elapsed time: 0.836 seconds; current allocated memory: 699.922 MB.
INFO: [HLS 200-111] Finished Generating all RTL models: CPU user time: 1 seconds. CPU system time: 0 seconds. Elapsed time: 2.954 seconds; current allocated memory: 701.648 MB.
INFO: [HLS 200-2225] Wrote inferred directives to file C:/OCDS/OCDS_4K_Streams/OCDS_4K_Stream/OCDS_4K_Stream/hls/syn/inferred_directives.ini
INFO: [HLS 200-111] Finished Updating report files: CPU user time: 1 seconds. CPU system time: 0 seconds. Elapsed time: 2.164 seconds; current allocated memory: 750.387 MB.
INFO: [VHDL 208-304] Generating VHDL RTL for cloud_mlp_top.
INFO: [VLOG 209-307] Generating Verilog RTL for cloud_mlp_top.
INFO: [HLS 200-790] **** Loop Constraint Status: All loop constraints were satisfied.
INFO: [HLS 200-789] **** Estimated Fmax: 61.77 MHz
INFO: [HLS 200-112] Total CPU user time: 33 seconds. Total CPU system time: 11 seconds. Total elapsed time: 79.068 seconds; peak allocated memory: 750.387 MB.
INFO: [v++ 60-791] Total elapsed time: 0h 1m 23s
