  **** HLS Build v2025.2 6295257
INFO: [HLS 200-2005] Using work_dir C:/OCDS/OCDS_4K_Streams/OCDS_4K_Stream/OCDS_4K_Stream 
INFO: [HLS 200-2176] Writing Vitis IDE component file C:/OCDS/OCDS_4K_Streams/OCDS_4K_Stream/OCDS_4K_Stream/vitis-comp.json
INFO: [HLS 200-10] Creating and opening component 'C:/OCDS/OCDS_4K_Streams/OCDS_4K_Stream/OCDS_4K_Stream'.
INFO: [HLS 200-1505] Using default flow_target 'vivado'
Resolution: For help on HLS 200-1505 see docs.amd.com/access/sources/dita/topic?Doc_Version=2025.2%20English&url=ug1448-hls-guidance&resourceid=200-1505.html
INFO: [HLS 200-2174] Applying component config ini file hls_config.cfg
INFO: [HLS 200-1465] Applying config ini 'syn.file=./cloud_mlp.cpp' from hls_config.cfg(9)
INFO: [HLS 200-10] Adding design file './cloud_mlp.cpp' to the project
INFO: [HLS 200-1465] Applying config ini 'syn.file=./cloud_mlp.hpp' from hls_config.cfg(10)
INFO: [HLS 200-10] Adding design file './cloud_mlp.hpp' to the project
INFO: [HLS 200-1465] Applying config ini 'syn.file=./weights.h' from hls_config.cfg(11)
INFO: [HLS 200-10] Adding design file './weights.h' to the project
INFO: [HLS 200-1465] Applying config ini 'tb.file=./tb_cloud_mlp.cpp' from hls_config.cfg(13)
INFO: [HLS 200-10] Adding test bench file './tb_cloud_mlp.cpp' to the project
INFO: [HLS 200-1465] Applying config ini 'syn.top=cloud_mlp_top' from hls_config.cfg(12)
INFO: [HLS 200-1465] Applying config ini 'flow_target=vivado' from hls_config.cfg(4)
INFO: [HLS 200-1505] Using flow_target 'vivado'
Resolution: For help on HLS 200-1505 see docs.amd.com/access/sources/dita/topic?Doc_Version=2025.2%20English&url=ug1448-hls-guidance&resourceid=200-1505.html
INFO: [HLS 200-1465] Applying config ini 'part=xczu9eg-ffvb1156-2-e' from hls_config.cfg(1)
INFO: [HLS 200-1611] Setting target device to 'xczu9eg-ffvb1156-2-e'
INFO: [HLS 200-1465] Applying config ini 'clock=30ns' from hls_config.cfg(7)
INFO: [SYN 201-201] Setting up clock 'default' with a period of 30ns.
INFO: [HLS 200-1465] Applying config ini 'clock_uncertainty=0.81ns' from hls_config.cfg(16)
INFO: [SYN 201-201] Setting up clock 'default' with an uncertainty of 0.81ns.
INFO: [HLS 200-1465] Applying config ini 'csim.clean=1' from hls_config.cfg(14)
INFO: [HLS 200-1465] Applying config ini 'package.output.format=ip_catalog' from hls_config.cfg(5)
INFO: [HLS 200-1465] Applying config ini 'syn.compile.unsafe_math_optimizations=1' from hls_config.cfg(15)
INFO: [XFORM 203-1172] Optimizing floating point zeros and discarding its signedness.
INFO: [XFORM 203-1176] Optimizing floating point comparison without checking NaN.
INFO: [XFORM 203-1173] Reordering floating point operations aggressively.
INFO: [HLS 200-1465] Applying config ini 'syn.schedule.enable_dsp_full_reg=1' from hls_config.cfg(17)
INFO: [HLS 200-2176] Writing Vitis IDE component file C:/OCDS/OCDS_4K_Streams/OCDS_4K_Stream/OCDS_4K_Stream/vitis-comp.json
INFO: [HLS 200-111] Finished File checks and directory preparation: CPU user time: 1 seconds. CPU system time: 1 seconds. Elapsed time: 3.079 seconds; current allocated memory: 151.645 MB.
INFO: [HLS 200-2191] C-Synthesis will use clang-16 as the compiler
INFO: [HLS 200-10] Analyzing design file 'cloud_mlp.cpp' ... 
WARNING: [HLS 207-6125] address of array 'B_OUT' will always evaluate to 'true' (cloud_mlp.cpp:140:30)
INFO: [HLS 200-111] Finished Source Code Analysis and Preprocessing: CPU user time: 1 seconds. CPU system time: 0 seconds. Elapsed time: 7.684 seconds; current allocated memory: 155.488 MB.
INFO: [HLS 200-777] Using interface defaults for 'Vivado' flow target.
INFO: [HLS 200-1995] There were 9,269 instructions in the design after the 'Compile/Link' phase of compilation. See the Design Size Report for more details (C:/OCDS/OCDS_4K_Streams/OCDS_4K_Stream/OCDS_4K_Stream/hls/syn/report/csynth_design_size.rpt:2)
INFO: [HLS 200-1995] There were 9,608 instructions in the design after the 'Unroll/Inline (step 1)' phase of compilation. See the Design Size Report for more details (C:/OCDS/OCDS_4K_Streams/OCDS_4K_Stream/OCDS_4K_Stream/hls/syn/report/csynth_design_size.rpt:2)
INFO: [HLS 200-1995] There were 5,210 instructions in the design after the 'Unroll/Inline (step 2)' phase of compilation. See the Design Size Report for more details (C:/OCDS/OCDS_4K_Streams/OCDS_4K_Stream/OCDS_4K_Stream/hls/syn/report/csynth_design_size.rpt:2)
INFO: [HLS 200-1995] There were 4,830 instructions in the design after the 'Unroll/Inline (step 3)' phase of compilation. See the Design Size Report for more details (C:/OCDS/OCDS_4K_Streams/OCDS_4K_Stream/OCDS_4K_Stream/hls/syn/report/csynth_design_size.rpt:2)
INFO: [HLS 200-1995] There were 4,426 instructions in the design after the 'Unroll/Inline (step 4)' phase of compilation. See the Design Size Report for more details (C:/OCDS/OCDS_4K_Streams/OCDS_4K_Stream/OCDS_4K_Stream/hls/syn/report/csynth_design_size.rpt:2)
INFO: [HLS 200-1995] There were 7,992 instructions in the design after the 'Array/Struct (step 1)' phase of compilation. See the Design Size Report for more details (C:/OCDS/OCDS_4K_Streams/OCDS_4K_Stream/OCDS_4K_Stream/hls/syn/report/csynth_design_size.rpt:2)
INFO: [HLS 200-1995] There were 4,931 instructions in the design after the 'Array/Struct (step 2)' phase of compilation. See the Design Size Report for more details (C:/OCDS/OCDS_4K_Streams/OCDS_4K_Stream/OCDS_4K_Stream/hls/syn/report/csynth_design_size.rpt:2)
INFO: [HLS 200-1995] There were 4,931 instructions in the design after the 'Array/Struct (step 3)' phase of compilation. See the Design Size Report for more details (C:/OCDS/OCDS_4K_Streams/OCDS_4K_Stream/OCDS_4K_Stream/hls/syn/report/csynth_design_size.rpt:2)
INFO: [HLS 200-1995] There were 4,931 instructions in the design after the 'Array/Struct (step 4)' phase of compilation. See the Design Size Report for more details (C:/OCDS/OCDS_4K_Streams/OCDS_4K_Stream/OCDS_4K_Stream/hls/syn/report/csynth_design_size.rpt:2)
INFO: [HLS 200-1995] There were 5,046 instructions in the design after the 'Array/Struct (step 5)' phase of compilation. See the Design Size Report for more details (C:/OCDS/OCDS_4K_Streams/OCDS_4K_Stream/OCDS_4K_Stream/hls/syn/report/csynth_design_size.rpt:2)
INFO: [HLS 200-1995] There were 5,042 instructions in the design after the 'Performance (step 1)' phase of compilation. See the Design Size Report for more details (C:/OCDS/OCDS_4K_Streams/OCDS_4K_Stream/OCDS_4K_Stream/hls/syn/report/csynth_design_size.rpt:2)
INFO: [HLS 200-1995] There were 4,993 instructions in the design after the 'Performance (step 2)' phase of compilation. See the Design Size Report for more details (C:/OCDS/OCDS_4K_Streams/OCDS_4K_Stream/OCDS_4K_Stream/hls/syn/report/csynth_design_size.rpt:2)
INFO: [HLS 200-1995] There were 4,957 instructions in the design after the 'Performance (step 3)' phase of compilation. See the Design Size Report for more details (C:/OCDS/OCDS_4K_Streams/OCDS_4K_Stream/OCDS_4K_Stream/hls/syn/report/csynth_design_size.rpt:2)
INFO: [HLS 200-1995] There were 4,957 instructions in the design after the 'Performance (step 4)' phase of compilation. See the Design Size Report for more details (C:/OCDS/OCDS_4K_Streams/OCDS_4K_Stream/OCDS_4K_Stream/hls/syn/report/csynth_design_size.rpt:2)
INFO: [HLS 200-1995] There were 4,929 instructions in the design after the 'HW Transforms (step 1)' phase of compilation. See the Design Size Report for more details (C:/OCDS/OCDS_4K_Streams/OCDS_4K_Stream/OCDS_4K_Stream/hls/syn/report/csynth_design_size.rpt:2)
INFO: [HLS 200-1995] There were 4,898 instructions in the design after the 'HW Transforms (step 2)' phase of compilation. See the Design Size Report for more details (C:/OCDS/OCDS_4K_Streams/OCDS_4K_Stream/OCDS_4K_Stream/hls/syn/report/csynth_design_size.rpt:2)
INFO: [HLS 214-131] Inlining function 'relu(ap_fixed<16, 6, (ap_q_mode)5, (ap_o_mode)3, 0>)' into 'compute_l1(ap_fixed<16, 6, (ap_q_mode)5, (ap_o_mode)3, 0>*, ap_fixed<16, 6, (ap_q_mode)5, (ap_o_mode)3, 0>*)' (cloud_mlp.cpp:69:21)
INFO: [HLS 214-131] Inlining function 'relu(ap_fixed<16, 6, (ap_q_mode)5, (ap_o_mode)3, 0>)' into 'compute_l2(ap_fixed<16, 6, (ap_q_mode)5, (ap_o_mode)3, 0>*, ap_fixed<16, 6, (ap_q_mode)5, (ap_o_mode)3, 0>*)' (cloud_mlp.cpp:100:65)
INFO: [HLS 214-131] Inlining function 'relu(ap_fixed<16, 6, (ap_q_mode)5, (ap_o_mode)3, 0>)' into 'compute_l3(ap_fixed<16, 6, (ap_q_mode)5, (ap_o_mode)3, 0>*, ap_fixed<16, 6, (ap_q_mode)5, (ap_o_mode)3, 0>*)' (cloud_mlp.cpp:129:65)
INFO: [HLS 214-131] Inlining function 'hard_sigmoid(ap_fixed<16, 6, (ap_q_mode)5, (ap_o_mode)3, 0>)' into 'write_output(ap_fixed<16, 6, (ap_q_mode)5, (ap_o_mode)3, 0>*, hls::stream<PacketMeta, 0>&, hls::stream<hls::axis<ap_int<32>, 0ul, 0ul, 0ul, (unsigned char)56, false>, 0>&)' (cloud_mlp.cpp:150:29)
INFO: [HLS 214-291] Loop 'VITIS_LOOP_119_2' is marked as complete unroll implied by the pipeline pragma (cloud_mlp.cpp:119:31)
INFO: [HLS 214-291] Loop 'VITIS_LOOP_121_3' is marked as complete unroll implied by the pipeline pragma (cloud_mlp.cpp:121:35)
INFO: [HLS 214-291] Loop 'VITIS_LOOP_89_2' is marked as complete unroll implied by the pipeline pragma (cloud_mlp.cpp:89:30)
INFO: [HLS 214-291] Loop 'VITIS_LOOP_91_3' is marked as complete unroll implied by the pipeline pragma (cloud_mlp.cpp:91:34)
INFO: [HLS 214-291] Loop 'L1_Inputs' is marked as complete unroll implied by the pipeline pragma (cloud_mlp.cpp:62:20)
INFO: [HLS 214-188] Unrolling loop 'Out' (cloud_mlp.cpp:142:10) in function 'write_output' partially with a factor of 8 (cloud_mlp.cpp:133:0)
INFO: [HLS 214-186] Unrolling loop 'VITIS_LOOP_119_2' (cloud_mlp.cpp:119:31) in function 'compute_l3' completely with a factor of 4 (cloud_mlp.cpp:104:0)
INFO: [HLS 214-186] Unrolling loop 'VITIS_LOOP_121_3' (cloud_mlp.cpp:121:35) in function 'compute_l3' completely with a factor of 8 (cloud_mlp.cpp:104:0)
INFO: [HLS 214-186] Unrolling loop 'VITIS_LOOP_89_2' (cloud_mlp.cpp:89:30) in function 'compute_l2' completely with a factor of 8 (cloud_mlp.cpp:73:0)
INFO: [HLS 214-186] Unrolling loop 'VITIS_LOOP_91_3' (cloud_mlp.cpp:91:34) in function 'compute_l2' completely with a factor of 4 (cloud_mlp.cpp:73:0)
INFO: [HLS 214-186] Unrolling loop 'L1_Inputs' (cloud_mlp.cpp:62:20) in function 'compute_l1' completely with a factor of 4 (cloud_mlp.cpp:52:0)
INFO: [HLS 214-178] Inlining function 'hls::axis<ap_int<32>, 0ul, 0ul, 0ul, (unsigned char)56, false>::axis()' into 'read_input(hls::stream<hls::axis<ap_int<32>, 0ul, 0ul, 0ul, (unsigned char)56, false>, 0>&, ap_fixed<16, 6, (ap_q_mode)5, (ap_o_mode)3, 0>*, hls::stream<PacketMeta, 0>&)' (cloud_mlp.cpp:30:0)
INFO: [HLS 214-178] Inlining function 'hls::axis<ap_int<32>, 0ul, 0ul, 0ul, (unsigned char)56, false>::axis()' into 'write_output(ap_fixed<16, 6, (ap_q_mode)5, (ap_o_mode)3, 0>*, hls::stream<PacketMeta, 0>&, hls::stream<hls::axis<ap_int<32>, 0ul, 0ul, 0ul, (unsigned char)56, false>, 0>&)' (cloud_mlp.cpp:133:0)
INFO: [HLS 214-248] Applying array_partition to '_ZL2W3': Cyclic partitioning with factor 4 on dimension 1. Cyclic partitioning with factor 8 on dimension 2. (./weights.h:205:0)
INFO: [HLS 214-248] Applying array_partition to '_ZL2W2': Cyclic partitioning with factor 8 on dimension 1. Cyclic partitioning with factor 4 on dimension 2. (./weights.h:73:0)
INFO: [HLS 214-248] Applying array_partition to '_ZL2W1': Complete partitioning on dimension 2. (./weights.h:5:0)
INFO: [HLS 214-248] Applying array_partition to 'acc': Complete partitioning on dimension 1. (cloud_mlp.cpp:82:16)
INFO: [HLS 214-248] Applying array_partition to 'acc': Complete partitioning on dimension 1. (cloud_mlp.cpp:113:16)
INFO: [HLS 214-248] Applying array_partition to 'input_arr': Complete partitioning on dimension 1. (cloud_mlp.cpp:172:12)
INFO: [HLS 214-248] Applying array_partition to 'l1_out': Cyclic partitioning with factor 4 on dimension 1. (cloud_mlp.cpp:175:12)
INFO: [HLS 214-248] Applying array_partition to 'l2_out': Cyclic partitioning with factor 8 on dimension 1. (cloud_mlp.cpp:179:12)
INFO: [HLS 214-248] Applying array_partition to 'l3_out': Cyclic partitioning with factor 8 on dimension 1. (cloud_mlp.cpp:183:12)
INFO: [HLS 214-376] Pipelining loop< VITIS_LOOP_129_4> at cloud_mlp.cpp:129:27 due to pipeline_loops threshold
INFO: [HLS 214-376] Pipelining loop< VITIS_LOOP_115_1> at cloud_mlp.cpp:115:27 due to pipeline_loops threshold
INFO: [HLS 214-376] Pipelining loop< VITIS_LOOP_100_4> at cloud_mlp.cpp:100:27 due to pipeline_loops threshold
INFO: [HLS 214-376] Pipelining loop< VITIS_LOOP_85_1> at cloud_mlp.cpp:85:26 due to pipeline_loops threshold
INFO: [HLS 200-111] Finished Compiling Optimization and Transform: CPU user time: 0 seconds. CPU system time: 0 seconds. Elapsed time: 11.021 seconds; current allocated memory: 157.875 MB.
INFO: [HLS 200-111] Finished Checking Pragmas: CPU user time: 0 seconds. CPU system time: 0 seconds. Elapsed time: 0.002 seconds; current allocated memory: 157.875 MB.
INFO: [HLS 200-10] Starting code transformations ...
INFO: [HLS 200-111] Finished Standard Transforms: CPU user time: 0 seconds. CPU system time: 0 seconds. Elapsed time: 0.28 seconds; current allocated memory: 170.574 MB.
INFO: [HLS 200-10] Checking synthesizability ...
INFO: [HLS 200-111] Finished Checking Synthesizability: CPU user time: 0 seconds. CPU system time: 0 seconds. Elapsed time: 0.303 seconds; current allocated memory: 175.555 MB.
INFO: [XFORM 203-712] Applying dataflow to function 'cloud_mlp_top' (cloud_mlp.cpp:162:1), detected/extracted 5 process function(s): 
	 'read_input'
	 'compute_l1'
	 'compute_l2'
	 'compute_l3'
	 'write_output'.
INFO: [XFORM 203-401] Performing if-conversion on hyperblock from (cloud_mlp.cpp:115:41) to (cloud_mlp.cpp:115:27) in function 'compute_l3'... converting 11 basic blocks.
INFO: [XFORM 203-401] Performing if-conversion on hyperblock from (cloud_mlp.cpp:117:38) to (cloud_mlp.cpp:117:20) in function 'compute_l3'... converting 193 basic blocks.
INFO: [XFORM 203-401] Performing if-conversion on hyperblock from (cloud_mlp.cpp:85:40) to (cloud_mlp.cpp:85:26) in function 'compute_l2'... converting 15 basic blocks.
INFO: [XFORM 203-401] Performing if-conversion on hyperblock from (cloud_mlp.cpp:87:38) to (cloud_mlp.cpp:87:20) in function 'compute_l2'... converting 193 basic blocks.
INFO: [XFORM 203-401] Performing if-conversion on hyperblock from (cloud_mlp.cpp:58:35) to (cloud_mlp.cpp:69:19) in function 'compute_l1'... converting 31 basic blocks.
INFO: [XFORM 203-11] Balancing expressions in function 'write_output' (cloud_mlp.cpp:24:16)...8 expression(s) balanced.
INFO: [XFORM 203-11] Balancing expressions in function 'compute_l3' (cloud_mlp.cpp:17:27)...32 expression(s) balanced.
INFO: [XFORM 203-11] Balancing expressions in function 'compute_l2' (cloud_mlp.cpp:17:27)...6 expression(s) balanced.
INFO: [HLS 200-111] Finished Loop, function and other optimizations: CPU user time: 2 seconds. CPU system time: 0 seconds. Elapsed time: 1.237 seconds; current allocated memory: 202.316 MB.
INFO: [HLS 200-111] Finished Architecture Synthesis: CPU user time: 1 seconds. CPU system time: 0 seconds. Elapsed time: 1.555 seconds; current allocated memory: 315.703 MB.
INFO: [HLS 200-10] Starting hardware synthesis ...
INFO: [HLS 200-10] Synthesizing 'cloud_mlp_top' ...
WARNING: [SYN 201-223] Checking resource limit in 'cloud_mlp_top': cannot find any operation of 'mul'.
INFO: [HLS 200-10] ----------------------------------------------------------------
INFO: [HLS 200-42] -- Implementing module 'read_input' 
INFO: [HLS 200-10] ----------------------------------------------------------------
INFO: [SCHED 204-11] Starting scheduling ...
INFO: [SCHED 204-11] Finished scheduling.
INFO: [HLS 200-111] Finished Scheduling: CPU user time: 0 seconds. CPU system time: 0 seconds. Elapsed time: 0.468 seconds; current allocated memory: 319.793 MB.
INFO: [BIND 205-100] Starting micro-architecture generation ...
INFO: [BIND 205-101] Performing variable lifetime analysis.
INFO: [BIND 205-101] Exploring resource sharing.
INFO: [BIND 205-101] Binding ...
INFO: [BIND 205-100] Finished micro-architecture generation.
INFO: [HLS 200-111] Finished Binding: CPU user time: 0 seconds. CPU system time: 0 seconds. Elapsed time: 0.027 seconds; current allocated memory: 320.883 MB.
INFO: [HLS 200-10] ----------------------------------------------------------------
INFO: [HLS 200-42] -- Implementing module 'compute_l1' 
INFO: [HLS 200-10] ----------------------------------------------------------------
INFO: [SCHED 204-11] Starting scheduling ...
INFO: [SCHED 204-61] Pipelining loop 'L1_Neurons'.
INFO: [HLS 200-1470] Pipelining result : Target II = 1, Final II = 1, Depth = 13, loop 'L1_Neurons'
INFO: [SCHED 204-11] Finished scheduling.
INFO: [HLS 200-111] Finished Scheduling: CPU user time: 0 seconds. CPU system time: 0 seconds. Elapsed time: 0.142 seconds; current allocated memory: 324.359 MB.
INFO: [BIND 205-100] Starting micro-architecture generation ...
INFO: [BIND 205-101] Performing variable lifetime analysis.
INFO: [BIND 205-101] Exploring resource sharing.
INFO: [BIND 205-101] Binding ...
INFO: [BIND 205-100] Finished micro-architecture generation.
INFO: [HLS 200-111] Finished Binding: CPU user time: 0 seconds. CPU system time: 0 seconds. Elapsed time: 0.06 seconds; current allocated memory: 324.707 MB.
INFO: [HLS 200-10] ----------------------------------------------------------------
INFO: [HLS 200-42] -- Implementing module 'compute_l2_Pipeline_VITIS_LOOP_85_1' 
INFO: [HLS 200-10] ----------------------------------------------------------------
INFO: [SCHED 204-11] Starting scheduling ...
INFO: [SCHED 204-61] Pipelining loop 'VITIS_LOOP_85_1'.
INFO: [HLS 200-1470] Pipelining result : Target II = NA, Final II = 1, Depth = 2, loop 'VITIS_LOOP_85_1'
INFO: [SCHED 204-11] Finished scheduling.
INFO: [HLS 200-111] Finished Scheduling: CPU user time: 0 seconds. CPU system time: 1 seconds. Elapsed time: 0.101 seconds; current allocated memory: 325.441 MB.
INFO: [BIND 205-100] Starting micro-architecture generation ...
INFO: [BIND 205-101] Performing variable lifetime analysis.
INFO: [BIND 205-101] Exploring resource sharing.
INFO: [BIND 205-101] Binding ...
INFO: [BIND 205-100] Finished micro-architecture generation.
INFO: [HLS 200-111] Finished Binding: CPU user time: 0 seconds. CPU system time: 0 seconds. Elapsed time: 0.032 seconds; current allocated memory: 325.594 MB.
INFO: [HLS 200-10] ----------------------------------------------------------------
INFO: [HLS 200-42] -- Implementing module 'compute_l2_Pipeline_L2_Inputs' 
INFO: [HLS 200-10] ----------------------------------------------------------------
INFO: [SCHED 204-11] Starting scheduling ...
INFO: [SCHED 204-61] Pipelining loop 'L2_Inputs'.
WARNING: [HLS 200-880] The II Violation in module 'compute_l2_Pipeline_L2_Inputs' (loop 'L2_Inputs'): Unable to enforce a carried dependence constraint (II = 1, distance = 1, offset = 0) between 'store' operation ('phi_ln95_7_write_ln95', cloud_mlp.cpp:95) of variable 'add_ln95_3', cloud_mlp.cpp:95 16 bit on local variable 'phi_ln95_7' and 'load' operation 16 bit ('phi_ln95_7_load', cloud_mlp.cpp:95) on local variable 'phi_ln95_7'.
Resolution: For help on HLS 200-880 see docs.amd.com/access/sources/dita/topic?Doc_Version=2025.2%20English&url=ug1448-hls-guidance&resourceid=200-880.html
WARNING: [HLS 200-880] The II Violation in module 'compute_l2_Pipeline_L2_Inputs' (loop 'L2_Inputs'): Unable to enforce a carried dependence constraint (II = 2, distance = 1, offset = 0) between 'store' operation ('phi_ln95_7_write_ln95', cloud_mlp.cpp:95) of variable 'add_ln95_3', cloud_mlp.cpp:95 16 bit on local variable 'phi_ln95_7' and 'load' operation 16 bit ('phi_ln95_7_load', cloud_mlp.cpp:95) on local variable 'phi_ln95_7'.
Resolution: For help on HLS 200-880 see docs.amd.com/access/sources/dita/topic?Doc_Version=2025.2%20English&url=ug1448-hls-guidance&resourceid=200-880.html
WARNING: [HLS 200-880] The II Violation in module 'compute_l2_Pipeline_L2_Inputs' (loop 'L2_Inputs'): Unable to enforce a carried dependence constraint (II = 3, distance = 1, offset = 0) between 'store' operation ('phi_ln95_7_write_ln95', cloud_mlp.cpp:95) of variable 'add_ln95_3', cloud_mlp.cpp:95 16 bit on local variable 'phi_ln95_7' and 'load' operation 16 bit ('phi_ln95_7_load', cloud_mlp.cpp:95) on local variable 'phi_ln95_7'.
Resolution: For help on HLS 200-880 see docs.amd.com/access/sources/dita/topic?Doc_Version=2025.2%20English&url=ug1448-hls-guidance&resourceid=200-880.html
INFO: [HLS 200-1470] Pipelining result : Target II = 1, Final II = 4, Depth = 9, loop 'L2_Inputs'
INFO: [SCHED 204-11] Finished scheduling.
INFO: [HLS 200-111] Finished Scheduling: CPU user time: 1 seconds. CPU system time: 0 seconds. Elapsed time: 0.696 seconds; current allocated memory: 340.699 MB.
INFO: [BIND 205-100] Starting micro-architecture generation ...
INFO: [BIND 205-101] Performing variable lifetime analysis.
INFO: [BIND 205-101] Exploring resource sharing.
INFO: [BIND 205-101] Binding ...
INFO: [BIND 205-100] Finished micro-architecture generation.
INFO: [HLS 200-111] Finished Binding: CPU user time: 0 seconds. CPU system time: 0 seconds. Elapsed time: 0.355 seconds; current allocated memory: 340.762 MB.
INFO: [HLS 200-10] ----------------------------------------------------------------
INFO: [HLS 200-42] -- Implementing module 'compute_l2_Pipeline_VITIS_LOOP_100_4' 
INFO: [HLS 200-10] ----------------------------------------------------------------
INFO: [SCHED 204-11] Starting scheduling ...
INFO: [SCHED 204-61] Pipelining loop 'VITIS_LOOP_100_4'.
INFO: [HLS 200-1470] Pipelining result : Target II = NA, Final II = 1, Depth = 1, loop 'VITIS_LOOP_100_4'
INFO: [SCHED 204-11] Finished scheduling.
INFO: [HLS 200-111] Finished Scheduling: CPU user time: 1 seconds. CPU system time: 0 seconds. Elapsed time: 0.311 seconds; current allocated memory: 340.840 MB.
INFO: [BIND 205-100] Starting micro-architecture generation ...
INFO: [BIND 205-101] Performing variable lifetime analysis.
INFO: [BIND 205-101] Exploring resource sharing.
INFO: [BIND 205-101] Binding ...
INFO: [BIND 205-100] Finished micro-architecture generation.
INFO: [HLS 200-111] Finished Binding: CPU user time: 0 seconds. CPU system time: 0 seconds. Elapsed time: 0.024 seconds; current allocated memory: 340.844 MB.
INFO: [HLS 200-10] ----------------------------------------------------------------
INFO: [HLS 200-42] -- Implementing module 'compute_l2' 
INFO: [HLS 200-10] ----------------------------------------------------------------
INFO: [SCHED 204-11] Starting scheduling ...
INFO: [SCHED 204-11] Finished scheduling.
INFO: [HLS 200-111] Finished Scheduling: CPU user time: 0 seconds. CPU system time: 0 seconds. Elapsed time: 0.045 seconds; current allocated memory: 340.895 MB.
INFO: [BIND 205-100] Starting micro-architecture generation ...
INFO: [BIND 205-101] Performing variable lifetime analysis.
INFO: [BIND 205-101] Exploring resource sharing.
INFO: [BIND 205-101] Binding ...
INFO: [BIND 205-100] Finished micro-architecture generation.
INFO: [HLS 200-111] Finished Binding: CPU user time: 0 seconds. CPU system time: 0 seconds. Elapsed time: 0.04 seconds; current allocated memory: 341.199 MB.
INFO: [HLS 200-10] ----------------------------------------------------------------
INFO: [HLS 200-42] -- Implementing module 'compute_l3_Pipeline_VITIS_LOOP_115_1' 
INFO: [HLS 200-10] ----------------------------------------------------------------
INFO: [SCHED 204-11] Starting scheduling ...
INFO: [SCHED 204-61] Pipelining loop 'VITIS_LOOP_115_1'.
INFO: [HLS 200-1470] Pipelining result : Target II = NA, Final II = 1, Depth = 2, loop 'VITIS_LOOP_115_1'
INFO: [SCHED 204-11] Finished scheduling.
INFO: [HLS 200-111] Finished Scheduling: CPU user time: 0 seconds. CPU system time: 0 seconds. Elapsed time: 0.066 seconds; current allocated memory: 341.516 MB.
INFO: [BIND 205-100] Starting micro-architecture generation ...
INFO: [BIND 205-101] Performing variable lifetime analysis.
INFO: [BIND 205-101] Exploring resource sharing.
INFO: [BIND 205-101] Binding ...
INFO: [BIND 205-100] Finished micro-architecture generation.
INFO: [HLS 200-111] Finished Binding: CPU user time: 0 seconds. CPU system time: 0 seconds. Elapsed time: 0.025 seconds; current allocated memory: 341.711 MB.
INFO: [HLS 200-10] ----------------------------------------------------------------
INFO: [HLS 200-42] -- Implementing module 'compute_l3_Pipeline_L3_Inputs' 
INFO: [HLS 200-10] ----------------------------------------------------------------
INFO: [SCHED 204-11] Starting scheduling ...
INFO: [SCHED 204-61] Pipelining loop 'L3_Inputs'.
INFO: [HLS 200-1470] Pipelining result : Target II = 1, Final II = 1, Depth = 5, loop 'L3_Inputs'
INFO: [SCHED 204-11] Finished scheduling.
INFO: [HLS 200-111] Finished Scheduling: CPU user time: 0 seconds. CPU system time: 0 seconds. Elapsed time: 0.609 seconds; current allocated memory: 354.734 MB.
INFO: [BIND 205-100] Starting micro-architecture generation ...
INFO: [BIND 205-101] Performing variable lifetime analysis.
INFO: [BIND 205-101] Exploring resource sharing.
INFO: [BIND 205-101] Binding ...
INFO: [BIND 205-100] Finished micro-architecture generation.
INFO: [HLS 200-111] Finished Binding: CPU user time: 0 seconds. CPU system time: 0 seconds. Elapsed time: 0.311 seconds; current allocated memory: 354.762 MB.
INFO: [HLS 200-10] ----------------------------------------------------------------
INFO: [HLS 200-42] -- Implementing module 'compute_l3_Pipeline_VITIS_LOOP_129_4' 
INFO: [HLS 200-10] ----------------------------------------------------------------
INFO: [SCHED 204-11] Starting scheduling ...
INFO: [SCHED 204-61] Pipelining loop 'VITIS_LOOP_129_4'.
INFO: [HLS 200-1470] Pipelining result : Target II = NA, Final II = 1, Depth = 1, loop 'VITIS_LOOP_129_4'
INFO: [SCHED 204-11] Finished scheduling.
INFO: [HLS 200-111] Finished Scheduling: CPU user time: 1 seconds. CPU system time: 0 seconds. Elapsed time: 0.284 seconds; current allocated memory: 355.062 MB.
INFO: [BIND 205-100] Starting micro-architecture generation ...
INFO: [BIND 205-101] Performing variable lifetime analysis.
INFO: [BIND 205-101] Exploring resource sharing.
INFO: [BIND 205-101] Binding ...
INFO: [BIND 205-100] Finished micro-architecture generation.
INFO: [HLS 200-111] Finished Binding: CPU user time: 0 seconds. CPU system time: 0 seconds. Elapsed time: 0.025 seconds; current allocated memory: 355.062 MB.
INFO: [HLS 200-10] ----------------------------------------------------------------
INFO: [HLS 200-42] -- Implementing module 'compute_l3' 
INFO: [HLS 200-10] ----------------------------------------------------------------
INFO: [SCHED 204-11] Starting scheduling ...
INFO: [SCHED 204-11] Finished scheduling.
INFO: [HLS 200-111] Finished Scheduling: CPU user time: 0 seconds. CPU system time: 0 seconds. Elapsed time: 0.039 seconds; current allocated memory: 355.203 MB.
INFO: [BIND 205-100] Starting micro-architecture generation ...
INFO: [BIND 205-101] Performing variable lifetime analysis.
INFO: [BIND 205-101] Exploring resource sharing.
INFO: [BIND 205-101] Binding ...
INFO: [BIND 205-100] Finished micro-architecture generation.
INFO: [HLS 200-111] Finished Binding: CPU user time: 0 seconds. CPU system time: 0 seconds. Elapsed time: 0.023 seconds; current allocated memory: 355.762 MB.
INFO: [HLS 200-10] ----------------------------------------------------------------
INFO: [HLS 200-42] -- Implementing module 'write_output_Pipeline_Out' 
INFO: [HLS 200-10] ----------------------------------------------------------------
INFO: [SCHED 204-11] Starting scheduling ...
INFO: [SCHED 204-61] Pipelining loop 'Out'.
INFO: [HLS 200-1470] Pipelining result : Target II = 1, Final II = 1, Depth = 2, loop 'Out'
INFO: [SCHED 204-11] Finished scheduling.
INFO: [HLS 200-111] Finished Scheduling: CPU user time: 0 seconds. CPU system time: 0 seconds. Elapsed time: 0.052 seconds; current allocated memory: 356.070 MB.
INFO: [BIND 205-100] Starting micro-architecture generation ...
INFO: [BIND 205-101] Performing variable lifetime analysis.
INFO: [BIND 205-101] Exploring resource sharing.
INFO: [BIND 205-101] Binding ...
INFO: [BIND 205-100] Finished micro-architecture generation.
INFO: [HLS 200-111] Finished Binding: CPU user time: 0 seconds. CPU system time: 0 seconds. Elapsed time: 0.022 seconds; current allocated memory: 356.125 MB.
INFO: [HLS 200-10] ----------------------------------------------------------------
INFO: [HLS 200-42] -- Implementing module 'write_output' 
INFO: [HLS 200-10] ----------------------------------------------------------------
INFO: [SCHED 204-11] Starting scheduling ...
INFO: [HLS 200-486] Changing DSP latency (root=add_ln24) to 3 in order to utilize available DSP registers.
INFO: [SCHED 204-11] Finished scheduling.
INFO: [HLS 200-111] Finished Scheduling: CPU user time: 0 seconds. CPU system time: 0 seconds. Elapsed time: 0.035 seconds; current allocated memory: 356.219 MB.
INFO: [BIND 205-100] Starting micro-architecture generation ...
INFO: [BIND 205-101] Performing variable lifetime analysis.
INFO: [BIND 205-101] Exploring resource sharing.
INFO: [BIND 205-101] Binding ...
INFO: [BIND 205-100] Finished micro-architecture generation.
INFO: [HLS 200-111] Finished Binding: CPU user time: 0 seconds. CPU system time: 0 seconds. Elapsed time: 1.213 seconds; current allocated memory: 356.227 MB.
INFO: [HLS 200-10] ----------------------------------------------------------------
INFO: [HLS 200-42] -- Implementing module 'cloud_mlp_top' 
INFO: [HLS 200-10] ----------------------------------------------------------------
INFO: [SCHED 204-11] Starting scheduling ...
INFO: [SCHED 204-11] Finished scheduling.
INFO: [HLS 200-111] Finished Scheduling: CPU user time: 0 seconds. CPU system time: 0 seconds. Elapsed time: 0.046 seconds; current allocated memory: 356.395 MB.
INFO: [BIND 205-100] Starting micro-architecture generation ...
INFO: [BIND 205-101] Performing variable lifetime analysis.
INFO: [BIND 205-101] Exploring resource sharing.
INFO: [BIND 205-101] Binding ...
INFO: [BIND 205-100] Finished micro-architecture generation.
INFO: [HLS 200-111] Finished Binding: CPU user time: 0 seconds. CPU system time: 0 seconds. Elapsed time: 0.037 seconds; current allocated memory: 356.738 MB.
INFO: [HLS 200-10] ----------------------------------------------------------------
INFO: [HLS 200-10] -- Generating RTL for module 'read_input' 
INFO: [HLS 200-10] ----------------------------------------------------------------
INFO: [RTGEN 206-100] Finished creating RTL model for 'read_input'.
INFO: [HLS 200-111] Finished Creating RTL model: CPU user time: 0 seconds. CPU system time: 0 seconds. Elapsed time: 0.139 seconds; current allocated memory: 358.387 MB.
INFO: [HLS 200-10] ----------------------------------------------------------------
INFO: [HLS 200-10] -- Generating RTL for module 'compute_l1' 
INFO: [HLS 200-10] ----------------------------------------------------------------
INFO: [HLS 200-1030] Apply Unified Pipeline Control on module 'compute_l1' pipeline 'L1_Neurons' pipeline type 'loop pipeline'
INFO: [RTGEN 206-100] Generating core module 'add_16ns_16s_16_3_1': 4 instance(s).
INFO: [RTGEN 206-100] Generating core module 'fpext_32ns_64_1_no_dsp_1': 5 instance(s).
INFO: [RTGEN 206-100] Generating core module 'mul_16s_8s_24_4_1': 4 instance(s).
INFO: [RTGEN 206-100] Generating core module 'sparsemux_9_3_16_1_1': 5 instance(s).
INFO: [RTGEN 206-100] Finished creating RTL model for 'compute_l1'.
INFO: [RTMG 210-279] Implementing memory 'cloud_mlp_top_compute_l1_B1_ROM_AUTO_1R' using auto ROMs.
INFO: [RTMG 210-279] Implementing memory 'cloud_mlp_top_compute_l1_p_ZL2W1_0_RAM_1P_BRAM_1R1W' using block ROMs.
INFO: [RTMG 210-279] Implementing memory 'cloud_mlp_top_compute_l1_p_ZL2W1_1_RAM_1P_BRAM_1R1W' using block ROMs.
INFO: [RTMG 210-279] Implementing memory 'cloud_mlp_top_compute_l1_p_ZL2W1_2_RAM_1P_BRAM_1R1W' using block ROMs.
INFO: [RTMG 210-279] Implementing memory 'cloud_mlp_top_compute_l1_p_ZL2W1_3_RAM_1P_BRAM_1R1W' using block ROMs.
INFO: [HLS 200-111] Finished Creating RTL model: CPU user time: 0 seconds. CPU system time: 0 seconds. Elapsed time: 0.287 seconds; current allocated memory: 363.234 MB.
INFO: [HLS 200-10] ----------------------------------------------------------------
INFO: [HLS 200-10] -- Generating RTL for module 'compute_l2_Pipeline_VITIS_LOOP_85_1' 
INFO: [HLS 200-10] ----------------------------------------------------------------
INFO: [HLS 200-1030] Apply Unified Pipeline Control on module 'compute_l2_Pipeline_VITIS_LOOP_85_1' pipeline 'VITIS_LOOP_85_1' pipeline type 'loop pipeline'
INFO: [RTGEN 206-100] Generating core module 'fpext_32ns_64_1_no_dsp_1': 1 instance(s).
INFO: [RTGEN 206-100] Generating core module 'sparsemux_9_3_16_1_1': 1 instance(s).
INFO: [RTGEN 206-100] Finished creating RTL model for 'compute_l2_Pipeline_VITIS_LOOP_85_1'.
INFO: [RTMG 210-279] Implementing memory 'cloud_mlp_top_compute_l2_Pipeline_VITIS_LOOP_85_1_B2_ROM_AUTO_1R' using auto ROMs.
INFO: [HLS 200-111] Finished Creating RTL model: CPU user time: 0 seconds. CPU system time: 0 seconds. Elapsed time: 0.374 seconds; current allocated memory: 369.625 MB.
INFO: [HLS 200-10] ----------------------------------------------------------------
INFO: [HLS 200-10] -- Generating RTL for module 'compute_l2_Pipeline_L2_Inputs' 
INFO: [HLS 200-10] ----------------------------------------------------------------
INFO: [HLS 200-1030] Apply Unified Pipeline Control on module 'compute_l2_Pipeline_L2_Inputs' pipeline 'L2_Inputs' pipeline type 'loop pipeline'
INFO: [RTGEN 206-100] Generating core module 'add_16ns_16ns_16_2_1': 32 instance(s).
INFO: [RTGEN 206-100] Generating core module 'fpext_32ns_64_1_no_dsp_1': 8 instance(s).
INFO: [RTGEN 206-100] Generating core module 'mul_16s_15ns_31_4_1': 32 instance(s).
INFO: [RTGEN 206-100] Generating core module 'sparsemux_9_3_16_1_1': 32 instance(s).
INFO: [RTGEN 206-100] Finished creating RTL model for 'compute_l2_Pipeline_L2_Inputs'.
INFO: [RTMG 210-279] Implementing memory 'cloud_mlp_top_compute_l2_Pipeline_L2_Inputs_p_ZL2W2_0_0_RAM_2P_BRAM_1R1W' using block ROMs.
INFO: [RTMG 210-279] Implementing memory 'cloud_mlp_top_compute_l2_Pipeline_L2_Inputs_p_ZL2W2_0_1_RAM_2P_BRAM_1R1W' using block ROMs.
INFO: [RTMG 210-279] Implementing memory 'cloud_mlp_top_compute_l2_Pipeline_L2_Inputs_p_ZL2W2_0_2_RAM_2P_BRAM_1R1W' using block ROMs.
INFO: [RTMG 210-279] Implementing memory 'cloud_mlp_top_compute_l2_Pipeline_L2_Inputs_p_ZL2W2_0_3_RAM_2P_BRAM_1R1W' using block ROMs.
INFO: [RTMG 210-279] Implementing memory 'cloud_mlp_top_compute_l2_Pipeline_L2_Inputs_p_ZL2W2_1_0_RAM_2P_BRAM_1R1W' using block ROMs.
INFO: [RTMG 210-279] Implementing memory 'cloud_mlp_top_compute_l2_Pipeline_L2_Inputs_p_ZL2W2_1_1_RAM_2P_BRAM_1R1W' using block ROMs.
INFO: [RTMG 210-279] Implementing memory 'cloud_mlp_top_compute_l2_Pipeline_L2_Inputs_p_ZL2W2_1_2_RAM_2P_BRAM_1R1W' using block ROMs.
INFO: [RTMG 210-279] Implementing memory 'cloud_mlp_top_compute_l2_Pipeline_L2_Inputs_p_ZL2W2_1_3_RAM_2P_BRAM_1R1W' using block ROMs.
INFO: [RTMG 210-279] Implementing memory 'cloud_mlp_top_compute_l2_Pipeline_L2_Inputs_p_ZL2W2_2_0_RAM_2P_BRAM_1R1W' using block ROMs.
INFO: [RTMG 210-279] Implementing memory 'cloud_mlp_top_compute_l2_Pipeline_L2_Inputs_p_ZL2W2_2_1_RAM_2P_BRAM_1R1W' using block ROMs.
INFO: [RTMG 210-279] Implementing memory 'cloud_mlp_top_compute_l2_Pipeline_L2_Inputs_p_ZL2W2_2_2_RAM_2P_BRAM_1R1W' using block ROMs.
INFO: [RTMG 210-279] Implementing memory 'cloud_mlp_top_compute_l2_Pipeline_L2_Inputs_p_ZL2W2_2_3_RAM_2P_BRAM_1R1W' using block ROMs.
INFO: [RTMG 210-279] Implementing memory 'cloud_mlp_top_compute_l2_Pipeline_L2_Inputs_p_ZL2W2_3_0_RAM_2P_BRAM_1R1W' using block ROMs.
INFO: [RTMG 210-279] Implementing memory 'cloud_mlp_top_compute_l2_Pipeline_L2_Inputs_p_ZL2W2_3_1_RAM_2P_BRAM_1R1W' using block ROMs.
INFO: [RTMG 210-279] Implementing memory 'cloud_mlp_top_compute_l2_Pipeline_L2_Inputs_p_ZL2W2_3_2_RAM_2P_BRAM_1R1W' using block ROMs.
INFO: [RTMG 210-279] Implementing memory 'cloud_mlp_top_compute_l2_Pipeline_L2_Inputs_p_ZL2W2_3_3_RAM_2P_BRAM_1R1W' using block ROMs.
INFO: [RTMG 210-279] Implementing memory 'cloud_mlp_top_compute_l2_Pipeline_L2_Inputs_p_ZL2W2_4_0_RAM_2P_BRAM_1R1W' using block ROMs.
INFO: [RTMG 210-279] Implementing memory 'cloud_mlp_top_compute_l2_Pipeline_L2_Inputs_p_ZL2W2_4_1_RAM_2P_BRAM_1R1W' using block ROMs.
INFO: [RTMG 210-279] Implementing memory 'cloud_mlp_top_compute_l2_Pipeline_L2_Inputs_p_ZL2W2_4_2_RAM_2P_BRAM_1R1W' using block ROMs.
INFO: [RTMG 210-279] Implementing memory 'cloud_mlp_top_compute_l2_Pipeline_L2_Inputs_p_ZL2W2_4_3_RAM_2P_BRAM_1R1W' using block ROMs.
INFO: [RTMG 210-279] Implementing memory 'cloud_mlp_top_compute_l2_Pipeline_L2_Inputs_p_ZL2W2_5_0_RAM_2P_BRAM_1R1W' using block ROMs.
INFO: [RTMG 210-279] Implementing memory 'cloud_mlp_top_compute_l2_Pipeline_L2_Inputs_p_ZL2W2_5_1_RAM_2P_BRAM_1R1W' using block ROMs.
INFO: [RTMG 210-279] Implementing memory 'cloud_mlp_top_compute_l2_Pipeline_L2_Inputs_p_ZL2W2_5_2_RAM_2P_BRAM_1R1W' using block ROMs.
INFO: [RTMG 210-279] Implementing memory 'cloud_mlp_top_compute_l2_Pipeline_L2_Inputs_p_ZL2W2_5_3_RAM_2P_BRAM_1R1W' using block ROMs.
INFO: [RTMG 210-279] Implementing memory 'cloud_mlp_top_compute_l2_Pipeline_L2_Inputs_p_ZL2W2_6_0_RAM_2P_BRAM_1R1W' using block ROMs.
INFO: [RTMG 210-279] Implementing memory 'cloud_mlp_top_compute_l2_Pipeline_L2_Inputs_p_ZL2W2_6_1_RAM_2P_BRAM_1R1W' using block ROMs.
INFO: [RTMG 210-279] Implementing memory 'cloud_mlp_top_compute_l2_Pipeline_L2_Inputs_p_ZL2W2_6_2_RAM_2P_BRAM_1R1W' using block ROMs.
INFO: [RTMG 210-279] Implementing memory 'cloud_mlp_top_compute_l2_Pipeline_L2_Inputs_p_ZL2W2_6_3_RAM_2P_BRAM_1R1W' using block ROMs.
INFO: [RTMG 210-279] Implementing memory 'cloud_mlp_top_compute_l2_Pipeline_L2_Inputs_p_ZL2W2_7_0_RAM_2P_BRAM_1R1W' using block ROMs.
INFO: [RTMG 210-279] Implementing memory 'cloud_mlp_top_compute_l2_Pipeline_L2_Inputs_p_ZL2W2_7_1_RAM_2P_BRAM_1R1W' using block ROMs.
INFO: [RTMG 210-279] Implementing memory 'cloud_mlp_top_compute_l2_Pipeline_L2_Inputs_p_ZL2W2_7_2_RAM_2P_BRAM_1R1W' using block ROMs.
INFO: [RTMG 210-279] Implementing memory 'cloud_mlp_top_compute_l2_Pipeline_L2_Inputs_p_ZL2W2_7_3_RAM_2P_BRAM_1R1W' using block ROMs.
INFO: [HLS 200-111] Finished Creating RTL model: CPU user time: 1 seconds. CPU system time: 0 seconds. Elapsed time: 3.18 seconds; current allocated memory: 385.230 MB.
INFO: [HLS 200-10] ----------------------------------------------------------------
INFO: [HLS 200-10] -- Generating RTL for module 'compute_l2_Pipeline_VITIS_LOOP_100_4' 
INFO: [HLS 200-10] ----------------------------------------------------------------
INFO: [RTGEN 206-100] Generating core module 'sparsemux_17_3_16_1_1': 1 instance(s).
INFO: [RTGEN 206-100] Finished creating RTL model for 'compute_l2_Pipeline_VITIS_LOOP_100_4'.
INFO: [HLS 200-111] Finished Creating RTL model: CPU user time: 1 seconds. CPU system time: 1 seconds. Elapsed time: 1.594 seconds; current allocated memory: 417.180 MB.
INFO: [HLS 200-10] ----------------------------------------------------------------
INFO: [HLS 200-10] -- Generating RTL for module 'compute_l2' 
INFO: [HLS 200-10] ----------------------------------------------------------------
INFO: [RTGEN 206-100] Finished creating RTL model for 'compute_l2'.
INFO: [HLS 200-111] Finished Creating RTL model: CPU user time: 0 seconds. CPU system time: 0 seconds. Elapsed time: 0.137 seconds; current allocated memory: 417.180 MB.
INFO: [HLS 200-10] ----------------------------------------------------------------
INFO: [HLS 200-10] -- Generating RTL for module 'compute_l3_Pipeline_VITIS_LOOP_115_1' 
INFO: [HLS 200-10] ----------------------------------------------------------------
INFO: [HLS 200-1030] Apply Unified Pipeline Control on module 'compute_l3_Pipeline_VITIS_LOOP_115_1' pipeline 'VITIS_LOOP_115_1' pipeline type 'loop pipeline'
INFO: [RTGEN 206-100] Generating core module 'fpext_32ns_64_1_no_dsp_1': 1 instance(s).
INFO: [RTGEN 206-100] Generating core module 'sparsemux_9_3_16_1_1': 1 instance(s).
INFO: [RTGEN 206-100] Finished creating RTL model for 'compute_l3_Pipeline_VITIS_LOOP_115_1'.
INFO: [RTMG 210-279] Implementing memory 'cloud_mlp_top_compute_l3_Pipeline_VITIS_LOOP_115_1_B3_ROM_AUTO_1R' using auto ROMs.
INFO: [HLS 200-111] Finished Creating RTL model: CPU user time: 0 seconds. CPU system time: 0 seconds. Elapsed time: 0.164 seconds; current allocated memory: 419.055 MB.
INFO: [HLS 200-10] ----------------------------------------------------------------
INFO: [HLS 200-10] -- Generating RTL for module 'compute_l3_Pipeline_L3_Inputs' 
INFO: [HLS 200-10] ----------------------------------------------------------------
INFO: [HLS 200-1030] Apply Unified Pipeline Control on module 'compute_l3_Pipeline_L3_Inputs' pipeline 'L3_Inputs' pipeline type 'loop pipeline'
INFO: [RTGEN 206-100] Generating core module 'fpext_32ns_64_1_no_dsp_1': 32 instance(s).
INFO: [RTGEN 206-100] Generating core module 'mul_16s_15ns_31_4_1': 32 instance(s).
INFO: [RTGEN 206-100] Generating core module 'sparsemux_9_3_16_1_1': 32 instance(s).
INFO: [RTGEN 206-100] Finished creating RTL model for 'compute_l3_Pipeline_L3_Inputs'.
INFO: [RTMG 210-279] Implementing memory 'cloud_mlp_top_compute_l3_Pipeline_L3_Inputs_p_ZL2W3_0_0_RAM_2P_BRAM_1R1W' using block ROMs.
INFO: [RTMG 210-279] Implementing memory 'cloud_mlp_top_compute_l3_Pipeline_L3_Inputs_p_ZL2W3_0_1_RAM_2P_BRAM_1R1W' using block ROMs.
INFO: [RTMG 210-279] Implementing memory 'cloud_mlp_top_compute_l3_Pipeline_L3_Inputs_p_ZL2W3_0_2_RAM_2P_BRAM_1R1W' using block ROMs.
INFO: [RTMG 210-279] Implementing memory 'cloud_mlp_top_compute_l3_Pipeline_L3_Inputs_p_ZL2W3_0_3_RAM_2P_BRAM_1R1W' using block ROMs.
INFO: [RTMG 210-279] Implementing memory 'cloud_mlp_top_compute_l3_Pipeline_L3_Inputs_p_ZL2W3_0_4_RAM_2P_BRAM_1R1W' using block ROMs.
INFO: [RTMG 210-279] Implementing memory 'cloud_mlp_top_compute_l3_Pipeline_L3_Inputs_p_ZL2W3_0_5_RAM_2P_BRAM_1R1W' using block ROMs.
INFO: [RTMG 210-279] Implementing memory 'cloud_mlp_top_compute_l3_Pipeline_L3_Inputs_p_ZL2W3_0_6_RAM_2P_BRAM_1R1W' using block ROMs.
INFO: [RTMG 210-279] Implementing memory 'cloud_mlp_top_compute_l3_Pipeline_L3_Inputs_p_ZL2W3_0_7_RAM_2P_BRAM_1R1W' using block ROMs.
INFO: [RTMG 210-279] Implementing memory 'cloud_mlp_top_compute_l3_Pipeline_L3_Inputs_p_ZL2W3_1_0_RAM_2P_BRAM_1R1W' using block ROMs.
INFO: [RTMG 210-279] Implementing memory 'cloud_mlp_top_compute_l3_Pipeline_L3_Inputs_p_ZL2W3_1_1_RAM_2P_BRAM_1R1W' using block ROMs.
INFO: [RTMG 210-279] Implementing memory 'cloud_mlp_top_compute_l3_Pipeline_L3_Inputs_p_ZL2W3_1_2_RAM_2P_BRAM_1R1W' using block ROMs.
INFO: [RTMG 210-279] Implementing memory 'cloud_mlp_top_compute_l3_Pipeline_L3_Inputs_p_ZL2W3_1_3_RAM_2P_BRAM_1R1W' using block ROMs.
INFO: [RTMG 210-279] Implementing memory 'cloud_mlp_top_compute_l3_Pipeline_L3_Inputs_p_ZL2W3_1_4_RAM_2P_BRAM_1R1W' using block ROMs.
INFO: [RTMG 210-279] Implementing memory 'cloud_mlp_top_compute_l3_Pipeline_L3_Inputs_p_ZL2W3_1_5_RAM_2P_BRAM_1R1W' using block ROMs.
INFO: [RTMG 210-279] Implementing memory 'cloud_mlp_top_compute_l3_Pipeline_L3_Inputs_p_ZL2W3_1_6_RAM_2P_BRAM_1R1W' using block ROMs.
INFO: [RTMG 210-279] Implementing memory 'cloud_mlp_top_compute_l3_Pipeline_L3_Inputs_p_ZL2W3_1_7_RAM_2P_BRAM_1R1W' using block ROMs.
INFO: [RTMG 210-279] Implementing memory 'cloud_mlp_top_compute_l3_Pipeline_L3_Inputs_p_ZL2W3_2_0_RAM_2P_BRAM_1R1W' using block ROMs.
INFO: [RTMG 210-279] Implementing memory 'cloud_mlp_top_compute_l3_Pipeline_L3_Inputs_p_ZL2W3_2_1_RAM_2P_BRAM_1R1W' using block ROMs.
INFO: [RTMG 210-279] Implementing memory 'cloud_mlp_top_compute_l3_Pipeline_L3_Inputs_p_ZL2W3_2_2_RAM_2P_BRAM_1R1W' using block ROMs.
INFO: [RTMG 210-279] Implementing memory 'cloud_mlp_top_compute_l3_Pipeline_L3_Inputs_p_ZL2W3_2_3_RAM_2P_BRAM_1R1W' using block ROMs.
INFO: [RTMG 210-279] Implementing memory 'cloud_mlp_top_compute_l3_Pipeline_L3_Inputs_p_ZL2W3_2_4_RAM_2P_BRAM_1R1W' using block ROMs.
INFO: [RTMG 210-279] Implementing memory 'cloud_mlp_top_compute_l3_Pipeline_L3_Inputs_p_ZL2W3_2_5_RAM_2P_BRAM_1R1W' using block ROMs.
INFO: [RTMG 210-279] Implementing memory 'cloud_mlp_top_compute_l3_Pipeline_L3_Inputs_p_ZL2W3_2_6_RAM_2P_BRAM_1R1W' using block ROMs.
INFO: [RTMG 210-279] Implementing memory 'cloud_mlp_top_compute_l3_Pipeline_L3_Inputs_p_ZL2W3_2_7_RAM_2P_BRAM_1R1W' using block ROMs.
INFO: [RTMG 210-279] Implementing memory 'cloud_mlp_top_compute_l3_Pipeline_L3_Inputs_p_ZL2W3_3_0_RAM_2P_BRAM_1R1W' using block ROMs.
INFO: [RTMG 210-279] Implementing memory 'cloud_mlp_top_compute_l3_Pipeline_L3_Inputs_p_ZL2W3_3_1_RAM_2P_BRAM_1R1W' using block ROMs.
INFO: [RTMG 210-279] Implementing memory 'cloud_mlp_top_compute_l3_Pipeline_L3_Inputs_p_ZL2W3_3_2_RAM_2P_BRAM_1R1W' using block ROMs.
INFO: [RTMG 210-279] Implementing memory 'cloud_mlp_top_compute_l3_Pipeline_L3_Inputs_p_ZL2W3_3_3_RAM_2P_BRAM_1R1W' using block ROMs.
INFO: [RTMG 210-279] Implementing memory 'cloud_mlp_top_compute_l3_Pipeline_L3_Inputs_p_ZL2W3_3_4_RAM_2P_BRAM_1R1W' using block ROMs.
INFO: [RTMG 210-279] Implementing memory 'cloud_mlp_top_compute_l3_Pipeline_L3_Inputs_p_ZL2W3_3_5_RAM_2P_BRAM_1R1W' using block ROMs.
INFO: [RTMG 210-279] Implementing memory 'cloud_mlp_top_compute_l3_Pipeline_L3_Inputs_p_ZL2W3_3_6_RAM_2P_BRAM_1R1W' using block ROMs.
INFO: [RTMG 210-279] Implementing memory 'cloud_mlp_top_compute_l3_Pipeline_L3_Inputs_p_ZL2W3_3_7_RAM_2P_BRAM_1R1W' using block ROMs.
INFO: [HLS 200-111] Finished Creating RTL model: CPU user time: 0 seconds. CPU system time: 0 seconds. Elapsed time: 2.114 seconds; current allocated memory: 426.738 MB.
INFO: [HLS 200-10] ----------------------------------------------------------------
INFO: [HLS 200-10] -- Generating RTL for module 'compute_l3_Pipeline_VITIS_LOOP_129_4' 
INFO: [HLS 200-10] ----------------------------------------------------------------
INFO: [RTGEN 206-100] Generating core module 'sparsemux_9_2_16_1_1': 1 instance(s).
INFO: [RTGEN 206-100] Finished creating RTL model for 'compute_l3_Pipeline_VITIS_LOOP_129_4'.
INFO: [HLS 200-111] Finished Creating RTL model: CPU user time: 1 seconds. CPU system time: 1 seconds. Elapsed time: 1.581 seconds; current allocated memory: 459.098 MB.
INFO: [HLS 200-10] ----------------------------------------------------------------
INFO: [HLS 200-10] -- Generating RTL for module 'compute_l3' 
INFO: [HLS 200-10] ----------------------------------------------------------------
INFO: [RTGEN 206-100] Finished creating RTL model for 'compute_l3'.
INFO: [HLS 200-111] Finished Creating RTL model: CPU user time: 0 seconds. CPU system time: 0 seconds. Elapsed time: 0.17 seconds; current allocated memory: 464.133 MB.
INFO: [HLS 200-10] ----------------------------------------------------------------
INFO: [HLS 200-10] -- Generating RTL for module 'write_output_Pipeline_Out' 
INFO: [HLS 200-10] ----------------------------------------------------------------
INFO: [HLS 200-1030] Apply Unified Pipeline Control on module 'write_output_Pipeline_Out' pipeline 'Out' pipeline type 'loop pipeline'
INFO: [RTGEN 206-100] Finished creating RTL model for 'write_output_Pipeline_Out'.
INFO: [HLS 200-111] Finished Creating RTL model: CPU user time: 0 seconds. CPU system time: 0 seconds. Elapsed time: 0.16 seconds; current allocated memory: 466.977 MB.
INFO: [HLS 200-10] ----------------------------------------------------------------
INFO: [HLS 200-10] -- Generating RTL for module 'write_output' 
INFO: [HLS 200-10] ----------------------------------------------------------------
INFO: [RTGEN 206-100] Generating core module 'mac_muladd_16s_8ns_20ns_24_4_1': 1 instance(s).
INFO: [RTGEN 206-100] Finished creating RTL model for 'write_output'.
INFO: [HLS 200-111] Finished Creating RTL model: CPU user time: 0 seconds. CPU system time: 0 seconds. Elapsed time: 0.18 seconds; current allocated memory: 468.578 MB.
INFO: [HLS 200-10] ----------------------------------------------------------------
INFO: [HLS 200-10] -- Generating RTL for module 'cloud_mlp_top' 
INFO: [HLS 200-10] ----------------------------------------------------------------
WARNING: [RTGEN 206-101] Design contains AXI ports. Reset is fixed to synchronous and active low.
INFO: [RTGEN 206-500] Setting interface mode on port 'cloud_mlp_top/in_stream_V_data_V' to 'axis' (register, both mode).
INFO: [RTGEN 206-500] Setting interface mode on port 'cloud_mlp_top/in_stream_V_keep_V' to 'axis' (register, both mode).
INFO: [RTGEN 206-500] Setting interface mode on port 'cloud_mlp_top/in_stream_V_strb_V' to 'axis' (register, both mode).
INFO: [RTGEN 206-500] Setting interface mode on port 'cloud_mlp_top/in_stream_V_last_V' to 'axis' (register, both mode).
INFO: [RTGEN 206-500] Setting interface mode on port 'cloud_mlp_top/out_stream_V_data_V' to 'axis' (register, both mode).
INFO: [RTGEN 206-500] Setting interface mode on port 'cloud_mlp_top/out_stream_V_keep_V' to 'axis' (register, both mode).
INFO: [RTGEN 206-500] Setting interface mode on port 'cloud_mlp_top/out_stream_V_strb_V' to 'axis' (register, both mode).
INFO: [RTGEN 206-500] Setting interface mode on port 'cloud_mlp_top/out_stream_V_last_V' to 'axis' (register, both mode).
INFO: [RTGEN 206-500] Setting interface mode on function 'cloud_mlp_top' to 's_axilite & ap_ctrl_hs'.
INFO: [RTGEN 206-100] Bundling port 'return' to AXI-Lite port control.
INFO: [RTGEN 206-100] Finished creating RTL model for 'cloud_mlp_top'.
INFO: [HLS 200-740] Implementing PIPO cloud_mlp_top_l1_out_RAM_2P_LUTRAM_1R1W using a separate memory for each block
INFO: [RTMG 210-278] Implementing memory 'cloud_mlp_top_l1_out_RAM_2P_LUTRAM_1R1W_memcore' using distributed RAMs.
INFO: [HLS 200-740] Implementing PIPO cloud_mlp_top_l2_out_RAM_2P_BRAM_1R1W using a separate memory for each block
INFO: [RTMG 210-278] Implementing memory 'cloud_mlp_top_l2_out_RAM_2P_BRAM_1R1W_memcore' using block RAMs.
INFO: [HLS 200-740] Implementing PIPO cloud_mlp_top_l3_out_RAM_2P_LUTRAM_1R1W using a separate memory for each block
INFO: [RTMG 210-278] Implementing memory 'cloud_mlp_top_l3_out_RAM_2P_LUTRAM_1R1W_memcore' using distributed RAMs.
INFO: [RTMG 210-285] Implementing FIFO 'meta_stream_U(cloud_mlp_top_fifo_w32_d64_A)' using Vivado Default RAMs.
INFO: [RTMG 210-285] Implementing FIFO 'input_arr_U(cloud_mlp_top_fifo_w8_d2_S)' using Shift Registers.
INFO: [RTMG 210-285] Implementing FIFO 'input_arr_1_U(cloud_mlp_top_fifo_w8_d2_S)' using Shift Registers.
INFO: [RTMG 210-285] Implementing FIFO 'input_arr_2_U(cloud_mlp_top_fifo_w8_d2_S)' using Shift Registers.
INFO: [RTMG 210-285] Implementing FIFO 'input_arr_3_U(cloud_mlp_top_fifo_w8_d2_S)' using Shift Registers.
INFO: [HLS 200-111] Finished Creating RTL model: CPU user time: 0 seconds. CPU system time: 0 seconds. Elapsed time: 0.299 seconds; current allocated memory: 469.625 MB.
INFO: [HLS 200-111] Finished Generating all RTL models: CPU user time: 0 seconds. CPU system time: 0 seconds. Elapsed time: 7.931 seconds; current allocated memory: 472.934 MB.
INFO: [HLS 200-2225] Wrote inferred directives to file C:/OCDS/OCDS_4K_Streams/OCDS_4K_Stream/OCDS_4K_Stream/hls/syn/inferred_directives.ini
INFO: [HLS 200-111] Finished Updating report files: CPU user time: 1 seconds. CPU system time: 1 seconds. Elapsed time: 4.442 seconds; current allocated memory: 498.879 MB.
INFO: [VHDL 208-304] Generating VHDL RTL for cloud_mlp_top.
INFO: [VLOG 209-307] Generating Verilog RTL for cloud_mlp_top.
INFO: [HLS 200-790] **** Loop Constraint Status: All loop constraints were NOT satisfied.
INFO: [HLS 200-789] **** Estimated Fmax: 62.02 MHz
INFO: [HLS 200-112] Total CPU user time: 13 seconds. Total CPU system time: 5 seconds. Total elapsed time: 54.733 seconds; peak allocated memory: 498.922 MB.
INFO: [v++ 60-791] Total elapsed time: 0h 0m 58s
